#
# A fatal error has been detected by the Java Runtime Environment:
#
#  SIGSEGV (0xb) at pc=0x00007fff97b0215f, pid=18010, tid=2571
#
# JRE version: Java(TM) SE Runtime Environment (8.0_91-b14) (build 1.8.0_91-b14)
# Java VM: Java HotSpot(TM) 64-Bit Server VM (25.91-b14 mixed mode bsd-amd64 compressed oops)
# Problematic frame:
# C  [libobjc.A.dylib+0x915f]  objc_release+0xf
#
# Failed to write core dump. Core dumps have been disabled. To enable core dumping, try "ulimit -c unlimited" before starting Java again
#
# If you would like to submit a bug report, please visit:
#   http://bugreport.java.com/bugreport/crash.jsp
# The crash happened outside the Java Virtual Machine in native code.
# See problematic frame for where to report the bug.
#

---------------  T H R E A D  ---------------

Current thread (0x00007fa58a11b800):  JavaThread "AWT-AppKit" daemon [_thread_in_native, id=2571, stack(0x00007fff5d307000,0x00007fff5db07000)]

siginfo: si_signo: 11 (SIGSEGV), si_code: 1 (SEGV_MAPERR), si_addr: 0x000007fa589d9180

Registers:
RAX=0x0000000000000008, RBX=0x0000000000000000, RCX=0x0000000000000003, RDX=0x00007fa58ebceb88
RSP=0x00007fff5db023e8, RBP=0x00007fff5db02410, RSI=0x000000011b017f10, RDI=0x000007fa589d9180
R8 =0x0000000000000001, R9 =0x00007fa589d91800, R10=0x00007fa58be3ea20, R11=0x000000018469d840
R12=0x0000000000000000, R13=0x0000000186158608, R14=0x00007fa58ebc7bc0, R15=0x00007fa58a11b800
RIP=0x00007fff97b0215f, EFLAGS=0x0000000000010246, ERR=0x0000000000000004
  TRAPNO=0x000000000000000e

Top of Stack: (sp=0x00007fff5db023e8)
0x00007fff5db023e8:   000000011afa143f 00007fff5db02410
0x00007fff5db023f8:   000000018469d450 000000018469d440
0x00007fff5db02408:   00007fa58a11b800 00007fff5db024d0
0x00007fff5db02418:   000000018469b215 000000018469d700
0x00007fff5db02428:   000000018469d6e0 000000018469d4b0
0x00007fff5db02438:   0000000000000000 0000000186158608
0x00007fff5db02448:   0000000186158608 00007fa58ebceb80
0x00007fff5db02458:   000000018469d6a0 000000018469d710
0x00007fff5db02468:   00007fff7a8e6770 00007fff7c4f4500
0x00007fff5db02478:   000000018469d450 000000018469d690
0x00007fff5db02488:   00007fa58ebceb80 00007fa58ebc7bc0
0x00007fff5db02498:   00007fa58eac4b40 00007fa58ebceb80
0x00007fff5db024a8:   00007fa58ebc7bc0 00007fff5db02550
0x00007fff5db024b8:   00007fa58a11b9f8 0000000186158608
0x00007fff5db024c8:   00007fff5db02578 00007fff5db02540
0x00007fff5db024d8:   0000000103ba9814 00007fff5db02540
0x00007fff5db024e8:   0000000103ba9599 0000000103bb57a3
0x00007fff5db024f8:   0000000103ba9562 00007fff5db02500
0x00007fff5db02508:   0000000186158608 00007fff5db02578
0x00007fff5db02518:   000000018615b240 0000000000000000
0x00007fff5db02528:   0000000186158608 0000000000000000
0x00007fff5db02538:   00007fff5db02560 00007fff5db025c0
0x00007fff5db02548:   0000000103b9c2bd 00000007429512e8
0x00007fff5db02558:   0000000103ba5538 00007fa58ebceb80
0x00007fff5db02568:   0000000103ba6e39 00007fa58ebc7bc0
0x00007fff5db02578:   0000000103ba6e02 00007fff5db02580
0x00007fff5db02588:   00000001861587d2 00007fff5db025e8
0x00007fff5db02598:   000000018615b240 0000000000000000
0x00007fff5db025a8:   00000001861587e0 00007fff5db02560
0x00007fff5db025b8:   00007fff5db025d0 00007fff5db02630
0x00007fff5db025c8:   0000000103b9c2bd 00007fa58ebceb80
0x00007fff5db025d8:   00000007429026e8 00007fa58ebc7bc0 

Instructions: (pc=0x00007fff97b0215f)
0x00007fff97b0213f:   5c 41 5d 41 5e 41 5f 5d c3 90 90 90 90 90 90 90
0x00007fff97b0214f:   90 48 85 ff 0f 84 80 00 00 00 40 f6 c7 01 75 7a
0x00007fff97b0215f:   48 8b 07 48 b9 f8 ff ff ff ff 7f 00 00 48 21 c1
0x00007fff97b0216f:   f6 41 20 02 75 0f 48 8d 05 9c ed f7 e3 48 8b 30 

Register to memory mapping:

RAX=0x0000000000000008 is an unknown value
RBX=0x0000000000000000 is an unknown value
RCX=0x0000000000000003 is an unknown value
RDX=0x00007fa58ebceb88 is an unknown value
RSP=0x00007fff5db023e8 is pointing into the stack for thread: 0x00007fa58a11b800
RBP=0x00007fff5db02410 is pointing into the stack for thread: 0x00007fa58a11b800
RSI=0x000000011b017f10: OBJC_IVAR_$_PrinterView.fCurPeekGraphics+0x1aa0 in /Library/Java/JavaVirtualMachines/jdk1.8.0_91.jdk/Contents/Home/jre/lib/libawt_lwawt.dylib at 0x000000011af9d000
RDI=0x000007fa589d9180 is an unknown value
R8 =0x0000000000000001 is an unknown value
R9 =0x00007fa589d91800 is an unknown value
R10=0x00007fa58be3ea20 is an unknown value
R11=0x000000018469d840: OBJC_CLASS_$_MyCALayer+0 in /private/var/folders/tq/5cybh0451bx2v8l5x53f9c_h0000gn/T/jogamp_0000/file_cache/jln13154484317938546/jln817750219942363007/libnativewindow_macosx.jnilib at 0x0000000184696000
R12=0x0000000000000000 is an unknown value
R13={method} {0x0000000186158608} 'UnsetJAWTRootSurfaceLayer0' '(JJ)V' in 'jogamp/nativewindow/jawt/macosx/MacOSXJAWTWindow'
R14=0x00007fa58ebc7bc0 is an unknown value
R15=0x00007fa58a11b800 is a thread


Stack: [0x00007fff5d307000,0x00007fff5db07000],  sp=0x00007fff5db023e8,  free space=8172k
Native frames: (J=compiled Java code, j=interpreted, Vv=VM code, C=native code)
C  [libobjc.A.dylib+0x915f]  objc_release+0xf
C  [libnativewindow_macosx.jnilib+0x5215]  Java_jogamp_nativewindow_jawt_macosx_MacOSXJAWTWindow_UnsetJAWTRootSurfaceLayer0+0x1a5
j  jogamp.nativewindow.jawt.macosx.MacOSXJAWTWindow.UnsetJAWTRootSurfaceLayer0(JJ)V+0
j  jogamp.nativewindow.jawt.macosx.MacOSXJAWTWindow.access$200(JJ)V+2
j  jogamp.nativewindow.jawt.macosx.MacOSXJAWTWindow$1.run()V+38
j  com.jogamp.common.util.RunnableTask.run()V+24
v  ~StubRoutines::call_stub
V  [libjvm.dylib+0x2ec1e6]
V  [libjvm.dylib+0x323355]
V  [libjvm.dylib+0x315b23]
C  [libnativewindow_macosx.jnilib+0x5326]  Java_jogamp_nativewindow_jawt_macosx_MacOSXJAWTWindow_UnsetJAWTRootSurfaceLayer0+0x2b6
C  [Foundation+0x76f5e]  __NSThreadPerformPerform+0x117
C  [CoreFoundation+0xaa881]  __CFRUNLOOP_IS_CALLING_OUT_TO_A_SOURCE0_PERFORM_FUNCTION__+0x11
C  [CoreFoundation+0x89f37]  __CFRunLoopDoSources0+0x1a7
C  [CoreFoundation+0x894df]  __CFRunLoopRun+0x39f
C  [CoreFoundation+0x88ed8]  CFRunLoopRunSpecific+0x128
C  [HIToolbox+0x30935]  RunCurrentEventLoopInMode+0xeb
C  [HIToolbox+0x30677]  ReceiveNextEventCommon+0xb8
C  [HIToolbox+0x305af]  _BlockUntilNextEventMatchingListInModeWithFilter+0x47
C  [AppKit+0x48efa]  _DPSNextEvent+0x42b
C  [AppKit+0x4832a]  -[NSApplication _nextEventMatchingEventMask:untilDate:inMode:dequeue:]+0x1c6
C  [libosxapp.dylib+0x23aa]  -[NSApplicationAWT nextEventMatchingMask:untilDate:inMode:dequeue:]+0x7c
C  [AppKit+0x3ce84]  -[NSApplication run]+0x2aa
C  [libosxapp.dylib+0x214d]  +[NSApplicationAWT runAWTLoopWithApp:]+0x9c
C  [libawt_lwawt.dylib+0x4455b]  -[AWTStarter starter:]+0x389
C  [Foundation+0x76f5e]  __NSThreadPerformPerform+0x117
C  [CoreFoundation+0xaa881]  __CFRUNLOOP_IS_CALLING_OUT_TO_A_SOURCE0_PERFORM_FUNCTION__+0x11
C  [CoreFoundation+0x89fbc]  __CFRunLoopDoSources0+0x22c
C  [CoreFoundation+0x894df]  __CFRunLoopRun+0x39f
C  [CoreFoundation+0x88ed8]  CFRunLoopRunSpecific+0x128
C  [java+0x6463]  CreateExecutionEnvironment+0x367
C  [java+0x21ac]  JLI_Launch+0x7a0
C  [java+0x84c0]  main+0x65
C  [java+0x1a04]  start+0x34
C  0x0000000000000007

Java frames: (J=compiled Java code, j=interpreted, Vv=VM code)
j  jogamp.nativewindow.jawt.macosx.MacOSXJAWTWindow.UnsetJAWTRootSurfaceLayer0(JJ)V+0
j  jogamp.nativewindow.jawt.macosx.MacOSXJAWTWindow.access$200(JJ)V+2
j  jogamp.nativewindow.jawt.macosx.MacOSXJAWTWindow$1.run()V+38
j  com.jogamp.common.util.RunnableTask.run()V+24
v  ~StubRoutines::call_stub

---------------  P R O C E S S  ---------------

Java Threads: ( => current thread )
  0x00007fa58ab6a800 JavaThread "Thread-19" [_thread_blocked, id=23387, stack(0x0000700001a71000,0x0000700001b71000)]
  0x00007fa58b5a8800 JavaThread "Keep-Alive-Timer" daemon [_thread_blocked, id=67647, stack(0x0000700001e7d000,0x0000700001f7d000)]
  0x00007fa58bc01000 JavaThread "AWT-EventQueue-1" [_thread_in_native, id=60715, stack(0x00007000018eb000,0x00007000019eb000)]
  0x00007fa58b806000 JavaThread "DestroyJavaVM" [_thread_blocked, id=5891, stack(0x000070000011a000,0x000070000021a000)]
  0x00007fa58a149800 JavaThread "AWT-EventQueue-0" [_thread_blocked, id=57347, stack(0x00007000016e5000,0x00007000017e5000)]
  0x00007fa58a905800 JavaThread "Java2D Disposer" daemon [_thread_blocked, id=53251, stack(0x000070000145c000,0x000070000155c000)]
  0x00007fa58b22a800 JavaThread "Java2D Queue Flusher" daemon [_thread_blocked, id=50439, stack(0x0000700001359000,0x0000700001459000)]
  0x00007fa58a123800 JavaThread "AWT-Shutdown" [_thread_blocked, id=30747, stack(0x00007000011d3000,0x00007000012d3000)]
=>0x00007fa58a11b800 JavaThread "AWT-AppKit" daemon [_thread_in_native, id=2571, stack(0x00007fff5d307000,0x00007fff5db07000)]
  0x00007fa58b0b6800 JavaThread "Service Thread" daemon [_thread_blocked, id=18435, stack(0x0000700000dc1000,0x0000700000ec1000)]
  0x00007fa58a02d800 JavaThread "C1 CompilerThread2" daemon [_thread_blocked, id=17923, stack(0x0000700000cbe000,0x0000700000dbe000)]
  0x00007fa58a02d000 JavaThread "C2 CompilerThread1" daemon [_thread_blocked, id=17411, stack(0x0000700000bbb000,0x0000700000cbb000)]
  0x00007fa58b06d000 JavaThread "C2 CompilerThread0" daemon [_thread_blocked, id=16899, stack(0x0000700000ab8000,0x0000700000bb8000)]
  0x00007fa58b06c800 JavaThread "Signal Dispatcher" daemon [_thread_blocked, id=12815, stack(0x00007000009b5000,0x0000700000ab5000)]
  0x00007fa58b034800 JavaThread "Finalizer" daemon [_thread_blocked, id=12291, stack(0x000070000082f000,0x000070000092f000)]
  0x00007fa58b003000 JavaThread "Reference Handler" daemon [_thread_blocked, id=11779, stack(0x000070000072c000,0x000070000082c000)]

Other Threads:
  0x00007fa58a015800 VMThread [stack: 0x0000700000629000,0x0000700000729000] [id=11267]
  0x00007fa58a844800 WatcherThread [stack: 0x0000700000ec4000,0x0000700000fc4000] [id=18947]

VM state:not at safepoint (normal execution)

VM Mutex/Monitor currently owned by a thread: None

Heap:
 PSYoungGen      total 365056K, used 50685K [0x0000000795580000, 0x00000007b1300000, 0x00000007c0000000)
  eden space 364544K, 13% used [0x0000000795580000,0x00000007986df7b0,0x00000007ab980000)
  from space 512K, 25% used [0x00000007b1280000,0x00000007b12a0000,0x00000007b1300000)
  to   space 30208K, 0% used [0x00000007ad800000,0x00000007ad800000,0x00000007af580000)
 ParOldGen       total 119296K, used 52836K [0x0000000740000000, 0x0000000747480000, 0x0000000795580000)
  object space 119296K, 44% used [0x0000000740000000,0x00000007433991f0,0x0000000747480000)
 Metaspace       used 19151K, capacity 19395K, committed 19712K, reserved 1067008K
  class space    used 1901K, capacity 1982K, committed 2048K, reserved 1048576K

Card table byte_map: [0x0000000112f54000,0x0000000113355000] byte_map_base: 0x000000010f554000

Marking Bits: (ParMarkBitMap*) 0x00000001034e6eb0
 Begin Bits: [0x0000000113600000, 0x0000000115600000)
 End Bits:   [0x0000000115600000, 0x0000000117600000)

Polling page: 0x00000001023bc000

CodeCache: size=245760Kb used=6398Kb max_used=6770Kb free=239361Kb
 bounds [0x0000000103b94000, 0x0000000104244000, 0x0000000112b94000]
 total_blobs=2648 nmethods=1766 adapters=797
 compilation: enabled

Compilation events (10 events):
Event: 11.851 Thread 0x00007fa58a02d800 nmethod 2103 0x00000001041b7210 code [0x00000001041b7580, 0x00000001041b9448]
Event: 11.851 Thread 0x00007fa58a02d800 2104       3       jogamp.common.util.locks.RecursiveLockImpl01Unfairish$SingleThreadSync::setOwner (6 bytes)
Event: 11.851 Thread 0x00007fa58a02d800 nmethod 2104 0x000000010411d590 code [0x000000010411d700, 0x000000010411d950]
Event: 11.852 Thread 0x00007fa58a02d800 2105       1       java.awt.Component::getWidth (5 bytes)
Event: 11.852 Thread 0x00007fa58a02d800 nmethod 2105 0x0000000104119f50 code [0x000000010411a0a0, 0x000000010411a1b0]
Event: 11.852 Thread 0x00007fa58a02d800 2106       1       java.awt.Component::getHeight (5 bytes)
Event: 11.852 Thread 0x00007fa58a02d800 nmethod 2106 0x00000001041975d0 code [0x0000000104197720, 0x0000000104197830]
Event: 11.852 Thread 0x00007fa58a02d800 2107       1       sun.java2d.SurfaceData::isValid (5 bytes)
Event: 11.852 Thread 0x00007fa58a02d800 nmethod 2107 0x0000000104198c50 code [0x0000000104198da0, 0x0000000104198eb0]
Event: 11.857 Thread 0x00007fa58b06d000 nmethod 2102 0x0000000103f50a90 code [0x0000000103f50c20, 0x0000000103f51558]

GC Heap History (10 events):
Event: 6.170 GC heap before
{Heap before GC invocations=7 (full 0):
 PSYoungGen      total 162304K, used 144755K [0x0000000795580000, 0x00000007a1280000, 0x00000007c0000000)
  eden space 133120K, 100% used [0x0000000795580000,0x000000079d780000,0x000000079d780000)
  from space 29184K, 39% used [0x000000079f600000,0x00000007a015cde0,0x00000007a1280000)
  to   space 30208K, 0% used [0x000000079d780000,0x000000079d780000,0x000000079f500000)
 ParOldGen       total 87552K, used 55137K [0x0000000740000000, 0x0000000745580000, 0x0000000795580000)
  object space 87552K, 62% used [0x0000000740000000,0x00000007435d8440,0x0000000745580000)
 Metaspace       used 18805K, capacity 18963K, committed 19200K, reserved 1067008K
  class space    used 1873K, capacity 1948K, committed 2048K, reserved 1048576K
Event: 6.184 GC heap after
Heap after GC invocations=7 (full 0):
 PSYoungGen      total 163328K, used 8819K [0x0000000795580000, 0x00000007a9380000, 0x00000007c0000000)
  eden space 133120K, 0% used [0x0000000795580000,0x0000000795580000,0x000000079d780000)
  from space 30208K, 29% used [0x000000079d780000,0x000000079e01cdb0,0x000000079f500000)
  to   space 29696K, 0% used [0x00000007a7680000,0x00000007a7680000,0x00000007a9380000)
 ParOldGen       total 87552K, used 57841K [0x0000000740000000, 0x0000000745580000, 0x0000000795580000)
  object space 87552K, 66% used [0x0000000740000000,0x000000074387c4c8,0x0000000745580000)
 Metaspace       used 18805K, capacity 18963K, committed 19200K, reserved 1067008K
  class space    used 1873K, capacity 1948K, committed 2048K, reserved 1048576K
}
Event: 7.450 GC heap before
{Heap before GC invocations=8 (full 0):
 PSYoungGen      total 163328K, used 141939K [0x0000000795580000, 0x00000007a9380000, 0x00000007c0000000)
  eden space 133120K, 100% used [0x0000000795580000,0x000000079d780000,0x000000079d780000)
  from space 30208K, 29% used [0x000000079d780000,0x000000079e01cdb0,0x000000079f500000)
  to   space 29696K, 0% used [0x00000007a7680000,0x00000007a7680000,0x00000007a9380000)
 ParOldGen       total 87552K, used 57841K [0x0000000740000000, 0x0000000745580000, 0x0000000795580000)
  object space 87552K, 66% used [0x0000000740000000,0x000000074387c4c8,0x0000000745580000)
 Metaspace       used 18866K, capacity 19037K, committed 19200K, reserved 1067008K
  class space    used 1874K, capacity 1949K, committed 2048K, reserved 1048576K
Event: 7.460 GC heap after
Heap after GC invocations=8 (full 0):
 PSYoungGen      total 293888K, used 8547K [0x0000000795580000, 0x00000007a9180000, 0x00000007c0000000)
  eden space 266240K, 0% used [0x0000000795580000,0x0000000795580000,0x00000007a5980000)
  from space 27648K, 30% used [0x00000007a7680000,0x00000007a7ed8dc0,0x00000007a9180000)
  to   space 28672K, 0% used [0x00000007a5980000,0x00000007a5980000,0x00000007a7580000)
 ParOldGen       total 87552K, used 58121K [0x0000000740000000, 0x0000000745580000, 0x0000000795580000)
  object space 87552K, 66% used [0x0000000740000000,0x00000007438c24c8,0x0000000745580000)
 Metaspace       used 18866K, capacity 19037K, committed 19200K, reserved 1067008K
  class space    used 1874K, capacity 1949K, committed 2048K, reserved 1048576K
}
Event: 9.532 GC heap before
{Heap before GC invocations=9 (full 0):
 PSYoungGen      total 293888K, used 274787K [0x0000000795580000, 0x00000007a9180000, 0x00000007c0000000)
  eden space 266240K, 100% used [0x0000000795580000,0x00000007a5980000,0x00000007a5980000)
  from space 27648K, 30% used [0x00000007a7680000,0x00000007a7ed8dc0,0x00000007a9180000)
  to   space 28672K, 0% used [0x00000007a5980000,0x00000007a5980000,0x00000007a7580000)
 ParOldGen       total 87552K, used 58121K [0x0000000740000000, 0x0000000745580000, 0x0000000795580000)
  object space 87552K, 66% used [0x0000000740000000,0x00000007438c24c8,0x0000000745580000)
 Metaspace       used 19101K, capacity 19325K, committed 19456K, reserved 1067008K
  class space    used 1892K, capacity 1981K, committed 2048K, reserved 1048576K
Event: 9.537 GC heap after
Heap after GC invocations=9 (full 0):
 PSYoungGen      total 294912K, used 544K [0x0000000795580000, 0x00000007b2f80000, 0x00000007c0000000)
  eden space 266240K, 0% used [0x0000000795580000,0x0000000795580000,0x00000007a5980000)
  from space 28672K, 1% used [0x00000007a5980000,0x00000007a5a08010,0x00000007a7580000)
  to   space 29696K, 0% used [0x00000007b1280000,0x00000007b1280000,0x00000007b2f80000)
 ParOldGen       total 87552K, used 66340K [0x0000000740000000, 0x0000000745580000, 0x0000000795580000)
  object space 87552K, 75% used [0x0000000740000000,0x00000007440c9308,0x0000000745580000)
 Metaspace       used 19101K, capacity 19325K, committed 19456K, reserved 1067008K
  class space    used 1892K, capacity 1981K, committed 2048K, reserved 1048576K
}
Event: 9.537 GC heap before
{Heap before GC invocations=10 (full 1):
 PSYoungGen      total 294912K, used 544K [0x0000000795580000, 0x00000007b2f80000, 0x00000007c0000000)
  eden space 266240K, 0% used [0x0000000795580000,0x0000000795580000,0x00000007a5980000)
  from space 28672K, 1% used [0x00000007a5980000,0x00000007a5a08010,0x00000007a7580000)
  to   space 29696K, 0% used [0x00000007b1280000,0x00000007b1280000,0x00000007b2f80000)
 ParOldGen       total 87552K, used 66340K [0x0000000740000000, 0x0000000745580000, 0x0000000795580000)
  object space 87552K, 75% used [0x0000000740000000,0x00000007440c9308,0x0000000745580000)
 Metaspace       used 19101K, capacity 19325K, committed 19456K, reserved 1067008K
  class space    used 1892K, capacity 1981K, committed 2048K, reserved 1048576K
Event: 9.687 GC heap after
Heap after GC invocations=10 (full 1):
 PSYoungGen      total 294912K, used 0K [0x0000000795580000, 0x00000007b2f80000, 0x00000007c0000000)
  eden space 266240K, 0% used [0x0000000795580000,0x0000000795580000,0x00000007a5980000)
  from space 28672K, 0% used [0x00000007a5980000,0x00000007a5980000,0x00000007a7580000)
  to   space 29696K, 0% used [0x00000007b1280000,0x00000007b1280000,0x00000007b2f80000)
 ParOldGen       total 119296K, used 52828K [0x0000000740000000, 0x0000000747480000, 0x0000000795580000)
  object space 119296K, 44% used [0x0000000740000000,0x00000007433971f0,0x0000000747480000)
 Metaspace       used 19101K, capacity 19325K, committed 19456K, reserved 1067008K
  class space    used 1892K, capacity 1981K, committed 2048K, reserved 1048576K
}
Event: 11.517 GC heap before
{Heap before GC invocations=11 (full 1):
 PSYoungGen      total 294912K, used 266240K [0x0000000795580000, 0x00000007b2f80000, 0x00000007c0000000)
  eden space 266240K, 100% used [0x0000000795580000,0x00000007a5980000,0x00000007a5980000)
  from space 28672K, 0% used [0x00000007a5980000,0x00000007a5980000,0x00000007a7580000)
  to   space 29696K, 0% used [0x00000007b1280000,0x00000007b1280000,0x00000007b2f80000)
 ParOldGen       total 119296K, used 52828K [0x0000000740000000, 0x0000000747480000, 0x0000000795580000)
  object space 119296K, 44% used [0x0000000740000000,0x00000007433971f0,0x0000000747480000)
 Metaspace       used 19116K, capacity 19331K, committed 19456K, reserved 1067008K
  class space    used 1894K, capacity 1982K, committed 2048K, reserved 1048576K
Event: 11.518 GC heap after
Heap after GC invocations=11 (full 1):
 PSYoungGen      total 365056K, used 128K [0x0000000795580000, 0x00000007b1300000, 0x00000007c0000000)
  eden space 364544K, 0% used [0x0000000795580000,0x0000000795580000,0x00000007ab980000)
  from space 512K, 25% used [0x00000007b1280000,0x00000007b12a0000,0x00000007b1300000)
  to   space 30208K, 0% used [0x00000007ad800000,0x00000007ad800000,0x00000007af580000)
 ParOldGen       total 119296K, used 52836K [0x0000000740000000, 0x0000000747480000, 0x0000000795580000)
  object space 119296K, 44% used [0x0000000740000000,0x00000007433991f0,0x0000000747480000)
 Metaspace       used 19116K, capacity 19331K, committed 19456K, reserved 1067008K
  class space    used 1894K, capacity 1982K, committed 2048K, reserved 1048576K
}

Deoptimization events (10 events):
Event: 8.004 Thread 0x00007fa58bc01000 Uncommon trap: reason=unstable_if action=reinterpret pc=0x00000001041171ac method=processing.core.PGraphics.style(Lprocessing/core/PStyle;)V @ 220
Event: 8.252 Thread 0x00007fa58bc01000 Uncommon trap: reason=unstable_if action=reinterpret pc=0x000000010417fd6c method=module6.CommonMarker.draw(Lprocessing/core/PGraphics;FF)V @ 18
Event: 11.606 Thread 0x00007fa58bc01000 Uncommon trap: reason=class_check action=maybe_recompile pc=0x000000010400fa78 method=java.util.Arrays.copyOf([Ljava/lang/Object;ILjava/lang/Class;)[Ljava/lang/Object; @ 24
Event: 11.606 Thread 0x00007fa58bc01000 Uncommon trap: reason=class_check action=maybe_recompile pc=0x000000010400fa78 method=java.util.Arrays.copyOf([Ljava/lang/Object;ILjava/lang/Class;)[Ljava/lang/Object; @ 24
Event: 11.607 Thread 0x00007fa58bc01000 Uncommon trap: reason=unstable_if action=reinterpret pc=0x0000000103cb2e68 method=com.jogamp.common.util.VersionNumber.compareTo(Lcom/jogamp/common/util/VersionNumber;)I @ 21
Event: 11.608 Thread 0x00007fa58a149800 Uncommon trap: reason=unstable_if action=reinterpret pc=0x00000001040e9814 method=java.awt.font.FontRenderContext.equals(Ljava/awt/font/FontRenderContext;)Z @ 2
Event: 11.608 Thread 0x00007fa58a149800 Uncommon trap: reason=unstable_if action=reinterpret pc=0x000000010413fe08 method=java.awt.Font.equals(Ljava/lang/Object;)Z @ 2
Event: 11.840 Thread 0x00007fa58a8e5800 Uncommon trap: reason=unstable_if action=reinterpret pc=0x0000000103ff90bc method=java.util.HashMap.putVal(ILjava/lang/Object;Ljava/lang/Object;ZZ)Ljava/lang/Object; @ 81
Event: 11.840 Thread 0x00007fa58a8e5800 Uncommon trap: reason=unstable_if action=reinterpret pc=0x0000000103fc71ac method=java.util.HashMap.putVal(ILjava/lang/Object;Ljava/lang/Object;ZZ)Ljava/lang/Object; @ 81
Event: 11.852 Thread 0x00007fa58bc01000 Uncommon trap: reason=unstable_if action=reinterpret pc=0x00000001040dd2b0 method=java.util.ArrayList.isEmpty()Z @ 4

Internal exceptions (10 events):
Event: 0.144 Thread 0x00007fa58b806000 Exception <a 'java/lang/NoSuchFieldError': method resolution failed> (0x0000000795785c50) thrown at [/Users/java_re/workspace/8-2-build-macosx-x86_64/jdk8u91/6644/hotspot/src/share/vm/prims/methodHandles.cpp, line 1146]
Event: 0.146 Thread 0x00007fa58b806000 Exception <a 'java/lang/NoSuchFieldError': method resolution failed> (0x0000000795793420) thrown at [/Users/java_re/workspace/8-2-build-macosx-x86_64/jdk8u91/6644/hotspot/src/share/vm/prims/methodHandles.cpp, line 1146]
Event: 0.297 Thread 0x00007fa58b806000 Exception <a 'java/io/FileNotFoundException'> (0x000000079580f3c8) thrown at [/Users/java_re/workspace/8-2-build-macosx-x86_64/jdk8u91/6644/hotspot/src/share/vm/prims/jni.cpp, line 709]
Event: 0.297 Thread 0x00007fa58b806000 Exception <a 'java/io/FileNotFoundException'> (0x000000079580ff30) thrown at [/Users/java_re/workspace/8-2-build-macosx-x86_64/jdk8u91/6644/hotspot/src/share/vm/prims/jni.cpp, line 709]
Event: 0.390 Thread 0x00007fa58b806000 Exception <a 'java/io/FileNotFoundException'> (0x000000079594b880) thrown at [/Users/java_re/workspace/8-2-build-macosx-x86_64/jdk8u91/6644/hotspot/src/share/vm/prims/jni.cpp, line 709]
Event: 2.079 Thread 0x00007fa58aae7000 Exception <a 'java/lang/UnsatisfiedLinkError': com.jogamp.common.util.JarUtil.fixNativeLibAttribs(Ljava/lang/String;)Z> (0x0000000796be2848) thrown at [/Users/java_re/workspace/8-2-build-macosx-x86_64/jdk8u91/6644/hotspot/src/share/vm/prims/nativeLookup.c
Event: 2.409 Thread 0x00007fa58b034800 Exception <a 'java/lang/NullPointerException'> (0x00000007956a6620) thrown at [/Users/java_re/workspace/8-2-build-macosx-x86_64/jdk8u91/6644/hotspot/src/share/vm/interpreter/linkResolver.cpp, line 1178]
Event: 3.083 Thread 0x00007fa58bc01000 Exception <a 'java/io/FileNotFoundException'> (0x0000000795f47360) thrown at [/Users/java_re/workspace/8-2-build-macosx-x86_64/jdk8u91/6644/hotspot/src/share/vm/prims/jni.cpp, line 709]
Event: 3.083 Thread 0x00007fa58bc01000 Exception <a 'java/io/FileNotFoundException'> (0x0000000795f4d6f8) thrown at [/Users/java_re/workspace/8-2-build-macosx-x86_64/jdk8u91/6644/hotspot/src/share/vm/prims/jni.cpp, line 709]
Event: 3.083 Thread 0x00007fa58bc01000 Implicit null exception at 0x0000000103d39d35 to 0x0000000103d3a085

Events (10 events):
Event: 11.850 loading class java/awt/event/AWTEventListenerProxy
Event: 11.850 loading class java/awt/event/AWTEventListenerProxy done
Event: 11.851 loading class java/awt/Toolkit$ToolkitEventMulticaster
Event: 11.851 loading class java/awt/Toolkit$ToolkitEventMulticaster done
Event: 11.851 Thread 0x00007fa58a8e5800 Thread exited: 0x00007fa58a8e5800
Event: 11.851 loading class java/awt/Window$1DisposeAction
Event: 11.851 loading class java/awt/Window$1DisposeAction done
Event: 11.852 Thread 0x00007fa58bc01000 Uncommon trap: trap_request=0xffffff65 fr.pc=0x00000001040dd2b0
Event: 11.852 Thread 0x00007fa58bc01000 DEOPT PACKING pc=0x00000001040dd2b0 sp=0x00007000019e86c0
Event: 11.852 Thread 0x00007fa58bc01000 DEOPT UNPACKING pc=0x0000000103b99229 sp=0x00007000019e8678 mode 2


Dynamic libraries:
0x0000000009285000 	/System/Library/Frameworks/Cocoa.framework/Versions/A/Cocoa
0x0000000009285000 	/System/Library/Frameworks/Security.framework/Versions/A/Security
0x0000000009285000 	/System/Library/Frameworks/ApplicationServices.framework/Versions/A/ApplicationServices
0x0000000009285000 	/usr/lib/libz.1.dylib
0x0000000009285000 	/usr/lib/libSystem.B.dylib
0x0000000009285000 	/usr/lib/libobjc.A.dylib
0x0000000009285000 	/System/Library/Frameworks/CoreFoundation.framework/Versions/A/CoreFoundation
0x0000000009285000 	/System/Library/Frameworks/Foundation.framework/Versions/C/Foundation
0x0000000009285000 	/System/Library/Frameworks/AppKit.framework/Versions/C/AppKit
0x0000000009285000 	/System/Library/Frameworks/CoreData.framework/Versions/A/CoreData
0x0000000009285000 	/System/Library/PrivateFrameworks/RemoteViewServices.framework/Versions/A/RemoteViewServices
0x0000000009285000 	/System/Library/PrivateFrameworks/UIFoundation.framework/Versions/A/UIFoundation
0x0000000009285000 	/usr/lib/libScreenReader.dylib
0x0000000009285000 	/System/Library/Frameworks/Accelerate.framework/Versions/A/Accelerate
0x0000000009285000 	/System/Library/Frameworks/IOSurface.framework/Versions/A/IOSurface
0x0000000009285000 	/System/Library/Frameworks/AudioToolbox.framework/Versions/A/AudioToolbox
0x0000000009285000 	/System/Library/Frameworks/AudioUnit.framework/Versions/A/AudioUnit
0x0000000009285000 	/System/Library/PrivateFrameworks/DataDetectorsCore.framework/Versions/A/DataDetectorsCore
0x0000000009285000 	/System/Library/PrivateFrameworks/DesktopServicesPriv.framework/Versions/A/DesktopServicesPriv
0x0000000009285000 	/System/Library/Frameworks/Carbon.framework/Versions/A/Frameworks/HIToolbox.framework/Versions/A/HIToolbox
0x0000000009285000 	/System/Library/Frameworks/QuartzCore.framework/Versions/A/QuartzCore
0x0000000009285000 	/System/Library/Frameworks/Carbon.framework/Versions/A/Frameworks/SpeechRecognition.framework/Versions/A/SpeechRecognition
0x0000000009285000 	/usr/lib/libauto.dylib
0x0000000009285000 	/usr/lib/libicucore.A.dylib
0x0000000009285000 	/usr/lib/libxml2.2.dylib
0x0000000009285000 	/System/Library/PrivateFrameworks/CoreUI.framework/Versions/A/CoreUI
0x0000000009285000 	/System/Library/Frameworks/CoreAudio.framework/Versions/A/CoreAudio
0x0000000009285000 	/System/Library/Frameworks/DiskArbitration.framework/Versions/A/DiskArbitration
0x0000000009285000 	/usr/lib/liblangid.dylib
0x0000000009285000 	/System/Library/PrivateFrameworks/MultitouchSupport.framework/Versions/A/MultitouchSupport
0x0000000009285000 	/System/Library/Frameworks/IOKit.framework/Versions/A/IOKit
0x0000000009285000 	/usr/lib/libDiagnosticMessagesClient.dylib
0x0000000009285000 	/System/Library/Frameworks/CoreServices.framework/Versions/A/CoreServices
0x0000000009285000 	/System/Library/PrivateFrameworks/PerformanceAnalysis.framework/Versions/A/PerformanceAnalysis
0x0000000009285000 	/System/Library/PrivateFrameworks/GenerationalStorage.framework/Versions/A/GenerationalStorage
0x0000000009285000 	/System/Library/Frameworks/OpenGL.framework/Versions/A/OpenGL
0x0000000009285000 	/System/Library/PrivateFrameworks/Sharing.framework/Versions/A/Sharing
0x0000000009285000 	/System/Library/Frameworks/CoreGraphics.framework/Versions/A/CoreGraphics
0x0000000009285000 	/System/Library/Frameworks/CoreImage.framework/Versions/A/CoreImage
0x0000000009285000 	/System/Library/Frameworks/CoreText.framework/Versions/A/CoreText
0x0000000009285000 	/System/Library/Frameworks/ImageIO.framework/Versions/A/ImageIO
0x0000000009285000 	/System/Library/PrivateFrameworks/Backup.framework/Versions/A/Backup
0x0000000009285000 	/usr/lib/libextension.dylib
0x0000000009285000 	/usr/lib/libarchive.2.dylib
0x0000000009285000 	/System/Library/Frameworks/CFNetwork.framework/Versions/A/CFNetwork
0x0000000009285000 	/System/Library/Frameworks/SystemConfiguration.framework/Versions/A/SystemConfiguration
0x0000000009285000 	/usr/lib/libCRFSuite.dylib
0x0000000009285000 	/usr/lib/libc++.1.dylib
0x0000000009285000 	/usr/lib/libc++abi.dylib
0x0000000009285000 	/usr/lib/system/libcache.dylib
0x0000000009285000 	/usr/lib/system/libcommonCrypto.dylib
0x0000000009285000 	/usr/lib/system/libcompiler_rt.dylib
0x0000000009285000 	/usr/lib/system/libcopyfile.dylib
0x0000000009285000 	/usr/lib/system/libcorecrypto.dylib
0x0000000009285000 	/usr/lib/system/libdispatch.dylib
0x0000000009285000 	/usr/lib/system/libdyld.dylib
0x0000000009285000 	/usr/lib/system/libkeymgr.dylib
0x0000000009285000 	/usr/lib/system/liblaunch.dylib
0x0000000009285000 	/usr/lib/system/libmacho.dylib
0x0000000009285000 	/usr/lib/system/libquarantine.dylib
0x0000000009285000 	/usr/lib/system/libremovefile.dylib
0x0000000009285000 	/usr/lib/system/libsystem_asl.dylib
0x0000000009285000 	/usr/lib/system/libsystem_blocks.dylib
0x0000000009285000 	/usr/lib/system/libsystem_c.dylib
0x0000000009285000 	/usr/lib/system/libsystem_configuration.dylib
0x0000000009285000 	/usr/lib/system/libsystem_coreservices.dylib
0x0000000009285000 	/usr/lib/system/libsystem_coretls.dylib
0x0000000009285000 	/usr/lib/system/libsystem_dnssd.dylib
0x0000000009285000 	/usr/lib/system/libsystem_info.dylib
0x0000000009285000 	/usr/lib/system/libsystem_kernel.dylib
0x0000000009285000 	/usr/lib/system/libsystem_m.dylib
0x0000000009285000 	/usr/lib/system/libsystem_malloc.dylib
0x0000000009285000 	/usr/lib/system/libsystem_network.dylib
0x0000000009285000 	/usr/lib/system/libsystem_networkextension.dylib
0x0000000009285000 	/usr/lib/system/libsystem_notify.dylib
0x0000000009285000 	/usr/lib/system/libsystem_platform.dylib
0x0000000009285000 	/usr/lib/system/libsystem_pthread.dylib
0x0000000009285000 	/usr/lib/system/libsystem_sandbox.dylib
0x0000000009285000 	/usr/lib/system/libsystem_secinit.dylib
0x0000000009285000 	/usr/lib/system/libsystem_trace.dylib
0x0000000009285000 	/usr/lib/system/libunc.dylib
0x0000000009285000 	/usr/lib/system/libunwind.dylib
0x0000000009285000 	/usr/lib/system/libxpc.dylib
0x0000000009285000 	/usr/lib/libenergytrace.dylib
0x0000000009285000 	/usr/lib/libbsm.0.dylib
0x0000000009285000 	/usr/lib/system/libkxld.dylib
0x0000000009285000 	/usr/lib/libxar.1.dylib
0x0000000009285000 	/usr/lib/libsqlite3.dylib
0x0000000009285000 	/usr/lib/libpam.2.dylib
0x0000000009285000 	/usr/lib/libOpenScriptingUtil.dylib
0x0000000009285000 	/usr/lib/libbz2.1.0.dylib
0x0000000009285000 	/usr/lib/liblzma.5.dylib
0x0000000009285000 	/System/Library/Frameworks/CoreServices.framework/Versions/A/Frameworks/FSEvents.framework/Versions/A/FSEvents
0x0000000009285000 	/System/Library/Frameworks/CoreServices.framework/Versions/A/Frameworks/CarbonCore.framework/Versions/A/CarbonCore
0x0000000009285000 	/System/Library/Frameworks/CoreServices.framework/Versions/A/Frameworks/Metadata.framework/Versions/A/Metadata
0x0000000009285000 	/System/Library/Frameworks/CoreServices.framework/Versions/A/Frameworks/OSServices.framework/Versions/A/OSServices
0x0000000009285000 	/System/Library/Frameworks/CoreServices.framework/Versions/A/Frameworks/SearchKit.framework/Versions/A/SearchKit
0x0000000009285000 	/System/Library/Frameworks/CoreServices.framework/Versions/A/Frameworks/AE.framework/Versions/A/AE
0x0000000009285000 	/System/Library/Frameworks/CoreServices.framework/Versions/A/Frameworks/LaunchServices.framework/Versions/A/LaunchServices
0x0000000009285000 	/System/Library/Frameworks/CoreServices.framework/Versions/A/Frameworks/DictionaryServices.framework/Versions/A/DictionaryServices
0x0000000009285000 	/System/Library/Frameworks/CoreServices.framework/Versions/A/Frameworks/SharedFileList.framework/Versions/A/SharedFileList
0x0000000009285000 	/System/Library/Frameworks/NetFS.framework/Versions/A/NetFS
0x0000000009285000 	/System/Library/PrivateFrameworks/NetAuth.framework/Versions/A/NetAuth
0x0000000009285000 	/System/Library/PrivateFrameworks/login.framework/Versions/A/Frameworks/loginsupport.framework/Versions/A/loginsupport
0x0000000009285000 	/System/Library/PrivateFrameworks/TCC.framework/Versions/A/TCC
0x0000000009285000 	/usr/lib/libmecabra.dylib
0x0000000009285000 	/System/Library/Frameworks/ApplicationServices.framework/Versions/A/Frameworks/ATS.framework/Versions/A/ATS
0x0000000009285000 	/System/Library/Frameworks/ApplicationServices.framework/Versions/A/Frameworks/ColorSync.framework/Versions/A/ColorSync
0x0000000009285000 	/System/Library/Frameworks/ApplicationServices.framework/Versions/A/Frameworks/HIServices.framework/Versions/A/HIServices
0x0000000009285000 	/System/Library/Frameworks/ApplicationServices.framework/Versions/A/Frameworks/LangAnalysis.framework/Versions/A/LangAnalysis
0x0000000009285000 	/System/Library/Frameworks/ApplicationServices.framework/Versions/A/Frameworks/PrintCore.framework/Versions/A/PrintCore
0x0000000009285000 	/System/Library/Frameworks/ApplicationServices.framework/Versions/A/Frameworks/QD.framework/Versions/A/QD
0x0000000009285000 	/System/Library/Frameworks/ApplicationServices.framework/Versions/A/Frameworks/SpeechSynthesis.framework/Versions/A/SpeechSynthesis
0x0000000009285000 	/System/Library/Frameworks/Metal.framework/Versions/A/Metal
0x0000000009285000 	/System/Library/Frameworks/Accelerate.framework/Versions/A/Frameworks/vImage.framework/Versions/A/vImage
0x0000000009285000 	/System/Library/Frameworks/Accelerate.framework/Versions/A/Frameworks/vecLib.framework/Versions/A/vecLib
0x0000000009285000 	/System/Library/Frameworks/Accelerate.framework/Versions/A/Frameworks/vecLib.framework/Versions/A/libvDSP.dylib
0x0000000009285000 	/System/Library/Frameworks/Accelerate.framework/Versions/A/Frameworks/vecLib.framework/Versions/A/libvMisc.dylib
0x0000000009285000 	/System/Library/Frameworks/Accelerate.framework/Versions/A/Frameworks/vecLib.framework/Versions/A/libLAPACK.dylib
0x0000000009285000 	/System/Library/Frameworks/Accelerate.framework/Versions/A/Frameworks/vecLib.framework/Versions/A/libBLAS.dylib
0x0000000009285000 	/System/Library/Frameworks/Accelerate.framework/Versions/A/Frameworks/vecLib.framework/Versions/A/libLinearAlgebra.dylib
0x0000000009285000 	/System/Library/Frameworks/Accelerate.framework/Versions/A/Frameworks/vecLib.framework/Versions/A/libSparseBLAS.dylib
0x0000000009285000 	/System/Library/PrivateFrameworks/GPUCompiler.framework/libmetal_timestamp.dylib
0x0000000009285000 	/System/Library/Frameworks/OpenGL.framework/Versions/A/Libraries/libCoreFSCache.dylib
0x0000000009285000 	/System/Library/PrivateFrameworks/IOAccelerator.framework/Versions/A/IOAccelerator
0x0000000009285000 	/System/Library/Frameworks/ApplicationServices.framework/Versions/A/Frameworks/ATS.framework/Versions/A/Resources/libFontParser.dylib
0x0000000009285000 	/System/Library/Frameworks/ApplicationServices.framework/Versions/A/Frameworks/ATS.framework/Versions/A/Resources/libFontRegistry.dylib
0x0000000009285000 	/System/Library/PrivateFrameworks/AppleVPA.framework/Versions/A/AppleVPA
0x0000000009285000 	/System/Library/PrivateFrameworks/AppleJPEG.framework/Versions/A/AppleJPEG
0x0000000009285000 	/System/Library/Frameworks/ImageIO.framework/Versions/A/Resources/libJPEG.dylib
0x0000000009285000 	/System/Library/Frameworks/ImageIO.framework/Versions/A/Resources/libTIFF.dylib
0x0000000009285000 	/System/Library/Frameworks/ImageIO.framework/Versions/A/Resources/libPng.dylib
0x0000000009285000 	/System/Library/Frameworks/ImageIO.framework/Versions/A/Resources/libGIF.dylib
0x0000000009285000 	/System/Library/Frameworks/ImageIO.framework/Versions/A/Resources/libJP2.dylib
0x0000000009285000 	/System/Library/Frameworks/ImageIO.framework/Versions/A/Resources/libRadiance.dylib
0x0000000009285000 	/System/Library/Frameworks/CoreVideo.framework/Versions/A/CoreVideo
0x0000000009285000 	/System/Library/Frameworks/OpenGL.framework/Versions/A/Libraries/libGLU.dylib
0x0000000009285000 	/System/Library/Frameworks/OpenGL.framework/Versions/A/Libraries/libGFXShared.dylib
0x0000000009285000 	/System/Library/Frameworks/OpenGL.framework/Versions/A/Libraries/libGL.dylib
0x0000000009285000 	/System/Library/Frameworks/OpenGL.framework/Versions/A/Libraries/libGLImage.dylib
0x0000000009285000 	/System/Library/Frameworks/OpenGL.framework/Versions/A/Libraries/libCVMSPluginSupport.dylib
0x0000000009285000 	/System/Library/Frameworks/OpenGL.framework/Versions/A/Libraries/libCoreVMClient.dylib
0x0000000009285000 	/usr/lib/libcups.2.dylib
0x0000000009285000 	/System/Library/Frameworks/Kerberos.framework/Versions/A/Kerberos
0x0000000009285000 	/System/Library/Frameworks/GSS.framework/Versions/A/GSS
0x0000000009285000 	/usr/lib/libresolv.9.dylib
0x0000000009285000 	/usr/lib/libiconv.2.dylib
0x0000000009285000 	/System/Library/PrivateFrameworks/Heimdal.framework/Versions/A/Heimdal
0x0000000009285000 	/usr/lib/libheimdal-asn1.dylib
0x0000000009285000 	/System/Library/Frameworks/OpenDirectory.framework/Versions/A/OpenDirectory
0x0000000009285000 	/System/Library/PrivateFrameworks/CommonAuth.framework/Versions/A/CommonAuth
0x0000000009285000 	/System/Library/Frameworks/OpenDirectory.framework/Versions/A/Frameworks/CFOpenDirectory.framework/Versions/A/CFOpenDirectory
0x0000000009285000 	/System/Library/Frameworks/SecurityFoundation.framework/Versions/A/SecurityFoundation
0x0000000009285000 	/System/Library/PrivateFrameworks/LanguageModeling.framework/Versions/A/LanguageModeling
0x0000000009285000 	/usr/lib/libmarisa.dylib
0x0000000009285000 	/usr/lib/libChineseTokenizer.dylib
0x0000000009285000 	/usr/lib/libcmph.dylib
0x0000000009285000 	/usr/lib/libcompression.dylib
0x0000000009285000 	/System/Library/Frameworks/ServiceManagement.framework/Versions/A/ServiceManagement
0x0000000009285000 	/usr/lib/libxslt.1.dylib
0x0000000009285000 	/System/Library/Frameworks/Carbon.framework/Versions/A/Frameworks/Ink.framework/Versions/A/Ink
0x0000000009285000 	/usr/lib/libFosl_dynamic.dylib
0x0000000009285000 	/System/Library/PrivateFrameworks/FaceCore.framework/Versions/A/FaceCore
0x0000000009285000 	/System/Library/Frameworks/OpenCL.framework/Versions/A/OpenCL
0x0000000009285000 	/System/Library/PrivateFrameworks/CrashReporterSupport.framework/Versions/A/CrashReporterSupport
0x0000000009285000 	/System/Library/PrivateFrameworks/IconServices.framework/Versions/A/IconServices
0x0000000009285000 	/System/Library/PrivateFrameworks/Apple80211.framework/Versions/A/Apple80211
0x0000000009285000 	/System/Library/Frameworks/CoreWLAN.framework/Versions/A/CoreWLAN
0x0000000009285000 	/System/Library/Frameworks/IOBluetooth.framework/Versions/A/IOBluetooth
0x0000000009285000 	/System/Library/PrivateFrameworks/CoreWiFi.framework/Versions/A/CoreWiFi
0x0000000009285000 	/System/Library/Frameworks/CoreBluetooth.framework/Versions/A/CoreBluetooth
0x0000000009285000 	/System/Library/PrivateFrameworks/ChunkingLibrary.framework/Versions/A/ChunkingLibrary
0x0000000009285000 	/System/Library/PrivateFrameworks/DebugSymbols.framework/Versions/A/DebugSymbols
0x0000000009285000 	/System/Library/PrivateFrameworks/CoreSymbolication.framework/Versions/A/CoreSymbolication
0x0000000009285000 	/System/Library/PrivateFrameworks/Symbolication.framework/Versions/A/Symbolication
0x0000000009285000 	/System/Library/PrivateFrameworks/SpeechRecognitionCore.framework/Versions/A/SpeechRecognitionCore
0x0000000102c00000 	/Library/Java/JavaVirtualMachines/jdk1.8.0_91.jdk/Contents/Home/jre/lib/server/libjvm.dylib
0x0000000009285000 	/usr/lib/libstdc++.6.dylib
0x0000000102379000 	/Library/Java/JavaVirtualMachines/jdk1.8.0_91.jdk/Contents/Home/jre/lib/libverify.dylib
0x0000000102387000 	/Library/Java/JavaVirtualMachines/jdk1.8.0_91.jdk/Contents/Home/jre/lib/libjava.dylib
0x00000001023c6000 	/Library/Java/JavaVirtualMachines/jdk1.8.0_91.jdk/Contents/Home/jre/lib/libzip.dylib
0x00000001194ce000 	/System/Library/Frameworks/JavaVM.framework/Frameworks/JavaRuntimeSupport.framework/JavaRuntimeSupport
0x00000001194e9000 	/System/Library/Frameworks/JavaVM.framework/Versions/A/Frameworks/JavaNativeFoundation.framework/Versions/A/JavaNativeFoundation
0x00000001194fe000 	/System/Library/Frameworks/JavaVM.framework/Versions/A/JavaVM
0x0000000009285000 	/System/Library/Frameworks/Carbon.framework/Versions/A/Carbon
0x000000011950b000 	/System/Library/PrivateFrameworks/JavaLaunching.framework/Versions/A/JavaLaunching
0x0000000009285000 	/System/Library/Frameworks/Carbon.framework/Versions/A/Frameworks/CommonPanels.framework/Versions/A/CommonPanels
0x0000000009285000 	/System/Library/Frameworks/Carbon.framework/Versions/A/Frameworks/Help.framework/Versions/A/Help
0x0000000009285000 	/System/Library/Frameworks/Carbon.framework/Versions/A/Frameworks/ImageCapture.framework/Versions/A/ImageCapture
0x0000000009285000 	/System/Library/Frameworks/Carbon.framework/Versions/A/Frameworks/OpenScripting.framework/Versions/A/OpenScripting
0x0000000009285000 	/System/Library/Frameworks/Carbon.framework/Versions/A/Frameworks/Print.framework/Versions/A/Print
0x0000000009285000 	/System/Library/Frameworks/Carbon.framework/Versions/A/Frameworks/SecurityHI.framework/Versions/A/SecurityHI
0x000000011ae29000 	/Library/Java/JavaVirtualMachines/jdk1.8.0_91.jdk/Contents/Home/jre/lib/libawt.dylib
0x000000011aed1000 	/Library/Java/JavaVirtualMachines/jdk1.8.0_91.jdk/Contents/Home/jre/lib/./libmlib_image.dylib
0x000000011af9d000 	/Library/Java/JavaVirtualMachines/jdk1.8.0_91.jdk/Contents/Home/jre/lib/libawt_lwawt.dylib
0x000000011b052000 	/Library/Java/JavaVirtualMachines/jdk1.8.0_91.jdk/Contents/Home/jre/lib/./libosxapp.dylib
0x0000000009285000 	/System/Library/Frameworks/ExceptionHandling.framework/Versions/A/ExceptionHandling
0x0000000009285000 	/System/Library/PrivateFrameworks/CoreServicesInternal.framework/Versions/A/CoreServicesInternal
0x0000000009285000 	/System/Library/Frameworks/CoreGraphics.framework/Versions/A/Resources/libRIP.A.dylib
0x0000000009285000 	/System/Library/Frameworks/Accelerate.framework/Versions/A/Frameworks/vImage.framework/Versions/A/Libraries/libCGInterfaces.dylib
0x0000000009285000 	/System/Library/Frameworks/CoreGraphics.framework/Versions/A/Resources/libCGXType.A.dylib
0x0000000009285000 	/System/Library/Frameworks/OpenCL.framework/Versions/A/Libraries/libcldcpuengine.dylib
0x0000000009285000 	/System/Library/PrivateFrameworks/DiskImages.framework/Versions/A/DiskImages
0x0000000009285000 	/System/Library/Frameworks/DiscRecording.framework/Versions/A/DiscRecording
0x0000000009285000 	/usr/lib/libcsfde.dylib
0x0000000009285000 	/usr/lib/libcurl.4.dylib
0x0000000009285000 	/System/Library/PrivateFrameworks/MediaKit.framework/Versions/A/MediaKit
0x0000000009285000 	/System/Library/PrivateFrameworks/ProtectedCloudStorage.framework/Versions/A/ProtectedCloudStorage
0x0000000009285000 	/usr/lib/libCoreStorage.dylib
0x0000000009285000 	/System/Library/PrivateFrameworks/EFILogin.framework/Versions/A/EFILogin
0x0000000009285000 	/usr/lib/libutil.dylib
0x0000000009285000 	/System/Library/PrivateFrameworks/FindMyDevice.framework/Versions/A/FindMyDevice
0x0000000009285000 	/System/Library/Frameworks/LDAP.framework/Versions/A/LDAP
0x0000000009285000 	/usr/lib/libsasl2.2.dylib
0x0000000009285000 	/System/Library/PrivateFrameworks/CoreDaemon.framework/Versions/B/CoreDaemon
0x0000000009285000 	/usr/lib/libcrypto.0.9.8.dylib
0x0000000009285000 	/System/Library/PrivateFrameworks/AppleSRP.framework/Versions/A/AppleSRP
0x0000000009285000 	/System/Library/PrivateFrameworks/TrustEvaluationAgent.framework/Versions/A/TrustEvaluationAgent
0x000000011c7ab000 	cl_kernels
0x0000000009285000 	/System/Library/Frameworks/OpenCL.framework/Versions/A/Libraries/ImageFormats/unorm8_bgra.dylib
0x0000000009285000 	/System/Library/Frameworks/OpenCL.framework/Versions/A/Libraries/ImageFormats/unorm8_rgba.dylib
0x0000000009285000 	/System/Library/PrivateFrameworks/FamilyControls.framework/Versions/A/FamilyControls
0x0000000009285000 	/System/Library/PrivateFrameworks/CommerceKit.framework/Versions/A/Frameworks/CommerceCore.framework/Versions/A/CommerceCore
0x0000000009285000 	/System/Library/PrivateFrameworks/SystemAdministration.framework/Versions/A/SystemAdministration
0x0000000009285000 	/System/Library/PrivateFrameworks/AppContainer.framework/Versions/A/AppContainer
0x0000000009285000 	/System/Library/PrivateFrameworks/SecCodeWrapper.framework/Versions/A/SecCodeWrapper
0x0000000009285000 	/System/Library/Frameworks/DirectoryService.framework/Versions/A/DirectoryService
0x0000000009285000 	/System/Library/PrivateFrameworks/LoginUIKit.framework/Versions/A/Frameworks/LoginUICore.framework/Versions/A/LoginUICore
0x0000000009285000 	/usr/lib/libodfde.dylib
0x0000000009285000 	/System/Library/Frameworks/OpenGL.framework/Versions/A/Resources/GLEngine.bundle/GLEngine
0x0000000009285000 	/System/Library/Frameworks/OpenGL.framework/Versions/A/Libraries/libGLProgrammability.dylib
0x000000011d83b000 	/System/Library/Extensions/AMDRadeonX3000GLDriver.bundle/Contents/MacOS/AMDRadeonX3000GLDriver
0x0000000009285000 	/System/Library/PrivateFrameworks/GPUSupport.framework/Versions/A/Libraries/libGPUSupportMercury.dylib
0x000000011d91a000 	/System/Library/Extensions/AMDRadeonX3000GLDriver.bundle/Contents/MacOS/ATIRadeonX3000SCLib.dylib
0x0000000009285000 	/System/Library/Frameworks/OpenGL.framework/Versions/A/Resources/GLRendererFloat.bundle/GLRendererFloat
0x000000011dc07000 	/Library/Java/JavaVirtualMachines/jdk1.8.0_91.jdk/Contents/Home/jre/lib/libfontmanager.dylib
0x000000011e8f2000 	/Library/Java/JavaVirtualMachines/jdk1.8.0_91.jdk/Contents/Home/jre/lib/libosxui.dylib
0x000000011f3ce000 	/Library/Java/JavaVirtualMachines/jdk1.8.0_91.jdk/Contents/Home/jre/lib/libnet.dylib
0x000000011f377000 	/Library/Java/JavaVirtualMachines/jdk1.8.0_91.jdk/Contents/Home/jre/lib/libnio.dylib
0x0000000009285000 	/System/Library/Frameworks/ApplicationServices.framework/Versions/A/Frameworks/ATS.framework/Versions/A/Resources/libTrueTypeScaler.dylib
0x0000000184692000 	/private/var/folders/tq/5cybh0451bx2v8l5x53f9c_h0000gn/T/jogamp_0000/file_cache/jln13154484317938546/jln817750219942363007/libgluegen-rt.jnilib
0x000000011e5de000 	/private/var/folders/tq/5cybh0451bx2v8l5x53f9c_h0000gn/T/jogamp_0000/file_cache/jln13154484317938546/jln817750219942363007/libnativewindow_awt.jnilib
0x000000011e5ea000 	/Library/Java/JavaVirtualMachines/jdk1.8.0_91.jdk/Contents/Home/jre/lib/libjawt.dylib
0x0000000184696000 	/private/var/folders/tq/5cybh0451bx2v8l5x53f9c_h0000gn/T/jogamp_0000/file_cache/jln13154484317938546/jln817750219942363007/libnativewindow_macosx.jnilib
0x0000000185fe8000 	/private/var/folders/tq/5cybh0451bx2v8l5x53f9c_h0000gn/T/jogamp_0000/file_cache/jln13154484317938546/jln817750219942363007/libjogl_desktop.jnilib
0x00000001877a4000 	/Library/Java/JavaVirtualMachines/jdk1.8.0_91.jdk/Contents/Home/jre/lib/libt2k.dylib

VM Arguments:
jvm_args: -Djava.security.policy=java.policy.applet -Dfile.encoding=UTF-8 
java_command: sun.applet.AppletViewer module6.AirportMap1464134216933.html
java_class_path (initial): /Users/limhoktan/Documents/workspace/UCSDUnfoldingMaps/build:/Users/limhoktan/Documents/workspace/UCSDUnfoldingMaps/lib/core.jar:/Users/limhoktan/Documents/workspace/UCSDUnfoldingMaps/lib/gluegen-rt.jar:/Users/limhoktan/Documents/workspace/UCSDUnfoldingMaps/lib/jogl-all.jar:/Users/limhoktan/Documents/workspace/UCSDUnfoldingMaps/lib/log4j-1.2.15.jar:/Users/limhoktan/Documents/workspace/UCSDUnfoldingMaps/lib/sqlite-jdbc-3.7.2.jar:/Users/limhoktan/Documents/workspace/UCSDUnfoldingMaps/lib/json4processing.jar:/Users/limhoktan/Documents/workspace/UCSDUnfoldingMaps/lib/libTUIO.jar:/Users/limhoktan/Documents/workspace/UCSDUnfoldingMaps/lib/unfolding.0.9.7-uscd.jar
Launcher Type: SUN_STANDARD

Environment Variables:
PATH=/usr/bin:/bin:/usr/sbin:/sbin
SHELL=/bin/bash
DISPLAY=/private/tmp/com.apple.launchd.3cFrEfN4Lz/org.macosforge.xquartz:0

Signal Handlers:
SIGSEGV: [libjvm.dylib+0x5a97a1], sa_mask[0]=11111111011111110111111111111111, sa_flags=SA_ONSTACK|SA_RESTART|SA_SIGINFO
SIGBUS: [libjvm.dylib+0x5a97a1], sa_mask[0]=11111111011111110111111111111111, sa_flags=SA_RESTART|SA_SIGINFO
SIGFPE: [libjvm.dylib+0x482594], sa_mask[0]=11111111011111110111111111111111, sa_flags=SA_RESTART|SA_SIGINFO
SIGPIPE: [libjvm.dylib+0x482594], sa_mask[0]=11111111011111110111111111111111, sa_flags=SA_RESTART|SA_SIGINFO
SIGXFSZ: [libjvm.dylib+0x482594], sa_mask[0]=11111111011111110111111111111111, sa_flags=SA_RESTART|SA_SIGINFO
SIGILL: [libjvm.dylib+0x482594], sa_mask[0]=11111111011111110111111111111111, sa_flags=SA_RESTART|SA_SIGINFO
SIGUSR1: SIG_DFL, sa_mask[0]=00000000000000000000000000000000, sa_flags=none
SIGUSR2: [libjvm.dylib+0x4820b2], sa_mask[0]=00100000000000000000000000000000, sa_flags=SA_RESTART|SA_SIGINFO
SIGHUP: [libjvm.dylib+0x480689], sa_mask[0]=11111111011111110111111111111111, sa_flags=SA_RESTART|SA_SIGINFO
SIGINT: [libjvm.dylib+0x480689], sa_mask[0]=11111111011111110111111111111111, sa_flags=SA_RESTART|SA_SIGINFO
SIGTERM: [libjvm.dylib+0x480689], sa_mask[0]=11111111011111110111111111111111, sa_flags=SA_RESTART|SA_SIGINFO
SIGQUIT: [libjvm.dylib+0x480689], sa_mask[0]=11111111011111110111111111111111, sa_flags=SA_RESTART|SA_SIGINFO


---------------  S Y S T E M  ---------------

OS:Bsduname:Darwin 15.4.0 Darwin Kernel Version 15.4.0: Fri Feb 26 22:08:05 PST 2016; root:xnu-3248.40.184~3/RELEASE_X86_64 x86_64
rlimit: STACK 8192k, CORE 0k, NPROC 709, NOFILE 10240, AS infinity
load average:4.51 3.60 2.99

CPU:total 4 (4 cores per cpu, 1 threads per core) family 6 model 30 stepping 5, cmov, cx8, fxsr, mmx, sse, sse2, sse3, ssse3, sse4.1, sse4.2, popcnt, tsc, tscinvbit

Memory: 4k page, physical 8388608k(2088496k free)

/proc/meminfo:


vm_info: Java HotSpot(TM) 64-Bit Server VM (25.91-b14) for bsd-amd64 JRE (1.8.0_91-b14), built on Apr  1 2016 01:03:00 by "java_re" with gcc 4.2.1 (Based on Apple Inc. build 5658) (LLVM build 2336.11.00)

time: Tue May 24 16:57:08 2016
elapsed time: 11 seconds (0d 0h 0m 11s)

