#
# A fatal error has been detected by the Java Runtime Environment:
#
#  SIGSEGV (0xb) at pc=0x00007fff97afe6fd, pid=19586, tid=2571
#
# JRE version: Java(TM) SE Runtime Environment (8.0_91-b14) (build 1.8.0_91-b14)
# Java VM: Java HotSpot(TM) 64-Bit Server VM (25.91-b14 mixed mode bsd-amd64 compressed oops)
# Problematic frame:
# C  [libobjc.A.dylib+0x56fd]  _ZL12realizeClassP10objc_class+0x36
#
# Failed to write core dump. Core dumps have been disabled. To enable core dumping, try "ulimit -c unlimited" before starting Java again
#
# If you would like to submit a bug report, please visit:
#   http://bugreport.java.com/bugreport/crash.jsp
# The crash happened outside the Java Virtual Machine in native code.
# See problematic frame for where to report the bug.
#

---------------  T H R E A D  ---------------

Current thread (0x00007f8762951800):  JavaThread "AWT-AppKit" daemon [_thread_in_native, id=2571, stack(0x00007fff5a1e9000,0x00007fff5a9e9000)]

siginfo: si_signo: 11 (SIGSEGV), si_code: 1 (SEGV_MAPERR), si_addr: 0x00006c7069746c70

Registers:
RAX=0x0000000000000000, RBX=0x00006c7069746c70, RCX=0x0000000000000000, RDX=0x0000000000000000
RSP=0x00007fff5a9e3d10, RBP=0x00007fff5a9e3ff0, RSI=0x0000000000000000, RDI=0x000000011e10b5b0
R8 =0x0000000000000003, R9 =0x00000000fffffffe, R10=0x000000011e114528, R11=0x000000011e130000
R12=0x00007ffffffffff8, R13=0x000000011e10b5b0, R14=0x4d656c7069746c75, R15=0x0000000000000000
RIP=0x00007fff97afe6fd, EFLAGS=0x0000000000010202, ERR=0x0000000000000004
  TRAPNO=0x000000000000000e

Top of Stack: (sp=0x00007fff5a9e3d10)
0x00007fff5a9e3d10:   00007f8762951800 00007f8762951800
0x00007fff5a9e3d20:   00007fff5a9e3e40 0000000000000000
0x00007fff5a9e3d30:   0000000000000000 0000000000000000
0x00007fff5a9e3d40:   0000000000000000 0000000000000000
0x00007fff5a9e3d50:   0000000743f1bf30 0000000000000003
0x00007fff5a9e3d60:   00007fff5a9e3d90 00007fff5a9e3d90
0x00007fff5a9e3d70:   00000007c002cbf8 000000018778b070
0x00007fff5a9e3d80:   00007f876706bd60 00007fff5a9e3df0
0x00007fff5a9e3d90:   00007fff5a9e3eb0 0000000107107b5f
0x00007fff5a9e3da0:   00007fff5a9e3df0 0000000743f1bf30
0x00007fff5a9e3db0:   000000018b776010 00007f8762467270
0x00007fff5a9e3dc0:   00007fff5a9e3e20 00000001061c700e
0x00007fff5a9e3dd0:   0000000100000000 00000007a30e9710
0x00007fff5a9e3de0:   0000000400000002 0000000743f1bf30
0x00007fff5a9e3df0:   0000000000000003 0000000743f1bf30
0x00007fff5a9e3e00:   0000000000000003 0000000743f1bf30
0x00007fff5a9e3e10:   00000007c01b7028 00007fff5a9e4150
0x00007fff5a9e3e20:   00007fff5a9e3eb0 0000000106d947a7
0x00007fff5a9e3e30:   00007f8762951800 0000000106d947a7
0x00007fff5a9e3e40:   00000007a30e9710 0000000743af24b0
0x00007fff5a9e3e50:   0000000700001fa3 000000000000000b
0x00007fff5a9e3e60:   00007f8762951800 0000000000000002
0x00007fff5a9e3e70:   0000000106d9471f 000000011ac176d0
0x00007fff5a9e3e80:   0000000105235a00 0000000000000006
0x00007fff5a9e3e90:   0000000105232000 0000000105236e00
0x00007fff5a9e3ea0:   0000000000000004 00007f876760b356
0x00007fff5a9e3eb0:   00007fff5a9e3fa0 00007fff95af7a3f
0x00007fff5a9e3ec0:   0000000000000002 00007f8762951800
0x00007fff5a9e3ed0:   00007fff5a9e3f60 00007fff5a9e41e8
0x00007fff5a9e3ee0:   0000000000000000 0000000106ddaa60
0x00007fff5a9e3ef0:   00007f8762951800 00007fff5a9e4138
0x00007fff5a9e3f00:   0000000000001400 0000000105235a00 

Instructions: (pc=0x00007fff97afe6fd)
0x00007fff97afe6dd:   48 85 ff 49 89 fd 0f 84 80 10 00 00 49 bc f8 ff
0x00007fff97afe6ed:   ff ff ff 7f 00 00 4d 8b 75 20 4c 89 f3 4c 21 e3
0x00007fff97afe6fd:   8b 3b 85 ff 78 3d f7 c7 00 00 00 40 75 3d bf 40
0x00007fff97afe70d:   00 00 00 be 01 00 00 00 e8 74 dd 01 00 48 89 58 

Register to memory mapping:

RAX=0x0000000000000000 is an unknown value
RBX=0x00006c7069746c70 is an unknown value
RCX=0x0000000000000000 is an unknown value
RDX=0x0000000000000000 is an unknown value
RSP=0x00007fff5a9e3d10 is pointing into the stack for thread: 0x00007f8762951800
RBP=0x00007fff5a9e3ff0 is pointing into the stack for thread: 0x00007f8762951800
RSI=0x0000000000000000 is an unknown value
RDI=0x000000011e10b5b0: __FUNCTION__.99945+0x4f88 in /Library/Java/JavaVirtualMachines/jdk1.8.0_91.jdk/Contents/Home/jre/lib/libawt_lwawt.dylib at 0x000000011e0ba000
R8 =0x0000000000000003 is an unknown value
R9 =0x00000000fffffffe is an unknown value
R10=0x000000011e114528: charTable+0x58 in /Library/Java/JavaVirtualMachines/jdk1.8.0_91.jdk/Contents/Home/jre/lib/libawt_lwawt.dylib at 0x000000011e0ba000
R11=0x000000011e130000: OBJC_IVAR_$_CFileDialog.fTitle+0x470 in /Library/Java/JavaVirtualMachines/jdk1.8.0_91.jdk/Contents/Home/jre/lib/libawt_lwawt.dylib at 0x000000011e0ba000
R12=0x00007ffffffffff8 is an unknown value
R13=0x000000011e10b5b0: __FUNCTION__.99945+0x4f88 in /Library/Java/JavaVirtualMachines/jdk1.8.0_91.jdk/Contents/Home/jre/lib/libawt_lwawt.dylib at 0x000000011e0ba000
R14=0x4d656c7069746c75 is an unknown value
R15=0x0000000000000000 is an unknown value


Stack: [0x00007fff5a1e9000,0x00007fff5a9e9000],  sp=0x00007fff5a9e3d10,  free space=8171k
Native frames: (J=compiled Java code, j=interpreted, Vv=VM code, C=native code)
C  [libobjc.A.dylib+0x56fd]  _ZL12realizeClassP10objc_class+0x36
C  [libobjc.A.dylib+0x57df]  _ZL12realizeClassP10objc_class+0x118
C  [libobjc.A.dylib+0x7c45]  lookUpImpOrForward+0x6c
C  [libobjc.A.dylib+0x1591]  objc_msgSend+0xd1
C  [libnativewindow_macosx.jnilib+0x5157]  Java_jogamp_nativewindow_jawt_macosx_MacOSXJAWTWindow_UnsetJAWTRootSurfaceLayer0+0xe7
j  jogamp.nativewindow.jawt.macosx.MacOSXJAWTWindow.UnsetJAWTRootSurfaceLayer0(JJ)V+0
j  jogamp.nativewindow.jawt.macosx.MacOSXJAWTWindow.access$200(JJ)V+2
j  jogamp.nativewindow.jawt.macosx.MacOSXJAWTWindow$1.run()V+38
j  com.jogamp.common.util.RunnableTask.run()V+24
v  ~StubRoutines::call_stub
V  [libjvm.dylib+0x2ec1e6]
V  [libjvm.dylib+0x323355]
V  [libjvm.dylib+0x315b23]
C  [libnativewindow_macosx.jnilib+0x5326]  Java_jogamp_nativewindow_jawt_macosx_MacOSXJAWTWindow_UnsetJAWTRootSurfaceLayer0+0x2b6
C  [Foundation+0x76f5e]  __NSThreadPerformPerform+0x117
C  [CoreFoundation+0xaa881]  __CFRUNLOOP_IS_CALLING_OUT_TO_A_SOURCE0_PERFORM_FUNCTION__+0x11
C  [CoreFoundation+0x89f37]  __CFRunLoopDoSources0+0x1a7
C  [CoreFoundation+0x894df]  __CFRunLoopRun+0x39f
C  [CoreFoundation+0x88ed8]  CFRunLoopRunSpecific+0x128
C  [HIToolbox+0x30935]  RunCurrentEventLoopInMode+0xeb
C  [HIToolbox+0x30677]  ReceiveNextEventCommon+0xb8
C  [HIToolbox+0x305af]  _BlockUntilNextEventMatchingListInModeWithFilter+0x47
C  [AppKit+0x48efa]  _DPSNextEvent+0x42b
C  [AppKit+0x4832a]  -[NSApplication _nextEventMatchingEventMask:untilDate:inMode:dequeue:]+0x1c6
C  [libosxapp.dylib+0x23aa]  -[NSApplicationAWT nextEventMatchingMask:untilDate:inMode:dequeue:]+0x7c
C  [AppKit+0x3ce84]  -[NSApplication run]+0x2aa
C  [libosxapp.dylib+0x214d]  +[NSApplicationAWT runAWTLoopWithApp:]+0x9c
C  [libawt_lwawt.dylib+0x4455b]  -[AWTStarter starter:]+0x389
C  [Foundation+0x76f5e]  __NSThreadPerformPerform+0x117
C  [CoreFoundation+0xaa881]  __CFRUNLOOP_IS_CALLING_OUT_TO_A_SOURCE0_PERFORM_FUNCTION__+0x11
C  [CoreFoundation+0x89fbc]  __CFRunLoopDoSources0+0x22c
C  [CoreFoundation+0x894df]  __CFRunLoopRun+0x39f
C  [CoreFoundation+0x88ed8]  CFRunLoopRunSpecific+0x128
C  [java+0x6463]  CreateExecutionEnvironment+0x367
C  [java+0x21ac]  JLI_Launch+0x7a0
C  [java+0x84c0]  main+0x65
C  [java+0x1a04]  start+0x34
C  0x0000000000000007

Java frames: (J=compiled Java code, j=interpreted, Vv=VM code)
j  jogamp.nativewindow.jawt.macosx.MacOSXJAWTWindow.UnsetJAWTRootSurfaceLayer0(JJ)V+0
j  jogamp.nativewindow.jawt.macosx.MacOSXJAWTWindow.access$200(JJ)V+2
j  jogamp.nativewindow.jawt.macosx.MacOSXJAWTWindow$1.run()V+38
j  com.jogamp.common.util.RunnableTask.run()V+24
v  ~StubRoutines::call_stub

---------------  P R O C E S S  ---------------

Java Threads: ( => current thread )
  0x00007f8762954000 JavaThread "Thread-19" [_thread_blocked, id=37935, stack(0x0000700001765000,0x0000700001865000)]
  0x00007f87638f3000 JavaThread "AWT-EventQueue-1" [_thread_in_native, id=60463, stack(0x0000700001868000,0x0000700001968000)]
  0x00007f876423c800 JavaThread "DestroyJavaVM" [_thread_blocked, id=5891, stack(0x000070000011a000,0x000070000021a000)]
  0x00007f8763227800 JavaThread "AWT-EventQueue-0" [_thread_blocked, id=53263, stack(0x0000700001662000,0x0000700001762000)]
  0x00007f8762989000 JavaThread "Java2D Disposer" daemon [_thread_blocked, id=52743, stack(0x00007000013d9000,0x00007000014d9000)]
  0x00007f8762987000 JavaThread "Java2D Queue Flusher" daemon [_thread_blocked, id=48911, stack(0x00007000012d6000,0x00007000013d6000)]
  0x00007f87638df800 JavaThread "AWT-Shutdown" [_thread_blocked, id=29203, stack(0x0000700001150000,0x0000700001250000)]
=>0x00007f8762951800 JavaThread "AWT-AppKit" daemon [_thread_in_native, id=2571, stack(0x00007fff5a1e9000,0x00007fff5a9e9000)]
  0x00007f876386d000 JavaThread "Service Thread" daemon [_thread_blocked, id=18435, stack(0x0000700000dc1000,0x0000700000ec1000)]
  0x00007f8763864000 JavaThread "C1 CompilerThread2" daemon [_thread_blocked, id=17923, stack(0x0000700000cbe000,0x0000700000dbe000)]
  0x00007f8763863800 JavaThread "C2 CompilerThread1" daemon [_thread_blocked, id=17411, stack(0x0000700000bbb000,0x0000700000cbb000)]
  0x00007f8764013800 JavaThread "C2 CompilerThread0" daemon [_thread_blocked, id=16899, stack(0x0000700000ab8000,0x0000700000bb8000)]
  0x00007f8764012800 JavaThread "Signal Dispatcher" daemon [_thread_blocked, id=12815, stack(0x00007000009b5000,0x0000700000ab5000)]
  0x00007f876302e800 JavaThread "Finalizer" daemon [_thread_blocked, id=12291, stack(0x000070000082f000,0x000070000092f000)]
  0x00007f8763800800 JavaThread "Reference Handler" daemon [_thread_blocked, id=11779, stack(0x000070000072c000,0x000070000082c000)]

Other Threads:
  0x00007f8762817800 VMThread [stack: 0x0000700000629000,0x0000700000729000] [id=11267]
  0x00007f8764014000 WatcherThread [stack: 0x0000700000ec4000,0x0000700000fc4000] [id=18947]

VM state:not at safepoint (normal execution)

VM Mutex/Monitor currently owned by a thread: None

Heap:
 PSYoungGen      total 321024K, used 237466K [0x0000000795580000, 0x00000007ab300000, 0x00000007c0000000)
  eden space 296448K, 78% used [0x0000000795580000,0x00000007a3a06a18,0x00000007a7700000)
  from space 24576K, 14% used [0x00000007a9b00000,0x00000007a9e600d0,0x00000007ab300000)
  to   space 30720K, 0% used [0x00000007a7700000,0x00000007a7700000,0x00000007a9500000)
 ParOldGen       total 144896K, used 69281K [0x0000000740000000, 0x0000000748d80000, 0x0000000795580000)
  object space 144896K, 47% used [0x0000000740000000,0x00000007443a8710,0x0000000748d80000)
 Metaspace       used 18922K, capacity 19137K, committed 19456K, reserved 1067008K
  class space    used 1895K, capacity 1981K, committed 2048K, reserved 1048576K

Card table byte_map: [0x0000000116154000,0x0000000116555000] byte_map_base: 0x0000000112754000

Marking Bits: (ParMarkBitMap*) 0x00000001066e6eb0
 Begin Bits: [0x0000000116800000, 0x0000000118800000)
 End Bits:   [0x0000000118800000, 0x000000011a800000)

Polling page: 0x00000001054da000

CodeCache: size=245760Kb used=5753Kb max_used=6255Kb free=240006Kb
 bounds [0x0000000106d94000, 0x00000001073d4000, 0x0000000115d94000]
 total_blobs=2459 nmethods=1585 adapters=789
 compilation: enabled

Compilation events (10 events):
Event: 180.328 Thread 0x00007f8763864000 1889       3       sun.awt.SunToolkit::wakeupEventQueue (11 bytes)
Event: 180.328 Thread 0x00007f8763864000 nmethod 1889 0x00000001071d0390 code [0x00000001071d0540, 0x00000001071d0938]
Event: 180.328 Thread 0x00007f8763864000 1893       1       sun.java2d.SurfaceData::isValid (5 bytes)
Event: 180.328 Thread 0x00007f8763864000 nmethod 1893 0x000000010733e710 code [0x000000010733e860, 0x000000010733e970]
Event: 180.328 Thread 0x00007f8763864000 1890       3       java.awt.EventQueue$2::wakeup (6 bytes)
Event: 180.328 Thread 0x00007f8763864000 nmethod 1890 0x00000001071cff10 code [0x00000001071d0080, 0x00000001071d0268]
Event: 180.328 Thread 0x00007f8763864000 1891       3       java.awt.EventQueue::access$100 (6 bytes)
Event: 180.329 Thread 0x00007f8763864000 nmethod 1891 0x00000001071cfb50 code [0x00000001071cfcc0, 0x00000001071cfe28]
Event: 180.329 Thread 0x00007f8763864000 1892   !   3       java.awt.EventQueue::wakeup (79 bytes)
Event: 180.329 Thread 0x00007f8763864000 nmethod 1892 0x0000000107089090 code [0x00000001070892c0, 0x0000000107089eb8]

GC Heap History (10 events):
Event: 9.486 GC heap before
{Heap before GC invocations=13 (full 1):
 PSYoungGen      total 247808K, used 213376K [0x0000000795580000, 0x00000007a9480000, 0x00000007c0000000)
  eden space 209920K, 100% used [0x0000000795580000,0x00000007a2280000,0x00000007a2280000)
  from space 37888K, 9% used [0x00000007a2280000,0x00000007a25e00d0,0x00000007a4780000)
  to   space 36864K, 0% used [0x00000007a7080000,0x00000007a7080000,0x00000007a9480000)
 ParOldGen       total 144896K, used 69273K [0x0000000740000000, 0x0000000748d80000, 0x0000000795580000)
  object space 144896K, 47% used [0x0000000740000000,0x00000007443a6710,0x0000000748d80000)
 Metaspace       used 18840K, capacity 19041K, committed 19200K, reserved 1067008K
  class space    used 1885K, capacity 1949K, committed 2048K, reserved 1048576K
Event: 9.489 GC heap after
Heap after GC invocations=13 (full 1):
 PSYoungGen      total 273408K, used 3488K [0x0000000795580000, 0x00000007a8b80000, 0x00000007c0000000)
  eden space 245760K, 0% used [0x0000000795580000,0x0000000795580000,0x00000007a4580000)
  from space 27648K, 12% used [0x00000007a7080000,0x00000007a73e80d0,0x00000007a8b80000)
  to   space 35840K, 0% used [0x00000007a4580000,0x00000007a4580000,0x00000007a6880000)
 ParOldGen       total 144896K, used 69273K [0x0000000740000000, 0x0000000748d80000, 0x0000000795580000)
  object space 144896K, 47% used [0x0000000740000000,0x00000007443a6710,0x0000000748d80000)
 Metaspace       used 18840K, capacity 19041K, committed 19200K, reserved 1067008K
  class space    used 1885K, capacity 1949K, committed 2048K, reserved 1048576K
}
Event: 10.769 GC heap before
{Heap before GC invocations=14 (full 1):
 PSYoungGen      total 273408K, used 249248K [0x0000000795580000, 0x00000007a8b80000, 0x00000007c0000000)
  eden space 245760K, 100% used [0x0000000795580000,0x00000007a4580000,0x00000007a4580000)
  from space 27648K, 12% used [0x00000007a7080000,0x00000007a73e80d0,0x00000007a8b80000)
  to   space 35840K, 0% used [0x00000007a4580000,0x00000007a4580000,0x00000007a6880000)
 ParOldGen       total 144896K, used 69273K [0x0000000740000000, 0x0000000748d80000, 0x0000000795580000)
  object space 144896K, 47% used [0x0000000740000000,0x00000007443a6710,0x0000000748d80000)
 Metaspace       used 18840K, capacity 19041K, committed 19200K, reserved 1067008K
  class space    used 1885K, capacity 1949K, committed 2048K, reserved 1048576K
Event: 10.772 GC heap after
Heap after GC invocations=14 (full 1):
 PSYoungGen      total 281600K, used 3488K [0x0000000795580000, 0x00000007aab80000, 0x00000007c0000000)
  eden space 245760K, 0% used [0x0000000795580000,0x0000000795580000,0x00000007a4580000)
  from space 35840K, 9% used [0x00000007a4580000,0x00000007a48e80d0,0x00000007a6880000)
  to   space 34816K, 0% used [0x00000007a8980000,0x00000007a8980000,0x00000007aab80000)
 ParOldGen       total 144896K, used 69281K [0x0000000740000000, 0x0000000748d80000, 0x0000000795580000)
  object space 144896K, 47% used [0x0000000740000000,0x00000007443a8710,0x0000000748d80000)
 Metaspace       used 18840K, capacity 19041K, committed 19200K, reserved 1067008K
  class space    used 1885K, capacity 1949K, committed 2048K, reserved 1048576K
}
Event: 12.049 GC heap before
{Heap before GC invocations=15 (full 1):
 PSYoungGen      total 281600K, used 249248K [0x0000000795580000, 0x00000007aab80000, 0x00000007c0000000)
  eden space 245760K, 100% used [0x0000000795580000,0x00000007a4580000,0x00000007a4580000)
  from space 35840K, 9% used [0x00000007a4580000,0x00000007a48e80d0,0x00000007a6880000)
  to   space 34816K, 0% used [0x00000007a8980000,0x00000007a8980000,0x00000007aab80000)
 ParOldGen       total 144896K, used 69281K [0x0000000740000000, 0x0000000748d80000, 0x0000000795580000)
  object space 144896K, 47% used [0x0000000740000000,0x00000007443a8710,0x0000000748d80000)
 Metaspace       used 18840K, capacity 19041K, committed 19200K, reserved 1067008K
  class space    used 1885K, capacity 1949K, committed 2048K, reserved 1048576K
Event: 12.051 GC heap after
Heap after GC invocations=15 (full 1):
 PSYoungGen      total 300032K, used 3456K [0x0000000795580000, 0x00000007aa280000, 0x00000007c0000000)
  eden space 274432K, 0% used [0x0000000795580000,0x0000000795580000,0x00000007a6180000)
  from space 25600K, 13% used [0x00000007a8980000,0x00000007a8ce00d0,0x00000007aa280000)
  to   space 33280K, 0% used [0x00000007a6180000,0x00000007a6180000,0x00000007a8200000)
 ParOldGen       total 144896K, used 69281K [0x0000000740000000, 0x0000000748d80000, 0x0000000795580000)
  object space 144896K, 47% used [0x0000000740000000,0x00000007443a8710,0x0000000748d80000)
 Metaspace       used 18840K, capacity 19041K, committed 19200K, reserved 1067008K
  class space    used 1885K, capacity 1949K, committed 2048K, reserved 1048576K
}
Event: 13.493 GC heap before
{Heap before GC invocations=16 (full 1):
 PSYoungGen      total 300032K, used 277888K [0x0000000795580000, 0x00000007aa280000, 0x00000007c0000000)
  eden space 274432K, 100% used [0x0000000795580000,0x00000007a6180000,0x00000007a6180000)
  from space 25600K, 13% used [0x00000007a8980000,0x00000007a8ce00d0,0x00000007aa280000)
  to   space 33280K, 0% used [0x00000007a6180000,0x00000007a6180000,0x00000007a8200000)
 ParOldGen       total 144896K, used 69281K [0x0000000740000000, 0x0000000748d80000, 0x0000000795580000)
  object space 144896K, 47% used [0x0000000740000000,0x00000007443a8710,0x0000000748d80000)
 Metaspace       used 18840K, capacity 19041K, committed 19200K, reserved 1067008K
  class space    used 1885K, capacity 1949K, committed 2048K, reserved 1048576K
Event: 13.496 GC heap after
Heap after GC invocations=16 (full 1):
 PSYoungGen      total 307712K, used 3456K [0x0000000795580000, 0x00000007aba80000, 0x00000007c0000000)
  eden space 274432K, 0% used [0x0000000795580000,0x0000000795580000,0x00000007a6180000)
  from space 33280K, 10% used [0x00000007a6180000,0x00000007a64e00d0,0x00000007a8200000)
  to   space 32256K, 0% used [0x00000007a9b00000,0x00000007a9b00000,0x00000007aba80000)
 ParOldGen       total 144896K, used 69281K [0x0000000740000000, 0x0000000748d80000, 0x0000000795580000)
  object space 144896K, 47% used [0x0000000740000000,0x00000007443a8710,0x0000000748d80000)
 Metaspace       used 18840K, capacity 19041K, committed 19200K, reserved 1067008K
  class space    used 1885K, capacity 1949K, committed 2048K, reserved 1048576K
}
Event: 14.947 GC heap before
{Heap before GC invocations=17 (full 1):
 PSYoungGen      total 307712K, used 277888K [0x0000000795580000, 0x00000007aba80000, 0x00000007c0000000)
  eden space 274432K, 100% used [0x0000000795580000,0x00000007a6180000,0x00000007a6180000)
  from space 33280K, 10% used [0x00000007a6180000,0x00000007a64e00d0,0x00000007a8200000)
  to   space 32256K, 0% used [0x00000007a9b00000,0x00000007a9b00000,0x00000007aba80000)
 ParOldGen       total 144896K, used 69281K [0x0000000740000000, 0x0000000748d80000, 0x0000000795580000)
  object space 144896K, 47% used [0x0000000740000000,0x00000007443a8710,0x0000000748d80000)
 Metaspace       used 18842K, capacity 19041K, committed 19200K, reserved 1067008K
  class space    used 1885K, capacity 1949K, committed 2048K, reserved 1048576K
Event: 14.950 GC heap after
Heap after GC invocations=17 (full 1):
 PSYoungGen      total 321024K, used 3456K [0x0000000795580000, 0x00000007ab300000, 0x00000007c0000000)
  eden space 296448K, 0% used [0x0000000795580000,0x0000000795580000,0x00000007a7700000)
  from space 24576K, 14% used [0x00000007a9b00000,0x00000007a9e600d0,0x00000007ab300000)
  to   space 30720K, 0% used [0x00000007a7700000,0x00000007a7700000,0x00000007a9500000)
 ParOldGen       total 144896K, used 69281K [0x0000000740000000, 0x0000000748d80000, 0x0000000795580000)
  object space 144896K, 47% used [0x0000000740000000,0x00000007443a8710,0x0000000748d80000)
 Metaspace       used 18842K, capacity 19041K, committed 19200K, reserved 1067008K
  class space    used 1885K, capacity 1949K, committed 2048K, reserved 1048576K
}

Deoptimization events (10 events):
Event: 4.228 Thread 0x00007f87638f3000 Uncommon trap: reason=unstable_if action=reinterpret pc=0x00000001072c64f0 method=processing.core.PApplet.max(III)I @ 20
Event: 4.335 Thread 0x00007f87642ee800 Uncommon trap: reason=class_check action=maybe_recompile pc=0x00000001072011b8 method=java.util.Arrays.copyOf([Ljava/lang/Object;ILjava/lang/Class;)[Ljava/lang/Object; @ 24
Event: 4.516 Thread 0x00007f8763d1a800 Uncommon trap: reason=unstable_if action=reinterpret pc=0x000000010736fef8 method=sun.awt.image.PNGImageDecoder.produceImage()V @ 867
Event: 16.101 Thread 0x00007f87638f3000 Uncommon trap: reason=unstable_if action=reinterpret pc=0x00000001071c2684 method=de.fhpotsdam.unfolding.marker.SimplePointMarker.isInside(FFFF)Z @ 31
Event: 180.304 Thread 0x00007f87638f3000 Uncommon trap: reason=class_check action=maybe_recompile pc=0x00000001072011b8 method=java.util.Arrays.copyOf([Ljava/lang/Object;ILjava/lang/Class;)[Ljava/lang/Object; @ 24
Event: 180.304 Thread 0x00007f87638f3000 Uncommon trap: reason=class_check action=maybe_recompile pc=0x00000001072011b8 method=java.util.Arrays.copyOf([Ljava/lang/Object;ILjava/lang/Class;)[Ljava/lang/Object; @ 24
Event: 180.305 Thread 0x00007f87638f3000 Uncommon trap: reason=unstable_if action=reinterpret pc=0x00000001072651a8 method=com.jogamp.common.util.VersionNumber.compareTo(Lcom/jogamp/common/util/VersionNumber;)I @ 21
Event: 180.316 Thread 0x00007f87638e3800 Uncommon trap: reason=unstable_if action=reinterpret pc=0x000000010720fb30 method=java.util.HashMap.putVal(ILjava/lang/Object;Ljava/lang/Object;ZZ)Ljava/lang/Object; @ 81
Event: 180.316 Thread 0x00007f87638e3800 Uncommon trap: reason=unstable_if action=reinterpret pc=0x00000001071b6fc0 method=java.util.HashMap.putVal(ILjava/lang/Object;Ljava/lang/Object;ZZ)Ljava/lang/Object; @ 81
Event: 180.328 Thread 0x00007f87638f3000 Uncommon trap: reason=unstable_if action=reinterpret pc=0x000000010729fc30 method=java.util.ArrayList.isEmpty()Z @ 4

Internal exceptions (10 events):
Event: 0.270 Thread 0x00007f876280b000 Exception <a 'java/io/FileNotFoundException'> (0x000000079580f3c8) thrown at [/Users/java_re/workspace/8-2-build-macosx-x86_64/jdk8u91/6644/hotspot/src/share/vm/prims/jni.cpp, line 709]
Event: 0.270 Thread 0x00007f876280b000 Exception <a 'java/io/FileNotFoundException'> (0x000000079580ff30) thrown at [/Users/java_re/workspace/8-2-build-macosx-x86_64/jdk8u91/6644/hotspot/src/share/vm/prims/jni.cpp, line 709]
Event: 0.360 Thread 0x00007f876280b000 Exception <a 'java/io/FileNotFoundException'> (0x000000079594b880) thrown at [/Users/java_re/workspace/8-2-build-macosx-x86_64/jdk8u91/6644/hotspot/src/share/vm/prims/jni.cpp, line 709]
Event: 1.967 Thread 0x00007f87634f8800 Exception <a 'java/lang/UnsatisfiedLinkError': com.jogamp.common.util.JarUtil.fixNativeLibAttribs(Ljava/lang/String;)Z> (0x0000000796be0670) thrown at [/Users/java_re/workspace/8-2-build-macosx-x86_64/jdk8u91/6644/hotspot/src/share/vm/prims/nativeLookup.c
Event: 2.316 Thread 0x00007f876302e800 Exception <a 'java/lang/NullPointerException'> (0x00000007956a6770) thrown at [/Users/java_re/workspace/8-2-build-macosx-x86_64/jdk8u91/6644/hotspot/src/share/vm/interpreter/linkResolver.cpp, line 1178]
Event: 2.982 Thread 0x00007f87638f3000 Exception <a 'java/io/FileNotFoundException'> (0x0000000795f47b78) thrown at [/Users/java_re/workspace/8-2-build-macosx-x86_64/jdk8u91/6644/hotspot/src/share/vm/prims/jni.cpp, line 709]
Event: 2.982 Thread 0x00007f87638f3000 Exception <a 'java/io/FileNotFoundException'> (0x0000000795f4df18) thrown at [/Users/java_re/workspace/8-2-build-macosx-x86_64/jdk8u91/6644/hotspot/src/share/vm/prims/jni.cpp, line 709]
Event: 2.983 Thread 0x00007f87638f3000 Implicit null exception at 0x0000000106f34175 to 0x0000000106f344c5
Event: 3.737 Thread 0x00007f87638f3000 Implicit null exception at 0x0000000107264eac to 0x0000000107264ee1
Event: 16.101 Thread 0x00007f87638f3000 Exception <a 'java/lang/NullPointerException'> (0x00000007a2e41610) thrown at [/Users/java_re/workspace/8-2-build-macosx-x86_64/jdk8u91/6644/hotspot/src/share/vm/interpreter/linkResolver.cpp, line 1178]

Events (10 events):
Event: 180.327 loading class java/awt/event/AWTEventListenerProxy
Event: 180.327 loading class java/awt/event/AWTEventListenerProxy done
Event: 180.327 loading class java/awt/Toolkit$ToolkitEventMulticaster
Event: 180.327 loading class java/awt/Toolkit$ToolkitEventMulticaster done
Event: 180.327 Thread 0x00007f87638e3800 Thread exited: 0x00007f87638e3800
Event: 180.327 loading class java/awt/Window$1DisposeAction
Event: 180.327 loading class java/awt/Window$1DisposeAction done
Event: 180.328 Thread 0x00007f87638f3000 Uncommon trap: trap_request=0xffffff65 fr.pc=0x000000010729fc30
Event: 180.328 Thread 0x00007f87638f3000 DEOPT PACKING pc=0x000000010729fc30 sp=0x0000700001965700
Event: 180.328 Thread 0x00007f87638f3000 DEOPT UNPACKING pc=0x0000000106d99229 sp=0x00007000019656b8 mode 2


Dynamic libraries:
0x0000000009285000 	/System/Library/Frameworks/Cocoa.framework/Versions/A/Cocoa
0x0000000009285000 	/System/Library/Frameworks/Security.framework/Versions/A/Security
0x0000000009285000 	/System/Library/Frameworks/ApplicationServices.framework/Versions/A/ApplicationServices
0x0000000009285000 	/usr/lib/libz.1.dylib
0x0000000009285000 	/usr/lib/libSystem.B.dylib
0x0000000009285000 	/usr/lib/libobjc.A.dylib
0x0000000009285000 	/System/Library/Frameworks/CoreFoundation.framework/Versions/A/CoreFoundation
0x0000000009285000 	/System/Library/Frameworks/Foundation.framework/Versions/C/Foundation
0x0000000009285000 	/System/Library/Frameworks/AppKit.framework/Versions/C/AppKit
0x0000000009285000 	/System/Library/Frameworks/CoreData.framework/Versions/A/CoreData
0x0000000009285000 	/System/Library/PrivateFrameworks/RemoteViewServices.framework/Versions/A/RemoteViewServices
0x0000000009285000 	/System/Library/PrivateFrameworks/UIFoundation.framework/Versions/A/UIFoundation
0x0000000009285000 	/usr/lib/libScreenReader.dylib
0x0000000009285000 	/System/Library/Frameworks/Accelerate.framework/Versions/A/Accelerate
0x0000000009285000 	/System/Library/Frameworks/IOSurface.framework/Versions/A/IOSurface
0x0000000009285000 	/System/Library/Frameworks/AudioToolbox.framework/Versions/A/AudioToolbox
0x0000000009285000 	/System/Library/Frameworks/AudioUnit.framework/Versions/A/AudioUnit
0x0000000009285000 	/System/Library/PrivateFrameworks/DataDetectorsCore.framework/Versions/A/DataDetectorsCore
0x0000000009285000 	/System/Library/PrivateFrameworks/DesktopServicesPriv.framework/Versions/A/DesktopServicesPriv
0x0000000009285000 	/System/Library/Frameworks/Carbon.framework/Versions/A/Frameworks/HIToolbox.framework/Versions/A/HIToolbox
0x0000000009285000 	/System/Library/Frameworks/QuartzCore.framework/Versions/A/QuartzCore
0x0000000009285000 	/System/Library/Frameworks/Carbon.framework/Versions/A/Frameworks/SpeechRecognition.framework/Versions/A/SpeechRecognition
0x0000000009285000 	/usr/lib/libauto.dylib
0x0000000009285000 	/usr/lib/libicucore.A.dylib
0x0000000009285000 	/usr/lib/libxml2.2.dylib
0x0000000009285000 	/System/Library/PrivateFrameworks/CoreUI.framework/Versions/A/CoreUI
0x0000000009285000 	/System/Library/Frameworks/CoreAudio.framework/Versions/A/CoreAudio
0x0000000009285000 	/System/Library/Frameworks/DiskArbitration.framework/Versions/A/DiskArbitration
0x0000000009285000 	/usr/lib/liblangid.dylib
0x0000000009285000 	/System/Library/PrivateFrameworks/MultitouchSupport.framework/Versions/A/MultitouchSupport
0x0000000009285000 	/System/Library/Frameworks/IOKit.framework/Versions/A/IOKit
0x0000000009285000 	/usr/lib/libDiagnosticMessagesClient.dylib
0x0000000009285000 	/System/Library/Frameworks/CoreServices.framework/Versions/A/CoreServices
0x0000000009285000 	/System/Library/PrivateFrameworks/PerformanceAnalysis.framework/Versions/A/PerformanceAnalysis
0x0000000009285000 	/System/Library/PrivateFrameworks/GenerationalStorage.framework/Versions/A/GenerationalStorage
0x0000000009285000 	/System/Library/Frameworks/OpenGL.framework/Versions/A/OpenGL
0x0000000009285000 	/System/Library/PrivateFrameworks/Sharing.framework/Versions/A/Sharing
0x0000000009285000 	/System/Library/Frameworks/CoreGraphics.framework/Versions/A/CoreGraphics
0x0000000009285000 	/System/Library/Frameworks/CoreImage.framework/Versions/A/CoreImage
0x0000000009285000 	/System/Library/Frameworks/CoreText.framework/Versions/A/CoreText
0x0000000009285000 	/System/Library/Frameworks/ImageIO.framework/Versions/A/ImageIO
0x0000000009285000 	/System/Library/PrivateFrameworks/Backup.framework/Versions/A/Backup
0x0000000009285000 	/usr/lib/libextension.dylib
0x0000000009285000 	/usr/lib/libarchive.2.dylib
0x0000000009285000 	/System/Library/Frameworks/CFNetwork.framework/Versions/A/CFNetwork
0x0000000009285000 	/System/Library/Frameworks/SystemConfiguration.framework/Versions/A/SystemConfiguration
0x0000000009285000 	/usr/lib/libCRFSuite.dylib
0x0000000009285000 	/usr/lib/libc++.1.dylib
0x0000000009285000 	/usr/lib/libc++abi.dylib
0x0000000009285000 	/usr/lib/system/libcache.dylib
0x0000000009285000 	/usr/lib/system/libcommonCrypto.dylib
0x0000000009285000 	/usr/lib/system/libcompiler_rt.dylib
0x0000000009285000 	/usr/lib/system/libcopyfile.dylib
0x0000000009285000 	/usr/lib/system/libcorecrypto.dylib
0x0000000009285000 	/usr/lib/system/libdispatch.dylib
0x0000000009285000 	/usr/lib/system/libdyld.dylib
0x0000000009285000 	/usr/lib/system/libkeymgr.dylib
0x0000000009285000 	/usr/lib/system/liblaunch.dylib
0x0000000009285000 	/usr/lib/system/libmacho.dylib
0x0000000009285000 	/usr/lib/system/libquarantine.dylib
0x0000000009285000 	/usr/lib/system/libremovefile.dylib
0x0000000009285000 	/usr/lib/system/libsystem_asl.dylib
0x0000000009285000 	/usr/lib/system/libsystem_blocks.dylib
0x0000000009285000 	/usr/lib/system/libsystem_c.dylib
0x0000000009285000 	/usr/lib/system/libsystem_configuration.dylib
0x0000000009285000 	/usr/lib/system/libsystem_coreservices.dylib
0x0000000009285000 	/usr/lib/system/libsystem_coretls.dylib
0x0000000009285000 	/usr/lib/system/libsystem_dnssd.dylib
0x0000000009285000 	/usr/lib/system/libsystem_info.dylib
0x0000000009285000 	/usr/lib/system/libsystem_kernel.dylib
0x0000000009285000 	/usr/lib/system/libsystem_m.dylib
0x0000000009285000 	/usr/lib/system/libsystem_malloc.dylib
0x0000000009285000 	/usr/lib/system/libsystem_network.dylib
0x0000000009285000 	/usr/lib/system/libsystem_networkextension.dylib
0x0000000009285000 	/usr/lib/system/libsystem_notify.dylib
0x0000000009285000 	/usr/lib/system/libsystem_platform.dylib
0x0000000009285000 	/usr/lib/system/libsystem_pthread.dylib
0x0000000009285000 	/usr/lib/system/libsystem_sandbox.dylib
0x0000000009285000 	/usr/lib/system/libsystem_secinit.dylib
0x0000000009285000 	/usr/lib/system/libsystem_trace.dylib
0x0000000009285000 	/usr/lib/system/libunc.dylib
0x0000000009285000 	/usr/lib/system/libunwind.dylib
0x0000000009285000 	/usr/lib/system/libxpc.dylib
0x0000000009285000 	/usr/lib/libenergytrace.dylib
0x0000000009285000 	/usr/lib/libbsm.0.dylib
0x0000000009285000 	/usr/lib/system/libkxld.dylib
0x0000000009285000 	/usr/lib/libxar.1.dylib
0x0000000009285000 	/usr/lib/libsqlite3.dylib
0x0000000009285000 	/usr/lib/libpam.2.dylib
0x0000000009285000 	/usr/lib/libOpenScriptingUtil.dylib
0x0000000009285000 	/usr/lib/libbz2.1.0.dylib
0x0000000009285000 	/usr/lib/liblzma.5.dylib
0x0000000009285000 	/System/Library/Frameworks/CoreServices.framework/Versions/A/Frameworks/FSEvents.framework/Versions/A/FSEvents
0x0000000009285000 	/System/Library/Frameworks/CoreServices.framework/Versions/A/Frameworks/CarbonCore.framework/Versions/A/CarbonCore
0x0000000009285000 	/System/Library/Frameworks/CoreServices.framework/Versions/A/Frameworks/Metadata.framework/Versions/A/Metadata
0x0000000009285000 	/System/Library/Frameworks/CoreServices.framework/Versions/A/Frameworks/OSServices.framework/Versions/A/OSServices
0x0000000009285000 	/System/Library/Frameworks/CoreServices.framework/Versions/A/Frameworks/SearchKit.framework/Versions/A/SearchKit
0x0000000009285000 	/System/Library/Frameworks/CoreServices.framework/Versions/A/Frameworks/AE.framework/Versions/A/AE
0x0000000009285000 	/System/Library/Frameworks/CoreServices.framework/Versions/A/Frameworks/LaunchServices.framework/Versions/A/LaunchServices
0x0000000009285000 	/System/Library/Frameworks/CoreServices.framework/Versions/A/Frameworks/DictionaryServices.framework/Versions/A/DictionaryServices
0x0000000009285000 	/System/Library/Frameworks/CoreServices.framework/Versions/A/Frameworks/SharedFileList.framework/Versions/A/SharedFileList
0x0000000009285000 	/System/Library/Frameworks/NetFS.framework/Versions/A/NetFS
0x0000000009285000 	/System/Library/PrivateFrameworks/NetAuth.framework/Versions/A/NetAuth
0x0000000009285000 	/System/Library/PrivateFrameworks/login.framework/Versions/A/Frameworks/loginsupport.framework/Versions/A/loginsupport
0x0000000009285000 	/System/Library/PrivateFrameworks/TCC.framework/Versions/A/TCC
0x0000000009285000 	/usr/lib/libmecabra.dylib
0x0000000009285000 	/System/Library/Frameworks/ApplicationServices.framework/Versions/A/Frameworks/ATS.framework/Versions/A/ATS
0x0000000009285000 	/System/Library/Frameworks/ApplicationServices.framework/Versions/A/Frameworks/ColorSync.framework/Versions/A/ColorSync
0x0000000009285000 	/System/Library/Frameworks/ApplicationServices.framework/Versions/A/Frameworks/HIServices.framework/Versions/A/HIServices
0x0000000009285000 	/System/Library/Frameworks/ApplicationServices.framework/Versions/A/Frameworks/LangAnalysis.framework/Versions/A/LangAnalysis
0x0000000009285000 	/System/Library/Frameworks/ApplicationServices.framework/Versions/A/Frameworks/PrintCore.framework/Versions/A/PrintCore
0x0000000009285000 	/System/Library/Frameworks/ApplicationServices.framework/Versions/A/Frameworks/QD.framework/Versions/A/QD
0x0000000009285000 	/System/Library/Frameworks/ApplicationServices.framework/Versions/A/Frameworks/SpeechSynthesis.framework/Versions/A/SpeechSynthesis
0x0000000009285000 	/System/Library/Frameworks/Metal.framework/Versions/A/Metal
0x0000000009285000 	/System/Library/Frameworks/Accelerate.framework/Versions/A/Frameworks/vImage.framework/Versions/A/vImage
0x0000000009285000 	/System/Library/Frameworks/Accelerate.framework/Versions/A/Frameworks/vecLib.framework/Versions/A/vecLib
0x0000000009285000 	/System/Library/Frameworks/Accelerate.framework/Versions/A/Frameworks/vecLib.framework/Versions/A/libvDSP.dylib
0x0000000009285000 	/System/Library/Frameworks/Accelerate.framework/Versions/A/Frameworks/vecLib.framework/Versions/A/libvMisc.dylib
0x0000000009285000 	/System/Library/Frameworks/Accelerate.framework/Versions/A/Frameworks/vecLib.framework/Versions/A/libLAPACK.dylib
0x0000000009285000 	/System/Library/Frameworks/Accelerate.framework/Versions/A/Frameworks/vecLib.framework/Versions/A/libBLAS.dylib
0x0000000009285000 	/System/Library/Frameworks/Accelerate.framework/Versions/A/Frameworks/vecLib.framework/Versions/A/libLinearAlgebra.dylib
0x0000000009285000 	/System/Library/Frameworks/Accelerate.framework/Versions/A/Frameworks/vecLib.framework/Versions/A/libSparseBLAS.dylib
0x0000000009285000 	/System/Library/PrivateFrameworks/GPUCompiler.framework/libmetal_timestamp.dylib
0x0000000009285000 	/System/Library/Frameworks/OpenGL.framework/Versions/A/Libraries/libCoreFSCache.dylib
0x0000000009285000 	/System/Library/PrivateFrameworks/IOAccelerator.framework/Versions/A/IOAccelerator
0x0000000009285000 	/System/Library/Frameworks/ApplicationServices.framework/Versions/A/Frameworks/ATS.framework/Versions/A/Resources/libFontParser.dylib
0x0000000009285000 	/System/Library/Frameworks/ApplicationServices.framework/Versions/A/Frameworks/ATS.framework/Versions/A/Resources/libFontRegistry.dylib
0x0000000009285000 	/System/Library/PrivateFrameworks/AppleVPA.framework/Versions/A/AppleVPA
0x0000000009285000 	/System/Library/PrivateFrameworks/AppleJPEG.framework/Versions/A/AppleJPEG
0x0000000009285000 	/System/Library/Frameworks/ImageIO.framework/Versions/A/Resources/libJPEG.dylib
0x0000000009285000 	/System/Library/Frameworks/ImageIO.framework/Versions/A/Resources/libTIFF.dylib
0x0000000009285000 	/System/Library/Frameworks/ImageIO.framework/Versions/A/Resources/libPng.dylib
0x0000000009285000 	/System/Library/Frameworks/ImageIO.framework/Versions/A/Resources/libGIF.dylib
0x0000000009285000 	/System/Library/Frameworks/ImageIO.framework/Versions/A/Resources/libJP2.dylib
0x0000000009285000 	/System/Library/Frameworks/ImageIO.framework/Versions/A/Resources/libRadiance.dylib
0x0000000009285000 	/System/Library/Frameworks/CoreVideo.framework/Versions/A/CoreVideo
0x0000000009285000 	/System/Library/Frameworks/OpenGL.framework/Versions/A/Libraries/libGLU.dylib
0x0000000009285000 	/System/Library/Frameworks/OpenGL.framework/Versions/A/Libraries/libGFXShared.dylib
0x0000000009285000 	/System/Library/Frameworks/OpenGL.framework/Versions/A/Libraries/libGL.dylib
0x0000000009285000 	/System/Library/Frameworks/OpenGL.framework/Versions/A/Libraries/libGLImage.dylib
0x0000000009285000 	/System/Library/Frameworks/OpenGL.framework/Versions/A/Libraries/libCVMSPluginSupport.dylib
0x0000000009285000 	/System/Library/Frameworks/OpenGL.framework/Versions/A/Libraries/libCoreVMClient.dylib
0x0000000009285000 	/usr/lib/libcups.2.dylib
0x0000000009285000 	/System/Library/Frameworks/Kerberos.framework/Versions/A/Kerberos
0x0000000009285000 	/System/Library/Frameworks/GSS.framework/Versions/A/GSS
0x0000000009285000 	/usr/lib/libresolv.9.dylib
0x0000000009285000 	/usr/lib/libiconv.2.dylib
0x0000000009285000 	/System/Library/PrivateFrameworks/Heimdal.framework/Versions/A/Heimdal
0x0000000009285000 	/usr/lib/libheimdal-asn1.dylib
0x0000000009285000 	/System/Library/Frameworks/OpenDirectory.framework/Versions/A/OpenDirectory
0x0000000009285000 	/System/Library/PrivateFrameworks/CommonAuth.framework/Versions/A/CommonAuth
0x0000000009285000 	/System/Library/Frameworks/OpenDirectory.framework/Versions/A/Frameworks/CFOpenDirectory.framework/Versions/A/CFOpenDirectory
0x0000000009285000 	/System/Library/Frameworks/SecurityFoundation.framework/Versions/A/SecurityFoundation
0x0000000009285000 	/System/Library/PrivateFrameworks/LanguageModeling.framework/Versions/A/LanguageModeling
0x0000000009285000 	/usr/lib/libmarisa.dylib
0x0000000009285000 	/usr/lib/libChineseTokenizer.dylib
0x0000000009285000 	/usr/lib/libcmph.dylib
0x0000000009285000 	/usr/lib/libcompression.dylib
0x0000000009285000 	/System/Library/Frameworks/ServiceManagement.framework/Versions/A/ServiceManagement
0x0000000009285000 	/usr/lib/libxslt.1.dylib
0x0000000009285000 	/System/Library/Frameworks/Carbon.framework/Versions/A/Frameworks/Ink.framework/Versions/A/Ink
0x0000000009285000 	/usr/lib/libFosl_dynamic.dylib
0x0000000009285000 	/System/Library/PrivateFrameworks/FaceCore.framework/Versions/A/FaceCore
0x0000000009285000 	/System/Library/Frameworks/OpenCL.framework/Versions/A/OpenCL
0x0000000009285000 	/System/Library/PrivateFrameworks/CrashReporterSupport.framework/Versions/A/CrashReporterSupport
0x0000000009285000 	/System/Library/PrivateFrameworks/IconServices.framework/Versions/A/IconServices
0x0000000009285000 	/System/Library/PrivateFrameworks/Apple80211.framework/Versions/A/Apple80211
0x0000000009285000 	/System/Library/Frameworks/CoreWLAN.framework/Versions/A/CoreWLAN
0x0000000009285000 	/System/Library/Frameworks/IOBluetooth.framework/Versions/A/IOBluetooth
0x0000000009285000 	/System/Library/PrivateFrameworks/CoreWiFi.framework/Versions/A/CoreWiFi
0x0000000009285000 	/System/Library/Frameworks/CoreBluetooth.framework/Versions/A/CoreBluetooth
0x0000000009285000 	/System/Library/PrivateFrameworks/ChunkingLibrary.framework/Versions/A/ChunkingLibrary
0x0000000009285000 	/System/Library/PrivateFrameworks/DebugSymbols.framework/Versions/A/DebugSymbols
0x0000000009285000 	/System/Library/PrivateFrameworks/CoreSymbolication.framework/Versions/A/CoreSymbolication
0x0000000009285000 	/System/Library/PrivateFrameworks/Symbolication.framework/Versions/A/Symbolication
0x0000000009285000 	/System/Library/PrivateFrameworks/SpeechRecognitionCore.framework/Versions/A/SpeechRecognitionCore
0x0000000105e00000 	/Library/Java/JavaVirtualMachines/jdk1.8.0_91.jdk/Contents/Home/jre/lib/server/libjvm.dylib
0x0000000009285000 	/usr/lib/libstdc++.6.dylib
0x0000000105497000 	/Library/Java/JavaVirtualMachines/jdk1.8.0_91.jdk/Contents/Home/jre/lib/libverify.dylib
0x00000001054a5000 	/Library/Java/JavaVirtualMachines/jdk1.8.0_91.jdk/Contents/Home/jre/lib/libjava.dylib
0x00000001054e4000 	/Library/Java/JavaVirtualMachines/jdk1.8.0_91.jdk/Contents/Home/jre/lib/libzip.dylib
0x000000011c5fa000 	/System/Library/Frameworks/JavaVM.framework/Frameworks/JavaRuntimeSupport.framework/JavaRuntimeSupport
0x00000001055ea000 	/System/Library/Frameworks/JavaVM.framework/Versions/A/Frameworks/JavaNativeFoundation.framework/Versions/A/JavaNativeFoundation
0x000000011c615000 	/System/Library/Frameworks/JavaVM.framework/Versions/A/JavaVM
0x0000000009285000 	/System/Library/Frameworks/Carbon.framework/Versions/A/Carbon
0x000000011c622000 	/System/Library/PrivateFrameworks/JavaLaunching.framework/Versions/A/JavaLaunching
0x0000000009285000 	/System/Library/Frameworks/Carbon.framework/Versions/A/Frameworks/CommonPanels.framework/Versions/A/CommonPanels
0x0000000009285000 	/System/Library/Frameworks/Carbon.framework/Versions/A/Frameworks/Help.framework/Versions/A/Help
0x0000000009285000 	/System/Library/Frameworks/Carbon.framework/Versions/A/Frameworks/ImageCapture.framework/Versions/A/ImageCapture
0x0000000009285000 	/System/Library/Frameworks/Carbon.framework/Versions/A/Frameworks/OpenScripting.framework/Versions/A/OpenScripting
0x0000000009285000 	/System/Library/Frameworks/Carbon.framework/Versions/A/Frameworks/Print.framework/Versions/A/Print
0x0000000009285000 	/System/Library/Frameworks/Carbon.framework/Versions/A/Frameworks/SecurityHI.framework/Versions/A/SecurityHI
0x000000011df46000 	/Library/Java/JavaVirtualMachines/jdk1.8.0_91.jdk/Contents/Home/jre/lib/libawt.dylib
0x000000011dfee000 	/Library/Java/JavaVirtualMachines/jdk1.8.0_91.jdk/Contents/Home/jre/lib/./libmlib_image.dylib
0x000000011e0ba000 	/Library/Java/JavaVirtualMachines/jdk1.8.0_91.jdk/Contents/Home/jre/lib/libawt_lwawt.dylib
0x000000011e16f000 	/Library/Java/JavaVirtualMachines/jdk1.8.0_91.jdk/Contents/Home/jre/lib/./libosxapp.dylib
0x0000000009285000 	/System/Library/Frameworks/ExceptionHandling.framework/Versions/A/ExceptionHandling
0x0000000009285000 	/System/Library/PrivateFrameworks/CoreServicesInternal.framework/Versions/A/CoreServicesInternal
0x0000000009285000 	/System/Library/Frameworks/CoreGraphics.framework/Versions/A/Resources/libRIP.A.dylib
0x0000000009285000 	/System/Library/Frameworks/Accelerate.framework/Versions/A/Frameworks/vImage.framework/Versions/A/Libraries/libCGInterfaces.dylib
0x0000000009285000 	/System/Library/Frameworks/CoreGraphics.framework/Versions/A/Resources/libCGXType.A.dylib
0x0000000009285000 	/System/Library/Frameworks/OpenCL.framework/Versions/A/Libraries/libcldcpuengine.dylib
0x0000000009285000 	/System/Library/PrivateFrameworks/DiskImages.framework/Versions/A/DiskImages
0x0000000009285000 	/System/Library/Frameworks/DiscRecording.framework/Versions/A/DiscRecording
0x0000000009285000 	/usr/lib/libcsfde.dylib
0x0000000009285000 	/usr/lib/libcurl.4.dylib
0x0000000009285000 	/System/Library/PrivateFrameworks/MediaKit.framework/Versions/A/MediaKit
0x0000000009285000 	/System/Library/PrivateFrameworks/ProtectedCloudStorage.framework/Versions/A/ProtectedCloudStorage
0x0000000009285000 	/usr/lib/libCoreStorage.dylib
0x0000000009285000 	/System/Library/PrivateFrameworks/EFILogin.framework/Versions/A/EFILogin
0x0000000009285000 	/usr/lib/libutil.dylib
0x0000000009285000 	/System/Library/PrivateFrameworks/FindMyDevice.framework/Versions/A/FindMyDevice
0x0000000009285000 	/System/Library/Frameworks/LDAP.framework/Versions/A/LDAP
0x0000000009285000 	/usr/lib/libsasl2.2.dylib
0x0000000009285000 	/System/Library/PrivateFrameworks/CoreDaemon.framework/Versions/B/CoreDaemon
0x0000000009285000 	/usr/lib/libcrypto.0.9.8.dylib
0x0000000009285000 	/System/Library/PrivateFrameworks/AppleSRP.framework/Versions/A/AppleSRP
0x0000000009285000 	/System/Library/PrivateFrameworks/TrustEvaluationAgent.framework/Versions/A/TrustEvaluationAgent
0x000000011ea97000 	cl_kernels
0x0000000009285000 	/System/Library/Frameworks/OpenCL.framework/Versions/A/Libraries/ImageFormats/unorm8_bgra.dylib
0x0000000009285000 	/System/Library/Frameworks/OpenCL.framework/Versions/A/Libraries/ImageFormats/unorm8_rgba.dylib
0x0000000009285000 	/System/Library/PrivateFrameworks/FamilyControls.framework/Versions/A/FamilyControls
0x0000000009285000 	/System/Library/PrivateFrameworks/CommerceKit.framework/Versions/A/Frameworks/CommerceCore.framework/Versions/A/CommerceCore
0x0000000009285000 	/System/Library/PrivateFrameworks/SystemAdministration.framework/Versions/A/SystemAdministration
0x0000000009285000 	/System/Library/PrivateFrameworks/AppContainer.framework/Versions/A/AppContainer
0x0000000009285000 	/System/Library/PrivateFrameworks/SecCodeWrapper.framework/Versions/A/SecCodeWrapper
0x0000000009285000 	/System/Library/Frameworks/DirectoryService.framework/Versions/A/DirectoryService
0x0000000009285000 	/System/Library/PrivateFrameworks/LoginUIKit.framework/Versions/A/Frameworks/LoginUICore.framework/Versions/A/LoginUICore
0x0000000009285000 	/usr/lib/libodfde.dylib
0x0000000009285000 	/System/Library/Frameworks/OpenGL.framework/Versions/A/Resources/GLEngine.bundle/GLEngine
0x0000000009285000 	/System/Library/Frameworks/OpenGL.framework/Versions/A/Libraries/libGLProgrammability.dylib
0x0000000120950000 	/System/Library/Extensions/AMDRadeonX3000GLDriver.bundle/Contents/MacOS/AMDRadeonX3000GLDriver
0x0000000009285000 	/System/Library/PrivateFrameworks/GPUSupport.framework/Versions/A/Libraries/libGPUSupportMercury.dylib
0x0000000120a2f000 	/System/Library/Extensions/AMDRadeonX3000GLDriver.bundle/Contents/MacOS/ATIRadeonX3000SCLib.dylib
0x0000000009285000 	/System/Library/Frameworks/OpenGL.framework/Versions/A/Resources/GLRendererFloat.bundle/GLRendererFloat
0x0000000120d23000 	/Library/Java/JavaVirtualMachines/jdk1.8.0_91.jdk/Contents/Home/jre/lib/libfontmanager.dylib
0x00000001219fe000 	/Library/Java/JavaVirtualMachines/jdk1.8.0_91.jdk/Contents/Home/jre/lib/libosxui.dylib
0x00000001224df000 	/Library/Java/JavaVirtualMachines/jdk1.8.0_91.jdk/Contents/Home/jre/lib/libnet.dylib
0x0000000122483000 	/Library/Java/JavaVirtualMachines/jdk1.8.0_91.jdk/Contents/Home/jre/lib/libnio.dylib
0x0000000009285000 	/System/Library/Frameworks/ApplicationServices.framework/Versions/A/Frameworks/ATS.framework/Versions/A/Resources/libTrueTypeScaler.dylib
0x0000000187782000 	/private/var/folders/tq/5cybh0451bx2v8l5x53f9c_h0000gn/T/jogamp_0000/file_cache/jln281516499366179444/jln1980914709998337569/libgluegen-rt.jnilib
0x00000001216fa000 	/private/var/folders/tq/5cybh0451bx2v8l5x53f9c_h0000gn/T/jogamp_0000/file_cache/jln281516499366179444/jln1980914709998337569/libnativewindow_awt.jnilib
0x0000000121706000 	/Library/Java/JavaVirtualMachines/jdk1.8.0_91.jdk/Contents/Home/jre/lib/libjawt.dylib
0x0000000187786000 	/private/var/folders/tq/5cybh0451bx2v8l5x53f9c_h0000gn/T/jogamp_0000/file_cache/jln281516499366179444/jln1980914709998337569/libnativewindow_macosx.jnilib
0x000000018b8cd000 	/private/var/folders/tq/5cybh0451bx2v8l5x53f9c_h0000gn/T/jogamp_0000/file_cache/jln281516499366179444/jln1980914709998337569/libjogl_desktop.jnilib

VM Arguments:
jvm_args: -Djava.security.policy=java.policy.applet -Dfile.encoding=UTF-8 
java_command: sun.applet.AppletViewer module6.AirportMap1464238959488.html
java_class_path (initial): /Users/limhoktan/Documents/workspace/UCSDUnfoldingMaps/build:/Users/limhoktan/Documents/workspace/UCSDUnfoldingMaps/lib/core.jar:/Users/limhoktan/Documents/workspace/UCSDUnfoldingMaps/lib/gluegen-rt.jar:/Users/limhoktan/Documents/workspace/UCSDUnfoldingMaps/lib/jogl-all.jar:/Users/limhoktan/Documents/workspace/UCSDUnfoldingMaps/lib/log4j-1.2.15.jar:/Users/limhoktan/Documents/workspace/UCSDUnfoldingMaps/lib/sqlite-jdbc-3.7.2.jar:/Users/limhoktan/Documents/workspace/UCSDUnfoldingMaps/lib/json4processing.jar:/Users/limhoktan/Documents/workspace/UCSDUnfoldingMaps/lib/libTUIO.jar:/Users/limhoktan/Documents/workspace/UCSDUnfoldingMaps/lib/unfolding.0.9.7-uscd.jar
Launcher Type: SUN_STANDARD

Environment Variables:
PATH=/usr/bin:/bin:/usr/sbin:/sbin
SHELL=/bin/bash
DISPLAY=/private/tmp/com.apple.launchd.3cFrEfN4Lz/org.macosforge.xquartz:0

Signal Handlers:
SIGSEGV: [libjvm.dylib+0x5a97a1], sa_mask[0]=11111111011111110111111111111111, sa_flags=SA_ONSTACK|SA_RESTART|SA_SIGINFO
SIGBUS: [libjvm.dylib+0x5a97a1], sa_mask[0]=11111111011111110111111111111111, sa_flags=SA_RESTART|SA_SIGINFO
SIGFPE: [libjvm.dylib+0x482594], sa_mask[0]=11111111011111110111111111111111, sa_flags=SA_RESTART|SA_SIGINFO
SIGPIPE: [libjvm.dylib+0x482594], sa_mask[0]=11111111011111110111111111111111, sa_flags=SA_RESTART|SA_SIGINFO
SIGXFSZ: [libjvm.dylib+0x482594], sa_mask[0]=11111111011111110111111111111111, sa_flags=SA_RESTART|SA_SIGINFO
SIGILL: [libjvm.dylib+0x482594], sa_mask[0]=11111111011111110111111111111111, sa_flags=SA_RESTART|SA_SIGINFO
SIGUSR1: SIG_DFL, sa_mask[0]=00000000000000000000000000000000, sa_flags=none
SIGUSR2: [libjvm.dylib+0x4820b2], sa_mask[0]=00100000000000000000000000000000, sa_flags=SA_RESTART|SA_SIGINFO
SIGHUP: [libjvm.dylib+0x480689], sa_mask[0]=11111111011111110111111111111111, sa_flags=SA_RESTART|SA_SIGINFO
SIGINT: [libjvm.dylib+0x480689], sa_mask[0]=11111111011111110111111111111111, sa_flags=SA_RESTART|SA_SIGINFO
SIGTERM: [libjvm.dylib+0x480689], sa_mask[0]=11111111011111110111111111111111, sa_flags=SA_RESTART|SA_SIGINFO
SIGQUIT: [libjvm.dylib+0x480689], sa_mask[0]=11111111011111110111111111111111, sa_flags=SA_RESTART|SA_SIGINFO


---------------  S Y S T E M  ---------------

OS:Bsduname:Darwin 15.4.0 Darwin Kernel Version 15.4.0: Fri Feb 26 22:08:05 PST 2016; root:xnu-3248.40.184~3/RELEASE_X86_64 x86_64
rlimit: STACK 8192k, CORE 0k, NPROC 709, NOFILE 10240, AS infinity
load average:2.78 2.94 3.18

CPU:total 4 (4 cores per cpu, 1 threads per core) family 6 model 30 stepping 5, cmov, cx8, fxsr, mmx, sse, sse2, sse3, ssse3, sse4.1, sse4.2, popcnt, tsc, tscinvbit

Memory: 4k page, physical 8388608k(229076k free)

/proc/meminfo:


vm_info: Java HotSpot(TM) 64-Bit Server VM (25.91-b14) for bsd-amd64 JRE (1.8.0_91-b14), built on Apr  1 2016 01:03:00 by "java_re" with gcc 4.2.1 (Based on Apple Inc. build 5658) (LLVM build 2336.11.00)

time: Wed May 25 22:05:39 2016
elapsed time: 180 seconds (0d 0h 3m 0s)

