#
# A fatal error has been detected by the Java Runtime Environment:
#
#  SIGSEGV (0xb) at pc=0x00007fff97afa4dd, pid=10399, tid=2571
#
# JRE version: Java(TM) SE Runtime Environment (8.0_91-b14) (build 1.8.0_91-b14)
# Java VM: Java HotSpot(TM) 64-Bit Server VM (25.91-b14 mixed mode bsd-amd64 compressed oops)
# Problematic frame:
# C  [libobjc.A.dylib+0x14dd]  objc_msgSend+0x1d
#
# Failed to write core dump. Core dumps have been disabled. To enable core dumping, try "ulimit -c unlimited" before starting Java again
#
# If you would like to submit a bug report, please visit:
#   http://bugreport.java.com/bugreport/crash.jsp
# The crash happened outside the Java Virtual Machine in native code.
# See problematic frame for where to report the bug.
#

---------------  T H R E A D  ---------------

Current thread (0x00007fe73a8c0000):  JavaThread "AWT-AppKit" daemon [_thread_in_native, id=2571, stack(0x00007fff545a3000,0x00007fff54da3000)]

siginfo: si_signo: 11 (SIGSEGV), si_code: 1 (SEGV_MAPERR), si_addr: 0x0000000000000018

Registers:
RAX=0x00007fe73dd97260, RBX=0x000000018d3db450, RCX=0x0000000124b222e0, RDX=0x0000000124b22480
RSP=0x00007fff54d9e3d8, RBP=0x00007fff54d9e490, RSI=0x00007fff8b405ce6, RDI=0x00007fe73db73310
R8 =0x0000000000000000, R9 =0x00000000000008b0, R10=0x00007fff8b405ce6, R11=0x0000000000000000
R12=0x0000000000000000, R13=0x0000000191317ce8, R14=0x000000018d3db440, R15=0x00007fe73a8c0000
RIP=0x00007fff97afa4dd, EFLAGS=0x0000000000010246, ERR=0x0000000000000004
  TRAPNO=0x000000000000000e

Top of Stack: (sp=0x00007fff54d9e3d8)
0x00007fff54d9e3d8:   000000018d3d9157 00007fff54d9e430
0x00007fff54d9e3e8:   0000000000000003 00007fff54d9e410
0x00007fff54d9e3f8:   000000010bbf24ea 0000000191317ce8
0x00007fff54d9e408:   0000000191317ce8 00007fe73dd97260
0x00007fff54d9e418:   000000018d3db6a0 000000018d3db710
0x00007fff54d9e428:   00007fff7a8e6770 00007fff7c4f4500
0x00007fff54d9e438:   000000018d3db450 000000018d3db690
0x00007fff54d9e448:   00007fe73dd97260 00007fe73db73310
0x00007fff54d9e458:   00007fe73bfad370 00007fe73dd97260
0x00007fff54d9e468:   00007fe73db73310 00007fff54d9e518
0x00007fff54d9e478:   00007fe73a8c01f8 0000000191317ce8
0x00007fff54d9e488:   00007fff54d9e540 00007fff54d9e508
0x00007fff54d9e498:   000000010c9a9814 0000000191317ce8
0x00007fff54d9e4a8:   00007fff54d9e540 00007fff54d9e508
0x00007fff54d9e4b8:   000000010c9a95a7 000000010c9a9562
0x00007fff54d9e4c8:   00007fff54d9e4c8 0000000191317ce8
0x00007fff54d9e4d8:   00007fff54d9e540 000000019131a920
0x00007fff54d9e4e8:   0000000000000000 0000000191317ce8
0x00007fff54d9e4f8:   0000000000000000 00007fff54d9e528
0x00007fff54d9e508:   00007fff54d9e588 000000010c99c2bd
0x00007fff54d9e518:   00000007417da0d8 000000010c9a5538
0x00007fff54d9e528:   00007fe73dd97260 00007fff54d9e588
0x00007fff54d9e538:   00007fe73db73310 000000010c9a6e02
0x00007fff54d9e548:   00007fff54d9e548 0000000191317eb2
0x00007fff54d9e558:   00007fff54d9e5b0 000000019131a920
0x00007fff54d9e568:   0000000000000000 0000000191317ec0
0x00007fff54d9e578:   00007fff54d9e528 00007fff54d9e598
0x00007fff54d9e588:   00007fff54d9e5f8 000000010c99c2bd
0x00007fff54d9e598:   00007fe73dd97260 0000000741820f38
0x00007fff54d9e5a8:   00007fe73db73310 0000000741820f38
0x00007fff54d9e5b8:   00007fff54d9e5b8 00000001254dafa6
0x00007fff54d9e5c8:   00007fff54d9e608 00000001254db060 

Instructions: (pc=0x00007fff97afa4dd)
0x00007fff97afa4bd:   44 00 00 48 85 ff 2e 74 62 40 f6 c7 01 2e 75 66
0x00007fff97afa4cd:   49 bb f8 ff ff ff ff 7f 00 00 4c 23 1f 49 89 f2
0x00007fff97afa4dd:   45 23 53 18 49 c1 e2 04 4d 03 53 10 49 3b 32 75
0x00007fff97afa4ed:   04 41 ff 62 08 49 83 3a 01 76 0d 49 83 c2 10 49 

Register to memory mapping:

RAX=0x00007fe73dd97260 is an unknown value
RBX=0x000000018d3db450: Java_jogamp_nativewindow_macosx_OSXUtil_GetScreenRefreshRate0+0x1cf0 in /private/var/folders/tq/5cybh0451bx2v8l5x53f9c_h0000gn/T/jogamp_0000/file_cache/jln8308731618845930101/jln7141333059848223324/libnativewindow_macosx.jnilib at 0x000000018d3d4000
RCX=0x0000000124b222e0 is an unknown value
RDX=0x0000000124b22480 is an unknown value
RSP=0x00007fff54d9e3d8 is pointing into the stack for thread: 0x00007fe73a8c0000
RBP=0x00007fff54d9e490 is pointing into the stack for thread: 0x00007fe73a8c0000
RSI=0x00007fff8b405ce6 is an unknown value
RDI=0x00007fe73db73310 is an unknown value
R8 =0x0000000000000000 is an unknown value
R9 =0x00000000000008b0 is an unknown value
R10=0x00007fff8b405ce6 is an unknown value
R11=0x0000000000000000 is an unknown value
R12=0x0000000000000000 is an unknown value
R13={method} {0x0000000191317ce8} 'UnsetJAWTRootSurfaceLayer0' '(JJ)V' in 'jogamp/nativewindow/jawt/macosx/MacOSXJAWTWindow'
R14=0x000000018d3db440: Java_jogamp_nativewindow_macosx_OSXUtil_GetScreenRefreshRate0+0x1ce0 in /private/var/folders/tq/5cybh0451bx2v8l5x53f9c_h0000gn/T/jogamp_0000/file_cache/jln8308731618845930101/jln7141333059848223324/libnativewindow_macosx.jnilib at 0x000000018d3d4000
R15=0x00007fe73a8c0000 is a thread


Stack: [0x00007fff545a3000,0x00007fff54da3000],  sp=0x00007fff54d9e3d8,  free space=8172k
Native frames: (J=compiled Java code, j=interpreted, Vv=VM code, C=native code)
C  [libobjc.A.dylib+0x14dd]  objc_msgSend+0x1d
j  jogamp.nativewindow.jawt.macosx.MacOSXJAWTWindow.UnsetJAWTRootSurfaceLayer0(JJ)V+0
j  jogamp.nativewindow.jawt.macosx.MacOSXJAWTWindow.access$200(JJ)V+2
j  jogamp.nativewindow.jawt.macosx.MacOSXJAWTWindow$1.run()V+38
j  com.jogamp.common.util.RunnableTask.run()V+24
v  ~StubRoutines::call_stub
V  [libjvm.dylib+0x2ec1e6]
V  [libjvm.dylib+0x323355]
V  [libjvm.dylib+0x315b23]
C  [libnativewindow_macosx.jnilib+0x5326]  Java_jogamp_nativewindow_jawt_macosx_MacOSXJAWTWindow_UnsetJAWTRootSurfaceLayer0+0x2b6
C  [Foundation+0x76f5e]  __NSThreadPerformPerform+0x117
C  [CoreFoundation+0xaa881]  __CFRUNLOOP_IS_CALLING_OUT_TO_A_SOURCE0_PERFORM_FUNCTION__+0x11
C  [CoreFoundation+0x89f37]  __CFRunLoopDoSources0+0x1a7
C  [CoreFoundation+0x894df]  __CFRunLoopRun+0x39f
C  [CoreFoundation+0x88ed8]  CFRunLoopRunSpecific+0x128
C  [HIToolbox+0x30935]  RunCurrentEventLoopInMode+0xeb
C  [HIToolbox+0x30677]  ReceiveNextEventCommon+0xb8
C  [HIToolbox+0x305af]  _BlockUntilNextEventMatchingListInModeWithFilter+0x47
C  [AppKit+0x48efa]  _DPSNextEvent+0x42b
C  [AppKit+0x4832a]  -[NSApplication _nextEventMatchingEventMask:untilDate:inMode:dequeue:]+0x1c6
C  [libosxapp.dylib+0x23aa]  -[NSApplicationAWT nextEventMatchingMask:untilDate:inMode:dequeue:]+0x7c
C  [AppKit+0x3ce84]  -[NSApplication run]+0x2aa
C  [libosxapp.dylib+0x214d]  +[NSApplicationAWT runAWTLoopWithApp:]+0x9c
C  [libawt_lwawt.dylib+0x4455b]  -[AWTStarter starter:]+0x389
C  [Foundation+0x76f5e]  __NSThreadPerformPerform+0x117
C  [CoreFoundation+0xaa881]  __CFRUNLOOP_IS_CALLING_OUT_TO_A_SOURCE0_PERFORM_FUNCTION__+0x11
C  [CoreFoundation+0x89fbc]  __CFRunLoopDoSources0+0x22c
C  [CoreFoundation+0x894df]  __CFRunLoopRun+0x39f
C  [CoreFoundation+0x88ed8]  CFRunLoopRunSpecific+0x128
C  [java+0x6463]  CreateExecutionEnvironment+0x367
C  [java+0x21ac]  JLI_Launch+0x7a0
C  [java+0x84c0]  main+0x65
C  [java+0x1a04]  start+0x34
C  0x0000000000000007

Java frames: (J=compiled Java code, j=interpreted, Vv=VM code)
j  jogamp.nativewindow.jawt.macosx.MacOSXJAWTWindow.UnsetJAWTRootSurfaceLayer0(JJ)V+0
j  jogamp.nativewindow.jawt.macosx.MacOSXJAWTWindow.access$200(JJ)V+2
j  jogamp.nativewindow.jawt.macosx.MacOSXJAWTWindow$1.run()V+38
j  com.jogamp.common.util.RunnableTask.run()V+24
v  ~StubRoutines::call_stub

---------------  P R O C E S S  ---------------

Java Threads: ( => current thread )
  0x00007fe73f976800 JavaThread "Thread-373" [_thread_blocked, id=66251, stack(0x00007000019ee000,0x0000700001aee000)]
  0x00007fe739c13000 JavaThread "AWT-EventQueue-1" [_thread_in_native, id=60207, stack(0x0000700001868000,0x0000700001968000)]
  0x00007fe73b09b800 JavaThread "DestroyJavaVM" [_thread_blocked, id=5891, stack(0x000070000011a000,0x000070000021a000)]
  0x00007fe73a143800 JavaThread "AWT-EventQueue-0" [_thread_blocked, id=53771, stack(0x0000700001662000,0x0000700001762000)]
  0x00007fe739923000 JavaThread "Java2D Disposer" daemon [_thread_blocked, id=52739, stack(0x00007000013d9000,0x00007000014d9000)]
  0x00007fe73a136800 JavaThread "Java2D Queue Flusher" daemon [_thread_blocked, id=49671, stack(0x00007000012d6000,0x00007000013d6000)]
  0x00007fe73a0f7800 JavaThread "AWT-Shutdown" [_thread_blocked, id=29459, stack(0x0000700001150000,0x0000700001250000)]
=>0x00007fe73a8c0000 JavaThread "AWT-AppKit" daemon [_thread_in_native, id=2571, stack(0x00007fff545a3000,0x00007fff54da3000)]
  0x00007fe73b01f800 JavaThread "Service Thread" daemon [_thread_blocked, id=18435, stack(0x0000700000dc1000,0x0000700000ec1000)]
  0x00007fe73a012000 JavaThread "C1 CompilerThread2" daemon [_thread_blocked, id=17923, stack(0x0000700000cbe000,0x0000700000dbe000)]
  0x00007fe73a011000 JavaThread "C2 CompilerThread1" daemon [_thread_blocked, id=17411, stack(0x0000700000bbb000,0x0000700000cbb000)]
  0x00007fe73b002800 JavaThread "C2 CompilerThread0" daemon [_thread_blocked, id=16899, stack(0x0000700000ab8000,0x0000700000bb8000)]
  0x00007fe73a00d000 JavaThread "Signal Dispatcher" daemon [_thread_blocked, id=12815, stack(0x00007000009b5000,0x0000700000ab5000)]
  0x00007fe73982f000 JavaThread "Finalizer" daemon [_thread_blocked, id=12291, stack(0x000070000082f000,0x000070000092f000)]
  0x00007fe73982c800 JavaThread "Reference Handler" daemon [_thread_blocked, id=11779, stack(0x000070000072c000,0x000070000082c000)]

Other Threads:
  0x00007fe73a00a800 VMThread [stack: 0x0000700000629000,0x0000700000729000] [id=11267]
  0x00007fe73a01e800 WatcherThread [stack: 0x0000700000ec4000,0x0000700000fc4000] [id=18947]

VM state:not at safepoint (normal execution)

VM Mutex/Monitor currently owned by a thread: None

Heap:
 PSYoungGen      total 51200K, used 40171K [0x0000000795580000, 0x00000007afc80000, 0x00000007c0000000)
  eden space 50688K, 79% used [0x0000000795580000,0x0000000797ca2ea8,0x0000000798700000)
  from space 512K, 18% used [0x00000007afc00000,0x00000007afc18000,0x00000007afc80000)
  to   space 512K, 0% used [0x00000007afb80000,0x00000007afb80000,0x00000007afc00000)
 ParOldGen       total 147968K, used 121667K [0x0000000740000000, 0x0000000749080000, 0x0000000795580000)
  object space 147968K, 82% used [0x0000000740000000,0x00000007476d0f28,0x0000000749080000)
 Metaspace       used 20183K, capacity 20407K, committed 20480K, reserved 1067008K
  class space    used 1923K, capacity 2016K, committed 2048K, reserved 1048576K

Card table byte_map: [0x000000011bd54000,0x000000011c155000] byte_map_base: 0x0000000118354000

Marking Bits: (ParMarkBitMap*) 0x000000010c2e6eb0
 Begin Bits: [0x000000011c400000, 0x000000011e400000)
 End Bits:   [0x000000011e400000, 0x0000000120400000)

Polling page: 0x000000010b120000

CodeCache: size=245760Kb used=10598Kb max_used=11334Kb free=235161Kb
 bounds [0x000000010c994000, 0x000000010d4d4000, 0x000000011b994000]
 total_blobs=3697 nmethods=2820 adapters=791
 compilation: enabled

Compilation events (10 events):
Event: 2992.756 Thread 0x00007fe73b002800 3619       4       sun.java2d.SurfaceData::pixelFor (13 bytes)
Event: 2992.757 Thread 0x00007fe73a011000 3620       4       sun.awt.image.PixelConverter$ArgbPre::rgbToPixel (100 bytes)
Event: 2992.758 Thread 0x00007fe73a011000 nmethod 3620 0x000000010cc4cb10 code [0x000000010cc4cc60, 0x000000010cc4ccd8]
Event: 2992.758 Thread 0x00007fe73b002800 nmethod 3619 0x000000010d1c5550 code [0x000000010d1c56a0, 0x000000010d1c5778]
Event: 2992.856 Thread 0x00007fe73b002800 3621  s    4       sun.misc.URLClassPath::getNextLoader (88 bytes)
Event: 2992.856 Thread 0x00007fe73a011000 3622  s!   4       sun.misc.URLClassPath::getLoader (197 bytes)
Event: 2992.863 Thread 0x00007fe73b002800 nmethod 3621 0x000000010d1c78d0 code [0x000000010d1c7a40, 0x000000010d1c81b8]
Event: 2992.863 Thread 0x00007fe73a011000 nmethod 3622 0x000000010cc0eb10 code [0x000000010cc0ec80, 0x000000010cc0f458]
Event: 2992.863 Thread 0x00007fe73a011000 3623       4       com.jogamp.nativewindow.awt.AWTGraphicsConfiguration::getNativeGraphicsConfiguration (17 bytes)
Event: 2992.868 Thread 0x00007fe73a011000 nmethod 3623 0x000000010d26db90 code [0x000000010d26dce0, 0x000000010d26dd78]

GC Heap History (10 events):
Event: 2992.095 GC heap before
{Heap before GC invocations=16877 (full 1):
 PSYoungGen      total 49664K, used 49248K [0x0000000795580000, 0x00000007afc80000, 0x00000007c0000000)
  eden space 49152K, 100% used [0x0000000795580000,0x0000000798580000,0x0000000798580000)
  from space 512K, 18% used [0x00000007afb80000,0x00000007afb98000,0x00000007afc00000)
  to   space 512K, 0% used [0x00000007afc00000,0x00000007afc00000,0x00000007afc80000)
 ParOldGen       total 147968K, used 121667K [0x0000000740000000, 0x0000000749080000, 0x0000000795580000)
  object space 147968K, 82% used [0x0000000740000000,0x00000007476d0f28,0x0000000749080000)
 Metaspace       used 20148K, capacity 20375K, committed 20480K, reserved 1067008K
  class space    used 1915K, capacity 1984K, committed 2048K, reserved 1048576K
Event: 2992.096 GC heap after
Heap after GC invocations=16877 (full 1):
 PSYoungGen      total 48640K, used 96K [0x0000000795580000, 0x00000007afc80000, 0x00000007c0000000)
  eden space 48128K, 0% used [0x0000000795580000,0x0000000795580000,0x0000000798480000)
  from space 512K, 18% used [0x00000007afc00000,0x00000007afc18000,0x00000007afc80000)
  to   space 512K, 0% used [0x00000007afb80000,0x00000007afb80000,0x00000007afc00000)
 ParOldGen       total 147968K, used 121667K [0x0000000740000000, 0x0000000749080000, 0x0000000795580000)
  object space 147968K, 82% used [0x0000000740000000,0x00000007476d0f28,0x0000000749080000)
 Metaspace       used 20148K, capacity 20375K, committed 20480K, reserved 1067008K
  class space    used 1915K, capacity 1984K, committed 2048K, reserved 1048576K
}
Event: 2992.230 GC heap before
{Heap before GC invocations=16878 (full 1):
 PSYoungGen      total 48640K, used 48224K [0x0000000795580000, 0x00000007afc80000, 0x00000007c0000000)
  eden space 48128K, 100% used [0x0000000795580000,0x0000000798480000,0x0000000798480000)
  from space 512K, 18% used [0x00000007afc00000,0x00000007afc18000,0x00000007afc80000)
  to   space 512K, 0% used [0x00000007afb80000,0x00000007afb80000,0x00000007afc00000)
 ParOldGen       total 147968K, used 121667K [0x0000000740000000, 0x0000000749080000, 0x0000000795580000)
  object space 147968K, 82% used [0x0000000740000000,0x00000007476d0f28,0x0000000749080000)
 Metaspace       used 20148K, capacity 20375K, committed 20480K, reserved 1067008K
  class space    used 1915K, capacity 1984K, committed 2048K, reserved 1048576K
Event: 2992.232 GC heap after
Heap after GC invocations=16878 (full 1):
 PSYoungGen      total 54272K, used 64K [0x0000000795580000, 0x00000007afc80000, 0x00000007c0000000)
  eden space 53760K, 0% used [0x0000000795580000,0x0000000795580000,0x0000000798a00000)
  from space 512K, 12% used [0x00000007afb80000,0x00000007afb90000,0x00000007afc00000)
  to   space 512K, 0% used [0x00000007afc00000,0x00000007afc00000,0x00000007afc80000)
 ParOldGen       total 147968K, used 121667K [0x0000000740000000, 0x0000000749080000, 0x0000000795580000)
  object space 147968K, 82% used [0x0000000740000000,0x00000007476d0f28,0x0000000749080000)
 Metaspace       used 20148K, capacity 20375K, committed 20480K, reserved 1067008K
  class space    used 1915K, capacity 1984K, committed 2048K, reserved 1048576K
}
Event: 2992.387 GC heap before
{Heap before GC invocations=16879 (full 1):
 PSYoungGen      total 54272K, used 53824K [0x0000000795580000, 0x00000007afc80000, 0x00000007c0000000)
  eden space 53760K, 100% used [0x0000000795580000,0x0000000798a00000,0x0000000798a00000)
  from space 512K, 12% used [0x00000007afb80000,0x00000007afb90000,0x00000007afc00000)
  to   space 512K, 0% used [0x00000007afc00000,0x00000007afc00000,0x00000007afc80000)
 ParOldGen       total 147968K, used 121667K [0x0000000740000000, 0x0000000749080000, 0x0000000795580000)
  object space 147968K, 82% used [0x0000000740000000,0x00000007476d0f28,0x0000000749080000)
 Metaspace       used 20148K, capacity 20375K, committed 20480K, reserved 1067008K
  class space    used 1915K, capacity 1984K, committed 2048K, reserved 1048576K
Event: 2992.389 GC heap after
Heap after GC invocations=16879 (full 1):
 PSYoungGen      total 53248K, used 320K [0x0000000795580000, 0x00000007afc80000, 0x00000007c0000000)
  eden space 52736K, 0% used [0x0000000795580000,0x0000000795580000,0x0000000798900000)
  from space 512K, 62% used [0x00000007afc00000,0x00000007afc50000,0x00000007afc80000)
  to   space 512K, 0% used [0x00000007afb80000,0x00000007afb80000,0x00000007afc00000)
 ParOldGen       total 147968K, used 121667K [0x0000000740000000, 0x0000000749080000, 0x0000000795580000)
  object space 147968K, 82% used [0x0000000740000000,0x00000007476d0f28,0x0000000749080000)
 Metaspace       used 20148K, capacity 20375K, committed 20480K, reserved 1067008K
  class space    used 1915K, capacity 1984K, committed 2048K, reserved 1048576K
}
Event: 2992.528 GC heap before
{Heap before GC invocations=16880 (full 1):
 PSYoungGen      total 53248K, used 53056K [0x0000000795580000, 0x00000007afc80000, 0x00000007c0000000)
  eden space 52736K, 100% used [0x0000000795580000,0x0000000798900000,0x0000000798900000)
  from space 512K, 62% used [0x00000007afc00000,0x00000007afc50000,0x00000007afc80000)
  to   space 512K, 0% used [0x00000007afb80000,0x00000007afb80000,0x00000007afc00000)
 ParOldGen       total 147968K, used 121667K [0x0000000740000000, 0x0000000749080000, 0x0000000795580000)
  object space 147968K, 82% used [0x0000000740000000,0x00000007476d0f28,0x0000000749080000)
 Metaspace       used 20148K, capacity 20375K, committed 20480K, reserved 1067008K
  class space    used 1915K, capacity 1984K, committed 2048K, reserved 1048576K
Event: 2992.530 GC heap after
Heap after GC invocations=16880 (full 1):
 PSYoungGen      total 52224K, used 96K [0x0000000795580000, 0x00000007afc80000, 0x00000007c0000000)
  eden space 51712K, 0% used [0x0000000795580000,0x0000000795580000,0x0000000798800000)
  from space 512K, 18% used [0x00000007afb80000,0x00000007afb98000,0x00000007afc00000)
  to   space 512K, 0% used [0x00000007afc00000,0x00000007afc00000,0x00000007afc80000)
 ParOldGen       total 147968K, used 121667K [0x0000000740000000, 0x0000000749080000, 0x0000000795580000)
  object space 147968K, 82% used [0x0000000740000000,0x00000007476d0f28,0x0000000749080000)
 Metaspace       used 20148K, capacity 20375K, committed 20480K, reserved 1067008K
  class space    used 1915K, capacity 1984K, committed 2048K, reserved 1048576K
}
Event: 2992.670 GC heap before
{Heap before GC invocations=16881 (full 1):
 PSYoungGen      total 52224K, used 51808K [0x0000000795580000, 0x00000007afc80000, 0x00000007c0000000)
  eden space 51712K, 100% used [0x0000000795580000,0x0000000798800000,0x0000000798800000)
  from space 512K, 18% used [0x00000007afb80000,0x00000007afb98000,0x00000007afc00000)
  to   space 512K, 0% used [0x00000007afc00000,0x00000007afc00000,0x00000007afc80000)
 ParOldGen       total 147968K, used 121667K [0x0000000740000000, 0x0000000749080000, 0x0000000795580000)
  object space 147968K, 82% used [0x0000000740000000,0x00000007476d0f28,0x0000000749080000)
 Metaspace       used 20148K, capacity 20375K, committed 20480K, reserved 1067008K
  class space    used 1915K, capacity 1984K, committed 2048K, reserved 1048576K
Event: 2992.672 GC heap after
Heap after GC invocations=16881 (full 1):
 PSYoungGen      total 51200K, used 96K [0x0000000795580000, 0x00000007afc80000, 0x00000007c0000000)
  eden space 50688K, 0% used [0x0000000795580000,0x0000000795580000,0x0000000798700000)
  from space 512K, 18% used [0x00000007afc00000,0x00000007afc18000,0x00000007afc80000)
  to   space 512K, 0% used [0x00000007afb80000,0x00000007afb80000,0x00000007afc00000)
 ParOldGen       total 147968K, used 121667K [0x0000000740000000, 0x0000000749080000, 0x0000000795580000)
  object space 147968K, 82% used [0x0000000740000000,0x00000007476d0f28,0x0000000749080000)
 Metaspace       used 20148K, capacity 20375K, committed 20480K, reserved 1067008K
  class space    used 1915K, capacity 1984K, committed 2048K, reserved 1048576K
}

Deoptimization events (10 events):
Event: 2992.823 Thread 0x00007fe73a143800 Uncommon trap: reason=class_check action=maybe_recompile pc=0x000000010d09e40c method=java.awt.Component.getGraphics()Ljava/awt/Graphics; @ 114
Event: 2992.824 Thread 0x00007fe739c13000 Uncommon trap: reason=class_check action=maybe_recompile pc=0x000000010cf7bcbc method=java.awt.event.InvocationEvent.dispatch()V @ 11
Event: 2992.828 Thread 0x00007fe73a8c0000 Uncommon trap: reason=class_check action=maybe_recompile pc=0x000000010ce045c0 method=com.jogamp.common.util.RunnableTask.run()V @ 24
Event: 2992.828 Thread 0x00007fe73a8c0000 Uncommon trap: reason=unstable_if action=reinterpret pc=0x000000010cf178bc method=jogamp.nativewindow.macosx.OSXUtil.RunOnMainThread(ZZLjava/lang/Runnable;)V @ 3
Event: 2992.853 Thread 0x00007fe739c13000 Uncommon trap: reason=unstable_if action=reinterpret pc=0x000000010cdd4dc8 method=jogamp.opengl.GLContextImpl.release(Z)V @ 161
Event: 2992.859 Thread 0x00007fe739c13000 Uncommon trap: reason=unstable_if action=reinterpret pc=0x000000010cb0bf58 method=java.util.LinkedList$ListItr.<init>(Ljava/util/LinkedList;I)V @ 26
Event: 2992.862 Thread 0x00007fe739c13000 Uncommon trap: reason=unstable_if action=reinterpret pc=0x000000010d0a128c method=java.security.AccessControlContext.optimize()Ljava/security/AccessControlContext; @ 233
Event: 2992.868 Thread 0x00007fe73a143800 Uncommon trap: reason=class_check action=maybe_recompile pc=0x000000010d09e40c method=java.awt.Component.getGraphics()Ljava/awt/Graphics; @ 114
Event: 2992.869 Thread 0x00007fe739c13000 Uncommon trap: reason=class_check action=maybe_recompile pc=0x000000010cf7bcbc method=java.awt.event.InvocationEvent.dispatch()V @ 11
Event: 2992.894 Thread 0x00007fe73a8c0000 Uncommon trap: reason=class_check action=maybe_recompile pc=0x000000010ce045c0 method=com.jogamp.common.util.RunnableTask.run()V @ 24

Internal exceptions (10 events):
Event: 0.173 Thread 0x00007fe739808800 Exception <a 'java/lang/NoSuchFieldError': method resolution failed> (0x0000000795793460) thrown at [/Users/java_re/workspace/8-2-build-macosx-x86_64/jdk8u91/6644/hotspot/src/share/vm/prims/methodHandles.cpp, line 1146]
Event: 0.309 Thread 0x00007fe739808800 Exception <a 'java/io/FileNotFoundException'> (0x000000079580f540) thrown at [/Users/java_re/workspace/8-2-build-macosx-x86_64/jdk8u91/6644/hotspot/src/share/vm/prims/jni.cpp, line 709]
Event: 0.309 Thread 0x00007fe739808800 Exception <a 'java/io/FileNotFoundException'> (0x00000007958100a8) thrown at [/Users/java_re/workspace/8-2-build-macosx-x86_64/jdk8u91/6644/hotspot/src/share/vm/prims/jni.cpp, line 709]
Event: 0.408 Thread 0x00007fe739808800 Exception <a 'java/io/FileNotFoundException'> (0x000000079594ba30) thrown at [/Users/java_re/workspace/8-2-build-macosx-x86_64/jdk8u91/6644/hotspot/src/share/vm/prims/jni.cpp, line 709]
Event: 2.117 Thread 0x00007fe73b3e4800 Exception <a 'java/lang/UnsatisfiedLinkError': com.jogamp.common.util.JarUtil.fixNativeLibAttribs(Ljava/lang/String;)Z> (0x0000000796bf2670) thrown at [/Users/java_re/workspace/8-2-build-macosx-x86_64/jdk8u91/6644/hotspot/src/share/vm/prims/nativeLookup.c
Event: 2.482 Thread 0x00007fe73982f000 Exception <a 'java/lang/NullPointerException'> (0x00000007956a6308) thrown at [/Users/java_re/workspace/8-2-build-macosx-x86_64/jdk8u91/6644/hotspot/src/share/vm/interpreter/linkResolver.cpp, line 1178]
Event: 3.171 Thread 0x00007fe739c13000 Exception <a 'java/io/FileNotFoundException'> (0x0000000795f4b160) thrown at [/Users/java_re/workspace/8-2-build-macosx-x86_64/jdk8u91/6644/hotspot/src/share/vm/prims/jni.cpp, line 709]
Event: 3.171 Thread 0x00007fe739c13000 Exception <a 'java/io/FileNotFoundException'> (0x0000000795f51500) thrown at [/Users/java_re/workspace/8-2-build-macosx-x86_64/jdk8u91/6644/hotspot/src/share/vm/prims/jni.cpp, line 709]
Event: 3.172 Thread 0x00007fe739c13000 Implicit null exception at 0x000000010cb3aff5 to 0x000000010cb3b345
Event: 3.513 Thread 0x00007fe739c13000 Implicit null exception at 0x000000010cdabcec to 0x000000010cdabd1d

Events (10 events):
Event: 2992.868 Thread 0x00007fe73a143800 DEOPT PACKING pc=0x000000010d09e40c sp=0x000070000175fc70
Event: 2992.868 Thread 0x00007fe73a143800 DEOPT UNPACKING pc=0x000000010c999229 sp=0x000070000175fc70 mode 2
Event: 2992.868 loading class java/awt/Window$1DisposeAction
Event: 2992.869 loading class java/awt/Window$1DisposeAction done
Event: 2992.869 Thread 0x00007fe739c13000 Uncommon trap: trap_request=0xffffffde fr.pc=0x000000010cf7bcbc
Event: 2992.869 Thread 0x00007fe739c13000 DEOPT PACKING pc=0x000000010cf7bcbc sp=0x0000700001965f00
Event: 2992.869 Thread 0x00007fe739c13000 DEOPT UNPACKING pc=0x000000010c999229 sp=0x0000700001965d98 mode 2
Event: 2992.894 Thread 0x00007fe73a8c0000 Uncommon trap: trap_request=0xffffffde fr.pc=0x000000010ce045c0
Event: 2992.894 Thread 0x00007fe73a8c0000 DEOPT PACKING pc=0x000000010ce045c0 sp=0x00007fff54d9e650
Event: 2992.894 Thread 0x00007fe73a8c0000 DEOPT UNPACKING pc=0x000000010c999229 sp=0x00007fff54d9e5f8 mode 2


Dynamic libraries:
0x0000000009285000 	/System/Library/Frameworks/Cocoa.framework/Versions/A/Cocoa
0x0000000009285000 	/System/Library/Frameworks/Security.framework/Versions/A/Security
0x0000000009285000 	/System/Library/Frameworks/ApplicationServices.framework/Versions/A/ApplicationServices
0x0000000009285000 	/usr/lib/libz.1.dylib
0x0000000009285000 	/usr/lib/libSystem.B.dylib
0x0000000009285000 	/usr/lib/libobjc.A.dylib
0x0000000009285000 	/System/Library/Frameworks/CoreFoundation.framework/Versions/A/CoreFoundation
0x0000000009285000 	/System/Library/Frameworks/Foundation.framework/Versions/C/Foundation
0x0000000009285000 	/System/Library/Frameworks/AppKit.framework/Versions/C/AppKit
0x0000000009285000 	/System/Library/Frameworks/CoreData.framework/Versions/A/CoreData
0x0000000009285000 	/System/Library/PrivateFrameworks/RemoteViewServices.framework/Versions/A/RemoteViewServices
0x0000000009285000 	/System/Library/PrivateFrameworks/UIFoundation.framework/Versions/A/UIFoundation
0x0000000009285000 	/usr/lib/libScreenReader.dylib
0x0000000009285000 	/System/Library/Frameworks/Accelerate.framework/Versions/A/Accelerate
0x0000000009285000 	/System/Library/Frameworks/IOSurface.framework/Versions/A/IOSurface
0x0000000009285000 	/System/Library/Frameworks/AudioToolbox.framework/Versions/A/AudioToolbox
0x0000000009285000 	/System/Library/Frameworks/AudioUnit.framework/Versions/A/AudioUnit
0x0000000009285000 	/System/Library/PrivateFrameworks/DataDetectorsCore.framework/Versions/A/DataDetectorsCore
0x0000000009285000 	/System/Library/PrivateFrameworks/DesktopServicesPriv.framework/Versions/A/DesktopServicesPriv
0x0000000009285000 	/System/Library/Frameworks/Carbon.framework/Versions/A/Frameworks/HIToolbox.framework/Versions/A/HIToolbox
0x0000000009285000 	/System/Library/Frameworks/QuartzCore.framework/Versions/A/QuartzCore
0x0000000009285000 	/System/Library/Frameworks/Carbon.framework/Versions/A/Frameworks/SpeechRecognition.framework/Versions/A/SpeechRecognition
0x0000000009285000 	/usr/lib/libauto.dylib
0x0000000009285000 	/usr/lib/libicucore.A.dylib
0x0000000009285000 	/usr/lib/libxml2.2.dylib
0x0000000009285000 	/System/Library/PrivateFrameworks/CoreUI.framework/Versions/A/CoreUI
0x0000000009285000 	/System/Library/Frameworks/CoreAudio.framework/Versions/A/CoreAudio
0x0000000009285000 	/System/Library/Frameworks/DiskArbitration.framework/Versions/A/DiskArbitration
0x0000000009285000 	/usr/lib/liblangid.dylib
0x0000000009285000 	/System/Library/PrivateFrameworks/MultitouchSupport.framework/Versions/A/MultitouchSupport
0x0000000009285000 	/System/Library/Frameworks/IOKit.framework/Versions/A/IOKit
0x0000000009285000 	/usr/lib/libDiagnosticMessagesClient.dylib
0x0000000009285000 	/System/Library/Frameworks/CoreServices.framework/Versions/A/CoreServices
0x0000000009285000 	/System/Library/PrivateFrameworks/PerformanceAnalysis.framework/Versions/A/PerformanceAnalysis
0x0000000009285000 	/System/Library/PrivateFrameworks/GenerationalStorage.framework/Versions/A/GenerationalStorage
0x0000000009285000 	/System/Library/Frameworks/OpenGL.framework/Versions/A/OpenGL
0x0000000009285000 	/System/Library/PrivateFrameworks/Sharing.framework/Versions/A/Sharing
0x0000000009285000 	/System/Library/Frameworks/CoreGraphics.framework/Versions/A/CoreGraphics
0x0000000009285000 	/System/Library/Frameworks/CoreImage.framework/Versions/A/CoreImage
0x0000000009285000 	/System/Library/Frameworks/CoreText.framework/Versions/A/CoreText
0x0000000009285000 	/System/Library/Frameworks/ImageIO.framework/Versions/A/ImageIO
0x0000000009285000 	/System/Library/PrivateFrameworks/Backup.framework/Versions/A/Backup
0x0000000009285000 	/usr/lib/libextension.dylib
0x0000000009285000 	/usr/lib/libarchive.2.dylib
0x0000000009285000 	/System/Library/Frameworks/CFNetwork.framework/Versions/A/CFNetwork
0x0000000009285000 	/System/Library/Frameworks/SystemConfiguration.framework/Versions/A/SystemConfiguration
0x0000000009285000 	/usr/lib/libCRFSuite.dylib
0x0000000009285000 	/usr/lib/libc++.1.dylib
0x0000000009285000 	/usr/lib/libc++abi.dylib
0x0000000009285000 	/usr/lib/system/libcache.dylib
0x0000000009285000 	/usr/lib/system/libcommonCrypto.dylib
0x0000000009285000 	/usr/lib/system/libcompiler_rt.dylib
0x0000000009285000 	/usr/lib/system/libcopyfile.dylib
0x0000000009285000 	/usr/lib/system/libcorecrypto.dylib
0x0000000009285000 	/usr/lib/system/libdispatch.dylib
0x0000000009285000 	/usr/lib/system/libdyld.dylib
0x0000000009285000 	/usr/lib/system/libkeymgr.dylib
0x0000000009285000 	/usr/lib/system/liblaunch.dylib
0x0000000009285000 	/usr/lib/system/libmacho.dylib
0x0000000009285000 	/usr/lib/system/libquarantine.dylib
0x0000000009285000 	/usr/lib/system/libremovefile.dylib
0x0000000009285000 	/usr/lib/system/libsystem_asl.dylib
0x0000000009285000 	/usr/lib/system/libsystem_blocks.dylib
0x0000000009285000 	/usr/lib/system/libsystem_c.dylib
0x0000000009285000 	/usr/lib/system/libsystem_configuration.dylib
0x0000000009285000 	/usr/lib/system/libsystem_coreservices.dylib
0x0000000009285000 	/usr/lib/system/libsystem_coretls.dylib
0x0000000009285000 	/usr/lib/system/libsystem_dnssd.dylib
0x0000000009285000 	/usr/lib/system/libsystem_info.dylib
0x0000000009285000 	/usr/lib/system/libsystem_kernel.dylib
0x0000000009285000 	/usr/lib/system/libsystem_m.dylib
0x0000000009285000 	/usr/lib/system/libsystem_malloc.dylib
0x0000000009285000 	/usr/lib/system/libsystem_network.dylib
0x0000000009285000 	/usr/lib/system/libsystem_networkextension.dylib
0x0000000009285000 	/usr/lib/system/libsystem_notify.dylib
0x0000000009285000 	/usr/lib/system/libsystem_platform.dylib
0x0000000009285000 	/usr/lib/system/libsystem_pthread.dylib
0x0000000009285000 	/usr/lib/system/libsystem_sandbox.dylib
0x0000000009285000 	/usr/lib/system/libsystem_secinit.dylib
0x0000000009285000 	/usr/lib/system/libsystem_trace.dylib
0x0000000009285000 	/usr/lib/system/libunc.dylib
0x0000000009285000 	/usr/lib/system/libunwind.dylib
0x0000000009285000 	/usr/lib/system/libxpc.dylib
0x0000000009285000 	/usr/lib/libenergytrace.dylib
0x0000000009285000 	/usr/lib/libbsm.0.dylib
0x0000000009285000 	/usr/lib/system/libkxld.dylib
0x0000000009285000 	/usr/lib/libxar.1.dylib
0x0000000009285000 	/usr/lib/libsqlite3.dylib
0x0000000009285000 	/usr/lib/libpam.2.dylib
0x0000000009285000 	/usr/lib/libOpenScriptingUtil.dylib
0x0000000009285000 	/usr/lib/libbz2.1.0.dylib
0x0000000009285000 	/usr/lib/liblzma.5.dylib
0x0000000009285000 	/System/Library/Frameworks/CoreServices.framework/Versions/A/Frameworks/FSEvents.framework/Versions/A/FSEvents
0x0000000009285000 	/System/Library/Frameworks/CoreServices.framework/Versions/A/Frameworks/CarbonCore.framework/Versions/A/CarbonCore
0x0000000009285000 	/System/Library/Frameworks/CoreServices.framework/Versions/A/Frameworks/Metadata.framework/Versions/A/Metadata
0x0000000009285000 	/System/Library/Frameworks/CoreServices.framework/Versions/A/Frameworks/OSServices.framework/Versions/A/OSServices
0x0000000009285000 	/System/Library/Frameworks/CoreServices.framework/Versions/A/Frameworks/SearchKit.framework/Versions/A/SearchKit
0x0000000009285000 	/System/Library/Frameworks/CoreServices.framework/Versions/A/Frameworks/AE.framework/Versions/A/AE
0x0000000009285000 	/System/Library/Frameworks/CoreServices.framework/Versions/A/Frameworks/LaunchServices.framework/Versions/A/LaunchServices
0x0000000009285000 	/System/Library/Frameworks/CoreServices.framework/Versions/A/Frameworks/DictionaryServices.framework/Versions/A/DictionaryServices
0x0000000009285000 	/System/Library/Frameworks/CoreServices.framework/Versions/A/Frameworks/SharedFileList.framework/Versions/A/SharedFileList
0x0000000009285000 	/System/Library/Frameworks/NetFS.framework/Versions/A/NetFS
0x0000000009285000 	/System/Library/PrivateFrameworks/NetAuth.framework/Versions/A/NetAuth
0x0000000009285000 	/System/Library/PrivateFrameworks/login.framework/Versions/A/Frameworks/loginsupport.framework/Versions/A/loginsupport
0x0000000009285000 	/System/Library/PrivateFrameworks/TCC.framework/Versions/A/TCC
0x0000000009285000 	/usr/lib/libmecabra.dylib
0x0000000009285000 	/System/Library/Frameworks/ApplicationServices.framework/Versions/A/Frameworks/ATS.framework/Versions/A/ATS
0x0000000009285000 	/System/Library/Frameworks/ApplicationServices.framework/Versions/A/Frameworks/ColorSync.framework/Versions/A/ColorSync
0x0000000009285000 	/System/Library/Frameworks/ApplicationServices.framework/Versions/A/Frameworks/HIServices.framework/Versions/A/HIServices
0x0000000009285000 	/System/Library/Frameworks/ApplicationServices.framework/Versions/A/Frameworks/LangAnalysis.framework/Versions/A/LangAnalysis
0x0000000009285000 	/System/Library/Frameworks/ApplicationServices.framework/Versions/A/Frameworks/PrintCore.framework/Versions/A/PrintCore
0x0000000009285000 	/System/Library/Frameworks/ApplicationServices.framework/Versions/A/Frameworks/QD.framework/Versions/A/QD
0x0000000009285000 	/System/Library/Frameworks/ApplicationServices.framework/Versions/A/Frameworks/SpeechSynthesis.framework/Versions/A/SpeechSynthesis
0x0000000009285000 	/System/Library/Frameworks/Metal.framework/Versions/A/Metal
0x0000000009285000 	/System/Library/Frameworks/Accelerate.framework/Versions/A/Frameworks/vImage.framework/Versions/A/vImage
0x0000000009285000 	/System/Library/Frameworks/Accelerate.framework/Versions/A/Frameworks/vecLib.framework/Versions/A/vecLib
0x0000000009285000 	/System/Library/Frameworks/Accelerate.framework/Versions/A/Frameworks/vecLib.framework/Versions/A/libvDSP.dylib
0x0000000009285000 	/System/Library/Frameworks/Accelerate.framework/Versions/A/Frameworks/vecLib.framework/Versions/A/libvMisc.dylib
0x0000000009285000 	/System/Library/Frameworks/Accelerate.framework/Versions/A/Frameworks/vecLib.framework/Versions/A/libLAPACK.dylib
0x0000000009285000 	/System/Library/Frameworks/Accelerate.framework/Versions/A/Frameworks/vecLib.framework/Versions/A/libBLAS.dylib
0x0000000009285000 	/System/Library/Frameworks/Accelerate.framework/Versions/A/Frameworks/vecLib.framework/Versions/A/libLinearAlgebra.dylib
0x0000000009285000 	/System/Library/Frameworks/Accelerate.framework/Versions/A/Frameworks/vecLib.framework/Versions/A/libSparseBLAS.dylib
0x0000000009285000 	/System/Library/PrivateFrameworks/GPUCompiler.framework/libmetal_timestamp.dylib
0x0000000009285000 	/System/Library/Frameworks/OpenGL.framework/Versions/A/Libraries/libCoreFSCache.dylib
0x0000000009285000 	/System/Library/PrivateFrameworks/IOAccelerator.framework/Versions/A/IOAccelerator
0x0000000009285000 	/System/Library/Frameworks/ApplicationServices.framework/Versions/A/Frameworks/ATS.framework/Versions/A/Resources/libFontParser.dylib
0x0000000009285000 	/System/Library/Frameworks/ApplicationServices.framework/Versions/A/Frameworks/ATS.framework/Versions/A/Resources/libFontRegistry.dylib
0x0000000009285000 	/System/Library/PrivateFrameworks/AppleVPA.framework/Versions/A/AppleVPA
0x0000000009285000 	/System/Library/PrivateFrameworks/AppleJPEG.framework/Versions/A/AppleJPEG
0x0000000009285000 	/System/Library/Frameworks/ImageIO.framework/Versions/A/Resources/libJPEG.dylib
0x0000000009285000 	/System/Library/Frameworks/ImageIO.framework/Versions/A/Resources/libTIFF.dylib
0x0000000009285000 	/System/Library/Frameworks/ImageIO.framework/Versions/A/Resources/libPng.dylib
0x0000000009285000 	/System/Library/Frameworks/ImageIO.framework/Versions/A/Resources/libGIF.dylib
0x0000000009285000 	/System/Library/Frameworks/ImageIO.framework/Versions/A/Resources/libJP2.dylib
0x0000000009285000 	/System/Library/Frameworks/ImageIO.framework/Versions/A/Resources/libRadiance.dylib
0x0000000009285000 	/System/Library/Frameworks/CoreVideo.framework/Versions/A/CoreVideo
0x0000000009285000 	/System/Library/Frameworks/OpenGL.framework/Versions/A/Libraries/libGLU.dylib
0x0000000009285000 	/System/Library/Frameworks/OpenGL.framework/Versions/A/Libraries/libGFXShared.dylib
0x0000000009285000 	/System/Library/Frameworks/OpenGL.framework/Versions/A/Libraries/libGL.dylib
0x0000000009285000 	/System/Library/Frameworks/OpenGL.framework/Versions/A/Libraries/libGLImage.dylib
0x0000000009285000 	/System/Library/Frameworks/OpenGL.framework/Versions/A/Libraries/libCVMSPluginSupport.dylib
0x0000000009285000 	/System/Library/Frameworks/OpenGL.framework/Versions/A/Libraries/libCoreVMClient.dylib
0x0000000009285000 	/usr/lib/libcups.2.dylib
0x0000000009285000 	/System/Library/Frameworks/Kerberos.framework/Versions/A/Kerberos
0x0000000009285000 	/System/Library/Frameworks/GSS.framework/Versions/A/GSS
0x0000000009285000 	/usr/lib/libresolv.9.dylib
0x0000000009285000 	/usr/lib/libiconv.2.dylib
0x0000000009285000 	/System/Library/PrivateFrameworks/Heimdal.framework/Versions/A/Heimdal
0x0000000009285000 	/usr/lib/libheimdal-asn1.dylib
0x0000000009285000 	/System/Library/Frameworks/OpenDirectory.framework/Versions/A/OpenDirectory
0x0000000009285000 	/System/Library/PrivateFrameworks/CommonAuth.framework/Versions/A/CommonAuth
0x0000000009285000 	/System/Library/Frameworks/OpenDirectory.framework/Versions/A/Frameworks/CFOpenDirectory.framework/Versions/A/CFOpenDirectory
0x0000000009285000 	/System/Library/Frameworks/SecurityFoundation.framework/Versions/A/SecurityFoundation
0x0000000009285000 	/System/Library/PrivateFrameworks/LanguageModeling.framework/Versions/A/LanguageModeling
0x0000000009285000 	/usr/lib/libmarisa.dylib
0x0000000009285000 	/usr/lib/libChineseTokenizer.dylib
0x0000000009285000 	/usr/lib/libcmph.dylib
0x0000000009285000 	/usr/lib/libcompression.dylib
0x0000000009285000 	/System/Library/Frameworks/ServiceManagement.framework/Versions/A/ServiceManagement
0x0000000009285000 	/usr/lib/libxslt.1.dylib
0x0000000009285000 	/System/Library/Frameworks/Carbon.framework/Versions/A/Frameworks/Ink.framework/Versions/A/Ink
0x0000000009285000 	/usr/lib/libFosl_dynamic.dylib
0x0000000009285000 	/System/Library/PrivateFrameworks/FaceCore.framework/Versions/A/FaceCore
0x0000000009285000 	/System/Library/Frameworks/OpenCL.framework/Versions/A/OpenCL
0x0000000009285000 	/System/Library/PrivateFrameworks/CrashReporterSupport.framework/Versions/A/CrashReporterSupport
0x0000000009285000 	/System/Library/PrivateFrameworks/IconServices.framework/Versions/A/IconServices
0x0000000009285000 	/System/Library/PrivateFrameworks/Apple80211.framework/Versions/A/Apple80211
0x0000000009285000 	/System/Library/Frameworks/CoreWLAN.framework/Versions/A/CoreWLAN
0x0000000009285000 	/System/Library/Frameworks/IOBluetooth.framework/Versions/A/IOBluetooth
0x0000000009285000 	/System/Library/PrivateFrameworks/CoreWiFi.framework/Versions/A/CoreWiFi
0x0000000009285000 	/System/Library/Frameworks/CoreBluetooth.framework/Versions/A/CoreBluetooth
0x0000000009285000 	/System/Library/PrivateFrameworks/ChunkingLibrary.framework/Versions/A/ChunkingLibrary
0x0000000009285000 	/System/Library/PrivateFrameworks/DebugSymbols.framework/Versions/A/DebugSymbols
0x0000000009285000 	/System/Library/PrivateFrameworks/CoreSymbolication.framework/Versions/A/CoreSymbolication
0x0000000009285000 	/System/Library/PrivateFrameworks/Symbolication.framework/Versions/A/Symbolication
0x0000000009285000 	/System/Library/PrivateFrameworks/SpeechRecognitionCore.framework/Versions/A/SpeechRecognitionCore
0x000000010ba00000 	/Library/Java/JavaVirtualMachines/jdk1.8.0_91.jdk/Contents/Home/jre/lib/server/libjvm.dylib
0x0000000009285000 	/usr/lib/libstdc++.6.dylib
0x000000010b0dd000 	/Library/Java/JavaVirtualMachines/jdk1.8.0_91.jdk/Contents/Home/jre/lib/libverify.dylib
0x000000010b0eb000 	/Library/Java/JavaVirtualMachines/jdk1.8.0_91.jdk/Contents/Home/jre/lib/libjava.dylib
0x000000010b12a000 	/Library/Java/JavaVirtualMachines/jdk1.8.0_91.jdk/Contents/Home/jre/lib/libzip.dylib
0x000000012222b000 	/System/Library/Frameworks/JavaVM.framework/Frameworks/JavaRuntimeSupport.framework/JavaRuntimeSupport
0x0000000122246000 	/System/Library/Frameworks/JavaVM.framework/Versions/A/Frameworks/JavaNativeFoundation.framework/Versions/A/JavaNativeFoundation
0x000000012225b000 	/System/Library/Frameworks/JavaVM.framework/Versions/A/JavaVM
0x0000000009285000 	/System/Library/Frameworks/Carbon.framework/Versions/A/Carbon
0x0000000122268000 	/System/Library/PrivateFrameworks/JavaLaunching.framework/Versions/A/JavaLaunching
0x0000000009285000 	/System/Library/Frameworks/Carbon.framework/Versions/A/Frameworks/CommonPanels.framework/Versions/A/CommonPanels
0x0000000009285000 	/System/Library/Frameworks/Carbon.framework/Versions/A/Frameworks/Help.framework/Versions/A/Help
0x0000000009285000 	/System/Library/Frameworks/Carbon.framework/Versions/A/Frameworks/ImageCapture.framework/Versions/A/ImageCapture
0x0000000009285000 	/System/Library/Frameworks/Carbon.framework/Versions/A/Frameworks/OpenScripting.framework/Versions/A/OpenScripting
0x0000000009285000 	/System/Library/Frameworks/Carbon.framework/Versions/A/Frameworks/Print.framework/Versions/A/Print
0x0000000009285000 	/System/Library/Frameworks/Carbon.framework/Versions/A/Frameworks/SecurityHI.framework/Versions/A/SecurityHI
0x0000000123b8c000 	/Library/Java/JavaVirtualMachines/jdk1.8.0_91.jdk/Contents/Home/jre/lib/libawt.dylib
0x0000000123c34000 	/Library/Java/JavaVirtualMachines/jdk1.8.0_91.jdk/Contents/Home/jre/lib/./libmlib_image.dylib
0x0000000123d00000 	/Library/Java/JavaVirtualMachines/jdk1.8.0_91.jdk/Contents/Home/jre/lib/libawt_lwawt.dylib
0x0000000123db5000 	/Library/Java/JavaVirtualMachines/jdk1.8.0_91.jdk/Contents/Home/jre/lib/./libosxapp.dylib
0x0000000009285000 	/System/Library/Frameworks/ExceptionHandling.framework/Versions/A/ExceptionHandling
0x0000000009285000 	/System/Library/PrivateFrameworks/CoreServicesInternal.framework/Versions/A/CoreServicesInternal
0x0000000009285000 	/System/Library/Frameworks/CoreGraphics.framework/Versions/A/Resources/libRIP.A.dylib
0x0000000009285000 	/System/Library/Frameworks/Accelerate.framework/Versions/A/Frameworks/vImage.framework/Versions/A/Libraries/libCGInterfaces.dylib
0x0000000009285000 	/System/Library/Frameworks/CoreGraphics.framework/Versions/A/Resources/libCGXType.A.dylib
0x0000000009285000 	/System/Library/Frameworks/OpenCL.framework/Versions/A/Libraries/libcldcpuengine.dylib
0x0000000009285000 	/System/Library/PrivateFrameworks/DiskImages.framework/Versions/A/DiskImages
0x0000000009285000 	/System/Library/Frameworks/DiscRecording.framework/Versions/A/DiscRecording
0x0000000009285000 	/usr/lib/libcsfde.dylib
0x0000000009285000 	/usr/lib/libcurl.4.dylib
0x0000000009285000 	/System/Library/PrivateFrameworks/MediaKit.framework/Versions/A/MediaKit
0x0000000009285000 	/System/Library/PrivateFrameworks/ProtectedCloudStorage.framework/Versions/A/ProtectedCloudStorage
0x0000000009285000 	/usr/lib/libCoreStorage.dylib
0x0000000009285000 	/System/Library/PrivateFrameworks/EFILogin.framework/Versions/A/EFILogin
0x0000000009285000 	/usr/lib/libutil.dylib
0x0000000009285000 	/System/Library/PrivateFrameworks/FindMyDevice.framework/Versions/A/FindMyDevice
0x0000000009285000 	/System/Library/Frameworks/LDAP.framework/Versions/A/LDAP
0x0000000009285000 	/usr/lib/libsasl2.2.dylib
0x0000000009285000 	/System/Library/PrivateFrameworks/CoreDaemon.framework/Versions/B/CoreDaemon
0x0000000009285000 	/usr/lib/libcrypto.0.9.8.dylib
0x0000000009285000 	/System/Library/PrivateFrameworks/AppleSRP.framework/Versions/A/AppleSRP
0x0000000009285000 	/System/Library/PrivateFrameworks/TrustEvaluationAgent.framework/Versions/A/TrustEvaluationAgent
0x00000001246dd000 	cl_kernels
0x0000000009285000 	/System/Library/Frameworks/OpenCL.framework/Versions/A/Libraries/ImageFormats/unorm8_bgra.dylib
0x0000000009285000 	/System/Library/Frameworks/OpenCL.framework/Versions/A/Libraries/ImageFormats/unorm8_rgba.dylib
0x0000000009285000 	/System/Library/PrivateFrameworks/FamilyControls.framework/Versions/A/FamilyControls
0x0000000009285000 	/System/Library/PrivateFrameworks/CommerceKit.framework/Versions/A/Frameworks/CommerceCore.framework/Versions/A/CommerceCore
0x0000000009285000 	/System/Library/PrivateFrameworks/SystemAdministration.framework/Versions/A/SystemAdministration
0x0000000009285000 	/System/Library/PrivateFrameworks/AppContainer.framework/Versions/A/AppContainer
0x0000000009285000 	/System/Library/PrivateFrameworks/SecCodeWrapper.framework/Versions/A/SecCodeWrapper
0x0000000009285000 	/System/Library/Frameworks/DirectoryService.framework/Versions/A/DirectoryService
0x0000000009285000 	/System/Library/PrivateFrameworks/LoginUIKit.framework/Versions/A/Frameworks/LoginUICore.framework/Versions/A/LoginUICore
0x0000000009285000 	/usr/lib/libodfde.dylib
0x0000000009285000 	/System/Library/Frameworks/OpenGL.framework/Versions/A/Resources/GLEngine.bundle/GLEngine
0x0000000009285000 	/System/Library/Frameworks/OpenGL.framework/Versions/A/Libraries/libGLProgrammability.dylib
0x0000000126596000 	/System/Library/Extensions/AMDRadeonX3000GLDriver.bundle/Contents/MacOS/AMDRadeonX3000GLDriver
0x0000000009285000 	/System/Library/PrivateFrameworks/GPUSupport.framework/Versions/A/Libraries/libGPUSupportMercury.dylib
0x0000000126675000 	/System/Library/Extensions/AMDRadeonX3000GLDriver.bundle/Contents/MacOS/ATIRadeonX3000SCLib.dylib
0x0000000009285000 	/System/Library/Frameworks/OpenGL.framework/Versions/A/Resources/GLRendererFloat.bundle/GLRendererFloat
0x0000000126969000 	/Library/Java/JavaVirtualMachines/jdk1.8.0_91.jdk/Contents/Home/jre/lib/libfontmanager.dylib
0x0000000127644000 	/Library/Java/JavaVirtualMachines/jdk1.8.0_91.jdk/Contents/Home/jre/lib/libosxui.dylib
0x000000012836f000 	/Library/Java/JavaVirtualMachines/jdk1.8.0_91.jdk/Contents/Home/jre/lib/libnet.dylib
0x00000001280b5000 	/Library/Java/JavaVirtualMachines/jdk1.8.0_91.jdk/Contents/Home/jre/lib/libnio.dylib
0x0000000009285000 	/System/Library/Frameworks/ApplicationServices.framework/Versions/A/Frameworks/ATS.framework/Versions/A/Resources/libTrueTypeScaler.dylib
0x000000018d3d0000 	/private/var/folders/tq/5cybh0451bx2v8l5x53f9c_h0000gn/T/jogamp_0000/file_cache/jln8308731618845930101/jln7141333059848223324/libgluegen-rt.jnilib
0x0000000127340000 	/private/var/folders/tq/5cybh0451bx2v8l5x53f9c_h0000gn/T/jogamp_0000/file_cache/jln8308731618845930101/jln7141333059848223324/libnativewindow_awt.jnilib
0x000000012734c000 	/Library/Java/JavaVirtualMachines/jdk1.8.0_91.jdk/Contents/Home/jre/lib/libjawt.dylib
0x000000018d3d4000 	/private/var/folders/tq/5cybh0451bx2v8l5x53f9c_h0000gn/T/jogamp_0000/file_cache/jln8308731618845930101/jln7141333059848223324/libnativewindow_macosx.jnilib
0x000000019146f000 	/private/var/folders/tq/5cybh0451bx2v8l5x53f9c_h0000gn/T/jogamp_0000/file_cache/jln8308731618845930101/jln7141333059848223324/libjogl_desktop.jnilib

VM Arguments:
jvm_args: -Djava.security.policy=java.policy.applet -Dfile.encoding=UTF-8 
java_command: sun.applet.AppletViewer guimodule.LifeExpectancy1463537937139.html
java_class_path (initial): /Users/limhoktan/Documents/workspace/UCSDUnfoldingMaps/build:/Users/limhoktan/Documents/workspace/UCSDUnfoldingMaps/lib/core.jar:/Users/limhoktan/Documents/workspace/UCSDUnfoldingMaps/lib/gluegen-rt.jar:/Users/limhoktan/Documents/workspace/UCSDUnfoldingMaps/lib/jogl-all.jar:/Users/limhoktan/Documents/workspace/UCSDUnfoldingMaps/lib/log4j-1.2.15.jar:/Users/limhoktan/Documents/workspace/UCSDUnfoldingMaps/lib/sqlite-jdbc-3.7.2.jar:/Users/limhoktan/Documents/workspace/UCSDUnfoldingMaps/lib/json4processing.jar:/Users/limhoktan/Documents/workspace/UCSDUnfoldingMaps/lib/libTUIO.jar:/Users/limhoktan/Documents/workspace/UCSDUnfoldingMaps/lib/unfolding.0.9.7-uscd.jar
Launcher Type: SUN_STANDARD

Environment Variables:
PATH=/usr/bin:/bin:/usr/sbin:/sbin
SHELL=/bin/bash
DISPLAY=/private/tmp/com.apple.launchd.3cFrEfN4Lz/org.macosforge.xquartz:0

Signal Handlers:
SIGSEGV: [libjvm.dylib+0x5a97a1], sa_mask[0]=11111111011111110111111111111111, sa_flags=SA_ONSTACK|SA_RESTART|SA_SIGINFO
SIGBUS: [libjvm.dylib+0x5a97a1], sa_mask[0]=11111111011111110111111111111111, sa_flags=SA_RESTART|SA_SIGINFO
SIGFPE: [libjvm.dylib+0x482594], sa_mask[0]=11111111011111110111111111111111, sa_flags=SA_RESTART|SA_SIGINFO
SIGPIPE: [libjvm.dylib+0x482594], sa_mask[0]=11111111011111110111111111111111, sa_flags=SA_RESTART|SA_SIGINFO
SIGXFSZ: [libjvm.dylib+0x482594], sa_mask[0]=11111111011111110111111111111111, sa_flags=SA_RESTART|SA_SIGINFO
SIGILL: [libjvm.dylib+0x482594], sa_mask[0]=11111111011111110111111111111111, sa_flags=SA_RESTART|SA_SIGINFO
SIGUSR1: SIG_DFL, sa_mask[0]=00000000000000000000000000000000, sa_flags=none
SIGUSR2: [libjvm.dylib+0x4820b2], sa_mask[0]=00100000000000000000000000000000, sa_flags=SA_RESTART|SA_SIGINFO
SIGHUP: [libjvm.dylib+0x480689], sa_mask[0]=11111111011111110111111111111111, sa_flags=SA_RESTART|SA_SIGINFO
SIGINT: [libjvm.dylib+0x480689], sa_mask[0]=11111111011111110111111111111111, sa_flags=SA_RESTART|SA_SIGINFO
SIGTERM: [libjvm.dylib+0x480689], sa_mask[0]=11111111011111110111111111111111, sa_flags=SA_RESTART|SA_SIGINFO
SIGQUIT: [libjvm.dylib+0x480689], sa_mask[0]=11111111011111110111111111111111, sa_flags=SA_RESTART|SA_SIGINFO


---------------  S Y S T E M  ---------------

OS:Bsduname:Darwin 15.4.0 Darwin Kernel Version 15.4.0: Fri Feb 26 22:08:05 PST 2016; root:xnu-3248.40.184~3/RELEASE_X86_64 x86_64
rlimit: STACK 8192k, CORE 0k, NPROC 709, NOFILE 10240, AS infinity
load average:4.09 4.11 4.09

CPU:total 4 (4 cores per cpu, 1 threads per core) family 6 model 30 stepping 5, cmov, cx8, fxsr, mmx, sse, sse2, sse3, ssse3, sse4.1, sse4.2, popcnt, tsc, tscinvbit

Memory: 4k page, physical 8388608k(580632k free)

/proc/meminfo:


vm_info: Java HotSpot(TM) 64-Bit Server VM (25.91-b14) for bsd-amd64 JRE (1.8.0_91-b14), built on Apr  1 2016 01:03:00 by "java_re" with gcc 4.2.1 (Based on Apple Inc. build 5658) (LLVM build 2336.11.00)

time: Tue May 17 20:08:50 2016
elapsed time: 2992 seconds (0d 0h 49m 52s)

