#
# A fatal error has been detected by the Java Runtime Environment:
#
#  SIGSEGV (0xb) at pc=0x00007fff97afa4e9, pid=19412, tid=2571
#
# JRE version: Java(TM) SE Runtime Environment (8.0_91-b14) (build 1.8.0_91-b14)
# Java VM: Java HotSpot(TM) 64-Bit Server VM (25.91-b14 mixed mode bsd-amd64 compressed oops)
# Problematic frame:
# C  [libobjc.A.dylib+0x14e9]  objc_msgSend+0x29
#
# Failed to write core dump. Core dumps have been disabled. To enable core dumping, try "ulimit -c unlimited" before starting Java again
#
# If you would like to submit a bug report, please visit:
#   http://bugreport.java.com/bugreport/crash.jsp
# The crash happened outside the Java Virtual Machine in native code.
# See problematic frame for where to report the bug.
#

---------------  T H R E A D  ---------------

Current thread (0x00007f864d8df800):  JavaThread "AWT-AppKit" daemon [_thread_in_native, id=2571, stack(0x00007fff59b89000,0x00007fff5a389000)]

siginfo: si_signo: 11 (SIGSEGV), si_code: 1 (SEGV_MAPERR), si_addr: 0x0000000000000000

Registers:
RAX=0x00007f86506031b0, RBX=0x0000000187e0f450, RCX=0x000000011f517bc0, RDX=0x000000011f3e6c20
RSP=0x00007fff5a384418, RBP=0x00007fff5a3844d0, RSI=0x00007fff8b405ce6, RDI=0x00007f8650399a60
R8 =0x0000000000000000, R9 =0x00000000000008b0, R10=0x0000000000000000, R11=0x00007f86520af000
R12=0x0000000000000000, R13=0x000000018bddc010, R14=0x0000000187e0f440, R15=0x00007f864d8df800
RIP=0x00007fff97afa4e9, EFLAGS=0x0000000000010246, ERR=0x0000000000000004
  TRAPNO=0x000000000000000e

Top of Stack: (sp=0x00007fff5a384418)
0x00007fff5a384418:   0000000187e0d157 00007fff5a384470
0x00007fff5a384428:   0000000000000003 00007fff5a384450
0x00007fff5a384438:   0000000105ce54ea 000000018bddc010
0x00007fff5a384448:   000000018bddc010 00007f86506031b0
0x00007fff5a384458:   0000000187e0f6a0 0000000187e0f710
0x00007fff5a384468:   00007fff7a8e6770 00007fff7c4f4500
0x00007fff5a384478:   0000000187e0f450 0000000187e0f690
0x00007fff5a384488:   00007f86506031b0 00007f8650399a60
0x00007fff5a384498:   00007f864e799190 00007f86506031b0
0x00007fff5a3844a8:   00007f8650399a60 00007fff5a384550
0x00007fff5a3844b8:   00007f864d8df9f8 000000018bddc010
0x00007fff5a3844c8:   00007fff5a384578 00007fff5a384540
0x00007fff5a3844d8:   0000000107415814 00007fff5a384540
0x00007fff5a3844e8:   0000000107415599 00000001074217a3
0x00007fff5a3844f8:   0000000107415562 00007fff5a384500
0x00007fff5a384508:   000000018bddc010 00007fff5a384578
0x00007fff5a384518:   000000018bddec48 0000000000000000
0x00007fff5a384528:   000000018bddc010 0000000000000000
0x00007fff5a384538:   00007fff5a384560 00007fff5a3845c0
0x00007fff5a384548:   00000001074082bd 0000000743ba3118
0x00007fff5a384558:   0000000107411538 00007f86506031b0
0x00007fff5a384568:   0000000107412e39 00007f8650399a60
0x00007fff5a384578:   0000000107412e02 00007fff5a384580
0x00007fff5a384588:   000000018bddc1da 00007fff5a3845e8
0x00007fff5a384598:   000000018bddec48 0000000000000000
0x00007fff5a3845a8:   000000018bddc1e8 00007fff5a384560
0x00007fff5a3845b8:   00007fff5a3845d0 00007fff5a384630
0x00007fff5a3845c8:   00000001074082bd 00007f86506031b0
0x00007fff5a3845d8:   0000000743ae10b8 00007f8650399a60
0x00007fff5a3845e8:   0000000743ae10b8 00007fff5a3845f0
0x00007fff5a3845f8:   000000018fe4ab2e 00007fff5a384640
0x00007fff5a384608:   000000018fe4abe8 0000000000000000 

Instructions: (pc=0x00007fff97afa4e9)
0x00007fff97afa4c9:   01 2e 75 66 49 bb f8 ff ff ff ff 7f 00 00 4c 23
0x00007fff97afa4d9:   1f 49 89 f2 45 23 53 18 49 c1 e2 04 4d 03 53 10
0x00007fff97afa4e9:   49 3b 32 75 04 41 ff 62 08 49 83 3a 01 76 0d 49
0x00007fff97afa4f9:   83 c2 10 49 3b 32 75 f1 41 ff 62 08 72 40 4d 8b 

Register to memory mapping:

RAX=0x00007f86506031b0 is an unknown value
RBX=0x0000000187e0f450: Java_jogamp_nativewindow_macosx_OSXUtil_GetScreenRefreshRate0+0x1cf0 in /private/var/folders/tq/5cybh0451bx2v8l5x53f9c_h0000gn/T/jogamp_0000/file_cache/jln2276191050338196169/jln2993728078810837642/libnativewindow_macosx.jnilib at 0x0000000187e08000
RCX=0x000000011f517bc0 is an unknown value
RDX=0x000000011f3e6c20 is an unknown value
RSP=0x00007fff5a384418 is pointing into the stack for thread: 0x00007f864d8df800
RBP=0x00007fff5a3844d0 is pointing into the stack for thread: 0x00007f864d8df800
RSI=0x00007fff8b405ce6 is an unknown value
RDI=0x00007f8650399a60 is an unknown value
R8 =0x0000000000000000 is an unknown value
R9 =0x00000000000008b0 is an unknown value
R10=0x0000000000000000 is an unknown value
R11=0x00007f86520af000 is a thread
R12=0x0000000000000000 is an unknown value
R13={method} {0x000000018bddc010} 'UnsetJAWTRootSurfaceLayer0' '(JJ)V' in 'jogamp/nativewindow/jawt/macosx/MacOSXJAWTWindow'
R14=0x0000000187e0f440: Java_jogamp_nativewindow_macosx_OSXUtil_GetScreenRefreshRate0+0x1ce0 in /private/var/folders/tq/5cybh0451bx2v8l5x53f9c_h0000gn/T/jogamp_0000/file_cache/jln2276191050338196169/jln2993728078810837642/libnativewindow_macosx.jnilib at 0x0000000187e08000
R15=0x00007f864d8df800 is a thread


Stack: [0x00007fff59b89000,0x00007fff5a389000],  sp=0x00007fff5a384418,  free space=8173k
Native frames: (J=compiled Java code, j=interpreted, Vv=VM code, C=native code)
C  [libobjc.A.dylib+0x14e9]  objc_msgSend+0x29
j  jogamp.nativewindow.jawt.macosx.MacOSXJAWTWindow.UnsetJAWTRootSurfaceLayer0(JJ)V+0
j  jogamp.nativewindow.jawt.macosx.MacOSXJAWTWindow.access$200(JJ)V+2
j  jogamp.nativewindow.jawt.macosx.MacOSXJAWTWindow$1.run()V+38
j  com.jogamp.common.util.RunnableTask.run()V+24
v  ~StubRoutines::call_stub
V  [libjvm.dylib+0x2ec1e6]
V  [libjvm.dylib+0x323355]
V  [libjvm.dylib+0x315b23]
C  [libnativewindow_macosx.jnilib+0x5326]  Java_jogamp_nativewindow_jawt_macosx_MacOSXJAWTWindow_UnsetJAWTRootSurfaceLayer0+0x2b6
C  [Foundation+0x76f5e]  __NSThreadPerformPerform+0x117
C  [CoreFoundation+0xaa881]  __CFRUNLOOP_IS_CALLING_OUT_TO_A_SOURCE0_PERFORM_FUNCTION__+0x11
C  [CoreFoundation+0x89fbc]  __CFRunLoopDoSources0+0x22c
C  [CoreFoundation+0x894df]  __CFRunLoopRun+0x39f
C  [CoreFoundation+0x88ed8]  CFRunLoopRunSpecific+0x128
C  [HIToolbox+0x30935]  RunCurrentEventLoopInMode+0xeb
C  [HIToolbox+0x30677]  ReceiveNextEventCommon+0xb8
C  [HIToolbox+0x305af]  _BlockUntilNextEventMatchingListInModeWithFilter+0x47
C  [AppKit+0x48efa]  _DPSNextEvent+0x42b
C  [AppKit+0x4832a]  -[NSApplication _nextEventMatchingEventMask:untilDate:inMode:dequeue:]+0x1c6
C  [libosxapp.dylib+0x23aa]  -[NSApplicationAWT nextEventMatchingMask:untilDate:inMode:dequeue:]+0x7c
C  [AppKit+0x3ce84]  -[NSApplication run]+0x2aa
C  [libosxapp.dylib+0x214d]  +[NSApplicationAWT runAWTLoopWithApp:]+0x9c
C  [libawt_lwawt.dylib+0x4455b]  -[AWTStarter starter:]+0x389
C  [Foundation+0x76f5e]  __NSThreadPerformPerform+0x117
C  [CoreFoundation+0xaa881]  __CFRUNLOOP_IS_CALLING_OUT_TO_A_SOURCE0_PERFORM_FUNCTION__+0x11
C  [CoreFoundation+0x89fbc]  __CFRunLoopDoSources0+0x22c
C  [CoreFoundation+0x894df]  __CFRunLoopRun+0x39f
C  [CoreFoundation+0x88ed8]  CFRunLoopRunSpecific+0x128
C  [java+0x6463]  CreateExecutionEnvironment+0x367
C  [java+0x21ac]  JLI_Launch+0x7a0
C  [java+0x84c0]  main+0x65
C  [java+0x1a04]  start+0x34
C  0x0000000000000007

Java frames: (J=compiled Java code, j=interpreted, Vv=VM code)
j  jogamp.nativewindow.jawt.macosx.MacOSXJAWTWindow.UnsetJAWTRootSurfaceLayer0(JJ)V+0
j  jogamp.nativewindow.jawt.macosx.MacOSXJAWTWindow.access$200(JJ)V+2
j  jogamp.nativewindow.jawt.macosx.MacOSXJAWTWindow$1.run()V+38
j  com.jogamp.common.util.RunnableTask.run()V+24
v  ~StubRoutines::call_stub

---------------  P R O C E S S  ---------------

Java Threads: ( => current thread )
  0x00007f86520af000 JavaThread "Thread-19" [_thread_blocked, id=13607, stack(0x00007000019ee000,0x0000700001aee000)]
  0x00007f864d3c1000 JavaThread "AWT-EventQueue-1" [_thread_in_native, id=60207, stack(0x0000700001868000,0x0000700001968000)]
  0x00007f864c36e800 JavaThread "DestroyJavaVM" [_thread_blocked, id=5891, stack(0x000070000011a000,0x000070000021a000)]
  0x00007f864d935800 JavaThread "AWT-EventQueue-0" [_thread_blocked, id=53767, stack(0x0000700001662000,0x0000700001762000)]
  0x00007f864d1ef800 JavaThread "Java2D Disposer" daemon [_thread_blocked, id=48919, stack(0x00007000013d9000,0x00007000014d9000)]
  0x00007f864c96e000 JavaThread "Java2D Queue Flusher" daemon [_thread_blocked, id=49671, stack(0x00007000012d6000,0x00007000013d6000)]
  0x00007f864d8e4800 JavaThread "AWT-Shutdown" [_thread_blocked, id=28691, stack(0x00007000010cd000,0x00007000011cd000)]
=>0x00007f864d8df800 JavaThread "AWT-AppKit" daemon [_thread_in_native, id=2571, stack(0x00007fff59b89000,0x00007fff5a389000)]
  0x00007f864d860000 JavaThread "Service Thread" daemon [_thread_blocked, id=18435, stack(0x0000700000dc1000,0x0000700000ec1000)]
  0x00007f864d03b000 JavaThread "C1 CompilerThread2" daemon [_thread_blocked, id=17923, stack(0x0000700000cbe000,0x0000700000dbe000)]
  0x00007f864d854800 JavaThread "C2 CompilerThread1" daemon [_thread_blocked, id=17411, stack(0x0000700000bbb000,0x0000700000cbb000)]
  0x00007f864d004800 JavaThread "C2 CompilerThread0" daemon [_thread_blocked, id=16899, stack(0x0000700000ab8000,0x0000700000bb8000)]
  0x00007f864d807000 JavaThread "Signal Dispatcher" daemon [_thread_blocked, id=12815, stack(0x00007000009b5000,0x0000700000ab5000)]
  0x00007f864c014000 JavaThread "Finalizer" daemon [_thread_blocked, id=12291, stack(0x000070000082f000,0x000070000092f000)]
  0x00007f864c013000 JavaThread "Reference Handler" daemon [_thread_blocked, id=11779, stack(0x000070000072c000,0x000070000082c000)]

Other Threads:
  0x00007f864c010800 VMThread [stack: 0x0000700000629000,0x0000700000729000] [id=11267]
  0x00007f864d808800 WatcherThread [stack: 0x0000700000ec4000,0x0000700000fc4000] [id=18947]

VM state:not at safepoint (normal execution)

VM Mutex/Monitor currently owned by a thread: None

Heap:
 PSYoungGen      total 361472K, used 203166K [0x0000000795580000, 0x00000007adb00000, 0x00000007c0000000)
  eden space 335360K, 60% used [0x0000000795580000,0x00000007a1bc7a20,0x00000007a9d00000)
  from space 26112K, 0% used [0x00000007ac180000,0x00000007ac1a0000,0x00000007adb00000)
  to   space 31744K, 0% used [0x00000007a9d00000,0x00000007a9d00000,0x00000007abc00000)
 ParOldGen       total 143872K, used 72729K [0x0000000740000000, 0x0000000748c80000, 0x0000000795580000)
  object space 143872K, 50% used [0x0000000740000000,0x00000007447067e8,0x0000000748c80000)
 Metaspace       used 19073K, capacity 19273K, committed 19456K, reserved 1067008K
  class space    used 1894K, capacity 1981K, committed 2048K, reserved 1048576K

Card table byte_map: [0x00000001167c0000,0x0000000116bc1000] byte_map_base: 0x0000000112dc0000

Marking Bits: (ParMarkBitMap*) 0x00000001063d9eb0
 Begin Bits: [0x0000000116e6c000, 0x0000000118e6c000)
 End Bits:   [0x0000000118e6c000, 0x000000011ae6c000)

Polling page: 0x0000000106ace000

CodeCache: size=245760Kb used=6644Kb max_used=6644Kb free=239115Kb
 bounds [0x0000000107400000, 0x0000000107a90000, 0x0000000116400000]
 total_blobs=2729 nmethods=1855 adapters=789
 compilation: enabled

Compilation events (10 events):
Event: 31.784 Thread 0x00007f864d03b000 2148       1       jogamp.opengl.macosx.cgl.MacOSXCGLContext::access$6300 (5 bytes)
Event: 31.784 Thread 0x00007f864d03b000 nmethod 2148 0x0000000107a84710 code [0x0000000107a84860, 0x0000000107a84950]
Event: 31.839 Thread 0x00007f864d03b000 2149       1       com.jogamp.opengl.FBObject$TextureAttachment::isTextureAttachment (2 bytes)
Event: 31.839 Thread 0x00007f864d03b000 nmethod 2149 0x0000000107a849d0 code [0x0000000107a84b20, 0x0000000107a84c30]
Event: 31.932 Thread 0x00007f864d03b000 2151       3       jogamp.nativewindow.jawt.JAWT_DrawingSurfaceInfo::getBuffer (8 bytes)
Event: 31.933 Thread 0x00007f864d03b000 nmethod 2151 0x0000000107a85010 code [0x0000000107a85180, 0x0000000107a85370]
Event: 31.939 Thread 0x00007f864d03b000 2152   !   3       sun.lwawt.LWComponentPeer::isShowing (49 bytes)
Event: 31.940 Thread 0x00007f864d03b000 nmethod 2152 0x0000000107a85410 code [0x0000000107a855c0, 0x0000000107a85ec8]
Event: 31.940 Thread 0x00007f864d03b000 2153       1       sun.lwawt.LWComponentPeer::getPeerTreeLock (4 bytes)
Event: 31.940 Thread 0x00007f864d03b000 nmethod 2153 0x0000000107a86190 code [0x0000000107a862e0, 0x0000000107a863d0]

GC Heap History (10 events):
Event: 17.998 GC heap before
{Heap before GC invocations=13 (full 1):
 PSYoungGen      total 256512K, used 218240K [0x0000000795580000, 0x00000007aa500000, 0x00000007c0000000)
  eden space 218112K, 100% used [0x0000000795580000,0x00000007a2a80000,0x00000007a2a80000)
  from space 38400K, 0% used [0x00000007a2a80000,0x00000007a2aa0000,0x00000007a5000000)
  to   space 37888K, 0% used [0x00000007a8000000,0x00000007a8000000,0x00000007aa500000)
 ParOldGen       total 143872K, used 72689K [0x0000000740000000, 0x0000000748c80000, 0x0000000795580000)
  object space 143872K, 50% used [0x0000000740000000,0x00000007446fc7e8,0x0000000748c80000)
 Metaspace       used 18885K, capacity 19045K, committed 19456K, reserved 1067008K
  class space    used 1883K, capacity 1949K, committed 2048K, reserved 1048576K
Event: 18.009 GC heap after
Heap after GC invocations=13 (full 1):
 PSYoungGen      total 292352K, used 128K [0x0000000795580000, 0x00000007a9d80000, 0x00000007c0000000)
  eden space 262144K, 0% used [0x0000000795580000,0x0000000795580000,0x00000007a5580000)
  from space 30208K, 0% used [0x00000007a8000000,0x00000007a8020000,0x00000007a9d80000)
  to   space 36864K, 0% used [0x00000007a5580000,0x00000007a5580000,0x00000007a7980000)
 ParOldGen       total 143872K, used 72697K [0x0000000740000000, 0x0000000748c80000, 0x0000000795580000)
  object space 143872K, 50% used [0x0000000740000000,0x00000007446fe7e8,0x0000000748c80000)
 Metaspace       used 18885K, capacity 19045K, committed 19456K, reserved 1067008K
  class space    used 1883K, capacity 1949K, committed 2048K, reserved 1048576K
}
Event: 19.998 GC heap before
{Heap before GC invocations=14 (full 1):
 PSYoungGen      total 292352K, used 262272K [0x0000000795580000, 0x00000007a9d80000, 0x00000007c0000000)
  eden space 262144K, 100% used [0x0000000795580000,0x00000007a5580000,0x00000007a5580000)
  from space 30208K, 0% used [0x00000007a8000000,0x00000007a8020000,0x00000007a9d80000)
  to   space 36864K, 0% used [0x00000007a5580000,0x00000007a5580000,0x00000007a7980000)
 ParOldGen       total 143872K, used 72697K [0x0000000740000000, 0x0000000748c80000, 0x0000000795580000)
  object space 143872K, 50% used [0x0000000740000000,0x00000007446fe7e8,0x0000000748c80000)
 Metaspace       used 18905K, capacity 19045K, committed 19456K, reserved 1067008K
  class space    used 1883K, capacity 1949K, committed 2048K, reserved 1048576K
Event: 20.009 GC heap after
Heap after GC invocations=14 (full 1):
 PSYoungGen      total 299008K, used 96K [0x0000000795580000, 0x00000007ac900000, 0x00000007c0000000)
  eden space 262144K, 0% used [0x0000000795580000,0x0000000795580000,0x00000007a5580000)
  from space 36864K, 0% used [0x00000007a5580000,0x00000007a5598000,0x00000007a7980000)
  to   space 35840K, 0% used [0x00000007aa600000,0x00000007aa600000,0x00000007ac900000)
 ParOldGen       total 143872K, used 72705K [0x0000000740000000, 0x0000000748c80000, 0x0000000795580000)
  object space 143872K, 50% used [0x0000000740000000,0x00000007447007e8,0x0000000748c80000)
 Metaspace       used 18905K, capacity 19045K, committed 19456K, reserved 1067008K
  class space    used 1883K, capacity 1949K, committed 2048K, reserved 1048576K
}
Event: 22.055 GC heap before
{Heap before GC invocations=15 (full 1):
 PSYoungGen      total 299008K, used 262240K [0x0000000795580000, 0x00000007ac900000, 0x00000007c0000000)
  eden space 262144K, 100% used [0x0000000795580000,0x00000007a5580000,0x00000007a5580000)
  from space 36864K, 0% used [0x00000007a5580000,0x00000007a5598000,0x00000007a7980000)
  to   space 35840K, 0% used [0x00000007aa600000,0x00000007aa600000,0x00000007ac900000)
 ParOldGen       total 143872K, used 72705K [0x0000000740000000, 0x0000000748c80000, 0x0000000795580000)
  object space 143872K, 50% used [0x0000000740000000,0x00000007447007e8,0x0000000748c80000)
 Metaspace       used 18914K, capacity 19109K, committed 19456K, reserved 1067008K
  class space    used 1883K, capacity 1949K, committed 2048K, reserved 1048576K
Event: 22.056 GC heap after
Heap after GC invocations=15 (full 1):
 PSYoungGen      total 326144K, used 128K [0x0000000795580000, 0x00000007abf00000, 0x00000007c0000000)
  eden space 300544K, 0% used [0x0000000795580000,0x0000000795580000,0x00000007a7b00000)
  from space 25600K, 0% used [0x00000007aa600000,0x00000007aa620000,0x00000007abf00000)
  to   space 34816K, 0% used [0x00000007a7b00000,0x00000007a7b00000,0x00000007a9d00000)
 ParOldGen       total 143872K, used 72713K [0x0000000740000000, 0x0000000748c80000, 0x0000000795580000)
  object space 143872K, 50% used [0x0000000740000000,0x00000007447027e8,0x0000000748c80000)
 Metaspace       used 18914K, capacity 19109K, committed 19456K, reserved 1067008K
  class space    used 1883K, capacity 1949K, committed 2048K, reserved 1048576K
}
Event: 24.307 GC heap before
{Heap before GC invocations=16 (full 1):
 PSYoungGen      total 326144K, used 300672K [0x0000000795580000, 0x00000007abf00000, 0x00000007c0000000)
  eden space 300544K, 100% used [0x0000000795580000,0x00000007a7b00000,0x00000007a7b00000)
  from space 25600K, 0% used [0x00000007aa600000,0x00000007aa620000,0x00000007abf00000)
  to   space 34816K, 0% used [0x00000007a7b00000,0x00000007a7b00000,0x00000007a9d00000)
 ParOldGen       total 143872K, used 72713K [0x0000000740000000, 0x0000000748c80000, 0x0000000795580000)
  object space 143872K, 50% used [0x0000000740000000,0x00000007447027e8,0x0000000748c80000)
 Metaspace       used 18944K, capacity 19173K, committed 19456K, reserved 1067008K
  class space    used 1883K, capacity 1949K, committed 2048K, reserved 1048576K
Event: 24.318 GC heap after
Heap after GC invocations=16 (full 1):
 PSYoungGen      total 335360K, used 128K [0x0000000795580000, 0x00000007ae200000, 0x00000007c0000000)
  eden space 300544K, 0% used [0x0000000795580000,0x0000000795580000,0x00000007a7b00000)
  from space 34816K, 0% used [0x00000007a7b00000,0x00000007a7b20000,0x00000007a9d00000)
  to   space 33280K, 0% used [0x00000007ac180000,0x00000007ac180000,0x00000007ae200000)
 ParOldGen       total 143872K, used 72721K [0x0000000740000000, 0x0000000748c80000, 0x0000000795580000)
  object space 143872K, 50% used [0x0000000740000000,0x00000007447047e8,0x0000000748c80000)
 Metaspace       used 18944K, capacity 19173K, committed 19456K, reserved 1067008K
  class space    used 1883K, capacity 1949K, committed 2048K, reserved 1048576K
}
Event: 26.917 GC heap before
{Heap before GC invocations=17 (full 1):
 PSYoungGen      total 335360K, used 300672K [0x0000000795580000, 0x00000007ae200000, 0x00000007c0000000)
  eden space 300544K, 100% used [0x0000000795580000,0x00000007a7b00000,0x00000007a7b00000)
  from space 34816K, 0% used [0x00000007a7b00000,0x00000007a7b20000,0x00000007a9d00000)
  to   space 33280K, 0% used [0x00000007ac180000,0x00000007ac180000,0x00000007ae200000)
 ParOldGen       total 143872K, used 72721K [0x0000000740000000, 0x0000000748c80000, 0x0000000795580000)
  object space 143872K, 50% used [0x0000000740000000,0x00000007447047e8,0x0000000748c80000)
 Metaspace       used 18957K, capacity 19173K, committed 19456K, reserved 1067008K
  class space    used 1883K, capacity 1949K, committed 2048K, reserved 1048576K
Event: 26.928 GC heap after
Heap after GC invocations=17 (full 1):
 PSYoungGen      total 361472K, used 128K [0x0000000795580000, 0x00000007adb00000, 0x00000007c0000000)
  eden space 335360K, 0% used [0x0000000795580000,0x0000000795580000,0x00000007a9d00000)
  from space 26112K, 0% used [0x00000007ac180000,0x00000007ac1a0000,0x00000007adb00000)
  to   space 31744K, 0% used [0x00000007a9d00000,0x00000007a9d00000,0x00000007abc00000)
 ParOldGen       total 143872K, used 72729K [0x0000000740000000, 0x0000000748c80000, 0x0000000795580000)
  object space 143872K, 50% used [0x0000000740000000,0x00000007447067e8,0x0000000748c80000)
 Metaspace       used 18957K, capacity 19173K, committed 19456K, reserved 1067008K
  class space    used 1883K, capacity 1949K, committed 2048K, reserved 1048576K
}

Deoptimization events (10 events):
Event: 24.763 Thread 0x00007f864d3c1000 Uncommon trap: reason=speculate_class_check action=maybe_recompile pc=0x0000000107a281c8 method=com.jogamp.common.nio.Buffers.getDirectBufferByteOffset(Ljava/lang/Object;)I @ 31
Event: 25.063 Thread 0x00007f864d3c1000 Uncommon trap: reason=speculate_class_check action=maybe_recompile pc=0x0000000107a33ac8 method=com.jogamp.common.nio.Buffers.getDirectBufferByteOffset(Ljava/lang/Object;)I @ 42
Event: 25.063 Thread 0x00007f864d3c1000 Uncommon trap: reason=speculate_class_check action=maybe_recompile pc=0x0000000107a33ac8 method=com.jogamp.common.nio.Buffers.getDirectBufferByteOffset(Ljava/lang/Object;)I @ 42
Event: 28.076 Thread 0x00007f864d3c1000 Uncommon trap: reason=unstable_if action=reinterpret pc=0x00000001079f7358 method=processing.opengl.PGraphicsOpenGL.nonZero(F)Z @ 8
Event: 31.514 Thread 0x00007f864d3c1000 Uncommon trap: reason=class_check action=maybe_recompile pc=0x00000001078a2878 method=java.util.Arrays.copyOf([Ljava/lang/Object;ILjava/lang/Class;)[Ljava/lang/Object; @ 24
Event: 31.514 Thread 0x00007f864d3c1000 Uncommon trap: reason=class_check action=maybe_recompile pc=0x00000001078a2878 method=java.util.Arrays.copyOf([Ljava/lang/Object;ILjava/lang/Class;)[Ljava/lang/Object; @ 24
Event: 31.515 Thread 0x00007f864d3c1000 Uncommon trap: reason=unstable_if action=reinterpret pc=0x00000001078f9da8 method=com.jogamp.common.util.VersionNumber.compareTo(Lcom/jogamp/common/util/VersionNumber;)I @ 21
Event: 31.782 Thread 0x00007f864d8f5000 Uncommon trap: reason=unstable_if action=reinterpret pc=0x00000001078a3334 method=java.util.HashMap.putVal(ILjava/lang/Object;Ljava/lang/Object;ZZ)Ljava/lang/Object; @ 81
Event: 31.782 Thread 0x00007f864d8f5000 Uncommon trap: reason=unstable_if action=reinterpret pc=0x0000000107828b3c method=java.util.HashMap.putVal(ILjava/lang/Object;Ljava/lang/Object;ZZ)Ljava/lang/Object; @ 81
Event: 31.960 Thread 0x00007f86520af000 Uncommon trap: reason=predicate action=maybe_recompile pc=0x00000001078aa870 method=java.util.Vector.indexOf(Ljava/lang/Object;I)I @ 44

Internal exceptions (10 events):
Event: 0.504 Thread 0x00007f864d007800 Exception <a 'java/lang/NoSuchFieldError': method resolution failed> (0x0000000795785c50) thrown at [/Users/java_re/workspace/8-2-build-macosx-x86_64/jdk8u91/6644/hotspot/src/share/vm/prims/methodHandles.cpp, line 1146]
Event: 0.506 Thread 0x00007f864d007800 Exception <a 'java/lang/NoSuchFieldError': method resolution failed> (0x0000000795793420) thrown at [/Users/java_re/workspace/8-2-build-macosx-x86_64/jdk8u91/6644/hotspot/src/share/vm/prims/methodHandles.cpp, line 1146]
Event: 1.217 Thread 0x00007f864d007800 Exception <a 'java/io/FileNotFoundException'> (0x000000079580f3c8) thrown at [/Users/java_re/workspace/8-2-build-macosx-x86_64/jdk8u91/6644/hotspot/src/share/vm/prims/jni.cpp, line 709]
Event: 1.217 Thread 0x00007f864d007800 Exception <a 'java/io/FileNotFoundException'> (0x000000079580ff30) thrown at [/Users/java_re/workspace/8-2-build-macosx-x86_64/jdk8u91/6644/hotspot/src/share/vm/prims/jni.cpp, line 709]
Event: 1.445 Thread 0x00007f864d007800 Exception <a 'java/io/FileNotFoundException'> (0x000000079594b880) thrown at [/Users/java_re/workspace/8-2-build-macosx-x86_64/jdk8u91/6644/hotspot/src/share/vm/prims/jni.cpp, line 709]
Event: 4.545 Thread 0x00007f864c960800 Exception <a 'java/lang/UnsatisfiedLinkError': com.jogamp.common.util.JarUtil.fixNativeLibAttribs(Ljava/lang/String;)Z> (0x0000000796be1d90) thrown at [/Users/java_re/workspace/8-2-build-macosx-x86_64/jdk8u91/6644/hotspot/src/share/vm/prims/nativeLookup.c
Event: 5.035 Thread 0x00007f864c014000 Exception <a 'java/lang/NullPointerException'> (0x00000007956a6610) thrown at [/Users/java_re/workspace/8-2-build-macosx-x86_64/jdk8u91/6644/hotspot/src/share/vm/interpreter/linkResolver.cpp, line 1178]
Event: 6.104 Thread 0x00007f864d3c1000 Exception <a 'java/io/FileNotFoundException'> (0x0000000795f56ef8) thrown at [/Users/java_re/workspace/8-2-build-macosx-x86_64/jdk8u91/6644/hotspot/src/share/vm/prims/jni.cpp, line 709]
Event: 6.104 Thread 0x00007f864d3c1000 Exception <a 'java/io/FileNotFoundException'> (0x0000000795f5d298) thrown at [/Users/java_re/workspace/8-2-build-macosx-x86_64/jdk8u91/6644/hotspot/src/share/vm/prims/jni.cpp, line 709]
Event: 6.104 Thread 0x00007f864d3c1000 Implicit null exception at 0x00000001075a83f5 to 0x00000001075a876d

Events (10 events):
Event: 31.959 loading class java/awt/event/AWTEventListenerProxy
Event: 31.959 loading class java/awt/event/AWTEventListenerProxy done
Event: 31.959 loading class java/awt/Toolkit$ToolkitEventMulticaster
Event: 31.959 loading class java/awt/Toolkit$ToolkitEventMulticaster done
Event: 31.960 Thread 0x00007f864d8f5000 Thread exited: 0x00007f864d8f5000
Event: 31.960 Thread 0x00007f86520af000 Uncommon trap: trap_request=0xffffff86 fr.pc=0x00000001078aa870
Event: 31.960 Thread 0x00007f86520af000 DEOPT PACKING pc=0x00000001078aa870 sp=0x0000700001aed7f0
Event: 31.960 Thread 0x00007f86520af000 DEOPT UNPACKING pc=0x0000000107405229 sp=0x0000700001aed7a0 mode 2
Event: 31.960 loading class java/awt/Window$1DisposeAction
Event: 31.960 loading class java/awt/Window$1DisposeAction done


Dynamic libraries:
0x0000000009285000 	/System/Library/Frameworks/Cocoa.framework/Versions/A/Cocoa
0x0000000009285000 	/System/Library/Frameworks/Security.framework/Versions/A/Security
0x0000000009285000 	/System/Library/Frameworks/ApplicationServices.framework/Versions/A/ApplicationServices
0x0000000009285000 	/usr/lib/libz.1.dylib
0x0000000009285000 	/usr/lib/libSystem.B.dylib
0x0000000009285000 	/usr/lib/libobjc.A.dylib
0x0000000009285000 	/System/Library/Frameworks/CoreFoundation.framework/Versions/A/CoreFoundation
0x0000000009285000 	/System/Library/Frameworks/Foundation.framework/Versions/C/Foundation
0x0000000009285000 	/System/Library/Frameworks/AppKit.framework/Versions/C/AppKit
0x0000000009285000 	/System/Library/Frameworks/CoreData.framework/Versions/A/CoreData
0x0000000009285000 	/System/Library/PrivateFrameworks/RemoteViewServices.framework/Versions/A/RemoteViewServices
0x0000000009285000 	/System/Library/PrivateFrameworks/UIFoundation.framework/Versions/A/UIFoundation
0x0000000009285000 	/usr/lib/libScreenReader.dylib
0x0000000009285000 	/System/Library/Frameworks/Accelerate.framework/Versions/A/Accelerate
0x0000000009285000 	/System/Library/Frameworks/IOSurface.framework/Versions/A/IOSurface
0x0000000009285000 	/System/Library/Frameworks/AudioToolbox.framework/Versions/A/AudioToolbox
0x0000000009285000 	/System/Library/Frameworks/AudioUnit.framework/Versions/A/AudioUnit
0x0000000009285000 	/System/Library/PrivateFrameworks/DataDetectorsCore.framework/Versions/A/DataDetectorsCore
0x0000000009285000 	/System/Library/PrivateFrameworks/DesktopServicesPriv.framework/Versions/A/DesktopServicesPriv
0x0000000009285000 	/System/Library/Frameworks/Carbon.framework/Versions/A/Frameworks/HIToolbox.framework/Versions/A/HIToolbox
0x0000000009285000 	/System/Library/Frameworks/QuartzCore.framework/Versions/A/QuartzCore
0x0000000009285000 	/System/Library/Frameworks/Carbon.framework/Versions/A/Frameworks/SpeechRecognition.framework/Versions/A/SpeechRecognition
0x0000000009285000 	/usr/lib/libauto.dylib
0x0000000009285000 	/usr/lib/libicucore.A.dylib
0x0000000009285000 	/usr/lib/libxml2.2.dylib
0x0000000009285000 	/System/Library/PrivateFrameworks/CoreUI.framework/Versions/A/CoreUI
0x0000000009285000 	/System/Library/Frameworks/CoreAudio.framework/Versions/A/CoreAudio
0x0000000009285000 	/System/Library/Frameworks/DiskArbitration.framework/Versions/A/DiskArbitration
0x0000000009285000 	/usr/lib/liblangid.dylib
0x0000000009285000 	/System/Library/PrivateFrameworks/MultitouchSupport.framework/Versions/A/MultitouchSupport
0x0000000009285000 	/System/Library/Frameworks/IOKit.framework/Versions/A/IOKit
0x0000000009285000 	/usr/lib/libDiagnosticMessagesClient.dylib
0x0000000009285000 	/System/Library/Frameworks/CoreServices.framework/Versions/A/CoreServices
0x0000000009285000 	/System/Library/PrivateFrameworks/PerformanceAnalysis.framework/Versions/A/PerformanceAnalysis
0x0000000009285000 	/System/Library/PrivateFrameworks/GenerationalStorage.framework/Versions/A/GenerationalStorage
0x0000000009285000 	/System/Library/Frameworks/OpenGL.framework/Versions/A/OpenGL
0x0000000009285000 	/System/Library/PrivateFrameworks/Sharing.framework/Versions/A/Sharing
0x0000000009285000 	/System/Library/Frameworks/CoreGraphics.framework/Versions/A/CoreGraphics
0x0000000009285000 	/System/Library/Frameworks/CoreImage.framework/Versions/A/CoreImage
0x0000000009285000 	/System/Library/Frameworks/CoreText.framework/Versions/A/CoreText
0x0000000009285000 	/System/Library/Frameworks/ImageIO.framework/Versions/A/ImageIO
0x0000000009285000 	/System/Library/PrivateFrameworks/Backup.framework/Versions/A/Backup
0x0000000009285000 	/usr/lib/libextension.dylib
0x0000000009285000 	/usr/lib/libarchive.2.dylib
0x0000000009285000 	/System/Library/Frameworks/CFNetwork.framework/Versions/A/CFNetwork
0x0000000009285000 	/System/Library/Frameworks/SystemConfiguration.framework/Versions/A/SystemConfiguration
0x0000000009285000 	/usr/lib/libCRFSuite.dylib
0x0000000009285000 	/usr/lib/libc++.1.dylib
0x0000000009285000 	/usr/lib/libc++abi.dylib
0x0000000009285000 	/usr/lib/system/libcache.dylib
0x0000000009285000 	/usr/lib/system/libcommonCrypto.dylib
0x0000000009285000 	/usr/lib/system/libcompiler_rt.dylib
0x0000000009285000 	/usr/lib/system/libcopyfile.dylib
0x0000000009285000 	/usr/lib/system/libcorecrypto.dylib
0x0000000009285000 	/usr/lib/system/libdispatch.dylib
0x0000000009285000 	/usr/lib/system/libdyld.dylib
0x0000000009285000 	/usr/lib/system/libkeymgr.dylib
0x0000000009285000 	/usr/lib/system/liblaunch.dylib
0x0000000009285000 	/usr/lib/system/libmacho.dylib
0x0000000009285000 	/usr/lib/system/libquarantine.dylib
0x0000000009285000 	/usr/lib/system/libremovefile.dylib
0x0000000009285000 	/usr/lib/system/libsystem_asl.dylib
0x0000000009285000 	/usr/lib/system/libsystem_blocks.dylib
0x0000000009285000 	/usr/lib/system/libsystem_c.dylib
0x0000000009285000 	/usr/lib/system/libsystem_configuration.dylib
0x0000000009285000 	/usr/lib/system/libsystem_coreservices.dylib
0x0000000009285000 	/usr/lib/system/libsystem_coretls.dylib
0x0000000009285000 	/usr/lib/system/libsystem_dnssd.dylib
0x0000000009285000 	/usr/lib/system/libsystem_info.dylib
0x0000000009285000 	/usr/lib/system/libsystem_kernel.dylib
0x0000000009285000 	/usr/lib/system/libsystem_m.dylib
0x0000000009285000 	/usr/lib/system/libsystem_malloc.dylib
0x0000000009285000 	/usr/lib/system/libsystem_network.dylib
0x0000000009285000 	/usr/lib/system/libsystem_networkextension.dylib
0x0000000009285000 	/usr/lib/system/libsystem_notify.dylib
0x0000000009285000 	/usr/lib/system/libsystem_platform.dylib
0x0000000009285000 	/usr/lib/system/libsystem_pthread.dylib
0x0000000009285000 	/usr/lib/system/libsystem_sandbox.dylib
0x0000000009285000 	/usr/lib/system/libsystem_secinit.dylib
0x0000000009285000 	/usr/lib/system/libsystem_trace.dylib
0x0000000009285000 	/usr/lib/system/libunc.dylib
0x0000000009285000 	/usr/lib/system/libunwind.dylib
0x0000000009285000 	/usr/lib/system/libxpc.dylib
0x0000000009285000 	/usr/lib/libenergytrace.dylib
0x0000000009285000 	/usr/lib/libbsm.0.dylib
0x0000000009285000 	/usr/lib/system/libkxld.dylib
0x0000000009285000 	/usr/lib/libxar.1.dylib
0x0000000009285000 	/usr/lib/libsqlite3.dylib
0x0000000009285000 	/usr/lib/libpam.2.dylib
0x0000000009285000 	/usr/lib/libOpenScriptingUtil.dylib
0x0000000009285000 	/usr/lib/libbz2.1.0.dylib
0x0000000009285000 	/usr/lib/liblzma.5.dylib
0x0000000009285000 	/System/Library/Frameworks/CoreServices.framework/Versions/A/Frameworks/FSEvents.framework/Versions/A/FSEvents
0x0000000009285000 	/System/Library/Frameworks/CoreServices.framework/Versions/A/Frameworks/CarbonCore.framework/Versions/A/CarbonCore
0x0000000009285000 	/System/Library/Frameworks/CoreServices.framework/Versions/A/Frameworks/Metadata.framework/Versions/A/Metadata
0x0000000009285000 	/System/Library/Frameworks/CoreServices.framework/Versions/A/Frameworks/OSServices.framework/Versions/A/OSServices
0x0000000009285000 	/System/Library/Frameworks/CoreServices.framework/Versions/A/Frameworks/SearchKit.framework/Versions/A/SearchKit
0x0000000009285000 	/System/Library/Frameworks/CoreServices.framework/Versions/A/Frameworks/AE.framework/Versions/A/AE
0x0000000009285000 	/System/Library/Frameworks/CoreServices.framework/Versions/A/Frameworks/LaunchServices.framework/Versions/A/LaunchServices
0x0000000009285000 	/System/Library/Frameworks/CoreServices.framework/Versions/A/Frameworks/DictionaryServices.framework/Versions/A/DictionaryServices
0x0000000009285000 	/System/Library/Frameworks/CoreServices.framework/Versions/A/Frameworks/SharedFileList.framework/Versions/A/SharedFileList
0x0000000009285000 	/System/Library/Frameworks/NetFS.framework/Versions/A/NetFS
0x0000000009285000 	/System/Library/PrivateFrameworks/NetAuth.framework/Versions/A/NetAuth
0x0000000009285000 	/System/Library/PrivateFrameworks/login.framework/Versions/A/Frameworks/loginsupport.framework/Versions/A/loginsupport
0x0000000009285000 	/System/Library/PrivateFrameworks/TCC.framework/Versions/A/TCC
0x0000000009285000 	/usr/lib/libmecabra.dylib
0x0000000009285000 	/System/Library/Frameworks/ApplicationServices.framework/Versions/A/Frameworks/ATS.framework/Versions/A/ATS
0x0000000009285000 	/System/Library/Frameworks/ApplicationServices.framework/Versions/A/Frameworks/ColorSync.framework/Versions/A/ColorSync
0x0000000009285000 	/System/Library/Frameworks/ApplicationServices.framework/Versions/A/Frameworks/HIServices.framework/Versions/A/HIServices
0x0000000009285000 	/System/Library/Frameworks/ApplicationServices.framework/Versions/A/Frameworks/LangAnalysis.framework/Versions/A/LangAnalysis
0x0000000009285000 	/System/Library/Frameworks/ApplicationServices.framework/Versions/A/Frameworks/PrintCore.framework/Versions/A/PrintCore
0x0000000009285000 	/System/Library/Frameworks/ApplicationServices.framework/Versions/A/Frameworks/QD.framework/Versions/A/QD
0x0000000009285000 	/System/Library/Frameworks/ApplicationServices.framework/Versions/A/Frameworks/SpeechSynthesis.framework/Versions/A/SpeechSynthesis
0x0000000009285000 	/System/Library/Frameworks/Metal.framework/Versions/A/Metal
0x0000000009285000 	/System/Library/Frameworks/Accelerate.framework/Versions/A/Frameworks/vImage.framework/Versions/A/vImage
0x0000000009285000 	/System/Library/Frameworks/Accelerate.framework/Versions/A/Frameworks/vecLib.framework/Versions/A/vecLib
0x0000000009285000 	/System/Library/Frameworks/Accelerate.framework/Versions/A/Frameworks/vecLib.framework/Versions/A/libvDSP.dylib
0x0000000009285000 	/System/Library/Frameworks/Accelerate.framework/Versions/A/Frameworks/vecLib.framework/Versions/A/libvMisc.dylib
0x0000000009285000 	/System/Library/Frameworks/Accelerate.framework/Versions/A/Frameworks/vecLib.framework/Versions/A/libLAPACK.dylib
0x0000000009285000 	/System/Library/Frameworks/Accelerate.framework/Versions/A/Frameworks/vecLib.framework/Versions/A/libBLAS.dylib
0x0000000009285000 	/System/Library/Frameworks/Accelerate.framework/Versions/A/Frameworks/vecLib.framework/Versions/A/libLinearAlgebra.dylib
0x0000000009285000 	/System/Library/Frameworks/Accelerate.framework/Versions/A/Frameworks/vecLib.framework/Versions/A/libSparseBLAS.dylib
0x0000000009285000 	/System/Library/PrivateFrameworks/GPUCompiler.framework/libmetal_timestamp.dylib
0x0000000009285000 	/System/Library/Frameworks/OpenGL.framework/Versions/A/Libraries/libCoreFSCache.dylib
0x0000000009285000 	/System/Library/PrivateFrameworks/IOAccelerator.framework/Versions/A/IOAccelerator
0x0000000009285000 	/System/Library/Frameworks/ApplicationServices.framework/Versions/A/Frameworks/ATS.framework/Versions/A/Resources/libFontParser.dylib
0x0000000009285000 	/System/Library/Frameworks/ApplicationServices.framework/Versions/A/Frameworks/ATS.framework/Versions/A/Resources/libFontRegistry.dylib
0x0000000009285000 	/System/Library/PrivateFrameworks/AppleVPA.framework/Versions/A/AppleVPA
0x0000000009285000 	/System/Library/PrivateFrameworks/AppleJPEG.framework/Versions/A/AppleJPEG
0x0000000009285000 	/System/Library/Frameworks/ImageIO.framework/Versions/A/Resources/libJPEG.dylib
0x0000000009285000 	/System/Library/Frameworks/ImageIO.framework/Versions/A/Resources/libTIFF.dylib
0x0000000009285000 	/System/Library/Frameworks/ImageIO.framework/Versions/A/Resources/libPng.dylib
0x0000000009285000 	/System/Library/Frameworks/ImageIO.framework/Versions/A/Resources/libGIF.dylib
0x0000000009285000 	/System/Library/Frameworks/ImageIO.framework/Versions/A/Resources/libJP2.dylib
0x0000000009285000 	/System/Library/Frameworks/ImageIO.framework/Versions/A/Resources/libRadiance.dylib
0x0000000009285000 	/System/Library/Frameworks/CoreVideo.framework/Versions/A/CoreVideo
0x0000000009285000 	/System/Library/Frameworks/OpenGL.framework/Versions/A/Libraries/libGLU.dylib
0x0000000009285000 	/System/Library/Frameworks/OpenGL.framework/Versions/A/Libraries/libGFXShared.dylib
0x0000000009285000 	/System/Library/Frameworks/OpenGL.framework/Versions/A/Libraries/libGL.dylib
0x0000000009285000 	/System/Library/Frameworks/OpenGL.framework/Versions/A/Libraries/libGLImage.dylib
0x0000000009285000 	/System/Library/Frameworks/OpenGL.framework/Versions/A/Libraries/libCVMSPluginSupport.dylib
0x0000000009285000 	/System/Library/Frameworks/OpenGL.framework/Versions/A/Libraries/libCoreVMClient.dylib
0x0000000009285000 	/usr/lib/libcups.2.dylib
0x0000000009285000 	/System/Library/Frameworks/Kerberos.framework/Versions/A/Kerberos
0x0000000009285000 	/System/Library/Frameworks/GSS.framework/Versions/A/GSS
0x0000000009285000 	/usr/lib/libresolv.9.dylib
0x0000000009285000 	/usr/lib/libiconv.2.dylib
0x0000000009285000 	/System/Library/PrivateFrameworks/Heimdal.framework/Versions/A/Heimdal
0x0000000009285000 	/usr/lib/libheimdal-asn1.dylib
0x0000000009285000 	/System/Library/Frameworks/OpenDirectory.framework/Versions/A/OpenDirectory
0x0000000009285000 	/System/Library/PrivateFrameworks/CommonAuth.framework/Versions/A/CommonAuth
0x0000000009285000 	/System/Library/Frameworks/OpenDirectory.framework/Versions/A/Frameworks/CFOpenDirectory.framework/Versions/A/CFOpenDirectory
0x0000000009285000 	/System/Library/Frameworks/SecurityFoundation.framework/Versions/A/SecurityFoundation
0x0000000009285000 	/System/Library/PrivateFrameworks/LanguageModeling.framework/Versions/A/LanguageModeling
0x0000000009285000 	/usr/lib/libmarisa.dylib
0x0000000009285000 	/usr/lib/libChineseTokenizer.dylib
0x0000000009285000 	/usr/lib/libcmph.dylib
0x0000000009285000 	/usr/lib/libcompression.dylib
0x0000000009285000 	/System/Library/Frameworks/ServiceManagement.framework/Versions/A/ServiceManagement
0x0000000009285000 	/usr/lib/libxslt.1.dylib
0x0000000009285000 	/System/Library/Frameworks/Carbon.framework/Versions/A/Frameworks/Ink.framework/Versions/A/Ink
0x0000000009285000 	/usr/lib/libFosl_dynamic.dylib
0x0000000009285000 	/System/Library/PrivateFrameworks/FaceCore.framework/Versions/A/FaceCore
0x0000000009285000 	/System/Library/Frameworks/OpenCL.framework/Versions/A/OpenCL
0x0000000009285000 	/System/Library/PrivateFrameworks/CrashReporterSupport.framework/Versions/A/CrashReporterSupport
0x0000000009285000 	/System/Library/PrivateFrameworks/IconServices.framework/Versions/A/IconServices
0x0000000009285000 	/System/Library/PrivateFrameworks/Apple80211.framework/Versions/A/Apple80211
0x0000000009285000 	/System/Library/Frameworks/CoreWLAN.framework/Versions/A/CoreWLAN
0x0000000009285000 	/System/Library/Frameworks/IOBluetooth.framework/Versions/A/IOBluetooth
0x0000000009285000 	/System/Library/PrivateFrameworks/CoreWiFi.framework/Versions/A/CoreWiFi
0x0000000009285000 	/System/Library/Frameworks/CoreBluetooth.framework/Versions/A/CoreBluetooth
0x0000000009285000 	/System/Library/PrivateFrameworks/ChunkingLibrary.framework/Versions/A/ChunkingLibrary
0x0000000009285000 	/System/Library/PrivateFrameworks/DebugSymbols.framework/Versions/A/DebugSymbols
0x0000000009285000 	/System/Library/PrivateFrameworks/CoreSymbolication.framework/Versions/A/CoreSymbolication
0x0000000009285000 	/System/Library/PrivateFrameworks/Symbolication.framework/Versions/A/Symbolication
0x0000000009285000 	/System/Library/PrivateFrameworks/SpeechRecognitionCore.framework/Versions/A/SpeechRecognitionCore
0x0000000105af3000 	/Library/Java/JavaVirtualMachines/jdk1.8.0_91.jdk/Contents/Home/jre/lib/server/libjvm.dylib
0x0000000009285000 	/usr/lib/libstdc++.6.dylib
0x0000000106a8b000 	/Library/Java/JavaVirtualMachines/jdk1.8.0_91.jdk/Contents/Home/jre/lib/libverify.dylib
0x0000000106a99000 	/Library/Java/JavaVirtualMachines/jdk1.8.0_91.jdk/Contents/Home/jre/lib/libjava.dylib
0x0000000106ad8000 	/Library/Java/JavaVirtualMachines/jdk1.8.0_91.jdk/Contents/Home/jre/lib/libzip.dylib
0x000000011cc46000 	/System/Library/Frameworks/JavaVM.framework/Frameworks/JavaRuntimeSupport.framework/JavaRuntimeSupport
0x000000011cc61000 	/System/Library/Frameworks/JavaVM.framework/Versions/A/Frameworks/JavaNativeFoundation.framework/Versions/A/JavaNativeFoundation
0x000000011cc76000 	/System/Library/Frameworks/JavaVM.framework/Versions/A/JavaVM
0x0000000009285000 	/System/Library/Frameworks/Carbon.framework/Versions/A/Carbon
0x000000011cc83000 	/System/Library/PrivateFrameworks/JavaLaunching.framework/Versions/A/JavaLaunching
0x0000000009285000 	/System/Library/Frameworks/Carbon.framework/Versions/A/Frameworks/CommonPanels.framework/Versions/A/CommonPanels
0x0000000009285000 	/System/Library/Frameworks/Carbon.framework/Versions/A/Frameworks/Help.framework/Versions/A/Help
0x0000000009285000 	/System/Library/Frameworks/Carbon.framework/Versions/A/Frameworks/ImageCapture.framework/Versions/A/ImageCapture
0x0000000009285000 	/System/Library/Frameworks/Carbon.framework/Versions/A/Frameworks/OpenScripting.framework/Versions/A/OpenScripting
0x0000000009285000 	/System/Library/Frameworks/Carbon.framework/Versions/A/Frameworks/Print.framework/Versions/A/Print
0x0000000009285000 	/System/Library/Frameworks/Carbon.framework/Versions/A/Frameworks/SecurityHI.framework/Versions/A/SecurityHI
0x000000011e5a5000 	/Library/Java/JavaVirtualMachines/jdk1.8.0_91.jdk/Contents/Home/jre/lib/libawt.dylib
0x000000011e64d000 	/Library/Java/JavaVirtualMachines/jdk1.8.0_91.jdk/Contents/Home/jre/lib/./libmlib_image.dylib
0x000000011e719000 	/Library/Java/JavaVirtualMachines/jdk1.8.0_91.jdk/Contents/Home/jre/lib/libawt_lwawt.dylib
0x000000011e7ce000 	/Library/Java/JavaVirtualMachines/jdk1.8.0_91.jdk/Contents/Home/jre/lib/./libosxapp.dylib
0x0000000009285000 	/System/Library/Frameworks/ExceptionHandling.framework/Versions/A/ExceptionHandling
0x0000000009285000 	/System/Library/PrivateFrameworks/CoreServicesInternal.framework/Versions/A/CoreServicesInternal
0x0000000009285000 	/System/Library/Frameworks/CoreGraphics.framework/Versions/A/Resources/libRIP.A.dylib
0x0000000009285000 	/System/Library/Frameworks/Accelerate.framework/Versions/A/Frameworks/vImage.framework/Versions/A/Libraries/libCGInterfaces.dylib
0x0000000009285000 	/System/Library/Frameworks/CoreGraphics.framework/Versions/A/Resources/libCGXType.A.dylib
0x0000000009285000 	/System/Library/Frameworks/OpenCL.framework/Versions/A/Libraries/libcldcpuengine.dylib
0x0000000009285000 	/System/Library/PrivateFrameworks/DiskImages.framework/Versions/A/DiskImages
0x0000000009285000 	/System/Library/Frameworks/DiscRecording.framework/Versions/A/DiscRecording
0x0000000009285000 	/usr/lib/libcsfde.dylib
0x0000000009285000 	/usr/lib/libcurl.4.dylib
0x0000000009285000 	/System/Library/PrivateFrameworks/MediaKit.framework/Versions/A/MediaKit
0x0000000009285000 	/System/Library/PrivateFrameworks/ProtectedCloudStorage.framework/Versions/A/ProtectedCloudStorage
0x0000000009285000 	/usr/lib/libCoreStorage.dylib
0x0000000009285000 	/System/Library/PrivateFrameworks/EFILogin.framework/Versions/A/EFILogin
0x0000000009285000 	/usr/lib/libutil.dylib
0x0000000009285000 	/System/Library/PrivateFrameworks/FindMyDevice.framework/Versions/A/FindMyDevice
0x0000000009285000 	/System/Library/Frameworks/LDAP.framework/Versions/A/LDAP
0x0000000009285000 	/usr/lib/libsasl2.2.dylib
0x0000000009285000 	/System/Library/PrivateFrameworks/CoreDaemon.framework/Versions/B/CoreDaemon
0x0000000009285000 	/usr/lib/libcrypto.0.9.8.dylib
0x0000000009285000 	/System/Library/PrivateFrameworks/AppleSRP.framework/Versions/A/AppleSRP
0x0000000009285000 	/System/Library/PrivateFrameworks/TrustEvaluationAgent.framework/Versions/A/TrustEvaluationAgent
0x000000011ff29000 	cl_kernels
0x0000000009285000 	/System/Library/Frameworks/OpenCL.framework/Versions/A/Libraries/ImageFormats/unorm8_bgra.dylib
0x0000000009285000 	/System/Library/Frameworks/OpenCL.framework/Versions/A/Libraries/ImageFormats/unorm8_rgba.dylib
0x0000000009285000 	/System/Library/PrivateFrameworks/FamilyControls.framework/Versions/A/FamilyControls
0x0000000009285000 	/System/Library/PrivateFrameworks/CommerceKit.framework/Versions/A/Frameworks/CommerceCore.framework/Versions/A/CommerceCore
0x0000000009285000 	/System/Library/PrivateFrameworks/SystemAdministration.framework/Versions/A/SystemAdministration
0x0000000009285000 	/System/Library/PrivateFrameworks/AppContainer.framework/Versions/A/AppContainer
0x0000000009285000 	/System/Library/PrivateFrameworks/SecCodeWrapper.framework/Versions/A/SecCodeWrapper
0x0000000009285000 	/System/Library/Frameworks/DirectoryService.framework/Versions/A/DirectoryService
0x0000000009285000 	/System/Library/PrivateFrameworks/LoginUIKit.framework/Versions/A/Frameworks/LoginUICore.framework/Versions/A/LoginUICore
0x0000000009285000 	/usr/lib/libodfde.dylib
0x0000000009285000 	/System/Library/Frameworks/OpenGL.framework/Versions/A/Resources/GLEngine.bundle/GLEngine
0x0000000009285000 	/System/Library/Frameworks/OpenGL.framework/Versions/A/Libraries/libGLProgrammability.dylib
0x0000000120fb9000 	/System/Library/Extensions/AMDRadeonX3000GLDriver.bundle/Contents/MacOS/AMDRadeonX3000GLDriver
0x0000000009285000 	/System/Library/PrivateFrameworks/GPUSupport.framework/Versions/A/Libraries/libGPUSupportMercury.dylib
0x0000000121098000 	/System/Library/Extensions/AMDRadeonX3000GLDriver.bundle/Contents/MacOS/ATIRadeonX3000SCLib.dylib
0x0000000009285000 	/System/Library/Frameworks/OpenGL.framework/Versions/A/Resources/GLRendererFloat.bundle/GLRendererFloat
0x0000000121385000 	/Library/Java/JavaVirtualMachines/jdk1.8.0_91.jdk/Contents/Home/jre/lib/libfontmanager.dylib
0x0000000122060000 	/Library/Java/JavaVirtualMachines/jdk1.8.0_91.jdk/Contents/Home/jre/lib/libosxui.dylib
0x0000000122b40000 	/Library/Java/JavaVirtualMachines/jdk1.8.0_91.jdk/Contents/Home/jre/lib/libnet.dylib
0x0000000122ae5000 	/Library/Java/JavaVirtualMachines/jdk1.8.0_91.jdk/Contents/Home/jre/lib/libnio.dylib
0x0000000009285000 	/System/Library/Frameworks/ApplicationServices.framework/Versions/A/Frameworks/ATS.framework/Versions/A/Resources/libTrueTypeScaler.dylib
0x0000000187e04000 	/private/var/folders/tq/5cybh0451bx2v8l5x53f9c_h0000gn/T/jogamp_0000/file_cache/jln2276191050338196169/jln2993728078810837642/libgluegen-rt.jnilib
0x0000000121d5c000 	/private/var/folders/tq/5cybh0451bx2v8l5x53f9c_h0000gn/T/jogamp_0000/file_cache/jln2276191050338196169/jln2993728078810837642/libnativewindow_awt.jnilib
0x0000000121d68000 	/Library/Java/JavaVirtualMachines/jdk1.8.0_91.jdk/Contents/Home/jre/lib/libjawt.dylib
0x0000000187e08000 	/private/var/folders/tq/5cybh0451bx2v8l5x53f9c_h0000gn/T/jogamp_0000/file_cache/jln2276191050338196169/jln2993728078810837642/libnativewindow_macosx.jnilib
0x000000018bf23000 	/private/var/folders/tq/5cybh0451bx2v8l5x53f9c_h0000gn/T/jogamp_0000/file_cache/jln2276191050338196169/jln2993728078810837642/libjogl_desktop.jnilib

VM Arguments:
jvm_args: -Djava.security.policy=java.policy.applet -Dfile.encoding=UTF-8 
java_command: sun.applet.AppletViewer module6.AirportMap1464228475720.html
java_class_path (initial): /Users/limhoktan/Documents/workspace/UCSDUnfoldingMaps/build:/Users/limhoktan/Documents/workspace/UCSDUnfoldingMaps/lib/core.jar:/Users/limhoktan/Documents/workspace/UCSDUnfoldingMaps/lib/gluegen-rt.jar:/Users/limhoktan/Documents/workspace/UCSDUnfoldingMaps/lib/jogl-all.jar:/Users/limhoktan/Documents/workspace/UCSDUnfoldingMaps/lib/log4j-1.2.15.jar:/Users/limhoktan/Documents/workspace/UCSDUnfoldingMaps/lib/sqlite-jdbc-3.7.2.jar:/Users/limhoktan/Documents/workspace/UCSDUnfoldingMaps/lib/json4processing.jar:/Users/limhoktan/Documents/workspace/UCSDUnfoldingMaps/lib/libTUIO.jar:/Users/limhoktan/Documents/workspace/UCSDUnfoldingMaps/lib/unfolding.0.9.7-uscd.jar
Launcher Type: SUN_STANDARD

Environment Variables:
PATH=/usr/bin:/bin:/usr/sbin:/sbin
SHELL=/bin/bash
DISPLAY=/private/tmp/com.apple.launchd.3cFrEfN4Lz/org.macosforge.xquartz:0

Signal Handlers:
SIGSEGV: [libjvm.dylib+0x5a97a1], sa_mask[0]=11111111011111110111111111111111, sa_flags=SA_ONSTACK|SA_RESTART|SA_SIGINFO
SIGBUS: [libjvm.dylib+0x5a97a1], sa_mask[0]=11111111011111110111111111111111, sa_flags=SA_RESTART|SA_SIGINFO
SIGFPE: [libjvm.dylib+0x482594], sa_mask[0]=11111111011111110111111111111111, sa_flags=SA_RESTART|SA_SIGINFO
SIGPIPE: [libjvm.dylib+0x482594], sa_mask[0]=11111111011111110111111111111111, sa_flags=SA_RESTART|SA_SIGINFO
SIGXFSZ: [libjvm.dylib+0x482594], sa_mask[0]=11111111011111110111111111111111, sa_flags=SA_RESTART|SA_SIGINFO
SIGILL: [libjvm.dylib+0x482594], sa_mask[0]=11111111011111110111111111111111, sa_flags=SA_RESTART|SA_SIGINFO
SIGUSR1: SIG_DFL, sa_mask[0]=00000000000000000000000000000000, sa_flags=none
SIGUSR2: [libjvm.dylib+0x4820b2], sa_mask[0]=00100000000000000000000000000000, sa_flags=SA_RESTART|SA_SIGINFO
SIGHUP: [libjvm.dylib+0x480689], sa_mask[0]=11111111011111110111111111111111, sa_flags=SA_RESTART|SA_SIGINFO
SIGINT: [libjvm.dylib+0x480689], sa_mask[0]=11111111011111110111111111111111, sa_flags=SA_RESTART|SA_SIGINFO
SIGTERM: [libjvm.dylib+0x480689], sa_mask[0]=11111111011111110111111111111111, sa_flags=SA_RESTART|SA_SIGINFO
SIGQUIT: [libjvm.dylib+0x480689], sa_mask[0]=11111111011111110111111111111111, sa_flags=SA_RESTART|SA_SIGINFO


---------------  S Y S T E M  ---------------

OS:Bsduname:Darwin 15.4.0 Darwin Kernel Version 15.4.0: Fri Feb 26 22:08:05 PST 2016; root:xnu-3248.40.184~3/RELEASE_X86_64 x86_64
rlimit: STACK 8192k, CORE 0k, NPROC 709, NOFILE 10240, AS infinity
load average:7.29 5.75 4.80

CPU:total 4 (4 cores per cpu, 1 threads per core) family 6 model 30 stepping 5, cmov, cx8, fxsr, mmx, sse, sse2, sse3, ssse3, sse4.1, sse4.2, popcnt, tsc, tscinvbit

Memory: 4k page, physical 8388608k(171056k free)

/proc/meminfo:


vm_info: Java HotSpot(TM) 64-Bit Server VM (25.91-b14) for bsd-amd64 JRE (1.8.0_91-b14), built on Apr  1 2016 01:03:00 by "java_re" with gcc 4.2.1 (Based on Apple Inc. build 5658) (LLVM build 2336.11.00)

time: Wed May 25 19:08:27 2016
elapsed time: 31 seconds (0d 0h 0m 31s)

