#
# A fatal error has been detected by the Java Runtime Environment:
#
#  SIGSEGV (0xb) at pc=0x00007fff97afa4dd, pid=18278, tid=2571
#
# JRE version: Java(TM) SE Runtime Environment (8.0_91-b14) (build 1.8.0_91-b14)
# Java VM: Java HotSpot(TM) 64-Bit Server VM (25.91-b14 mixed mode bsd-amd64 compressed oops)
# Problematic frame:
# C  [libobjc.A.dylib+0x14dd]  objc_msgSend+0x1d
#
# Failed to write core dump. Core dumps have been disabled. To enable core dumping, try "ulimit -c unlimited" before starting Java again
#
# If you would like to submit a bug report, please visit:
#   http://bugreport.java.com/bugreport/crash.jsp
# The crash happened outside the Java Virtual Machine in native code.
# See problematic frame for where to report the bug.
#

---------------  T H R E A D  ---------------

Current thread (0x00007fe3e215b000):  JavaThread "AWT-AppKit" daemon [_thread_in_native, id=2571, stack(0x00007fff56ed3000,0x00007fff576d3000)]

siginfo: si_signo: 11 (SIGSEGV), si_code: 1 (SEGV_MAPERR), si_addr: 0x0000000000000018

Registers:
RAX=0x00007fe3e6bb9140, RBX=0x000000018aad5450, RCX=0x00000001221f2ec0, RDX=0x00000001221f23a0
RSP=0x00007fff576ce408, RBP=0x00007fff576ce4c0, RSI=0x00007fff8b405ce6, RDI=0x00007fe3e1f44d10
R8 =0x0000000000000000, R9 =0x00000000000008b0, R10=0x00007fff8b405ce6, R11=0x0000000000000000
R12=0x0000000000000000, R13=0x000000018c3b6e98, R14=0x000000018aad5440, R15=0x00007fe3e215b000
RIP=0x00007fff97afa4dd, EFLAGS=0x0000000000010246, ERR=0x0000000000000004
  TRAPNO=0x000000000000000e

Top of Stack: (sp=0x00007fff576ce408)
0x00007fff576ce408:   000000018aad3157 00007fff576ce460
0x00007fff576ce418:   0000000000000003 00007fff576ce440
0x00007fff576ce428:   00000001091f24ea 000000018c3b6e98
0x00007fff576ce438:   000000018c3b6e98 00007fe3e6bb9140
0x00007fff576ce448:   000000018aad56a0 000000018aad5710
0x00007fff576ce458:   00007fff7a8e6770 00007fff7c4f4500
0x00007fff576ce468:   000000018aad5450 000000018aad5690
0x00007fff576ce478:   00007fe3e6bb9140 00007fe3e1f44d10
0x00007fff576ce488:   00007fe3e6d13260 00007fe3e6bb9140
0x00007fff576ce498:   00007fe3e1f44d10 00007fff576ce548
0x00007fff576ce4a8:   00007fe3e215b1f8 000000018c3b6e98
0x00007fff576ce4b8:   00007fff576ce570 00007fff576ce538
0x00007fff576ce4c8:   0000000109fb2814 000000018c3b6e98
0x00007fff576ce4d8:   00007fff576ce570 00007fff576ce538
0x00007fff576ce4e8:   0000000109fb25a7 0000000109fb2562
0x00007fff576ce4f8:   00007fff576ce4f8 000000018c3b6e98
0x00007fff576ce508:   00007fff576ce570 000000018c3b9ad0
0x00007fff576ce518:   0000000000000000 000000018c3b6e98
0x00007fff576ce528:   0000000000000000 00007fff576ce558
0x00007fff576ce538:   00007fff576ce5b8 0000000109fa52bd
0x00007fff576ce548:   0000000743304868 0000000109fae538
0x00007fff576ce558:   00007fe3e6bb9140 00007fff576ce5b8
0x00007fff576ce568:   00007fe3e1f44d10 0000000109fafe02
0x00007fff576ce578:   00007fff576ce578 000000018c3b7062
0x00007fff576ce588:   00007fff576ce5e0 000000018c3b9ad0
0x00007fff576ce598:   0000000000000000 000000018c3b7070
0x00007fff576ce5a8:   00007fff576ce558 00007fff576ce5c8
0x00007fff576ce5b8:   00007fff576ce628 0000000109fa52bd
0x00007fff576ce5c8:   00007fe3e6bb9140 000000074330d800
0x00007fff576ce5d8:   00007fe3e1f44d10 000000074330d800
0x00007fff576ce5e8:   00007fff576ce5e8 000000018f2c02fe
0x00007fff576ce5f8:   00007fff576ce638 000000018f2c03b8 

Instructions: (pc=0x00007fff97afa4dd)
0x00007fff97afa4bd:   44 00 00 48 85 ff 2e 74 62 40 f6 c7 01 2e 75 66
0x00007fff97afa4cd:   49 bb f8 ff ff ff ff 7f 00 00 4c 23 1f 49 89 f2
0x00007fff97afa4dd:   45 23 53 18 49 c1 e2 04 4d 03 53 10 49 3b 32 75
0x00007fff97afa4ed:   04 41 ff 62 08 49 83 3a 01 76 0d 49 83 c2 10 49 

Register to memory mapping:

RAX=0x00007fe3e6bb9140 is an unknown value
RBX=0x000000018aad5450: Java_jogamp_nativewindow_macosx_OSXUtil_GetScreenRefreshRate0+0x1cf0 in /private/var/folders/tq/5cybh0451bx2v8l5x53f9c_h0000gn/T/jogamp_0000/file_cache/jln6132946460865783717/jln1704120045884797333/libnativewindow_macosx.jnilib at 0x000000018aace000
RCX=0x00000001221f2ec0 is an unknown value
RDX=0x00000001221f23a0 is an unknown value
RSP=0x00007fff576ce408 is pointing into the stack for thread: 0x00007fe3e215b000
RBP=0x00007fff576ce4c0 is pointing into the stack for thread: 0x00007fe3e215b000
RSI=0x00007fff8b405ce6 is an unknown value
RDI=0x00007fe3e1f44d10 is an unknown value
R8 =0x0000000000000000 is an unknown value
R9 =0x00000000000008b0 is an unknown value
R10=0x00007fff8b405ce6 is an unknown value
R11=0x0000000000000000 is an unknown value
R12=0x0000000000000000 is an unknown value
R13={method} {0x000000018c3b6e98} 'UnsetJAWTRootSurfaceLayer0' '(JJ)V' in 'jogamp/nativewindow/jawt/macosx/MacOSXJAWTWindow'
R14=0x000000018aad5440: Java_jogamp_nativewindow_macosx_OSXUtil_GetScreenRefreshRate0+0x1ce0 in /private/var/folders/tq/5cybh0451bx2v8l5x53f9c_h0000gn/T/jogamp_0000/file_cache/jln6132946460865783717/jln1704120045884797333/libnativewindow_macosx.jnilib at 0x000000018aace000
R15=0x00007fe3e215b000 is a thread


Stack: [0x00007fff56ed3000,0x00007fff576d3000],  sp=0x00007fff576ce408,  free space=8173k
Native frames: (J=compiled Java code, j=interpreted, Vv=VM code, C=native code)
C  [libobjc.A.dylib+0x14dd]  objc_msgSend+0x1d
j  jogamp.nativewindow.jawt.macosx.MacOSXJAWTWindow.UnsetJAWTRootSurfaceLayer0(JJ)V+0
j  jogamp.nativewindow.jawt.macosx.MacOSXJAWTWindow.access$200(JJ)V+2
j  jogamp.nativewindow.jawt.macosx.MacOSXJAWTWindow$1.run()V+38
j  com.jogamp.common.util.RunnableTask.run()V+24
v  ~StubRoutines::call_stub
V  [libjvm.dylib+0x2ec1e6]
V  [libjvm.dylib+0x323355]
V  [libjvm.dylib+0x315b23]
C  [libnativewindow_macosx.jnilib+0x5326]  Java_jogamp_nativewindow_jawt_macosx_MacOSXJAWTWindow_UnsetJAWTRootSurfaceLayer0+0x2b6
C  [Foundation+0x76f5e]  __NSThreadPerformPerform+0x117
C  [CoreFoundation+0xaa881]  __CFRUNLOOP_IS_CALLING_OUT_TO_A_SOURCE0_PERFORM_FUNCTION__+0x11
C  [CoreFoundation+0x89f37]  __CFRunLoopDoSources0+0x1a7
C  [CoreFoundation+0x894df]  __CFRunLoopRun+0x39f
C  [CoreFoundation+0x88ed8]  CFRunLoopRunSpecific+0x128
C  [HIToolbox+0x30935]  RunCurrentEventLoopInMode+0xeb
C  [HIToolbox+0x30677]  ReceiveNextEventCommon+0xb8
C  [HIToolbox+0x305af]  _BlockUntilNextEventMatchingListInModeWithFilter+0x47
C  [AppKit+0x48efa]  _DPSNextEvent+0x42b
C  [AppKit+0x4832a]  -[NSApplication _nextEventMatchingEventMask:untilDate:inMode:dequeue:]+0x1c6
C  [libosxapp.dylib+0x23aa]  -[NSApplicationAWT nextEventMatchingMask:untilDate:inMode:dequeue:]+0x7c
C  [AppKit+0x3ce84]  -[NSApplication run]+0x2aa
C  [libosxapp.dylib+0x214d]  +[NSApplicationAWT runAWTLoopWithApp:]+0x9c
C  [libawt_lwawt.dylib+0x4455b]  -[AWTStarter starter:]+0x389
C  [Foundation+0x76f5e]  __NSThreadPerformPerform+0x117
C  [CoreFoundation+0xaa881]  __CFRUNLOOP_IS_CALLING_OUT_TO_A_SOURCE0_PERFORM_FUNCTION__+0x11
C  [CoreFoundation+0x89fbc]  __CFRunLoopDoSources0+0x22c
C  [CoreFoundation+0x894df]  __CFRunLoopRun+0x39f
C  [CoreFoundation+0x88ed8]  CFRunLoopRunSpecific+0x128
C  [java+0x6463]  CreateExecutionEnvironment+0x367
C  [java+0x21ac]  JLI_Launch+0x7a0
C  [java+0x84c0]  main+0x65
C  [java+0x1a04]  start+0x34
C  0x0000000000000007

Java frames: (J=compiled Java code, j=interpreted, Vv=VM code)
j  jogamp.nativewindow.jawt.macosx.MacOSXJAWTWindow.UnsetJAWTRootSurfaceLayer0(JJ)V+0
j  jogamp.nativewindow.jawt.macosx.MacOSXJAWTWindow.access$200(JJ)V+2
j  jogamp.nativewindow.jawt.macosx.MacOSXJAWTWindow$1.run()V+38
j  com.jogamp.common.util.RunnableTask.run()V+24
v  ~StubRoutines::call_stub

---------------  P R O C E S S  ---------------

Java Threads: ( => current thread )
  0x00007fe3e3c88000 JavaThread "Thread-123" [_thread_blocked, id=13823, stack(0x00007000019ee000,0x0000700001aee000)]
  0x00007fe3e315d000 JavaThread "AWT-EventQueue-1" [_thread_in_native, id=59703, stack(0x00007000017e5000,0x00007000018e5000)]
  0x00007fe3e3afb000 JavaThread "DestroyJavaVM" [_thread_blocked, id=5891, stack(0x000070000011a000,0x000070000021a000)]
  0x00007fe3e3120000 JavaThread "AWT-EventQueue-0" [_thread_blocked, id=56579, stack(0x00007000015df000,0x00007000016df000)]
  0x00007fe3e3155800 JavaThread "Java2D Disposer" daemon [_thread_blocked, id=52491, stack(0x0000700001356000,0x0000700001456000)]
  0x00007fe3e3155000 JavaThread "Java2D Queue Flusher" daemon [_thread_blocked, id=49415, stack(0x0000700001253000,0x0000700001353000)]
  0x00007fe3e2927800 JavaThread "AWT-Shutdown" [_thread_blocked, id=28947, stack(0x00007000010cd000,0x00007000011cd000)]
=>0x00007fe3e215b000 JavaThread "AWT-AppKit" daemon [_thread_in_native, id=2571, stack(0x00007fff56ed3000,0x00007fff576d3000)]
  0x00007fe3e382f800 JavaThread "Service Thread" daemon [_thread_blocked, id=18435, stack(0x0000700000dc1000,0x0000700000ec1000)]
  0x00007fe3e2075000 JavaThread "C1 CompilerThread2" daemon [_thread_blocked, id=17923, stack(0x0000700000cbe000,0x0000700000dbe000)]
  0x00007fe3e2074800 JavaThread "C2 CompilerThread1" daemon [_thread_blocked, id=17411, stack(0x0000700000bbb000,0x0000700000cbb000)]
  0x00007fe3e3830800 JavaThread "C2 CompilerThread0" daemon [_thread_blocked, id=16899, stack(0x0000700000ab8000,0x0000700000bb8000)]
  0x00007fe3e382f000 JavaThread "Signal Dispatcher" daemon [_thread_blocked, id=12815, stack(0x00007000009b5000,0x0000700000ab5000)]
  0x00007fe3e280a000 JavaThread "Finalizer" daemon [_thread_blocked, id=12291, stack(0x000070000082f000,0x000070000092f000)]
  0x00007fe3e2809000 JavaThread "Reference Handler" daemon [_thread_blocked, id=11779, stack(0x000070000072c000,0x000070000082c000)]

Other Threads:
  0x00007fe3e3030000 VMThread [stack: 0x0000700000629000,0x0000700000729000] [id=11267]
  0x00007fe3e3055000 WatcherThread [stack: 0x0000700000ec4000,0x0000700000fc4000] [id=18947]

VM state:not at safepoint (normal execution)

VM Mutex/Monitor currently owned by a thread: None

Heap:
 PSYoungGen      total 27136K, used 26720K [0x0000000795580000, 0x00000007ac300000, 0x00000007c0000000)
  eden space 26624K, 100% used [0x0000000795580000,0x0000000796f80000,0x0000000796f80000)
  from space 512K, 18% used [0x00000007ac200000,0x00000007ac218000,0x00000007ac280000)
  to   space 512K, 0% used [0x00000007ac280000,0x00000007ac280000,0x00000007ac300000)
 ParOldGen       total 126464K, used 89594K [0x0000000740000000, 0x0000000747b80000, 0x0000000795580000)
  object space 126464K, 70% used [0x0000000740000000,0x000000074577e9f0,0x0000000747b80000)
 Metaspace       used 19896K, capacity 20107K, committed 20224K, reserved 1067008K
  class space    used 1913K, capacity 1982K, committed 2048K, reserved 1048576K

Card table byte_map: [0x000000011935d000,0x000000011975e000] byte_map_base: 0x000000011595d000

Marking Bits: (ParMarkBitMap*) 0x00000001098e6eb0
 Begin Bits: [0x0000000119a09000, 0x000000011ba09000)
 End Bits:   [0x000000011ba09000, 0x000000011da09000)

Polling page: 0x00000001087f0000

CodeCache: size=245760Kb used=8734Kb max_used=8746Kb free=237025Kb
 bounds [0x0000000109f9d000, 0x000000010a88d000, 0x0000000118f9d000]
 total_blobs=3388 nmethods=2503 adapters=799
 compilation: enabled

Compilation events (10 events):
Event: 1004.036 Thread 0x00007fe3e3830800 nmethod 3223 0x000000010a4e4950 code [0x000000010a4e4aa0, 0x000000010a4e4b18]
Event: 1004.039 Thread 0x00007fe3e2075000 nmethod 3222 0x000000010a768ed0 code [0x000000010a7692c0, 0x000000010a76b648]
Event: 1004.202 Thread 0x00007fe3e2075000 3224       1       sun.java2d.SurfaceData::isValid (5 bytes)
Event: 1004.202 Thread 0x00007fe3e2075000 nmethod 3224 0x000000010a635290 code [0x000000010a6353e0, 0x000000010a6354f0]
Event: 1004.202 Thread 0x00007fe3e2074800 3225  s    4       sun.misc.URLClassPath::getNextLoader (88 bytes)
Event: 1004.208 Thread 0x00007fe3e2074800 nmethod 3225 0x000000010a3a8f10 code [0x000000010a3a9080, 0x000000010a3a97f8]
Event: 1004.222 Thread 0x00007fe3e2075000 3226   !   3       sun.misc.URLClassPath$JarLoader::getResource (349 bytes)
Event: 1004.225 Thread 0x00007fe3e2075000 nmethod 3226 0x000000010a7788d0 code [0x000000010a778d40, 0x000000010a77b298]
Event: 1004.226 Thread 0x00007fe3e3830800 3227       4       sun.java2d.SunGraphics2D::translate (68 bytes)
Event: 1004.227 Thread 0x00007fe3e3830800 nmethod 3227 0x000000010a0b1090 code [0x000000010a0b11e0, 0x000000010a0b1308]

GC Heap History (10 events):
Event: 1003.089 GC heap before
{Heap before GC invocations=3260 (full 1):
 PSYoungGen      total 27136K, used 26688K [0x0000000795580000, 0x00000007ac300000, 0x00000007c0000000)
  eden space 26624K, 100% used [0x0000000795580000,0x0000000796f80000,0x0000000796f80000)
  from space 512K, 12% used [0x00000007ac280000,0x00000007ac290000,0x00000007ac300000)
  to   space 512K, 0% used [0x00000007ac200000,0x00000007ac200000,0x00000007ac280000)
 ParOldGen       total 126464K, used 89586K [0x0000000740000000, 0x0000000747b80000, 0x0000000795580000)
  object space 126464K, 70% used [0x0000000740000000,0x000000074577c9f0,0x0000000747b80000)
 Metaspace       used 19820K, capacity 20043K, committed 20224K, reserved 1067008K
  class space    used 1905K, capacity 1982K, committed 2048K, reserved 1048576K
Event: 1003.090 GC heap after
Heap after GC invocations=3260 (full 1):
 PSYoungGen      total 27136K, used 64K [0x0000000795580000, 0x00000007ac300000, 0x00000007c0000000)
  eden space 26624K, 0% used [0x0000000795580000,0x0000000795580000,0x0000000796f80000)
  from space 512K, 12% used [0x00000007ac200000,0x00000007ac210000,0x00000007ac280000)
  to   space 512K, 0% used [0x00000007ac280000,0x00000007ac280000,0x00000007ac300000)
 ParOldGen       total 126464K, used 89586K [0x0000000740000000, 0x0000000747b80000, 0x0000000795580000)
  object space 126464K, 70% used [0x0000000740000000,0x000000074577c9f0,0x0000000747b80000)
 Metaspace       used 19820K, capacity 20043K, committed 20224K, reserved 1067008K
  class space    used 1905K, capacity 1982K, committed 2048K, reserved 1048576K
}
Event: 1003.271 GC heap before
{Heap before GC invocations=3261 (full 1):
 PSYoungGen      total 27136K, used 26688K [0x0000000795580000, 0x00000007ac300000, 0x00000007c0000000)
  eden space 26624K, 100% used [0x0000000795580000,0x0000000796f80000,0x0000000796f80000)
  from space 512K, 12% used [0x00000007ac200000,0x00000007ac210000,0x00000007ac280000)
  to   space 512K, 0% used [0x00000007ac280000,0x00000007ac280000,0x00000007ac300000)
 ParOldGen       total 126464K, used 89586K [0x0000000740000000, 0x0000000747b80000, 0x0000000795580000)
  object space 126464K, 70% used [0x0000000740000000,0x000000074577c9f0,0x0000000747b80000)
 Metaspace       used 19820K, capacity 20043K, committed 20224K, reserved 1067008K
  class space    used 1905K, capacity 1982K, committed 2048K, reserved 1048576K
Event: 1003.272 GC heap after
Heap after GC invocations=3261 (full 1):
 PSYoungGen      total 27136K, used 96K [0x0000000795580000, 0x00000007ac300000, 0x00000007c0000000)
  eden space 26624K, 0% used [0x0000000795580000,0x0000000795580000,0x0000000796f80000)
  from space 512K, 18% used [0x00000007ac280000,0x00000007ac298000,0x00000007ac300000)
  to   space 512K, 0% used [0x00000007ac200000,0x00000007ac200000,0x00000007ac280000)
 ParOldGen       total 126464K, used 89586K [0x0000000740000000, 0x0000000747b80000, 0x0000000795580000)
  object space 126464K, 70% used [0x0000000740000000,0x000000074577c9f0,0x0000000747b80000)
 Metaspace       used 19820K, capacity 20043K, committed 20224K, reserved 1067008K
  class space    used 1905K, capacity 1982K, committed 2048K, reserved 1048576K
}
Event: 1003.457 GC heap before
{Heap before GC invocations=3262 (full 1):
 PSYoungGen      total 27136K, used 26720K [0x0000000795580000, 0x00000007ac300000, 0x00000007c0000000)
  eden space 26624K, 100% used [0x0000000795580000,0x0000000796f80000,0x0000000796f80000)
  from space 512K, 18% used [0x00000007ac280000,0x00000007ac298000,0x00000007ac300000)
  to   space 512K, 0% used [0x00000007ac200000,0x00000007ac200000,0x00000007ac280000)
 ParOldGen       total 126464K, used 89586K [0x0000000740000000, 0x0000000747b80000, 0x0000000795580000)
  object space 126464K, 70% used [0x0000000740000000,0x000000074577c9f0,0x0000000747b80000)
 Metaspace       used 19820K, capacity 20043K, committed 20224K, reserved 1067008K
  class space    used 1905K, capacity 1982K, committed 2048K, reserved 1048576K
Event: 1003.458 GC heap after
Heap after GC invocations=3262 (full 1):
 PSYoungGen      total 27136K, used 64K [0x0000000795580000, 0x00000007ac300000, 0x00000007c0000000)
  eden space 26624K, 0% used [0x0000000795580000,0x0000000795580000,0x0000000796f80000)
  from space 512K, 12% used [0x00000007ac200000,0x00000007ac210000,0x00000007ac280000)
  to   space 512K, 0% used [0x00000007ac280000,0x00000007ac280000,0x00000007ac300000)
 ParOldGen       total 126464K, used 89586K [0x0000000740000000, 0x0000000747b80000, 0x0000000795580000)
  object space 126464K, 70% used [0x0000000740000000,0x000000074577c9f0,0x0000000747b80000)
 Metaspace       used 19820K, capacity 20043K, committed 20224K, reserved 1067008K
  class space    used 1905K, capacity 1982K, committed 2048K, reserved 1048576K
}
Event: 1003.735 GC heap before
{Heap before GC invocations=3263 (full 1):
 PSYoungGen      total 27136K, used 26687K [0x0000000795580000, 0x00000007ac300000, 0x00000007c0000000)
  eden space 26624K, 99% used [0x0000000795580000,0x0000000796f7ffd8,0x0000000796f80000)
  from space 512K, 12% used [0x00000007ac200000,0x00000007ac210000,0x00000007ac280000)
  to   space 512K, 0% used [0x00000007ac280000,0x00000007ac280000,0x00000007ac300000)
 ParOldGen       total 126464K, used 89586K [0x0000000740000000, 0x0000000747b80000, 0x0000000795580000)
  object space 126464K, 70% used [0x0000000740000000,0x000000074577c9f0,0x0000000747b80000)
 Metaspace       used 19820K, capacity 20043K, committed 20224K, reserved 1067008K
  class space    used 1905K, capacity 1982K, committed 2048K, reserved 1048576K
Event: 1003.737 GC heap after
Heap after GC invocations=3263 (full 1):
 PSYoungGen      total 27136K, used 64K [0x0000000795580000, 0x00000007ac300000, 0x00000007c0000000)
  eden space 26624K, 0% used [0x0000000795580000,0x0000000795580000,0x0000000796f80000)
  from space 512K, 12% used [0x00000007ac280000,0x00000007ac290000,0x00000007ac300000)
  to   space 512K, 0% used [0x00000007ac200000,0x00000007ac200000,0x00000007ac280000)
 ParOldGen       total 126464K, used 89586K [0x0000000740000000, 0x0000000747b80000, 0x0000000795580000)
  object space 126464K, 70% used [0x0000000740000000,0x000000074577c9f0,0x0000000747b80000)
 Metaspace       used 19820K, capacity 20043K, committed 20224K, reserved 1067008K
  class space    used 1905K, capacity 1982K, committed 2048K, reserved 1048576K
}
Event: 1003.911 GC heap before
{Heap before GC invocations=3264 (full 1):
 PSYoungGen      total 27136K, used 26688K [0x0000000795580000, 0x00000007ac300000, 0x00000007c0000000)
  eden space 26624K, 100% used [0x0000000795580000,0x0000000796f80000,0x0000000796f80000)
  from space 512K, 12% used [0x00000007ac280000,0x00000007ac290000,0x00000007ac300000)
  to   space 512K, 0% used [0x00000007ac200000,0x00000007ac200000,0x00000007ac280000)
 ParOldGen       total 126464K, used 89586K [0x0000000740000000, 0x0000000747b80000, 0x0000000795580000)
  object space 126464K, 70% used [0x0000000740000000,0x000000074577c9f0,0x0000000747b80000)
 Metaspace       used 19865K, capacity 20107K, committed 20224K, reserved 1067008K
  class space    used 1906K, capacity 1982K, committed 2048K, reserved 1048576K
Event: 1003.913 GC heap after
Heap after GC invocations=3264 (full 1):
 PSYoungGen      total 27136K, used 96K [0x0000000795580000, 0x00000007ac300000, 0x00000007c0000000)
  eden space 26624K, 0% used [0x0000000795580000,0x0000000795580000,0x0000000796f80000)
  from space 512K, 18% used [0x00000007ac200000,0x00000007ac218000,0x00000007ac280000)
  to   space 512K, 0% used [0x00000007ac280000,0x00000007ac280000,0x00000007ac300000)
 ParOldGen       total 126464K, used 89594K [0x0000000740000000, 0x0000000747b80000, 0x0000000795580000)
  object space 126464K, 70% used [0x0000000740000000,0x000000074577e9f0,0x0000000747b80000)
 Metaspace       used 19865K, capacity 20107K, committed 20224K, reserved 1067008K
  class space    used 1906K, capacity 1982K, committed 2048K, reserved 1048576K
}

Deoptimization events (10 events):
Event: 1004.202 Thread 0x00007fe3e3120000 Uncommon trap: reason=unstable_if action=reinterpret pc=0x000000010a457f38 method=java.awt.font.FontRenderContext.equals(Ljava/awt/font/FontRenderContext;)Z @ 2
Event: 1004.203 Thread 0x00007fe3e215b000 Uncommon trap: reason=class_check action=maybe_recompile pc=0x000000010a552f80 method=com.jogamp.common.util.RunnableTask.run()V @ 24
Event: 1004.204 Thread 0x00007fe3e215b000 Uncommon trap: reason=unstable_if action=reinterpret pc=0x000000010a78ef7c method=jogamp.nativewindow.macosx.OSXUtil.RunOnMainThread(ZZLjava/lang/Runnable;)V @ 3
Event: 1004.222 Thread 0x00007fe3e315d000 Uncommon trap: reason=unstable_if action=reinterpret pc=0x000000010a61e858 method=jogamp.opengl.GLContextImpl.release(Z)V @ 161
Event: 1004.224 Thread 0x00007fe3e315d000 Uncommon trap: reason=unstable_if action=reinterpret pc=0x000000010a62e398 method=java.util.LinkedList$ListItr.<init>(Ljava/util/LinkedList;I)V @ 26
Event: 1004.225 Thread 0x00007fe3e315d000 Uncommon trap: reason=unstable_if action=reinterpret pc=0x000000010a34220c method=java.security.AccessControlContext.optimize()Ljava/security/AccessControlContext; @ 233
Event: 1004.225 Thread 0x00007fe3e3120000 Uncommon trap: reason=class_check action=maybe_recompile pc=0x000000010a32be5c method=java.awt.Component.getGraphics()Ljava/awt/Graphics; @ 114
Event: 1004.226 Thread 0x00007fe3e315d000 Uncommon trap: reason=class_check action=maybe_recompile pc=0x000000010a81a7cc method=java.awt.event.InvocationEvent.dispatch()V @ 11
Event: 1004.226 Thread 0x00007fe3e315d000 Uncommon trap: reason=unstable_if action=reinterpret pc=0x000000010a4ad0b0 method=java.util.ArrayList.isEmpty()Z @ 4
Event: 1004.241 Thread 0x00007fe3e215b000 Uncommon trap: reason=class_check action=maybe_recompile pc=0x000000010a552f80 method=com.jogamp.common.util.RunnableTask.run()V @ 24

Internal exceptions (10 events):
Event: 0.274 Thread 0x00007fe3e2008800 Exception <a 'java/io/FileNotFoundException'> (0x000000079580f3c8) thrown at [/Users/java_re/workspace/8-2-build-macosx-x86_64/jdk8u91/6644/hotspot/src/share/vm/prims/jni.cpp, line 709]
Event: 0.274 Thread 0x00007fe3e2008800 Exception <a 'java/io/FileNotFoundException'> (0x000000079580ff30) thrown at [/Users/java_re/workspace/8-2-build-macosx-x86_64/jdk8u91/6644/hotspot/src/share/vm/prims/jni.cpp, line 709]
Event: 0.367 Thread 0x00007fe3e2008800 Exception <a 'java/io/FileNotFoundException'> (0x000000079594b880) thrown at [/Users/java_re/workspace/8-2-build-macosx-x86_64/jdk8u91/6644/hotspot/src/share/vm/prims/jni.cpp, line 709]
Event: 1.984 Thread 0x00007fe3e337e000 Exception <a 'java/lang/UnsatisfiedLinkError': com.jogamp.common.util.JarUtil.fixNativeLibAttribs(Ljava/lang/String;)Z> (0x0000000796bd6098) thrown at [/Users/java_re/workspace/8-2-build-macosx-x86_64/jdk8u91/6644/hotspot/src/share/vm/prims/nativeLookup.c
Event: 2.313 Thread 0x00007fe3e280a000 Exception <a 'java/lang/NullPointerException'> (0x00000007956a6d50) thrown at [/Users/java_re/workspace/8-2-build-macosx-x86_64/jdk8u91/6644/hotspot/src/share/vm/interpreter/linkResolver.cpp, line 1178]
Event: 2.970 Thread 0x00007fe3e315d000 Exception <a 'java/io/FileNotFoundException'> (0x0000000795ed3d88) thrown at [/Users/java_re/workspace/8-2-build-macosx-x86_64/jdk8u91/6644/hotspot/src/share/vm/prims/jni.cpp, line 709]
Event: 2.971 Thread 0x00007fe3e315d000 Exception <a 'java/io/FileNotFoundException'> (0x0000000795eda128) thrown at [/Users/java_re/workspace/8-2-build-macosx-x86_64/jdk8u91/6644/hotspot/src/share/vm/prims/jni.cpp, line 709]
Event: 2.971 Thread 0x00007fe3e315d000 Implicit null exception at 0x000000010a138db5 to 0x000000010a139105
Event: 17.764 Thread 0x00007fe3e315d000 Implicit null exception at 0x000000010a41b8f3 to 0x000000010a41bb1a
Event: 1004.184 Thread 0x00007fe3e315d000 Implicit null exception at 0x000000010a4d4c1d to 0x000000010a4d5501

Events (10 events):
Event: 1004.225 loading class java/awt/Window$1DisposeAction done
Event: 1004.226 Thread 0x00007fe3e315d000 Uncommon trap: trap_request=0xffffffde fr.pc=0x000000010a81a7cc
Event: 1004.226 Thread 0x00007fe3e315d000 DEOPT PACKING pc=0x000000010a81a7cc sp=0x00007000018e2e90
Event: 1004.226 Thread 0x00007fe3e315d000 DEOPT UNPACKING pc=0x0000000109fa2229 sp=0x00007000018e2d18 mode 2
Event: 1004.226 Thread 0x00007fe3e315d000 Uncommon trap: trap_request=0xffffff65 fr.pc=0x000000010a4ad0b0
Event: 1004.226 Thread 0x00007fe3e315d000 DEOPT PACKING pc=0x000000010a4ad0b0 sp=0x00007000018e27e0
Event: 1004.226 Thread 0x00007fe3e315d000 DEOPT UNPACKING pc=0x0000000109fa2229 sp=0x00007000018e2798 mode 2
Event: 1004.241 Thread 0x00007fe3e215b000 Uncommon trap: trap_request=0xffffffde fr.pc=0x000000010a552f80
Event: 1004.241 Thread 0x00007fe3e215b000 DEOPT PACKING pc=0x000000010a552f80 sp=0x00007fff576ce680
Event: 1004.241 Thread 0x00007fe3e215b000 DEOPT UNPACKING pc=0x0000000109fa2229 sp=0x00007fff576ce628 mode 2


Dynamic libraries:
0x0000000009285000 	/System/Library/Frameworks/Cocoa.framework/Versions/A/Cocoa
0x0000000009285000 	/System/Library/Frameworks/Security.framework/Versions/A/Security
0x0000000009285000 	/System/Library/Frameworks/ApplicationServices.framework/Versions/A/ApplicationServices
0x0000000009285000 	/usr/lib/libz.1.dylib
0x0000000009285000 	/usr/lib/libSystem.B.dylib
0x0000000009285000 	/usr/lib/libobjc.A.dylib
0x0000000009285000 	/System/Library/Frameworks/CoreFoundation.framework/Versions/A/CoreFoundation
0x0000000009285000 	/System/Library/Frameworks/Foundation.framework/Versions/C/Foundation
0x0000000009285000 	/System/Library/Frameworks/AppKit.framework/Versions/C/AppKit
0x0000000009285000 	/System/Library/Frameworks/CoreData.framework/Versions/A/CoreData
0x0000000009285000 	/System/Library/PrivateFrameworks/RemoteViewServices.framework/Versions/A/RemoteViewServices
0x0000000009285000 	/System/Library/PrivateFrameworks/UIFoundation.framework/Versions/A/UIFoundation
0x0000000009285000 	/usr/lib/libScreenReader.dylib
0x0000000009285000 	/System/Library/Frameworks/Accelerate.framework/Versions/A/Accelerate
0x0000000009285000 	/System/Library/Frameworks/IOSurface.framework/Versions/A/IOSurface
0x0000000009285000 	/System/Library/Frameworks/AudioToolbox.framework/Versions/A/AudioToolbox
0x0000000009285000 	/System/Library/Frameworks/AudioUnit.framework/Versions/A/AudioUnit
0x0000000009285000 	/System/Library/PrivateFrameworks/DataDetectorsCore.framework/Versions/A/DataDetectorsCore
0x0000000009285000 	/System/Library/PrivateFrameworks/DesktopServicesPriv.framework/Versions/A/DesktopServicesPriv
0x0000000009285000 	/System/Library/Frameworks/Carbon.framework/Versions/A/Frameworks/HIToolbox.framework/Versions/A/HIToolbox
0x0000000009285000 	/System/Library/Frameworks/QuartzCore.framework/Versions/A/QuartzCore
0x0000000009285000 	/System/Library/Frameworks/Carbon.framework/Versions/A/Frameworks/SpeechRecognition.framework/Versions/A/SpeechRecognition
0x0000000009285000 	/usr/lib/libauto.dylib
0x0000000009285000 	/usr/lib/libicucore.A.dylib
0x0000000009285000 	/usr/lib/libxml2.2.dylib
0x0000000009285000 	/System/Library/PrivateFrameworks/CoreUI.framework/Versions/A/CoreUI
0x0000000009285000 	/System/Library/Frameworks/CoreAudio.framework/Versions/A/CoreAudio
0x0000000009285000 	/System/Library/Frameworks/DiskArbitration.framework/Versions/A/DiskArbitration
0x0000000009285000 	/usr/lib/liblangid.dylib
0x0000000009285000 	/System/Library/PrivateFrameworks/MultitouchSupport.framework/Versions/A/MultitouchSupport
0x0000000009285000 	/System/Library/Frameworks/IOKit.framework/Versions/A/IOKit
0x0000000009285000 	/usr/lib/libDiagnosticMessagesClient.dylib
0x0000000009285000 	/System/Library/Frameworks/CoreServices.framework/Versions/A/CoreServices
0x0000000009285000 	/System/Library/PrivateFrameworks/PerformanceAnalysis.framework/Versions/A/PerformanceAnalysis
0x0000000009285000 	/System/Library/PrivateFrameworks/GenerationalStorage.framework/Versions/A/GenerationalStorage
0x0000000009285000 	/System/Library/Frameworks/OpenGL.framework/Versions/A/OpenGL
0x0000000009285000 	/System/Library/PrivateFrameworks/Sharing.framework/Versions/A/Sharing
0x0000000009285000 	/System/Library/Frameworks/CoreGraphics.framework/Versions/A/CoreGraphics
0x0000000009285000 	/System/Library/Frameworks/CoreImage.framework/Versions/A/CoreImage
0x0000000009285000 	/System/Library/Frameworks/CoreText.framework/Versions/A/CoreText
0x0000000009285000 	/System/Library/Frameworks/ImageIO.framework/Versions/A/ImageIO
0x0000000009285000 	/System/Library/PrivateFrameworks/Backup.framework/Versions/A/Backup
0x0000000009285000 	/usr/lib/libextension.dylib
0x0000000009285000 	/usr/lib/libarchive.2.dylib
0x0000000009285000 	/System/Library/Frameworks/CFNetwork.framework/Versions/A/CFNetwork
0x0000000009285000 	/System/Library/Frameworks/SystemConfiguration.framework/Versions/A/SystemConfiguration
0x0000000009285000 	/usr/lib/libCRFSuite.dylib
0x0000000009285000 	/usr/lib/libc++.1.dylib
0x0000000009285000 	/usr/lib/libc++abi.dylib
0x0000000009285000 	/usr/lib/system/libcache.dylib
0x0000000009285000 	/usr/lib/system/libcommonCrypto.dylib
0x0000000009285000 	/usr/lib/system/libcompiler_rt.dylib
0x0000000009285000 	/usr/lib/system/libcopyfile.dylib
0x0000000009285000 	/usr/lib/system/libcorecrypto.dylib
0x0000000009285000 	/usr/lib/system/libdispatch.dylib
0x0000000009285000 	/usr/lib/system/libdyld.dylib
0x0000000009285000 	/usr/lib/system/libkeymgr.dylib
0x0000000009285000 	/usr/lib/system/liblaunch.dylib
0x0000000009285000 	/usr/lib/system/libmacho.dylib
0x0000000009285000 	/usr/lib/system/libquarantine.dylib
0x0000000009285000 	/usr/lib/system/libremovefile.dylib
0x0000000009285000 	/usr/lib/system/libsystem_asl.dylib
0x0000000009285000 	/usr/lib/system/libsystem_blocks.dylib
0x0000000009285000 	/usr/lib/system/libsystem_c.dylib
0x0000000009285000 	/usr/lib/system/libsystem_configuration.dylib
0x0000000009285000 	/usr/lib/system/libsystem_coreservices.dylib
0x0000000009285000 	/usr/lib/system/libsystem_coretls.dylib
0x0000000009285000 	/usr/lib/system/libsystem_dnssd.dylib
0x0000000009285000 	/usr/lib/system/libsystem_info.dylib
0x0000000009285000 	/usr/lib/system/libsystem_kernel.dylib
0x0000000009285000 	/usr/lib/system/libsystem_m.dylib
0x0000000009285000 	/usr/lib/system/libsystem_malloc.dylib
0x0000000009285000 	/usr/lib/system/libsystem_network.dylib
0x0000000009285000 	/usr/lib/system/libsystem_networkextension.dylib
0x0000000009285000 	/usr/lib/system/libsystem_notify.dylib
0x0000000009285000 	/usr/lib/system/libsystem_platform.dylib
0x0000000009285000 	/usr/lib/system/libsystem_pthread.dylib
0x0000000009285000 	/usr/lib/system/libsystem_sandbox.dylib
0x0000000009285000 	/usr/lib/system/libsystem_secinit.dylib
0x0000000009285000 	/usr/lib/system/libsystem_trace.dylib
0x0000000009285000 	/usr/lib/system/libunc.dylib
0x0000000009285000 	/usr/lib/system/libunwind.dylib
0x0000000009285000 	/usr/lib/system/libxpc.dylib
0x0000000009285000 	/usr/lib/libenergytrace.dylib
0x0000000009285000 	/usr/lib/libbsm.0.dylib
0x0000000009285000 	/usr/lib/system/libkxld.dylib
0x0000000009285000 	/usr/lib/libxar.1.dylib
0x0000000009285000 	/usr/lib/libsqlite3.dylib
0x0000000009285000 	/usr/lib/libpam.2.dylib
0x0000000009285000 	/usr/lib/libOpenScriptingUtil.dylib
0x0000000009285000 	/usr/lib/libbz2.1.0.dylib
0x0000000009285000 	/usr/lib/liblzma.5.dylib
0x0000000009285000 	/System/Library/Frameworks/CoreServices.framework/Versions/A/Frameworks/FSEvents.framework/Versions/A/FSEvents
0x0000000009285000 	/System/Library/Frameworks/CoreServices.framework/Versions/A/Frameworks/CarbonCore.framework/Versions/A/CarbonCore
0x0000000009285000 	/System/Library/Frameworks/CoreServices.framework/Versions/A/Frameworks/Metadata.framework/Versions/A/Metadata
0x0000000009285000 	/System/Library/Frameworks/CoreServices.framework/Versions/A/Frameworks/OSServices.framework/Versions/A/OSServices
0x0000000009285000 	/System/Library/Frameworks/CoreServices.framework/Versions/A/Frameworks/SearchKit.framework/Versions/A/SearchKit
0x0000000009285000 	/System/Library/Frameworks/CoreServices.framework/Versions/A/Frameworks/AE.framework/Versions/A/AE
0x0000000009285000 	/System/Library/Frameworks/CoreServices.framework/Versions/A/Frameworks/LaunchServices.framework/Versions/A/LaunchServices
0x0000000009285000 	/System/Library/Frameworks/CoreServices.framework/Versions/A/Frameworks/DictionaryServices.framework/Versions/A/DictionaryServices
0x0000000009285000 	/System/Library/Frameworks/CoreServices.framework/Versions/A/Frameworks/SharedFileList.framework/Versions/A/SharedFileList
0x0000000009285000 	/System/Library/Frameworks/NetFS.framework/Versions/A/NetFS
0x0000000009285000 	/System/Library/PrivateFrameworks/NetAuth.framework/Versions/A/NetAuth
0x0000000009285000 	/System/Library/PrivateFrameworks/login.framework/Versions/A/Frameworks/loginsupport.framework/Versions/A/loginsupport
0x0000000009285000 	/System/Library/PrivateFrameworks/TCC.framework/Versions/A/TCC
0x0000000009285000 	/usr/lib/libmecabra.dylib
0x0000000009285000 	/System/Library/Frameworks/ApplicationServices.framework/Versions/A/Frameworks/ATS.framework/Versions/A/ATS
0x0000000009285000 	/System/Library/Frameworks/ApplicationServices.framework/Versions/A/Frameworks/ColorSync.framework/Versions/A/ColorSync
0x0000000009285000 	/System/Library/Frameworks/ApplicationServices.framework/Versions/A/Frameworks/HIServices.framework/Versions/A/HIServices
0x0000000009285000 	/System/Library/Frameworks/ApplicationServices.framework/Versions/A/Frameworks/LangAnalysis.framework/Versions/A/LangAnalysis
0x0000000009285000 	/System/Library/Frameworks/ApplicationServices.framework/Versions/A/Frameworks/PrintCore.framework/Versions/A/PrintCore
0x0000000009285000 	/System/Library/Frameworks/ApplicationServices.framework/Versions/A/Frameworks/QD.framework/Versions/A/QD
0x0000000009285000 	/System/Library/Frameworks/ApplicationServices.framework/Versions/A/Frameworks/SpeechSynthesis.framework/Versions/A/SpeechSynthesis
0x0000000009285000 	/System/Library/Frameworks/Metal.framework/Versions/A/Metal
0x0000000009285000 	/System/Library/Frameworks/Accelerate.framework/Versions/A/Frameworks/vImage.framework/Versions/A/vImage
0x0000000009285000 	/System/Library/Frameworks/Accelerate.framework/Versions/A/Frameworks/vecLib.framework/Versions/A/vecLib
0x0000000009285000 	/System/Library/Frameworks/Accelerate.framework/Versions/A/Frameworks/vecLib.framework/Versions/A/libvDSP.dylib
0x0000000009285000 	/System/Library/Frameworks/Accelerate.framework/Versions/A/Frameworks/vecLib.framework/Versions/A/libvMisc.dylib
0x0000000009285000 	/System/Library/Frameworks/Accelerate.framework/Versions/A/Frameworks/vecLib.framework/Versions/A/libLAPACK.dylib
0x0000000009285000 	/System/Library/Frameworks/Accelerate.framework/Versions/A/Frameworks/vecLib.framework/Versions/A/libBLAS.dylib
0x0000000009285000 	/System/Library/Frameworks/Accelerate.framework/Versions/A/Frameworks/vecLib.framework/Versions/A/libLinearAlgebra.dylib
0x0000000009285000 	/System/Library/Frameworks/Accelerate.framework/Versions/A/Frameworks/vecLib.framework/Versions/A/libSparseBLAS.dylib
0x0000000009285000 	/System/Library/PrivateFrameworks/GPUCompiler.framework/libmetal_timestamp.dylib
0x0000000009285000 	/System/Library/Frameworks/OpenGL.framework/Versions/A/Libraries/libCoreFSCache.dylib
0x0000000009285000 	/System/Library/PrivateFrameworks/IOAccelerator.framework/Versions/A/IOAccelerator
0x0000000009285000 	/System/Library/Frameworks/ApplicationServices.framework/Versions/A/Frameworks/ATS.framework/Versions/A/Resources/libFontParser.dylib
0x0000000009285000 	/System/Library/Frameworks/ApplicationServices.framework/Versions/A/Frameworks/ATS.framework/Versions/A/Resources/libFontRegistry.dylib
0x0000000009285000 	/System/Library/PrivateFrameworks/AppleVPA.framework/Versions/A/AppleVPA
0x0000000009285000 	/System/Library/PrivateFrameworks/AppleJPEG.framework/Versions/A/AppleJPEG
0x0000000009285000 	/System/Library/Frameworks/ImageIO.framework/Versions/A/Resources/libJPEG.dylib
0x0000000009285000 	/System/Library/Frameworks/ImageIO.framework/Versions/A/Resources/libTIFF.dylib
0x0000000009285000 	/System/Library/Frameworks/ImageIO.framework/Versions/A/Resources/libPng.dylib
0x0000000009285000 	/System/Library/Frameworks/ImageIO.framework/Versions/A/Resources/libGIF.dylib
0x0000000009285000 	/System/Library/Frameworks/ImageIO.framework/Versions/A/Resources/libJP2.dylib
0x0000000009285000 	/System/Library/Frameworks/ImageIO.framework/Versions/A/Resources/libRadiance.dylib
0x0000000009285000 	/System/Library/Frameworks/CoreVideo.framework/Versions/A/CoreVideo
0x0000000009285000 	/System/Library/Frameworks/OpenGL.framework/Versions/A/Libraries/libGLU.dylib
0x0000000009285000 	/System/Library/Frameworks/OpenGL.framework/Versions/A/Libraries/libGFXShared.dylib
0x0000000009285000 	/System/Library/Frameworks/OpenGL.framework/Versions/A/Libraries/libGL.dylib
0x0000000009285000 	/System/Library/Frameworks/OpenGL.framework/Versions/A/Libraries/libGLImage.dylib
0x0000000009285000 	/System/Library/Frameworks/OpenGL.framework/Versions/A/Libraries/libCVMSPluginSupport.dylib
0x0000000009285000 	/System/Library/Frameworks/OpenGL.framework/Versions/A/Libraries/libCoreVMClient.dylib
0x0000000009285000 	/usr/lib/libcups.2.dylib
0x0000000009285000 	/System/Library/Frameworks/Kerberos.framework/Versions/A/Kerberos
0x0000000009285000 	/System/Library/Frameworks/GSS.framework/Versions/A/GSS
0x0000000009285000 	/usr/lib/libresolv.9.dylib
0x0000000009285000 	/usr/lib/libiconv.2.dylib
0x0000000009285000 	/System/Library/PrivateFrameworks/Heimdal.framework/Versions/A/Heimdal
0x0000000009285000 	/usr/lib/libheimdal-asn1.dylib
0x0000000009285000 	/System/Library/Frameworks/OpenDirectory.framework/Versions/A/OpenDirectory
0x0000000009285000 	/System/Library/PrivateFrameworks/CommonAuth.framework/Versions/A/CommonAuth
0x0000000009285000 	/System/Library/Frameworks/OpenDirectory.framework/Versions/A/Frameworks/CFOpenDirectory.framework/Versions/A/CFOpenDirectory
0x0000000009285000 	/System/Library/Frameworks/SecurityFoundation.framework/Versions/A/SecurityFoundation
0x0000000009285000 	/System/Library/PrivateFrameworks/LanguageModeling.framework/Versions/A/LanguageModeling
0x0000000009285000 	/usr/lib/libmarisa.dylib
0x0000000009285000 	/usr/lib/libChineseTokenizer.dylib
0x0000000009285000 	/usr/lib/libcmph.dylib
0x0000000009285000 	/usr/lib/libcompression.dylib
0x0000000009285000 	/System/Library/Frameworks/ServiceManagement.framework/Versions/A/ServiceManagement
0x0000000009285000 	/usr/lib/libxslt.1.dylib
0x0000000009285000 	/System/Library/Frameworks/Carbon.framework/Versions/A/Frameworks/Ink.framework/Versions/A/Ink
0x0000000009285000 	/usr/lib/libFosl_dynamic.dylib
0x0000000009285000 	/System/Library/PrivateFrameworks/FaceCore.framework/Versions/A/FaceCore
0x0000000009285000 	/System/Library/Frameworks/OpenCL.framework/Versions/A/OpenCL
0x0000000009285000 	/System/Library/PrivateFrameworks/CrashReporterSupport.framework/Versions/A/CrashReporterSupport
0x0000000009285000 	/System/Library/PrivateFrameworks/IconServices.framework/Versions/A/IconServices
0x0000000009285000 	/System/Library/PrivateFrameworks/Apple80211.framework/Versions/A/Apple80211
0x0000000009285000 	/System/Library/Frameworks/CoreWLAN.framework/Versions/A/CoreWLAN
0x0000000009285000 	/System/Library/Frameworks/IOBluetooth.framework/Versions/A/IOBluetooth
0x0000000009285000 	/System/Library/PrivateFrameworks/CoreWiFi.framework/Versions/A/CoreWiFi
0x0000000009285000 	/System/Library/Frameworks/CoreBluetooth.framework/Versions/A/CoreBluetooth
0x0000000009285000 	/System/Library/PrivateFrameworks/ChunkingLibrary.framework/Versions/A/ChunkingLibrary
0x0000000009285000 	/System/Library/PrivateFrameworks/DebugSymbols.framework/Versions/A/DebugSymbols
0x0000000009285000 	/System/Library/PrivateFrameworks/CoreSymbolication.framework/Versions/A/CoreSymbolication
0x0000000009285000 	/System/Library/PrivateFrameworks/Symbolication.framework/Versions/A/Symbolication
0x0000000009285000 	/System/Library/PrivateFrameworks/SpeechRecognitionCore.framework/Versions/A/SpeechRecognitionCore
0x0000000109000000 	/Library/Java/JavaVirtualMachines/jdk1.8.0_91.jdk/Contents/Home/jre/lib/server/libjvm.dylib
0x0000000009285000 	/usr/lib/libstdc++.6.dylib
0x00000001087ad000 	/Library/Java/JavaVirtualMachines/jdk1.8.0_91.jdk/Contents/Home/jre/lib/libverify.dylib
0x00000001087bb000 	/Library/Java/JavaVirtualMachines/jdk1.8.0_91.jdk/Contents/Home/jre/lib/libjava.dylib
0x0000000109f94000 	/Library/Java/JavaVirtualMachines/jdk1.8.0_91.jdk/Contents/Home/jre/lib/libzip.dylib
0x000000011f8ff000 	/System/Library/Frameworks/JavaVM.framework/Frameworks/JavaRuntimeSupport.framework/JavaRuntimeSupport
0x000000011f91a000 	/System/Library/Frameworks/JavaVM.framework/Versions/A/Frameworks/JavaNativeFoundation.framework/Versions/A/JavaNativeFoundation
0x000000011f92f000 	/System/Library/Frameworks/JavaVM.framework/Versions/A/JavaVM
0x0000000009285000 	/System/Library/Frameworks/Carbon.framework/Versions/A/Carbon
0x000000011f93c000 	/System/Library/PrivateFrameworks/JavaLaunching.framework/Versions/A/JavaLaunching
0x0000000009285000 	/System/Library/Frameworks/Carbon.framework/Versions/A/Frameworks/CommonPanels.framework/Versions/A/CommonPanels
0x0000000009285000 	/System/Library/Frameworks/Carbon.framework/Versions/A/Frameworks/Help.framework/Versions/A/Help
0x0000000009285000 	/System/Library/Frameworks/Carbon.framework/Versions/A/Frameworks/ImageCapture.framework/Versions/A/ImageCapture
0x0000000009285000 	/System/Library/Frameworks/Carbon.framework/Versions/A/Frameworks/OpenScripting.framework/Versions/A/OpenScripting
0x0000000009285000 	/System/Library/Frameworks/Carbon.framework/Versions/A/Frameworks/Print.framework/Versions/A/Print
0x0000000009285000 	/System/Library/Frameworks/Carbon.framework/Versions/A/Frameworks/SecurityHI.framework/Versions/A/SecurityHI
0x000000012125c000 	/Library/Java/JavaVirtualMachines/jdk1.8.0_91.jdk/Contents/Home/jre/lib/libawt.dylib
0x0000000121304000 	/Library/Java/JavaVirtualMachines/jdk1.8.0_91.jdk/Contents/Home/jre/lib/./libmlib_image.dylib
0x00000001213d0000 	/Library/Java/JavaVirtualMachines/jdk1.8.0_91.jdk/Contents/Home/jre/lib/libawt_lwawt.dylib
0x0000000121485000 	/Library/Java/JavaVirtualMachines/jdk1.8.0_91.jdk/Contents/Home/jre/lib/./libosxapp.dylib
0x0000000009285000 	/System/Library/Frameworks/ExceptionHandling.framework/Versions/A/ExceptionHandling
0x0000000009285000 	/System/Library/PrivateFrameworks/CoreServicesInternal.framework/Versions/A/CoreServicesInternal
0x0000000009285000 	/System/Library/Frameworks/CoreGraphics.framework/Versions/A/Resources/libRIP.A.dylib
0x0000000009285000 	/System/Library/Frameworks/Accelerate.framework/Versions/A/Frameworks/vImage.framework/Versions/A/Libraries/libCGInterfaces.dylib
0x0000000009285000 	/System/Library/Frameworks/CoreGraphics.framework/Versions/A/Resources/libCGXType.A.dylib
0x0000000009285000 	/System/Library/Frameworks/OpenCL.framework/Versions/A/Libraries/libcldcpuengine.dylib
0x0000000009285000 	/System/Library/PrivateFrameworks/DiskImages.framework/Versions/A/DiskImages
0x0000000009285000 	/System/Library/Frameworks/DiscRecording.framework/Versions/A/DiscRecording
0x0000000009285000 	/usr/lib/libcsfde.dylib
0x0000000009285000 	/usr/lib/libcurl.4.dylib
0x0000000009285000 	/System/Library/PrivateFrameworks/MediaKit.framework/Versions/A/MediaKit
0x0000000009285000 	/System/Library/PrivateFrameworks/ProtectedCloudStorage.framework/Versions/A/ProtectedCloudStorage
0x0000000009285000 	/usr/lib/libCoreStorage.dylib
0x0000000009285000 	/System/Library/PrivateFrameworks/EFILogin.framework/Versions/A/EFILogin
0x0000000009285000 	/usr/lib/libutil.dylib
0x0000000009285000 	/System/Library/PrivateFrameworks/FindMyDevice.framework/Versions/A/FindMyDevice
0x0000000009285000 	/System/Library/Frameworks/LDAP.framework/Versions/A/LDAP
0x0000000009285000 	/usr/lib/libsasl2.2.dylib
0x0000000009285000 	/System/Library/PrivateFrameworks/CoreDaemon.framework/Versions/B/CoreDaemon
0x0000000009285000 	/usr/lib/libcrypto.0.9.8.dylib
0x0000000009285000 	/System/Library/PrivateFrameworks/AppleSRP.framework/Versions/A/AppleSRP
0x0000000009285000 	/System/Library/PrivateFrameworks/TrustEvaluationAgent.framework/Versions/A/TrustEvaluationAgent
0x0000000121dad000 	cl_kernels
0x0000000009285000 	/System/Library/Frameworks/OpenCL.framework/Versions/A/Libraries/ImageFormats/unorm8_bgra.dylib
0x0000000009285000 	/System/Library/Frameworks/OpenCL.framework/Versions/A/Libraries/ImageFormats/unorm8_rgba.dylib
0x0000000009285000 	/System/Library/PrivateFrameworks/FamilyControls.framework/Versions/A/FamilyControls
0x0000000009285000 	/System/Library/PrivateFrameworks/CommerceKit.framework/Versions/A/Frameworks/CommerceCore.framework/Versions/A/CommerceCore
0x0000000009285000 	/System/Library/PrivateFrameworks/SystemAdministration.framework/Versions/A/SystemAdministration
0x0000000009285000 	/System/Library/PrivateFrameworks/AppContainer.framework/Versions/A/AppContainer
0x0000000009285000 	/System/Library/PrivateFrameworks/SecCodeWrapper.framework/Versions/A/SecCodeWrapper
0x0000000009285000 	/System/Library/Frameworks/DirectoryService.framework/Versions/A/DirectoryService
0x0000000009285000 	/System/Library/PrivateFrameworks/LoginUIKit.framework/Versions/A/Frameworks/LoginUICore.framework/Versions/A/LoginUICore
0x0000000009285000 	/usr/lib/libodfde.dylib
0x0000000009285000 	/System/Library/Frameworks/OpenGL.framework/Versions/A/Resources/GLEngine.bundle/GLEngine
0x0000000009285000 	/System/Library/Frameworks/OpenGL.framework/Versions/A/Libraries/libGLProgrammability.dylib
0x0000000123c66000 	/System/Library/Extensions/AMDRadeonX3000GLDriver.bundle/Contents/MacOS/AMDRadeonX3000GLDriver
0x0000000009285000 	/System/Library/PrivateFrameworks/GPUSupport.framework/Versions/A/Libraries/libGPUSupportMercury.dylib
0x0000000123d45000 	/System/Library/Extensions/AMDRadeonX3000GLDriver.bundle/Contents/MacOS/ATIRadeonX3000SCLib.dylib
0x0000000009285000 	/System/Library/Frameworks/OpenGL.framework/Versions/A/Resources/GLRendererFloat.bundle/GLRendererFloat
0x0000000124039000 	/Library/Java/JavaVirtualMachines/jdk1.8.0_91.jdk/Contents/Home/jre/lib/libfontmanager.dylib
0x0000000124d24000 	/Library/Java/JavaVirtualMachines/jdk1.8.0_91.jdk/Contents/Home/jre/lib/libosxui.dylib
0x0000000125802000 	/Library/Java/JavaVirtualMachines/jdk1.8.0_91.jdk/Contents/Home/jre/lib/libnet.dylib
0x00000001257a9000 	/Library/Java/JavaVirtualMachines/jdk1.8.0_91.jdk/Contents/Home/jre/lib/libnio.dylib
0x0000000009285000 	/System/Library/Frameworks/ApplicationServices.framework/Versions/A/Frameworks/ATS.framework/Versions/A/Resources/libTrueTypeScaler.dylib
0x000000018aaca000 	/private/var/folders/tq/5cybh0451bx2v8l5x53f9c_h0000gn/T/jogamp_0000/file_cache/jln6132946460865783717/jln1704120045884797333/libgluegen-rt.jnilib
0x0000000124a10000 	/private/var/folders/tq/5cybh0451bx2v8l5x53f9c_h0000gn/T/jogamp_0000/file_cache/jln6132946460865783717/jln1704120045884797333/libnativewindow_awt.jnilib
0x0000000124a1c000 	/Library/Java/JavaVirtualMachines/jdk1.8.0_91.jdk/Contents/Home/jre/lib/libjawt.dylib
0x000000018aace000 	/private/var/folders/tq/5cybh0451bx2v8l5x53f9c_h0000gn/T/jogamp_0000/file_cache/jln6132946460865783717/jln1704120045884797333/libnativewindow_macosx.jnilib
0x000000018c246000 	/private/var/folders/tq/5cybh0451bx2v8l5x53f9c_h0000gn/T/jogamp_0000/file_cache/jln6132946460865783717/jln1704120045884797333/libjogl_desktop.jnilib
0x000000018d4ed000 	/Library/Java/JavaVirtualMachines/jdk1.8.0_91.jdk/Contents/Home/jre/lib/libt2k.dylib

VM Arguments:
jvm_args: -Djava.security.policy=java.policy.applet -Dfile.encoding=UTF-8 
java_command: sun.applet.AppletViewer module6.AirportMap1464148199964.html
java_class_path (initial): /Users/limhoktan/Documents/workspace/UCSDUnfoldingMaps/build:/Users/limhoktan/Documents/workspace/UCSDUnfoldingMaps/lib/core.jar:/Users/limhoktan/Documents/workspace/UCSDUnfoldingMaps/lib/gluegen-rt.jar:/Users/limhoktan/Documents/workspace/UCSDUnfoldingMaps/lib/jogl-all.jar:/Users/limhoktan/Documents/workspace/UCSDUnfoldingMaps/lib/log4j-1.2.15.jar:/Users/limhoktan/Documents/workspace/UCSDUnfoldingMaps/lib/sqlite-jdbc-3.7.2.jar:/Users/limhoktan/Documents/workspace/UCSDUnfoldingMaps/lib/json4processing.jar:/Users/limhoktan/Documents/workspace/UCSDUnfoldingMaps/lib/libTUIO.jar:/Users/limhoktan/Documents/workspace/UCSDUnfoldingMaps/lib/unfolding.0.9.7-uscd.jar
Launcher Type: SUN_STANDARD

Environment Variables:
PATH=/usr/bin:/bin:/usr/sbin:/sbin
SHELL=/bin/bash
DISPLAY=/private/tmp/com.apple.launchd.3cFrEfN4Lz/org.macosforge.xquartz:0

Signal Handlers:
SIGSEGV: [libjvm.dylib+0x5a97a1], sa_mask[0]=11111111011111110111111111111111, sa_flags=SA_ONSTACK|SA_RESTART|SA_SIGINFO
SIGBUS: [libjvm.dylib+0x5a97a1], sa_mask[0]=11111111011111110111111111111111, sa_flags=SA_RESTART|SA_SIGINFO
SIGFPE: [libjvm.dylib+0x482594], sa_mask[0]=11111111011111110111111111111111, sa_flags=SA_RESTART|SA_SIGINFO
SIGPIPE: [libjvm.dylib+0x482594], sa_mask[0]=11111111011111110111111111111111, sa_flags=SA_RESTART|SA_SIGINFO
SIGXFSZ: [libjvm.dylib+0x482594], sa_mask[0]=11111111011111110111111111111111, sa_flags=SA_RESTART|SA_SIGINFO
SIGILL: [libjvm.dylib+0x482594], sa_mask[0]=11111111011111110111111111111111, sa_flags=SA_RESTART|SA_SIGINFO
SIGUSR1: SIG_DFL, sa_mask[0]=00000000000000000000000000000000, sa_flags=none
SIGUSR2: [libjvm.dylib+0x4820b2], sa_mask[0]=00100000000000000000000000000000, sa_flags=SA_RESTART|SA_SIGINFO
SIGHUP: [libjvm.dylib+0x480689], sa_mask[0]=11111111011111110111111111111111, sa_flags=SA_RESTART|SA_SIGINFO
SIGINT: [libjvm.dylib+0x480689], sa_mask[0]=11111111011111110111111111111111, sa_flags=SA_RESTART|SA_SIGINFO
SIGTERM: [libjvm.dylib+0x480689], sa_mask[0]=11111111011111110111111111111111, sa_flags=SA_RESTART|SA_SIGINFO
SIGQUIT: [libjvm.dylib+0x480689], sa_mask[0]=11111111011111110111111111111111, sa_flags=SA_RESTART|SA_SIGINFO


---------------  S Y S T E M  ---------------

OS:Bsduname:Darwin 15.4.0 Darwin Kernel Version 15.4.0: Fri Feb 26 22:08:05 PST 2016; root:xnu-3248.40.184~3/RELEASE_X86_64 x86_64
rlimit: STACK 8192k, CORE 0k, NPROC 709, NOFILE 10240, AS infinity
load average:3.61 3.36 2.96

CPU:total 4 (4 cores per cpu, 1 threads per core) family 6 model 30 stepping 5, cmov, cx8, fxsr, mmx, sse, sse2, sse3, ssse3, sse4.1, sse4.2, popcnt, tsc, tscinvbit

Memory: 4k page, physical 8388608k(116116k free)

/proc/meminfo:


vm_info: Java HotSpot(TM) 64-Bit Server VM (25.91-b14) for bsd-amd64 JRE (1.8.0_91-b14), built on Apr  1 2016 01:03:00 by "java_re" with gcc 4.2.1 (Based on Apple Inc. build 5658) (LLVM build 2336.11.00)

time: Tue May 24 21:06:44 2016
elapsed time: 1004 seconds (0d 0h 16m 44s)

