#
# A fatal error has been detected by the Java Runtime Environment:
#
#  SIGSEGV (0xb) at pc=0x00007fff865f84dd, pid=1282, tid=2571
#
# JRE version: Java(TM) SE Runtime Environment (8.0_91-b14) (build 1.8.0_91-b14)
# Java VM: Java HotSpot(TM) 64-Bit Server VM (25.91-b14 mixed mode bsd-amd64 compressed oops)
# Problematic frame:
# C  [libobjc.A.dylib+0x14dd]  objc_msgSend+0x1d
#
# Failed to write core dump. Core dumps have been disabled. To enable core dumping, try "ulimit -c unlimited" before starting Java again
#
# If you would like to submit a bug report, please visit:
#   http://bugreport.java.com/bugreport/crash.jsp
# The crash happened outside the Java Virtual Machine in native code.
# See problematic frame for where to report the bug.
#

---------------  T H R E A D  ---------------

Current thread (0x00007fd434129800):  JavaThread "AWT-AppKit" daemon [_thread_in_native, id=2571, stack(0x00007fff54706000,0x00007fff54f06000)]

siginfo: si_signo: 11 (SIGSEGV), si_code: 1 (SEGV_MAPERR), si_addr: 0x0000000000000018

Registers:
RAX=0x00007fd438552610, RBX=0x000000018d2b1450, RCX=0x0000000124a0f7a0, RDX=0x0000000124a0f2c0
RSP=0x00007fff54f013c8, RBP=0x00007fff54f01480, RSI=0x00007fff82b21ce6, RDI=0x00007fd438299ea0
R8 =0x0000000000000000, R9 =0x00000000000008b0, R10=0x00007fff82b21ce6, R11=0x0000000000000000
R12=0x0000000000000000, R13=0x000000018ed6cb68, R14=0x000000018d2b1440, R15=0x00007fd434129800
RIP=0x00007fff865f84dd, EFLAGS=0x0000000000010246, ERR=0x0000000000000004
  TRAPNO=0x000000000000000e

Top of Stack: (sp=0x00007fff54f013c8)
0x00007fff54f013c8:   000000018d2af157 00007fff54f01420
0x00007fff54f013d8:   0000000000000003 00007fff54f01400
0x00007fff54f013e8:   000000010b9f24ea 000000018ed6cb68
0x00007fff54f013f8:   000000018ed6cb68 00007fd438552610
0x00007fff54f01408:   000000018d2b16a0 000000018d2b1710
0x00007fff54f01418:   00007fff76361770 00007fff743a7500
0x00007fff54f01428:   000000018d2b1450 000000018d2b1690
0x00007fff54f01438:   00007fd438552610 00007fd438299ea0
0x00007fff54f01448:   00007fd433422750 00007fd438552610
0x00007fff54f01458:   00007fd438299ea0 00007fff54f01508
0x00007fff54f01468:   00007fd4341299f8 000000018ed6cb68
0x00007fff54f01478:   00007fff54f01530 00007fff54f014f8
0x00007fff54f01488:   000000010c7a9814 000000018ed6cb68
0x00007fff54f01498:   00007fff54f01530 00007fff54f014f8
0x00007fff54f014a8:   000000010c7a95a7 000000010c7a9562
0x00007fff54f014b8:   00007fff54f014b8 000000018ed6cb68
0x00007fff54f014c8:   00007fff54f01530 000000018ed6f7a0
0x00007fff54f014d8:   0000000000000000 000000018ed6cb68
0x00007fff54f014e8:   0000000000000000 00007fff54f01518
0x00007fff54f014f8:   00007fff54f01578 000000010c79c2bd
0x00007fff54f01508:   0000000741e94ef0 000000010c7a5538
0x00007fff54f01518:   00007fd438552610 00007fff54f01578
0x00007fff54f01528:   00007fd438299ea0 000000010c7a6e02
0x00007fff54f01538:   00007fff54f01538 000000018ed6cd32
0x00007fff54f01548:   00007fff54f015a0 000000018ed6f7a0
0x00007fff54f01558:   0000000000000000 000000018ed6cd40
0x00007fff54f01568:   00007fff54f01518 00007fff54f01588
0x00007fff54f01578:   00007fff54f015e8 000000010c79c2bd
0x00007fff54f01588:   00007fd438552610 00000007434a7f68
0x00007fff54f01598:   00007fd438299ea0 00000007434a7f68
0x00007fff54f015a8:   00007fff54f015a8 00000001920676a6
0x00007fff54f015b8:   00007fff54f015f8 0000000192067760 

Instructions: (pc=0x00007fff865f84dd)
0x00007fff865f84bd:   44 00 00 48 85 ff 2e 74 62 40 f6 c7 01 2e 75 66
0x00007fff865f84cd:   49 bb f8 ff ff ff ff 7f 00 00 4c 23 1f 49 89 f2
0x00007fff865f84dd:   45 23 53 18 49 c1 e2 04 4d 03 53 10 49 3b 32 75
0x00007fff865f84ed:   04 41 ff 62 08 49 83 3a 01 76 0d 49 83 c2 10 49 

Register to memory mapping:

RAX=0x00007fd438552610 is an unknown value
RBX=0x000000018d2b1450: Java_jogamp_nativewindow_macosx_OSXUtil_GetScreenRefreshRate0+0x1cf0 in /private/var/folders/tq/5cybh0451bx2v8l5x53f9c_h0000gn/T/jogamp_0000/file_cache/jln7277892153922787866/jln5766070154499080855/libnativewindow_macosx.jnilib at 0x000000018d2aa000
RCX=0x0000000124a0f7a0 is an unknown value
RDX=0x0000000124a0f2c0 is an unknown value
RSP=0x00007fff54f013c8 is pointing into the stack for thread: 0x00007fd434129800
RBP=0x00007fff54f01480 is pointing into the stack for thread: 0x00007fd434129800
RSI=0x00007fff82b21ce6 is an unknown value
RDI=0x00007fd438299ea0 is an unknown value
R8 =0x0000000000000000 is an unknown value
R9 =0x00000000000008b0 is an unknown value
R10=0x00007fff82b21ce6 is an unknown value
R11=0x0000000000000000 is an unknown value
R12=0x0000000000000000 is an unknown value
R13={method} {0x000000018ed6cb68} 'UnsetJAWTRootSurfaceLayer0' '(JJ)V' in 'jogamp/nativewindow/jawt/macosx/MacOSXJAWTWindow'
R14=0x000000018d2b1440: Java_jogamp_nativewindow_macosx_OSXUtil_GetScreenRefreshRate0+0x1ce0 in /private/var/folders/tq/5cybh0451bx2v8l5x53f9c_h0000gn/T/jogamp_0000/file_cache/jln7277892153922787866/jln5766070154499080855/libnativewindow_macosx.jnilib at 0x000000018d2aa000
R15=0x00007fd434129800 is a thread


Stack: [0x00007fff54706000,0x00007fff54f06000],  sp=0x00007fff54f013c8,  free space=8172k
Native frames: (J=compiled Java code, j=interpreted, Vv=VM code, C=native code)
C  [libobjc.A.dylib+0x14dd]  objc_msgSend+0x1d
j  jogamp.nativewindow.jawt.macosx.MacOSXJAWTWindow.UnsetJAWTRootSurfaceLayer0(JJ)V+0
j  jogamp.nativewindow.jawt.macosx.MacOSXJAWTWindow.access$200(JJ)V+2
j  jogamp.nativewindow.jawt.macosx.MacOSXJAWTWindow$1.run()V+38
j  com.jogamp.common.util.RunnableTask.run()V+24
v  ~StubRoutines::call_stub
V  [libjvm.dylib+0x2ec1e6]
V  [libjvm.dylib+0x323355]
V  [libjvm.dylib+0x315b23]
C  [libnativewindow_macosx.jnilib+0x5326]  Java_jogamp_nativewindow_jawt_macosx_MacOSXJAWTWindow_UnsetJAWTRootSurfaceLayer0+0x2b6
C  [Foundation+0x76f5e]  __NSThreadPerformPerform+0x117
C  [CoreFoundation+0xaa881]  __CFRUNLOOP_IS_CALLING_OUT_TO_A_SOURCE0_PERFORM_FUNCTION__+0x11
C  [CoreFoundation+0x89f37]  __CFRunLoopDoSources0+0x1a7
C  [CoreFoundation+0x894df]  __CFRunLoopRun+0x39f
C  [CoreFoundation+0x88ed8]  CFRunLoopRunSpecific+0x128
C  [HIToolbox+0x30935]  RunCurrentEventLoopInMode+0xeb
C  [HIToolbox+0x30677]  ReceiveNextEventCommon+0xb8
C  [HIToolbox+0x305af]  _BlockUntilNextEventMatchingListInModeWithFilter+0x47
C  [AppKit+0x48efa]  _DPSNextEvent+0x42b
C  [AppKit+0x4832a]  -[NSApplication _nextEventMatchingEventMask:untilDate:inMode:dequeue:]+0x1c6
C  [libosxapp.dylib+0x23aa]  -[NSApplicationAWT nextEventMatchingMask:untilDate:inMode:dequeue:]+0x7c
C  [AppKit+0x3ce84]  -[NSApplication run]+0x2aa
C  [libosxapp.dylib+0x214d]  +[NSApplicationAWT runAWTLoopWithApp:]+0x9c
C  [libawt_lwawt.dylib+0x4455b]  -[AWTStarter starter:]+0x389
C  [Foundation+0x76f5e]  __NSThreadPerformPerform+0x117
C  [CoreFoundation+0xaa881]  __CFRUNLOOP_IS_CALLING_OUT_TO_A_SOURCE0_PERFORM_FUNCTION__+0x11
C  [CoreFoundation+0x89fbc]  __CFRunLoopDoSources0+0x22c
C  [CoreFoundation+0x894df]  __CFRunLoopRun+0x39f
C  [CoreFoundation+0x88ed8]  CFRunLoopRunSpecific+0x128
C  [java+0x6463]  CreateExecutionEnvironment+0x367
C  [java+0x21ac]  JLI_Launch+0x7a0
C  [java+0x84c0]  main+0x65
C  [java+0x1a04]  start+0x34
C  0x0000000000000007

Java frames: (J=compiled Java code, j=interpreted, Vv=VM code)
j  jogamp.nativewindow.jawt.macosx.MacOSXJAWTWindow.UnsetJAWTRootSurfaceLayer0(JJ)V+0
j  jogamp.nativewindow.jawt.macosx.MacOSXJAWTWindow.access$200(JJ)V+2
j  jogamp.nativewindow.jawt.macosx.MacOSXJAWTWindow$1.run()V+38
j  com.jogamp.common.util.RunnableTask.run()V+24
v  ~StubRoutines::call_stub

---------------  P R O C E S S  ---------------

Java Threads: ( => current thread )
  0x00007fd433809000 JavaThread "Thread-74" [_thread_blocked, id=5343, stack(0x000070000196b000,0x0000700001a6b000)]
  0x00007fd43528c800 JavaThread "AWT-EventQueue-1" [_thread_in_native, id=60459, stack(0x0000700001868000,0x0000700001968000)]
  0x00007fd4338cc000 JavaThread "DestroyJavaVM" [_thread_blocked, id=5891, stack(0x000070000011a000,0x000070000021a000)]
  0x00007fd435128800 JavaThread "AWT-EventQueue-0" [_thread_blocked, id=57091, stack(0x0000700001662000,0x0000700001762000)]
  0x00007fd435123000 JavaThread "Java2D Disposer" daemon [_thread_blocked, id=52995, stack(0x00007000013d9000,0x00007000014d9000)]
  0x00007fd433882000 JavaThread "Java2D Queue Flusher" daemon [_thread_blocked, id=50183, stack(0x00007000012d6000,0x00007000013d6000)]
  0x00007fd43412d800 JavaThread "AWT-Shutdown" [_thread_blocked, id=30487, stack(0x0000700001150000,0x0000700001250000)]
=>0x00007fd434129800 JavaThread "AWT-AppKit" daemon [_thread_in_native, id=2571, stack(0x00007fff54706000,0x00007fff54f06000)]
  0x00007fd43486c800 JavaThread "Service Thread" daemon [_thread_blocked, id=18691, stack(0x0000700000e44000,0x0000700000f44000)]
  0x00007fd433814000 JavaThread "C1 CompilerThread2" daemon [_thread_blocked, id=18179, stack(0x0000700000d41000,0x0000700000e41000)]
  0x00007fd433813000 JavaThread "C2 CompilerThread1" daemon [_thread_blocked, id=17667, stack(0x0000700000c3e000,0x0000700000d3e000)]
  0x00007fd433805000 JavaThread "C2 CompilerThread0" daemon [_thread_blocked, id=17155, stack(0x0000700000b3b000,0x0000700000c3b000)]
  0x00007fd433808000 JavaThread "Signal Dispatcher" daemon [_thread_blocked, id=12815, stack(0x0000700000a38000,0x0000700000b38000)]
  0x00007fd434000000 JavaThread "Finalizer" daemon [_thread_blocked, id=12291, stack(0x000070000082f000,0x000070000092f000)]
  0x00007fd434007000 JavaThread "Reference Handler" daemon [_thread_blocked, id=11779, stack(0x000070000072c000,0x000070000082c000)]

Other Threads:
  0x00007fd434810000 VMThread [stack: 0x0000700000629000,0x0000700000729000] [id=11267]
  0x00007fd43503c800 WatcherThread [stack: 0x0000700000f47000,0x0000700001047000] [id=19203]

VM state:not at safepoint (normal execution)

VM Mutex/Monitor currently owned by a thread: None

Heap:
 PSYoungGen      total 25088K, used 9385K [0x0000000795580000, 0x00000007b0d00000, 0x00000007c0000000)
  eden space 24576K, 37% used [0x0000000795580000,0x0000000795e8a4e0,0x0000000796d80000)
  from space 512K, 25% used [0x00000007b0c80000,0x00000007b0ca0000,0x00000007b0d00000)
  to   space 512K, 0% used [0x00000007b0c00000,0x00000007b0c00000,0x00000007b0c80000)
 ParOldGen       total 121856K, used 75775K [0x0000000740000000, 0x0000000747700000, 0x0000000795580000)
  object space 121856K, 62% used [0x0000000740000000,0x00000007449ffce0,0x0000000747700000)
 Metaspace       used 19808K, capacity 20011K, committed 20224K, reserved 1067008K
  class space    used 1928K, capacity 2014K, committed 2048K, reserved 1048576K

Card table byte_map: [0x000000011bb54000,0x000000011bf55000] byte_map_base: 0x0000000118154000

Marking Bits: (ParMarkBitMap*) 0x000000010c0e6eb0
 Begin Bits: [0x000000011c200000, 0x000000011e200000)
 End Bits:   [0x000000011e200000, 0x0000000120200000)

Polling page: 0x000000010afbd000

CodeCache: size=245760Kb used=8244Kb max_used=8256Kb free=237515Kb
 bounds [0x000000010c794000, 0x000000010cfd4000, 0x000000011b794000]
 total_blobs=3309 nmethods=2420 adapters=803
 compilation: enabled

Compilation events (10 events):
Event: 832.858 Thread 0x00007fd433814000 3037       3       java.util.HashMap::put (13 bytes)
Event: 832.858 Thread 0x00007fd433814000 nmethod 3037 0x000000010cd0ab50 code [0x000000010cd0ace0, 0x000000010cd0b098]
Event: 832.858 Thread 0x00007fd433814000 3036   !   3       sun.misc.URLClassPath$JarLoader::getResource (349 bytes)
Event: 832.862 Thread 0x00007fd433814000 nmethod 3036 0x000000010cfcae10 code [0x000000010cfcb280, 0x000000010cfcd7d8]
Event: 832.862 Thread 0x00007fd433813000 nmethod 3034 0x000000010cd1ac10 code [0x000000010cd1ad80, 0x000000010cd1b4f8]
Event: 832.863 Thread 0x00007fd433805000 nmethod 3035 0x000000010ccbae50 code [0x000000010ccbafc0, 0x000000010ccbb798]
Event: 832.876 Thread 0x00007fd433813000 3038       4       com.jogamp.nativewindow.awt.AWTGraphicsConfiguration::getNativeGraphicsConfiguration (17 bytes)
Event: 832.877 Thread 0x00007fd433813000 nmethod 3038 0x000000010cd91290 code [0x000000010cd913e0, 0x000000010cd91478]
Event: 832.878 Thread 0x00007fd433805000 3039       4       java.lang.Thread::isInterrupted (6 bytes)
Event: 832.879 Thread 0x00007fd433805000 nmethod 3039 0x000000010ced0e90 code [0x000000010ced0fe0, 0x000000010ced1088]

GC Heap History (10 events):
Event: 832.114 GC heap before
{Heap before GC invocations=2689 (full 1):
 PSYoungGen      total 25088K, used 24640K [0x0000000795580000, 0x00000007b0d00000, 0x00000007c0000000)
  eden space 24576K, 100% used [0x0000000795580000,0x0000000796d80000,0x0000000796d80000)
  from space 512K, 12% used [0x00000007b0c00000,0x00000007b0c10000,0x00000007b0c80000)
  to   space 512K, 0% used [0x00000007b0c80000,0x00000007b0c80000,0x00000007b0d00000)
 ParOldGen       total 121856K, used 75743K [0x0000000740000000, 0x0000000747700000, 0x0000000795580000)
  object space 121856K, 62% used [0x0000000740000000,0x00000007449f7ce0,0x0000000747700000)
 Metaspace       used 19773K, capacity 19979K, committed 20224K, reserved 1067008K
  class space    used 1920K, capacity 1982K, committed 2048K, reserved 1048576K
Event: 832.115 GC heap after
Heap after GC invocations=2689 (full 1):
 PSYoungGen      total 25088K, used 64K [0x0000000795580000, 0x00000007b0d00000, 0x00000007c0000000)
  eden space 24576K, 0% used [0x0000000795580000,0x0000000795580000,0x0000000796d80000)
  from space 512K, 12% used [0x00000007b0c80000,0x00000007b0c90000,0x00000007b0d00000)
  to   space 512K, 0% used [0x00000007b0c00000,0x00000007b0c00000,0x00000007b0c80000)
 ParOldGen       total 121856K, used 75743K [0x0000000740000000, 0x0000000747700000, 0x0000000795580000)
  object space 121856K, 62% used [0x0000000740000000,0x00000007449f7ce0,0x0000000747700000)
 Metaspace       used 19773K, capacity 19979K, committed 20224K, reserved 1067008K
  class space    used 1920K, capacity 1982K, committed 2048K, reserved 1048576K
}
Event: 832.265 GC heap before
{Heap before GC invocations=2690 (full 1):
 PSYoungGen      total 25088K, used 24640K [0x0000000795580000, 0x00000007b0d00000, 0x00000007c0000000)
  eden space 24576K, 100% used [0x0000000795580000,0x0000000796d80000,0x0000000796d80000)
  from space 512K, 12% used [0x00000007b0c80000,0x00000007b0c90000,0x00000007b0d00000)
  to   space 512K, 0% used [0x00000007b0c00000,0x00000007b0c00000,0x00000007b0c80000)
 ParOldGen       total 121856K, used 75743K [0x0000000740000000, 0x0000000747700000, 0x0000000795580000)
  object space 121856K, 62% used [0x0000000740000000,0x00000007449f7ce0,0x0000000747700000)
 Metaspace       used 19773K, capacity 19979K, committed 20224K, reserved 1067008K
  class space    used 1920K, capacity 1982K, committed 2048K, reserved 1048576K
Event: 832.266 GC heap after
Heap after GC invocations=2690 (full 1):
 PSYoungGen      total 25088K, used 96K [0x0000000795580000, 0x00000007b0d00000, 0x00000007c0000000)
  eden space 24576K, 0% used [0x0000000795580000,0x0000000795580000,0x0000000796d80000)
  from space 512K, 18% used [0x00000007b0c00000,0x00000007b0c18000,0x00000007b0c80000)
  to   space 512K, 0% used [0x00000007b0c80000,0x00000007b0c80000,0x00000007b0d00000)
 ParOldGen       total 121856K, used 75743K [0x0000000740000000, 0x0000000747700000, 0x0000000795580000)
  object space 121856K, 62% used [0x0000000740000000,0x00000007449f7ce0,0x0000000747700000)
 Metaspace       used 19773K, capacity 19979K, committed 20224K, reserved 1067008K
  class space    used 1920K, capacity 1982K, committed 2048K, reserved 1048576K
}
Event: 832.442 GC heap before
{Heap before GC invocations=2691 (full 1):
 PSYoungGen      total 25088K, used 24672K [0x0000000795580000, 0x00000007b0d00000, 0x00000007c0000000)
  eden space 24576K, 100% used [0x0000000795580000,0x0000000796d80000,0x0000000796d80000)
  from space 512K, 18% used [0x00000007b0c00000,0x00000007b0c18000,0x00000007b0c80000)
  to   space 512K, 0% used [0x00000007b0c80000,0x00000007b0c80000,0x00000007b0d00000)
 ParOldGen       total 121856K, used 75743K [0x0000000740000000, 0x0000000747700000, 0x0000000795580000)
  object space 121856K, 62% used [0x0000000740000000,0x00000007449f7ce0,0x0000000747700000)
 Metaspace       used 19773K, capacity 19979K, committed 20224K, reserved 1067008K
  class space    used 1920K, capacity 1982K, committed 2048K, reserved 1048576K
Event: 832.444 GC heap after
Heap after GC invocations=2691 (full 1):
 PSYoungGen      total 25088K, used 128K [0x0000000795580000, 0x00000007b0d00000, 0x00000007c0000000)
  eden space 24576K, 0% used [0x0000000795580000,0x0000000795580000,0x0000000796d80000)
  from space 512K, 25% used [0x00000007b0c80000,0x00000007b0ca0000,0x00000007b0d00000)
  to   space 512K, 0% used [0x00000007b0c00000,0x00000007b0c00000,0x00000007b0c80000)
 ParOldGen       total 121856K, used 75743K [0x0000000740000000, 0x0000000747700000, 0x0000000795580000)
  object space 121856K, 62% used [0x0000000740000000,0x00000007449f7ce0,0x0000000747700000)
 Metaspace       used 19773K, capacity 19979K, committed 20224K, reserved 1067008K
  class space    used 1920K, capacity 1982K, committed 2048K, reserved 1048576K
}
Event: 832.640 GC heap before
{Heap before GC invocations=2692 (full 1):
 PSYoungGen      total 25088K, used 24704K [0x0000000795580000, 0x00000007b0d00000, 0x00000007c0000000)
  eden space 24576K, 100% used [0x0000000795580000,0x0000000796d80000,0x0000000796d80000)
  from space 512K, 25% used [0x00000007b0c80000,0x00000007b0ca0000,0x00000007b0d00000)
  to   space 512K, 0% used [0x00000007b0c00000,0x00000007b0c00000,0x00000007b0c80000)
 ParOldGen       total 121856K, used 75743K [0x0000000740000000, 0x0000000747700000, 0x0000000795580000)
  object space 121856K, 62% used [0x0000000740000000,0x00000007449f7ce0,0x0000000747700000)
 Metaspace       used 19776K, capacity 19979K, committed 20224K, reserved 1067008K
  class space    used 1921K, capacity 1982K, committed 2048K, reserved 1048576K
Event: 832.641 GC heap after
Heap after GC invocations=2692 (full 1):
 PSYoungGen      total 25088K, used 128K [0x0000000795580000, 0x00000007b0d00000, 0x00000007c0000000)
  eden space 24576K, 0% used [0x0000000795580000,0x0000000795580000,0x0000000796d80000)
  from space 512K, 25% used [0x00000007b0c00000,0x00000007b0c20000,0x00000007b0c80000)
  to   space 512K, 0% used [0x00000007b0c80000,0x00000007b0c80000,0x00000007b0d00000)
 ParOldGen       total 121856K, used 75751K [0x0000000740000000, 0x0000000747700000, 0x0000000795580000)
  object space 121856K, 62% used [0x0000000740000000,0x00000007449f9ce0,0x0000000747700000)
 Metaspace       used 19776K, capacity 19979K, committed 20224K, reserved 1067008K
  class space    used 1921K, capacity 1982K, committed 2048K, reserved 1048576K
}
Event: 832.790 GC heap before
{Heap before GC invocations=2693 (full 1):
 PSYoungGen      total 25088K, used 24704K [0x0000000795580000, 0x00000007b0d00000, 0x00000007c0000000)
  eden space 24576K, 100% used [0x0000000795580000,0x0000000796d80000,0x0000000796d80000)
  from space 512K, 25% used [0x00000007b0c00000,0x00000007b0c20000,0x00000007b0c80000)
  to   space 512K, 0% used [0x00000007b0c80000,0x00000007b0c80000,0x00000007b0d00000)
 ParOldGen       total 121856K, used 75751K [0x0000000740000000, 0x0000000747700000, 0x0000000795580000)
  object space 121856K, 62% used [0x0000000740000000,0x00000007449f9ce0,0x0000000747700000)
 Metaspace       used 19784K, capacity 19979K, committed 20224K, reserved 1067008K
  class space    used 1923K, capacity 1982K, committed 2048K, reserved 1048576K
Event: 832.791 GC heap after
Heap after GC invocations=2693 (full 1):
 PSYoungGen      total 25088K, used 128K [0x0000000795580000, 0x00000007b0d00000, 0x00000007c0000000)
  eden space 24576K, 0% used [0x0000000795580000,0x0000000795580000,0x0000000796d80000)
  from space 512K, 25% used [0x00000007b0c80000,0x00000007b0ca0000,0x00000007b0d00000)
  to   space 512K, 0% used [0x00000007b0c00000,0x00000007b0c00000,0x00000007b0c80000)
 ParOldGen       total 121856K, used 75775K [0x0000000740000000, 0x0000000747700000, 0x0000000795580000)
  object space 121856K, 62% used [0x0000000740000000,0x00000007449ffce0,0x0000000747700000)
 Metaspace       used 19784K, capacity 19979K, committed 20224K, reserved 1067008K
  class space    used 1923K, capacity 1982K, committed 2048K, reserved 1048576K
}

Deoptimization events (10 events):
Event: 832.708 Thread 0x00007fd435128800 Uncommon trap: reason=unstable_if action=reinterpret pc=0x000000010cfa9cd0 method=sun.java2d.pipe.Region.intersectsQuickCheck(Lsun/java2d/pipe/Region;)Z @ 41
Event: 832.708 Thread 0x00007fd435128800 Uncommon trap: reason=unstable_if action=reinterpret pc=0x000000010ce6f87c method=java.awt.font.FontRenderContext.equals(Ljava/awt/font/FontRenderContext;)Z @ 2
Event: 832.856 Thread 0x00007fd434178000 Uncommon trap: reason=unstable_if action=reinterpret pc=0x000000010cc1dc70 method=java.util.HashMap.putVal(ILjava/lang/Object;Ljava/lang/Object;ZZ)Ljava/lang/Object; @ 81
Event: 832.856 Thread 0x00007fd434178000 Uncommon trap: reason=unstable_if action=reinterpret pc=0x000000010cbb8fd0 method=java.util.HashMap.putVal(ILjava/lang/Object;Ljava/lang/Object;ZZ)Ljava/lang/Object; @ 81
Event: 832.858 Thread 0x00007fd434129800 Uncommon trap: reason=bimorphic action=maybe_recompile pc=0x000000010cbaf514 method=com.jogamp.common.util.RunnableTask.run()V @ 24
Event: 832.876 Thread 0x00007fd43528c800 Uncommon trap: reason=unstable_if action=reinterpret pc=0x000000010cc7a258 method=java.util.LinkedList$ListItr.<init>(Ljava/util/LinkedList;I)V @ 26
Event: 832.877 Thread 0x00007fd43528c800 Uncommon trap: reason=unstable_if action=reinterpret pc=0x000000010cd96e84 method=java.security.AccessControlContext.optimize()Ljava/security/AccessControlContext; @ 233
Event: 832.877 Thread 0x00007fd435128800 Uncommon trap: reason=unstable_if action=reinterpret pc=0x000000010ce679f8 method=java.awt.font.FontRenderContext.equals(Ljava/awt/font/FontRenderContext;)Z @ 2
Event: 832.878 Thread 0x00007fd43528c800 Uncommon trap: reason=unstable_if action=reinterpret pc=0x000000010cd7ec70 method=java.util.ArrayList.isEmpty()Z @ 4
Event: 832.888 Thread 0x00007fd434129800 Uncommon trap: reason=bimorphic action=maybe_recompile pc=0x000000010cbaf514 method=com.jogamp.common.util.RunnableTask.run()V @ 24

Internal exceptions (10 events):
Event: 0.166 Thread 0x00007fd435002000 Exception <a 'java/lang/NoSuchFieldError': method resolution failed> (0x0000000795785c90) thrown at [/Users/java_re/workspace/8-2-build-macosx-x86_64/jdk8u91/6644/hotspot/src/share/vm/prims/methodHandles.cpp, line 1146]
Event: 0.169 Thread 0x00007fd435002000 Exception <a 'java/lang/NoSuchFieldError': method resolution failed> (0x0000000795793460) thrown at [/Users/java_re/workspace/8-2-build-macosx-x86_64/jdk8u91/6644/hotspot/src/share/vm/prims/methodHandles.cpp, line 1146]
Event: 0.288 Thread 0x00007fd435002000 Exception <a 'java/io/FileNotFoundException'> (0x000000079580f640) thrown at [/Users/java_re/workspace/8-2-build-macosx-x86_64/jdk8u91/6644/hotspot/src/share/vm/prims/jni.cpp, line 709]
Event: 0.288 Thread 0x00007fd435002000 Exception <a 'java/io/FileNotFoundException'> (0x00000007958101a8) thrown at [/Users/java_re/workspace/8-2-build-macosx-x86_64/jdk8u91/6644/hotspot/src/share/vm/prims/jni.cpp, line 709]
Event: 0.381 Thread 0x00007fd435002000 Exception <a 'java/io/FileNotFoundException'> (0x000000079594b9f8) thrown at [/Users/java_re/workspace/8-2-build-macosx-x86_64/jdk8u91/6644/hotspot/src/share/vm/prims/jni.cpp, line 709]
Event: 1.940 Thread 0x00007fd4343b1800 Exception <a 'java/lang/UnsatisfiedLinkError': com.jogamp.common.util.JarUtil.fixNativeLibAttribs(Ljava/lang/String;)Z> (0x0000000796be2a18) thrown at [/Users/java_re/workspace/8-2-build-macosx-x86_64/jdk8u91/6644/hotspot/src/share/vm/prims/nativeLookup.c
Event: 2.264 Thread 0x00007fd434000000 Exception <a 'java/lang/NullPointerException'> (0x00000007956a6630) thrown at [/Users/java_re/workspace/8-2-build-macosx-x86_64/jdk8u91/6644/hotspot/src/share/vm/interpreter/linkResolver.cpp, line 1178]
Event: 2.922 Thread 0x00007fd43528c800 Exception <a 'java/io/FileNotFoundException'> (0x0000000795f478b0) thrown at [/Users/java_re/workspace/8-2-build-macosx-x86_64/jdk8u91/6644/hotspot/src/share/vm/prims/jni.cpp, line 709]
Event: 2.922 Thread 0x00007fd43528c800 Exception <a 'java/io/FileNotFoundException'> (0x0000000795f4dc50) thrown at [/Users/java_re/workspace/8-2-build-macosx-x86_64/jdk8u91/6644/hotspot/src/share/vm/prims/jni.cpp, line 709]
Event: 2.923 Thread 0x00007fd43528c800 Implicit null exception at 0x000000010c938fb5 to 0x000000010c939305

Events (10 events):
Event: 832.877 Thread 0x00007fd435128800 DEOPT UNPACKING pc=0x000000010c799229 sp=0x000070000175f3f0 mode 2
Event: 832.878 Thread 0x00007fd434178000 Thread exited: 0x00007fd434178000
Event: 832.878 loading class java/awt/Window$1DisposeAction
Event: 832.878 loading class java/awt/Window$1DisposeAction done
Event: 832.878 Thread 0x00007fd43528c800 Uncommon trap: trap_request=0xffffff65 fr.pc=0x000000010cd7ec70
Event: 832.878 Thread 0x00007fd43528c800 DEOPT PACKING pc=0x000000010cd7ec70 sp=0x0000700001965700
Event: 832.878 Thread 0x00007fd43528c800 DEOPT UNPACKING pc=0x000000010c799229 sp=0x00007000019656b8 mode 2
Event: 832.888 Thread 0x00007fd434129800 Uncommon trap: trap_request=0xffffffc6 fr.pc=0x000000010cbaf514
Event: 832.888 Thread 0x00007fd434129800 DEOPT PACKING pc=0x000000010cbaf514 sp=0x00007fff54f01630
Event: 832.888 Thread 0x00007fd434129800 DEOPT UNPACKING pc=0x000000010c799229 sp=0x00007fff54f015e8 mode 2


Dynamic libraries:
0x0000000002455000 	/System/Library/Frameworks/Cocoa.framework/Versions/A/Cocoa
0x0000000002455000 	/System/Library/Frameworks/Security.framework/Versions/A/Security
0x0000000002455000 	/System/Library/Frameworks/ApplicationServices.framework/Versions/A/ApplicationServices
0x0000000002455000 	/usr/lib/libz.1.dylib
0x0000000002455000 	/usr/lib/libSystem.B.dylib
0x0000000002455000 	/usr/lib/libobjc.A.dylib
0x0000000002455000 	/System/Library/Frameworks/CoreFoundation.framework/Versions/A/CoreFoundation
0x0000000002455000 	/System/Library/Frameworks/Foundation.framework/Versions/C/Foundation
0x0000000002455000 	/System/Library/Frameworks/AppKit.framework/Versions/C/AppKit
0x0000000002455000 	/System/Library/Frameworks/CoreData.framework/Versions/A/CoreData
0x0000000002455000 	/System/Library/PrivateFrameworks/RemoteViewServices.framework/Versions/A/RemoteViewServices
0x0000000002455000 	/System/Library/PrivateFrameworks/UIFoundation.framework/Versions/A/UIFoundation
0x0000000002455000 	/usr/lib/libScreenReader.dylib
0x0000000002455000 	/System/Library/Frameworks/Accelerate.framework/Versions/A/Accelerate
0x0000000002455000 	/System/Library/Frameworks/IOSurface.framework/Versions/A/IOSurface
0x0000000002455000 	/System/Library/Frameworks/AudioToolbox.framework/Versions/A/AudioToolbox
0x0000000002455000 	/System/Library/Frameworks/AudioUnit.framework/Versions/A/AudioUnit
0x0000000002455000 	/System/Library/PrivateFrameworks/DataDetectorsCore.framework/Versions/A/DataDetectorsCore
0x0000000002455000 	/System/Library/PrivateFrameworks/DesktopServicesPriv.framework/Versions/A/DesktopServicesPriv
0x0000000002455000 	/System/Library/Frameworks/Carbon.framework/Versions/A/Frameworks/HIToolbox.framework/Versions/A/HIToolbox
0x0000000002455000 	/System/Library/Frameworks/QuartzCore.framework/Versions/A/QuartzCore
0x0000000002455000 	/System/Library/Frameworks/Carbon.framework/Versions/A/Frameworks/SpeechRecognition.framework/Versions/A/SpeechRecognition
0x0000000002455000 	/usr/lib/libauto.dylib
0x0000000002455000 	/usr/lib/libicucore.A.dylib
0x0000000002455000 	/usr/lib/libxml2.2.dylib
0x0000000002455000 	/System/Library/PrivateFrameworks/CoreUI.framework/Versions/A/CoreUI
0x0000000002455000 	/System/Library/Frameworks/CoreAudio.framework/Versions/A/CoreAudio
0x0000000002455000 	/System/Library/Frameworks/DiskArbitration.framework/Versions/A/DiskArbitration
0x0000000002455000 	/usr/lib/liblangid.dylib
0x0000000002455000 	/System/Library/PrivateFrameworks/MultitouchSupport.framework/Versions/A/MultitouchSupport
0x0000000002455000 	/System/Library/Frameworks/IOKit.framework/Versions/A/IOKit
0x0000000002455000 	/usr/lib/libDiagnosticMessagesClient.dylib
0x0000000002455000 	/System/Library/Frameworks/CoreServices.framework/Versions/A/CoreServices
0x0000000002455000 	/System/Library/PrivateFrameworks/PerformanceAnalysis.framework/Versions/A/PerformanceAnalysis
0x0000000002455000 	/System/Library/PrivateFrameworks/GenerationalStorage.framework/Versions/A/GenerationalStorage
0x0000000002455000 	/System/Library/Frameworks/OpenGL.framework/Versions/A/OpenGL
0x0000000002455000 	/System/Library/PrivateFrameworks/Sharing.framework/Versions/A/Sharing
0x0000000002455000 	/System/Library/Frameworks/CoreGraphics.framework/Versions/A/CoreGraphics
0x0000000002455000 	/System/Library/Frameworks/CoreImage.framework/Versions/A/CoreImage
0x0000000002455000 	/System/Library/Frameworks/CoreText.framework/Versions/A/CoreText
0x0000000002455000 	/System/Library/Frameworks/ImageIO.framework/Versions/A/ImageIO
0x0000000002455000 	/System/Library/PrivateFrameworks/Backup.framework/Versions/A/Backup
0x0000000002455000 	/usr/lib/libextension.dylib
0x0000000002455000 	/usr/lib/libarchive.2.dylib
0x0000000002455000 	/System/Library/Frameworks/CFNetwork.framework/Versions/A/CFNetwork
0x0000000002455000 	/System/Library/Frameworks/SystemConfiguration.framework/Versions/A/SystemConfiguration
0x0000000002455000 	/usr/lib/libCRFSuite.dylib
0x0000000002455000 	/usr/lib/libc++.1.dylib
0x0000000002455000 	/usr/lib/libc++abi.dylib
0x0000000002455000 	/usr/lib/system/libcache.dylib
0x0000000002455000 	/usr/lib/system/libcommonCrypto.dylib
0x0000000002455000 	/usr/lib/system/libcompiler_rt.dylib
0x0000000002455000 	/usr/lib/system/libcopyfile.dylib
0x0000000002455000 	/usr/lib/system/libcorecrypto.dylib
0x0000000002455000 	/usr/lib/system/libdispatch.dylib
0x0000000002455000 	/usr/lib/system/libdyld.dylib
0x0000000002455000 	/usr/lib/system/libkeymgr.dylib
0x0000000002455000 	/usr/lib/system/liblaunch.dylib
0x0000000002455000 	/usr/lib/system/libmacho.dylib
0x0000000002455000 	/usr/lib/system/libquarantine.dylib
0x0000000002455000 	/usr/lib/system/libremovefile.dylib
0x0000000002455000 	/usr/lib/system/libsystem_asl.dylib
0x0000000002455000 	/usr/lib/system/libsystem_blocks.dylib
0x0000000002455000 	/usr/lib/system/libsystem_c.dylib
0x0000000002455000 	/usr/lib/system/libsystem_configuration.dylib
0x0000000002455000 	/usr/lib/system/libsystem_coreservices.dylib
0x0000000002455000 	/usr/lib/system/libsystem_coretls.dylib
0x0000000002455000 	/usr/lib/system/libsystem_dnssd.dylib
0x0000000002455000 	/usr/lib/system/libsystem_info.dylib
0x0000000002455000 	/usr/lib/system/libsystem_kernel.dylib
0x0000000002455000 	/usr/lib/system/libsystem_m.dylib
0x0000000002455000 	/usr/lib/system/libsystem_malloc.dylib
0x0000000002455000 	/usr/lib/system/libsystem_network.dylib
0x0000000002455000 	/usr/lib/system/libsystem_networkextension.dylib
0x0000000002455000 	/usr/lib/system/libsystem_notify.dylib
0x0000000002455000 	/usr/lib/system/libsystem_platform.dylib
0x0000000002455000 	/usr/lib/system/libsystem_pthread.dylib
0x0000000002455000 	/usr/lib/system/libsystem_sandbox.dylib
0x0000000002455000 	/usr/lib/system/libsystem_secinit.dylib
0x0000000002455000 	/usr/lib/system/libsystem_trace.dylib
0x0000000002455000 	/usr/lib/system/libunc.dylib
0x0000000002455000 	/usr/lib/system/libunwind.dylib
0x0000000002455000 	/usr/lib/system/libxpc.dylib
0x0000000002455000 	/usr/lib/libenergytrace.dylib
0x0000000002455000 	/usr/lib/libbsm.0.dylib
0x0000000002455000 	/usr/lib/system/libkxld.dylib
0x0000000002455000 	/usr/lib/libxar.1.dylib
0x0000000002455000 	/usr/lib/libsqlite3.dylib
0x0000000002455000 	/usr/lib/libpam.2.dylib
0x0000000002455000 	/usr/lib/libOpenScriptingUtil.dylib
0x0000000002455000 	/usr/lib/libbz2.1.0.dylib
0x0000000002455000 	/usr/lib/liblzma.5.dylib
0x0000000002455000 	/System/Library/Frameworks/CoreServices.framework/Versions/A/Frameworks/FSEvents.framework/Versions/A/FSEvents
0x0000000002455000 	/System/Library/Frameworks/CoreServices.framework/Versions/A/Frameworks/CarbonCore.framework/Versions/A/CarbonCore
0x0000000002455000 	/System/Library/Frameworks/CoreServices.framework/Versions/A/Frameworks/Metadata.framework/Versions/A/Metadata
0x0000000002455000 	/System/Library/Frameworks/CoreServices.framework/Versions/A/Frameworks/OSServices.framework/Versions/A/OSServices
0x0000000002455000 	/System/Library/Frameworks/CoreServices.framework/Versions/A/Frameworks/SearchKit.framework/Versions/A/SearchKit
0x0000000002455000 	/System/Library/Frameworks/CoreServices.framework/Versions/A/Frameworks/AE.framework/Versions/A/AE
0x0000000002455000 	/System/Library/Frameworks/CoreServices.framework/Versions/A/Frameworks/LaunchServices.framework/Versions/A/LaunchServices
0x0000000002455000 	/System/Library/Frameworks/CoreServices.framework/Versions/A/Frameworks/DictionaryServices.framework/Versions/A/DictionaryServices
0x0000000002455000 	/System/Library/Frameworks/CoreServices.framework/Versions/A/Frameworks/SharedFileList.framework/Versions/A/SharedFileList
0x0000000002455000 	/System/Library/Frameworks/NetFS.framework/Versions/A/NetFS
0x0000000002455000 	/System/Library/PrivateFrameworks/NetAuth.framework/Versions/A/NetAuth
0x0000000002455000 	/System/Library/PrivateFrameworks/login.framework/Versions/A/Frameworks/loginsupport.framework/Versions/A/loginsupport
0x0000000002455000 	/System/Library/PrivateFrameworks/TCC.framework/Versions/A/TCC
0x0000000002455000 	/usr/lib/libmecabra.dylib
0x0000000002455000 	/System/Library/Frameworks/ApplicationServices.framework/Versions/A/Frameworks/ATS.framework/Versions/A/ATS
0x0000000002455000 	/System/Library/Frameworks/ApplicationServices.framework/Versions/A/Frameworks/ColorSync.framework/Versions/A/ColorSync
0x0000000002455000 	/System/Library/Frameworks/ApplicationServices.framework/Versions/A/Frameworks/HIServices.framework/Versions/A/HIServices
0x0000000002455000 	/System/Library/Frameworks/ApplicationServices.framework/Versions/A/Frameworks/LangAnalysis.framework/Versions/A/LangAnalysis
0x0000000002455000 	/System/Library/Frameworks/ApplicationServices.framework/Versions/A/Frameworks/PrintCore.framework/Versions/A/PrintCore
0x0000000002455000 	/System/Library/Frameworks/ApplicationServices.framework/Versions/A/Frameworks/QD.framework/Versions/A/QD
0x0000000002455000 	/System/Library/Frameworks/ApplicationServices.framework/Versions/A/Frameworks/SpeechSynthesis.framework/Versions/A/SpeechSynthesis
0x0000000002455000 	/System/Library/Frameworks/Metal.framework/Versions/A/Metal
0x0000000002455000 	/System/Library/Frameworks/Accelerate.framework/Versions/A/Frameworks/vImage.framework/Versions/A/vImage
0x0000000002455000 	/System/Library/Frameworks/Accelerate.framework/Versions/A/Frameworks/vecLib.framework/Versions/A/vecLib
0x0000000002455000 	/System/Library/Frameworks/Accelerate.framework/Versions/A/Frameworks/vecLib.framework/Versions/A/libvDSP.dylib
0x0000000002455000 	/System/Library/Frameworks/Accelerate.framework/Versions/A/Frameworks/vecLib.framework/Versions/A/libvMisc.dylib
0x0000000002455000 	/System/Library/Frameworks/Accelerate.framework/Versions/A/Frameworks/vecLib.framework/Versions/A/libLAPACK.dylib
0x0000000002455000 	/System/Library/Frameworks/Accelerate.framework/Versions/A/Frameworks/vecLib.framework/Versions/A/libBLAS.dylib
0x0000000002455000 	/System/Library/Frameworks/Accelerate.framework/Versions/A/Frameworks/vecLib.framework/Versions/A/libLinearAlgebra.dylib
0x0000000002455000 	/System/Library/Frameworks/Accelerate.framework/Versions/A/Frameworks/vecLib.framework/Versions/A/libSparseBLAS.dylib
0x0000000002455000 	/System/Library/PrivateFrameworks/GPUCompiler.framework/libmetal_timestamp.dylib
0x0000000002455000 	/System/Library/Frameworks/OpenGL.framework/Versions/A/Libraries/libCoreFSCache.dylib
0x0000000002455000 	/System/Library/PrivateFrameworks/IOAccelerator.framework/Versions/A/IOAccelerator
0x0000000002455000 	/System/Library/Frameworks/ApplicationServices.framework/Versions/A/Frameworks/ATS.framework/Versions/A/Resources/libFontParser.dylib
0x0000000002455000 	/System/Library/Frameworks/ApplicationServices.framework/Versions/A/Frameworks/ATS.framework/Versions/A/Resources/libFontRegistry.dylib
0x0000000002455000 	/System/Library/PrivateFrameworks/AppleVPA.framework/Versions/A/AppleVPA
0x0000000002455000 	/System/Library/PrivateFrameworks/AppleJPEG.framework/Versions/A/AppleJPEG
0x0000000002455000 	/System/Library/Frameworks/ImageIO.framework/Versions/A/Resources/libJPEG.dylib
0x0000000002455000 	/System/Library/Frameworks/ImageIO.framework/Versions/A/Resources/libTIFF.dylib
0x0000000002455000 	/System/Library/Frameworks/ImageIO.framework/Versions/A/Resources/libPng.dylib
0x0000000002455000 	/System/Library/Frameworks/ImageIO.framework/Versions/A/Resources/libGIF.dylib
0x0000000002455000 	/System/Library/Frameworks/ImageIO.framework/Versions/A/Resources/libJP2.dylib
0x0000000002455000 	/System/Library/Frameworks/ImageIO.framework/Versions/A/Resources/libRadiance.dylib
0x0000000002455000 	/System/Library/Frameworks/CoreVideo.framework/Versions/A/CoreVideo
0x0000000002455000 	/System/Library/Frameworks/OpenGL.framework/Versions/A/Libraries/libGLU.dylib
0x0000000002455000 	/System/Library/Frameworks/OpenGL.framework/Versions/A/Libraries/libGFXShared.dylib
0x0000000002455000 	/System/Library/Frameworks/OpenGL.framework/Versions/A/Libraries/libGL.dylib
0x0000000002455000 	/System/Library/Frameworks/OpenGL.framework/Versions/A/Libraries/libGLImage.dylib
0x0000000002455000 	/System/Library/Frameworks/OpenGL.framework/Versions/A/Libraries/libCVMSPluginSupport.dylib
0x0000000002455000 	/System/Library/Frameworks/OpenGL.framework/Versions/A/Libraries/libCoreVMClient.dylib
0x0000000002455000 	/usr/lib/libcups.2.dylib
0x0000000002455000 	/System/Library/Frameworks/Kerberos.framework/Versions/A/Kerberos
0x0000000002455000 	/System/Library/Frameworks/GSS.framework/Versions/A/GSS
0x0000000002455000 	/usr/lib/libresolv.9.dylib
0x0000000002455000 	/usr/lib/libiconv.2.dylib
0x0000000002455000 	/System/Library/PrivateFrameworks/Heimdal.framework/Versions/A/Heimdal
0x0000000002455000 	/usr/lib/libheimdal-asn1.dylib
0x0000000002455000 	/System/Library/Frameworks/OpenDirectory.framework/Versions/A/OpenDirectory
0x0000000002455000 	/System/Library/PrivateFrameworks/CommonAuth.framework/Versions/A/CommonAuth
0x0000000002455000 	/System/Library/Frameworks/OpenDirectory.framework/Versions/A/Frameworks/CFOpenDirectory.framework/Versions/A/CFOpenDirectory
0x0000000002455000 	/System/Library/Frameworks/SecurityFoundation.framework/Versions/A/SecurityFoundation
0x0000000002455000 	/System/Library/PrivateFrameworks/LanguageModeling.framework/Versions/A/LanguageModeling
0x0000000002455000 	/usr/lib/libmarisa.dylib
0x0000000002455000 	/usr/lib/libChineseTokenizer.dylib
0x0000000002455000 	/usr/lib/libcmph.dylib
0x0000000002455000 	/usr/lib/libcompression.dylib
0x0000000002455000 	/System/Library/Frameworks/ServiceManagement.framework/Versions/A/ServiceManagement
0x0000000002455000 	/usr/lib/libxslt.1.dylib
0x0000000002455000 	/System/Library/Frameworks/Carbon.framework/Versions/A/Frameworks/Ink.framework/Versions/A/Ink
0x0000000002455000 	/usr/lib/libFosl_dynamic.dylib
0x0000000002455000 	/System/Library/PrivateFrameworks/FaceCore.framework/Versions/A/FaceCore
0x0000000002455000 	/System/Library/Frameworks/OpenCL.framework/Versions/A/OpenCL
0x0000000002455000 	/System/Library/PrivateFrameworks/CrashReporterSupport.framework/Versions/A/CrashReporterSupport
0x0000000002455000 	/System/Library/PrivateFrameworks/IconServices.framework/Versions/A/IconServices
0x0000000002455000 	/System/Library/PrivateFrameworks/Apple80211.framework/Versions/A/Apple80211
0x0000000002455000 	/System/Library/Frameworks/CoreWLAN.framework/Versions/A/CoreWLAN
0x0000000002455000 	/System/Library/Frameworks/IOBluetooth.framework/Versions/A/IOBluetooth
0x0000000002455000 	/System/Library/PrivateFrameworks/CoreWiFi.framework/Versions/A/CoreWiFi
0x0000000002455000 	/System/Library/Frameworks/CoreBluetooth.framework/Versions/A/CoreBluetooth
0x0000000002455000 	/System/Library/PrivateFrameworks/ChunkingLibrary.framework/Versions/A/ChunkingLibrary
0x0000000002455000 	/System/Library/PrivateFrameworks/DebugSymbols.framework/Versions/A/DebugSymbols
0x0000000002455000 	/System/Library/PrivateFrameworks/CoreSymbolication.framework/Versions/A/CoreSymbolication
0x0000000002455000 	/System/Library/PrivateFrameworks/Symbolication.framework/Versions/A/Symbolication
0x0000000002455000 	/System/Library/PrivateFrameworks/SpeechRecognitionCore.framework/Versions/A/SpeechRecognitionCore
0x000000010b800000 	/Library/Java/JavaVirtualMachines/jdk1.8.0_91.jdk/Contents/Home/jre/lib/server/libjvm.dylib
0x0000000002455000 	/usr/lib/libstdc++.6.dylib
0x000000010af7a000 	/Library/Java/JavaVirtualMachines/jdk1.8.0_91.jdk/Contents/Home/jre/lib/libverify.dylib
0x000000010af88000 	/Library/Java/JavaVirtualMachines/jdk1.8.0_91.jdk/Contents/Home/jre/lib/libjava.dylib
0x000000010afc7000 	/Library/Java/JavaVirtualMachines/jdk1.8.0_91.jdk/Contents/Home/jre/lib/libzip.dylib
0x00000001220ce000 	/System/Library/Frameworks/JavaVM.framework/Frameworks/JavaRuntimeSupport.framework/JavaRuntimeSupport
0x00000001220e9000 	/System/Library/Frameworks/JavaVM.framework/Versions/A/Frameworks/JavaNativeFoundation.framework/Versions/A/JavaNativeFoundation
0x00000001220fe000 	/System/Library/Frameworks/JavaVM.framework/Versions/A/JavaVM
0x0000000002455000 	/System/Library/Frameworks/Carbon.framework/Versions/A/Carbon
0x000000012210b000 	/System/Library/PrivateFrameworks/JavaLaunching.framework/Versions/A/JavaLaunching
0x0000000002455000 	/System/Library/Frameworks/Carbon.framework/Versions/A/Frameworks/CommonPanels.framework/Versions/A/CommonPanels
0x0000000002455000 	/System/Library/Frameworks/Carbon.framework/Versions/A/Frameworks/Help.framework/Versions/A/Help
0x0000000002455000 	/System/Library/Frameworks/Carbon.framework/Versions/A/Frameworks/ImageCapture.framework/Versions/A/ImageCapture
0x0000000002455000 	/System/Library/Frameworks/Carbon.framework/Versions/A/Frameworks/OpenScripting.framework/Versions/A/OpenScripting
0x0000000002455000 	/System/Library/Frameworks/Carbon.framework/Versions/A/Frameworks/Print.framework/Versions/A/Print
0x0000000002455000 	/System/Library/Frameworks/Carbon.framework/Versions/A/Frameworks/SecurityHI.framework/Versions/A/SecurityHI
0x0000000123a29000 	/Library/Java/JavaVirtualMachines/jdk1.8.0_91.jdk/Contents/Home/jre/lib/libawt.dylib
0x0000000123ad1000 	/Library/Java/JavaVirtualMachines/jdk1.8.0_91.jdk/Contents/Home/jre/lib/./libmlib_image.dylib
0x0000000123b9d000 	/Library/Java/JavaVirtualMachines/jdk1.8.0_91.jdk/Contents/Home/jre/lib/libawt_lwawt.dylib
0x0000000123c52000 	/Library/Java/JavaVirtualMachines/jdk1.8.0_91.jdk/Contents/Home/jre/lib/./libosxapp.dylib
0x0000000002455000 	/System/Library/Frameworks/ExceptionHandling.framework/Versions/A/ExceptionHandling
0x0000000002455000 	/System/Library/PrivateFrameworks/CoreServicesInternal.framework/Versions/A/CoreServicesInternal
0x0000000002455000 	/System/Library/Frameworks/CoreGraphics.framework/Versions/A/Resources/libRIP.A.dylib
0x0000000002455000 	/System/Library/Frameworks/Accelerate.framework/Versions/A/Frameworks/vImage.framework/Versions/A/Libraries/libCGInterfaces.dylib
0x0000000002455000 	/System/Library/Frameworks/CoreGraphics.framework/Versions/A/Resources/libCGXType.A.dylib
0x0000000002455000 	/System/Library/Frameworks/OpenCL.framework/Versions/A/Libraries/libcldcpuengine.dylib
0x0000000002455000 	/System/Library/PrivateFrameworks/DiskImages.framework/Versions/A/DiskImages
0x0000000002455000 	/System/Library/Frameworks/DiscRecording.framework/Versions/A/DiscRecording
0x0000000002455000 	/usr/lib/libcsfde.dylib
0x0000000002455000 	/usr/lib/libcurl.4.dylib
0x0000000002455000 	/System/Library/PrivateFrameworks/MediaKit.framework/Versions/A/MediaKit
0x0000000002455000 	/System/Library/PrivateFrameworks/ProtectedCloudStorage.framework/Versions/A/ProtectedCloudStorage
0x0000000002455000 	/usr/lib/libCoreStorage.dylib
0x0000000002455000 	/System/Library/PrivateFrameworks/EFILogin.framework/Versions/A/EFILogin
0x0000000002455000 	/usr/lib/libutil.dylib
0x0000000002455000 	/System/Library/PrivateFrameworks/FindMyDevice.framework/Versions/A/FindMyDevice
0x0000000002455000 	/System/Library/Frameworks/LDAP.framework/Versions/A/LDAP
0x0000000002455000 	/usr/lib/libsasl2.2.dylib
0x0000000002455000 	/System/Library/PrivateFrameworks/CoreDaemon.framework/Versions/B/CoreDaemon
0x0000000002455000 	/usr/lib/libcrypto.0.9.8.dylib
0x0000000002455000 	/System/Library/PrivateFrameworks/AppleSRP.framework/Versions/A/AppleSRP
0x0000000002455000 	/System/Library/PrivateFrameworks/TrustEvaluationAgent.framework/Versions/A/TrustEvaluationAgent
0x0000000124602000 	cl_kernels
0x0000000002455000 	/System/Library/Frameworks/OpenCL.framework/Versions/A/Libraries/ImageFormats/unorm8_bgra.dylib
0x0000000002455000 	/System/Library/Frameworks/OpenCL.framework/Versions/A/Libraries/ImageFormats/unorm8_rgba.dylib
0x0000000002455000 	/System/Library/PrivateFrameworks/FamilyControls.framework/Versions/A/FamilyControls
0x0000000002455000 	/System/Library/PrivateFrameworks/CommerceKit.framework/Versions/A/Frameworks/CommerceCore.framework/Versions/A/CommerceCore
0x0000000002455000 	/System/Library/PrivateFrameworks/SystemAdministration.framework/Versions/A/SystemAdministration
0x0000000002455000 	/System/Library/PrivateFrameworks/AppContainer.framework/Versions/A/AppContainer
0x0000000002455000 	/System/Library/PrivateFrameworks/SecCodeWrapper.framework/Versions/A/SecCodeWrapper
0x0000000002455000 	/System/Library/Frameworks/DirectoryService.framework/Versions/A/DirectoryService
0x0000000002455000 	/System/Library/PrivateFrameworks/LoginUIKit.framework/Versions/A/Frameworks/LoginUICore.framework/Versions/A/LoginUICore
0x0000000002455000 	/usr/lib/libodfde.dylib
0x0000000002455000 	/System/Library/Frameworks/OpenGL.framework/Versions/A/Resources/GLEngine.bundle/GLEngine
0x0000000002455000 	/System/Library/Frameworks/OpenGL.framework/Versions/A/Libraries/libGLProgrammability.dylib
0x000000012647d000 	/System/Library/Extensions/AMDRadeonX3000GLDriver.bundle/Contents/MacOS/AMDRadeonX3000GLDriver
0x0000000002455000 	/System/Library/PrivateFrameworks/GPUSupport.framework/Versions/A/Libraries/libGPUSupportMercury.dylib
0x000000012655c000 	/System/Library/Extensions/AMDRadeonX3000GLDriver.bundle/Contents/MacOS/ATIRadeonX3000SCLib.dylib
0x0000000002455000 	/System/Library/Frameworks/OpenGL.framework/Versions/A/Resources/GLRendererFloat.bundle/GLRendererFloat
0x000000012684e000 	/Library/Java/JavaVirtualMachines/jdk1.8.0_91.jdk/Contents/Home/jre/lib/libfontmanager.dylib
0x0000000127529000 	/Library/Java/JavaVirtualMachines/jdk1.8.0_91.jdk/Contents/Home/jre/lib/libosxui.dylib
0x0000000128238000 	/Library/Java/JavaVirtualMachines/jdk1.8.0_91.jdk/Contents/Home/jre/lib/libnet.dylib
0x0000000128297000 	/Library/Java/JavaVirtualMachines/jdk1.8.0_91.jdk/Contents/Home/jre/lib/libnio.dylib
0x0000000002455000 	/System/Library/Frameworks/ApplicationServices.framework/Versions/A/Frameworks/ATS.framework/Versions/A/Resources/libTrueTypeScaler.dylib
0x000000018d2a6000 	/private/var/folders/tq/5cybh0451bx2v8l5x53f9c_h0000gn/T/jogamp_0000/file_cache/jln7277892153922787866/jln5766070154499080855/libgluegen-rt.jnilib
0x0000000127225000 	/private/var/folders/tq/5cybh0451bx2v8l5x53f9c_h0000gn/T/jogamp_0000/file_cache/jln7277892153922787866/jln5766070154499080855/libnativewindow_awt.jnilib
0x0000000127231000 	/Library/Java/JavaVirtualMachines/jdk1.8.0_91.jdk/Contents/Home/jre/lib/libjawt.dylib
0x000000018d2aa000 	/private/var/folders/tq/5cybh0451bx2v8l5x53f9c_h0000gn/T/jogamp_0000/file_cache/jln7277892153922787866/jln5766070154499080855/libnativewindow_macosx.jnilib
0x000000018ec0c000 	/private/var/folders/tq/5cybh0451bx2v8l5x53f9c_h0000gn/T/jogamp_0000/file_cache/jln7277892153922787866/jln5766070154499080855/libjogl_desktop.jnilib
0x0000000191de2000 	/Library/Java/JavaVirtualMachines/jdk1.8.0_91.jdk/Contents/Home/jre/lib/libt2k.dylib

VM Arguments:
jvm_args: -Djava.security.policy=java.policy.applet -Dfile.encoding=UTF-8 
java_command: sun.applet.AppletViewer module6.AirportMap21464296457248.html
java_class_path (initial): /Users/limhoktan/Documents/workspace/UCSDUnfoldingMaps/build:/Users/limhoktan/Documents/workspace/UCSDUnfoldingMaps/lib/core.jar:/Users/limhoktan/Documents/workspace/UCSDUnfoldingMaps/lib/gluegen-rt.jar:/Users/limhoktan/Documents/workspace/UCSDUnfoldingMaps/lib/jogl-all.jar:/Users/limhoktan/Documents/workspace/UCSDUnfoldingMaps/lib/log4j-1.2.15.jar:/Users/limhoktan/Documents/workspace/UCSDUnfoldingMaps/lib/sqlite-jdbc-3.7.2.jar:/Users/limhoktan/Documents/workspace/UCSDUnfoldingMaps/lib/json4processing.jar:/Users/limhoktan/Documents/workspace/UCSDUnfoldingMaps/lib/libTUIO.jar:/Users/limhoktan/Documents/workspace/UCSDUnfoldingMaps/lib/unfolding.0.9.7-uscd.jar
Launcher Type: SUN_STANDARD

Environment Variables:
PATH=/usr/bin:/bin:/usr/sbin:/sbin
SHELL=/bin/bash
DISPLAY=/private/tmp/com.apple.launchd.ljfsj7xib5/org.macosforge.xquartz:0

Signal Handlers:
SIGSEGV: [libjvm.dylib+0x5a97a1], sa_mask[0]=11111111011111110111111111111111, sa_flags=SA_ONSTACK|SA_RESTART|SA_SIGINFO
SIGBUS: [libjvm.dylib+0x5a97a1], sa_mask[0]=11111111011111110111111111111111, sa_flags=SA_RESTART|SA_SIGINFO
SIGFPE: [libjvm.dylib+0x482594], sa_mask[0]=11111111011111110111111111111111, sa_flags=SA_RESTART|SA_SIGINFO
SIGPIPE: [libjvm.dylib+0x482594], sa_mask[0]=11111111011111110111111111111111, sa_flags=SA_RESTART|SA_SIGINFO
SIGXFSZ: [libjvm.dylib+0x482594], sa_mask[0]=11111111011111110111111111111111, sa_flags=SA_RESTART|SA_SIGINFO
SIGILL: [libjvm.dylib+0x482594], sa_mask[0]=11111111011111110111111111111111, sa_flags=SA_RESTART|SA_SIGINFO
SIGUSR1: SIG_DFL, sa_mask[0]=00000000000000000000000000000000, sa_flags=none
SIGUSR2: [libjvm.dylib+0x4820b2], sa_mask[0]=00100000000000000000000000000000, sa_flags=SA_RESTART|SA_SIGINFO
SIGHUP: [libjvm.dylib+0x480689], sa_mask[0]=11111111011111110111111111111111, sa_flags=SA_RESTART|SA_SIGINFO
SIGINT: [libjvm.dylib+0x480689], sa_mask[0]=11111111011111110111111111111111, sa_flags=SA_RESTART|SA_SIGINFO
SIGTERM: [libjvm.dylib+0x480689], sa_mask[0]=11111111011111110111111111111111, sa_flags=SA_RESTART|SA_SIGINFO
SIGQUIT: [libjvm.dylib+0x480689], sa_mask[0]=11111111011111110111111111111111, sa_flags=SA_RESTART|SA_SIGINFO


---------------  S Y S T E M  ---------------

OS:Bsduname:Darwin 15.4.0 Darwin Kernel Version 15.4.0: Fri Feb 26 22:08:05 PST 2016; root:xnu-3248.40.184~3/RELEASE_X86_64 x86_64
rlimit: STACK 8192k, CORE 0k, NPROC 709, NOFILE 10240, AS infinity
load average:4.06 3.11 2.71

CPU:total 4 (4 cores per cpu, 1 threads per core) family 6 model 30 stepping 5, cmov, cx8, fxsr, mmx, sse, sse2, sse3, ssse3, sse4.1, sse4.2, popcnt, tsc, tscinvbit

Memory: 4k page, physical 8388608k(845424k free)

/proc/meminfo:


vm_info: Java HotSpot(TM) 64-Bit Server VM (25.91-b14) for bsd-amd64 JRE (1.8.0_91-b14), built on Apr  1 2016 01:03:00 by "java_re" with gcc 4.2.1 (Based on Apple Inc. build 5658) (LLVM build 2336.11.00)

time: Thu May 26 14:14:50 2016
elapsed time: 832 seconds (0d 0h 13m 52s)

