#
# A fatal error has been detected by the Java Runtime Environment:
#
#  SIGSEGV (0xb) at pc=0x00007fff97afa4dd, pid=16297, tid=2571
#
# JRE version: Java(TM) SE Runtime Environment (8.0_91-b14) (build 1.8.0_91-b14)
# Java VM: Java HotSpot(TM) 64-Bit Server VM (25.91-b14 mixed mode bsd-amd64 compressed oops)
# Problematic frame:
# C  [libobjc.A.dylib+0x14dd]  objc_msgSend+0x1d
#
# Failed to write core dump. Core dumps have been disabled. To enable core dumping, try "ulimit -c unlimited" before starting Java again
#
# If you would like to submit a bug report, please visit:
#   http://bugreport.java.com/bugreport/crash.jsp
# The crash happened outside the Java Virtual Machine in native code.
# See problematic frame for where to report the bug.
#

---------------  T H R E A D  ---------------

Current thread (0x00007fa07a192000):  JavaThread "AWT-AppKit" daemon [_thread_in_native, id=2571, stack(0x00007fff52944000,0x00007fff53144000)]

siginfo: si_signo: 11 (SIGSEGV), si_code: 1 (SEGV_MAPERR), si_addr: 0x0000000000000018

Registers:
RAX=0x00007fa07d0de510, RBX=0x000000018f04a450, RCX=0x000000012662b520, RDX=0x000000012675cba0
RSP=0x00007fff5313f2b8, RBP=0x00007fff5313f370, RSI=0x00007fff8b405ce6, RDI=0x00007fa07d0c7a50
R8 =0x0000000000000000, R9 =0x00000000000008b0, R10=0x00007fff8b405ce6, R11=0x0000000000000000
R12=0x0000000000000000, R13=0x0000000190f611e8, R14=0x000000018f04a440, R15=0x00007fa07a192000
RIP=0x00007fff97afa4dd, EFLAGS=0x0000000000010246, ERR=0x0000000000000004
  TRAPNO=0x000000000000000e

Top of Stack: (sp=0x00007fff5313f2b8)
0x00007fff5313f2b8:   000000018f048157 00007fff5313f310
0x00007fff5313f2c8:   0000000000000003 00007fff5313f2f0
0x00007fff5313f2d8:   000000010d7f24ea 0000000190f611e8
0x00007fff5313f2e8:   0000000190f611e8 00007fa07d0de510
0x00007fff5313f2f8:   000000018f04a6a0 000000018f04a710
0x00007fff5313f308:   00007fff7a8e6770 00007fff7c4f4500
0x00007fff5313f318:   000000018f04a450 000000018f04a690
0x00007fff5313f328:   00007fa07d0de510 00007fa07d0c7a50
0x00007fff5313f338:   00007fa078e3da20 00007fa07d0de510
0x00007fff5313f348:   00007fa07d0c7a50 00007fff5313f3f8
0x00007fff5313f358:   00007fa07a1921f8 0000000190f611e8
0x00007fff5313f368:   00007fff5313f420 00007fff5313f3e8
0x00007fff5313f378:   000000010e5a9814 0000000190f611e8
0x00007fff5313f388:   00007fff5313f420 00007fff5313f3e8
0x00007fff5313f398:   000000010e5a95a7 000000010e5a9562
0x00007fff5313f3a8:   00007fff5313f3a8 0000000190f611e8
0x00007fff5313f3b8:   00007fff5313f420 0000000190f84028
0x00007fff5313f3c8:   0000000000000000 0000000190f611e8
0x00007fff5313f3d8:   0000000000000000 00007fff5313f408
0x00007fff5313f3e8:   00007fff5313f468 000000010e59c2bd
0x00007fff5313f3f8:   0000000740047858 000000010e5a5538
0x00007fff5313f408:   00007fa07d0de510 00007fff5313f468
0x00007fff5313f418:   00007fa07d0c7a50 000000010e5a6e02
0x00007fff5313f428:   00007fff5313f428 0000000190f613b2
0x00007fff5313f438:   00007fff5313f490 0000000190f84028
0x00007fff5313f448:   0000000000000000 0000000190f613c0
0x00007fff5313f458:   00007fff5313f408 00007fff5313f478
0x00007fff5313f468:   00007fff5313f4d8 000000010e59c2bd
0x00007fff5313f478:   00007fa07d0de510 0000000740c674b8
0x00007fff5313f488:   00007fa07d0c7a50 0000000740c674b8
0x00007fff5313f498:   00007fff5313f498 000000019596e136
0x00007fff5313f4a8:   00007fff5313f4e8 000000019596e1f0 

Instructions: (pc=0x00007fff97afa4dd)
0x00007fff97afa4bd:   44 00 00 48 85 ff 2e 74 62 40 f6 c7 01 2e 75 66
0x00007fff97afa4cd:   49 bb f8 ff ff ff ff 7f 00 00 4c 23 1f 49 89 f2
0x00007fff97afa4dd:   45 23 53 18 49 c1 e2 04 4d 03 53 10 49 3b 32 75
0x00007fff97afa4ed:   04 41 ff 62 08 49 83 3a 01 76 0d 49 83 c2 10 49 

Register to memory mapping:

RAX=0x00007fa07d0de510 is an unknown value
RBX=0x000000018f04a450: Java_jogamp_nativewindow_macosx_OSXUtil_GetScreenRefreshRate0+0x1cf0 in /private/var/folders/tq/5cybh0451bx2v8l5x53f9c_h0000gn/T/jogamp_0000/file_cache/jln3645601764664400638/jln4793314733955615402/libnativewindow_macosx.jnilib at 0x000000018f043000
RCX=0x000000012662b520 is an unknown value
RDX=0x000000012675cba0 is an unknown value
RSP=0x00007fff5313f2b8 is pointing into the stack for thread: 0x00007fa07a192000
RBP=0x00007fff5313f370 is pointing into the stack for thread: 0x00007fa07a192000
RSI=0x00007fff8b405ce6 is an unknown value
RDI=0x00007fa07d0c7a50 is an unknown value
R8 =0x0000000000000000 is an unknown value
R9 =0x00000000000008b0 is an unknown value
R10=0x00007fff8b405ce6 is an unknown value
R11=0x0000000000000000 is an unknown value
R12=0x0000000000000000 is an unknown value
R13={method} {0x0000000190f611e8} 'UnsetJAWTRootSurfaceLayer0' '(JJ)V' in 'jogamp/nativewindow/jawt/macosx/MacOSXJAWTWindow'
R14=0x000000018f04a440: Java_jogamp_nativewindow_macosx_OSXUtil_GetScreenRefreshRate0+0x1ce0 in /private/var/folders/tq/5cybh0451bx2v8l5x53f9c_h0000gn/T/jogamp_0000/file_cache/jln3645601764664400638/jln4793314733955615402/libnativewindow_macosx.jnilib at 0x000000018f043000
R15=0x00007fa07a192000 is a thread


Stack: [0x00007fff52944000,0x00007fff53144000],  sp=0x00007fff5313f2b8,  free space=8172k
Native frames: (J=compiled Java code, j=interpreted, Vv=VM code, C=native code)
C  [libobjc.A.dylib+0x14dd]  objc_msgSend+0x1d
j  jogamp.nativewindow.jawt.macosx.MacOSXJAWTWindow.UnsetJAWTRootSurfaceLayer0(JJ)V+0
j  jogamp.nativewindow.jawt.macosx.MacOSXJAWTWindow.access$200(JJ)V+2
j  jogamp.nativewindow.jawt.macosx.MacOSXJAWTWindow$1.run()V+38
J 2409 C1 com.jogamp.common.util.RunnableTask.run()V (345 bytes) @ 0x000000010ee35e14 [0x000000010ee35c80+0x194]
v  ~StubRoutines::call_stub
V  [libjvm.dylib+0x2ec1e6]
V  [libjvm.dylib+0x323355]
V  [libjvm.dylib+0x315b23]
C  [libnativewindow_macosx.jnilib+0x5326]  Java_jogamp_nativewindow_jawt_macosx_MacOSXJAWTWindow_UnsetJAWTRootSurfaceLayer0+0x2b6
C  [Foundation+0x76f5e]  __NSThreadPerformPerform+0x117
C  [CoreFoundation+0xaa881]  __CFRUNLOOP_IS_CALLING_OUT_TO_A_SOURCE0_PERFORM_FUNCTION__+0x11
C  [CoreFoundation+0x89f37]  __CFRunLoopDoSources0+0x1a7
C  [CoreFoundation+0x894df]  __CFRunLoopRun+0x39f
C  [CoreFoundation+0x88ed8]  CFRunLoopRunSpecific+0x128
C  [HIToolbox+0x30935]  RunCurrentEventLoopInMode+0xeb
C  [HIToolbox+0x30677]  ReceiveNextEventCommon+0xb8
C  [HIToolbox+0x305af]  _BlockUntilNextEventMatchingListInModeWithFilter+0x47
C  [AppKit+0x48efa]  _DPSNextEvent+0x42b
C  [AppKit+0x4832a]  -[NSApplication _nextEventMatchingEventMask:untilDate:inMode:dequeue:]+0x1c6
C  [libosxapp.dylib+0x23aa]  -[NSApplicationAWT nextEventMatchingMask:untilDate:inMode:dequeue:]+0x7c
C  [AppKit+0x3ce84]  -[NSApplication run]+0x2aa
C  [libosxapp.dylib+0x214d]  +[NSApplicationAWT runAWTLoopWithApp:]+0x9c
C  [libawt_lwawt.dylib+0x4455b]  -[AWTStarter starter:]+0x389
C  [Foundation+0x76f5e]  __NSThreadPerformPerform+0x117
C  [CoreFoundation+0xaa881]  __CFRUNLOOP_IS_CALLING_OUT_TO_A_SOURCE0_PERFORM_FUNCTION__+0x11
C  [CoreFoundation+0x89fbc]  __CFRunLoopDoSources0+0x22c
C  [CoreFoundation+0x894df]  __CFRunLoopRun+0x39f
C  [CoreFoundation+0x88ed8]  CFRunLoopRunSpecific+0x128
C  [java+0x6463]  CreateExecutionEnvironment+0x367
C  [java+0x21ac]  JLI_Launch+0x7a0
C  [java+0x84c0]  main+0x65
C  [java+0x1a04]  start+0x34
C  0x0000000000000007

Java frames: (J=compiled Java code, j=interpreted, Vv=VM code)
j  jogamp.nativewindow.jawt.macosx.MacOSXJAWTWindow.UnsetJAWTRootSurfaceLayer0(JJ)V+0
j  jogamp.nativewindow.jawt.macosx.MacOSXJAWTWindow.access$200(JJ)V+2
j  jogamp.nativewindow.jawt.macosx.MacOSXJAWTWindow$1.run()V+38
J 2409 C1 com.jogamp.common.util.RunnableTask.run()V (345 bytes) @ 0x000000010ee35e14 [0x000000010ee35c80+0x194]
v  ~StubRoutines::call_stub

---------------  P R O C E S S  ---------------

Java Threads: ( => current thread )
  0x00007fa07e818800 JavaThread "Thread-19" [_thread_blocked, id=5131, stack(0x00007000019ee000,0x0000700001aee000)]
  0x00007fa07ab13000 JavaThread "AWT-EventQueue-1" [_thread_in_native, id=59947, stack(0x0000700001868000,0x0000700001968000)]
  0x00007fa07a007000 JavaThread "DestroyJavaVM" [_thread_blocked, id=5891, stack(0x000070000011a000,0x000070000021a000)]
  0x00007fa079955800 JavaThread "AWT-EventQueue-0" [_thread_blocked, id=53515, stack(0x0000700001662000,0x0000700001762000)]
  0x00007fa07a1bc800 JavaThread "Java2D Disposer" daemon [_thread_blocked, id=52487, stack(0x00007000013d9000,0x00007000014d9000)]
  0x00007fa07a1e5000 JavaThread "Java2D Queue Flusher" daemon [_thread_blocked, id=49415, stack(0x00007000012d6000,0x00007000013d6000)]
  0x00007fa0798d5000 JavaThread "AWT-Shutdown" [_thread_blocked, id=28947, stack(0x00007000010cd000,0x00007000011cd000)]
=>0x00007fa07a192000 JavaThread "AWT-AppKit" daemon [_thread_in_native, id=2571, stack(0x00007fff52944000,0x00007fff53144000)]
  0x00007fa07a053800 JavaThread "Service Thread" daemon [_thread_blocked, id=18435, stack(0x0000700000dc1000,0x0000700000ec1000)]
  0x00007fa07a038800 JavaThread "C1 CompilerThread2" daemon [_thread_blocked, id=17923, stack(0x0000700000cbe000,0x0000700000dbe000)]
  0x00007fa07a037800 JavaThread "C2 CompilerThread1" daemon [_thread_blocked, id=17411, stack(0x0000700000bbb000,0x0000700000cbb000)]
  0x00007fa079007000 JavaThread "C2 CompilerThread0" daemon [_thread_in_native, id=16899, stack(0x0000700000ab8000,0x0000700000bb8000)]
  0x00007fa079005000 JavaThread "Signal Dispatcher" daemon [_thread_blocked, id=12815, stack(0x00007000009b5000,0x0000700000ab5000)]
  0x00007fa07a80b000 JavaThread "Finalizer" daemon [_thread_blocked, id=12291, stack(0x000070000082f000,0x000070000092f000)]
  0x00007fa07a808800 JavaThread "Reference Handler" daemon [_thread_blocked, id=11779, stack(0x000070000072c000,0x000070000082c000)]

Other Threads:
  0x00007fa07a802000 VMThread [stack: 0x0000700000629000,0x0000700000729000] [id=11267]
  0x00007fa07a80f800 WatcherThread [stack: 0x0000700000ec4000,0x0000700000fc4000] [id=18947]

VM state:not at safepoint (normal execution)

VM Mutex/Monitor currently owned by a thread: None

Heap:
 PSYoungGen      total 46080K, used 11718K [0x0000000795580000, 0x000000079a380000, 0x00000007c0000000)
  eden space 33280K, 34% used [0x0000000795580000,0x00000007960d9960,0x0000000797600000)
  from space 12800K, 0% used [0x0000000797600000,0x0000000797618000,0x0000000798280000)
  to   space 13312K, 0% used [0x0000000799680000,0x0000000799680000,0x000000079a380000)
 ParOldGen       total 69632K, used 17237K [0x0000000740000000, 0x0000000744400000, 0x0000000795580000)
  object space 69632K, 24% used [0x0000000740000000,0x00000007410d5420,0x0000000744400000)
 Metaspace       used 21210K, capacity 21399K, committed 21552K, reserved 1069056K
  class space    used 2047K, capacity 2112K, committed 2176K, reserved 1048576K

Card table byte_map: [0x000000011d954000,0x000000011dd55000] byte_map_base: 0x0000000119f54000

Marking Bits: (ParMarkBitMap*) 0x000000010dee6eb0
 Begin Bits: [0x000000011e000000, 0x0000000120000000)
 End Bits:   [0x0000000120000000, 0x0000000122000000)

Polling page: 0x000000010cd7f000

CodeCache: size=245760Kb used=9551Kb max_used=9561Kb free=236208Kb
 bounds [0x000000010e594000, 0x000000010ef04000, 0x000000011d594000]
 total_blobs=3514 nmethods=2626 adapters=802
 compilation: enabled

Compilation events (10 events):
Event: 17.432 Thread 0x00007fa07a038800 2838       1       sun.java2d.SurfaceData::isValid (5 bytes)
Event: 17.433 Thread 0x00007fa07a038800 nmethod 2838 0x000000010eee96d0 code [0x000000010eee9820, 0x000000010eee9930]
Event: 17.434 Thread 0x00007fa07a037800 2839  s    4       sun.misc.URLClassPath::getNextLoader (88 bytes)
Event: 17.434 Thread 0x00007fa07a038800 2840  s!   2       sun.misc.URLClassPath::getLoader (197 bytes)
Event: 17.436 Thread 0x00007fa07a038800 nmethod 2840 0x000000010eef2510 code [0x000000010eef2800, 0x000000010eef3f28]
Event: 17.440 Thread 0x00007fa07a037800 nmethod 2839 0x000000010eef7290 code [0x000000010eef7400, 0x000000010eef7b78]
Event: 17.443 Thread 0x00007fa07a038800 2841       3       sun.awt.SunToolkit::awtUnlock (7 bytes)
Event: 17.444 Thread 0x00007fa07a038800 nmethod 2841 0x000000010eef6d10 code [0x000000010eef6e80, 0x000000010eef7168]
Event: 17.444 Thread 0x00007fa07a038800 2842       3       sun.java2d.pipe.RenderQueue::unlock (4 bytes)
Event: 17.444 Thread 0x00007fa07a038800 nmethod 2842 0x000000010eef6690 code [0x000000010eef6820, 0x000000010eef6b88]

GC Heap History (10 events):
Event: 8.579 GC heap before
{Heap before GC invocations=4 (full 0):
 PSYoungGen      total 38400K, used 38381K [0x0000000795580000, 0x0000000798000000, 0x00000007c0000000)
  eden space 33280K, 100% used [0x0000000795580000,0x0000000797600000,0x0000000797600000)
  from space 5120K, 99% used [0x0000000797600000,0x0000000797afb4e0,0x0000000797b00000)
  to   space 5120K, 0% used [0x0000000797b00000,0x0000000797b00000,0x0000000798000000)
 ParOldGen       total 87552K, used 12495K [0x0000000740000000, 0x0000000745580000, 0x0000000795580000)
  object space 87552K, 14% used [0x0000000740000000,0x0000000740c33d68,0x0000000745580000)
 Metaspace       used 20924K, capacity 21143K, committed 21296K, reserved 1069056K
  class space    used 2039K, capacity 2112K, committed 2176K, reserved 1048576K
Event: 8.586 GC heap after
Heap after GC invocations=4 (full 0):
 PSYoungGen      total 38400K, used 5085K [0x0000000795580000, 0x0000000798000000, 0x00000007c0000000)
  eden space 33280K, 0% used [0x0000000795580000,0x0000000795580000,0x0000000797600000)
  from space 5120K, 99% used [0x0000000797b00000,0x0000000797ff7510,0x0000000798000000)
  to   space 5120K, 0% used [0x0000000797600000,0x0000000797600000,0x0000000797b00000)
 ParOldGen       total 87552K, used 12503K [0x0000000740000000, 0x0000000745580000, 0x0000000795580000)
  object space 87552K, 14% used [0x0000000740000000,0x0000000740c35d68,0x0000000745580000)
 Metaspace       used 20924K, capacity 21143K, committed 21296K, reserved 1069056K
  class space    used 2039K, capacity 2112K, committed 2176K, reserved 1048576K
}
Event: 12.447 GC heap before
{Heap before GC invocations=5 (full 0):
 PSYoungGen      total 38400K, used 38365K [0x0000000795580000, 0x0000000798000000, 0x00000007c0000000)
  eden space 33280K, 100% used [0x0000000795580000,0x0000000797600000,0x0000000797600000)
  from space 5120K, 99% used [0x0000000797b00000,0x0000000797ff7510,0x0000000798000000)
  to   space 5120K, 0% used [0x0000000797600000,0x0000000797600000,0x0000000797b00000)
 ParOldGen       total 87552K, used 12503K [0x0000000740000000, 0x0000000745580000, 0x0000000795580000)
  object space 87552K, 14% used [0x0000000740000000,0x0000000740c35d68,0x0000000745580000)
 Metaspace       used 20982K, capacity 21143K, committed 21296K, reserved 1069056K
  class space    used 2039K, capacity 2112K, committed 2176K, reserved 1048576K
Event: 12.454 GC heap after
Heap after GC invocations=5 (full 0):
 PSYoungGen      total 37888K, used 5085K [0x0000000795580000, 0x0000000798f80000, 0x00000007c0000000)
  eden space 32768K, 0% used [0x0000000795580000,0x0000000795580000,0x0000000797580000)
  from space 5120K, 99% used [0x0000000797600000,0x0000000797af7510,0x0000000797b00000)
  to   space 13312K, 0% used [0x0000000798280000,0x0000000798280000,0x0000000798f80000)
 ParOldGen       total 87552K, used 12503K [0x0000000740000000, 0x0000000745580000, 0x0000000795580000)
  object space 87552K, 14% used [0x0000000740000000,0x0000000740c35d68,0x0000000745580000)
 Metaspace       used 20982K, capacity 21143K, committed 21296K, reserved 1069056K
  class space    used 2039K, capacity 2112K, committed 2176K, reserved 1048576K
}
Event: 12.645 GC heap before
{Heap before GC invocations=6 (full 0):
 PSYoungGen      total 37888K, used 7413K [0x0000000795580000, 0x0000000798f80000, 0x00000007c0000000)
  eden space 32768K, 7% used [0x0000000795580000,0x00000007957c5fc0,0x0000000797580000)
  from space 5120K, 99% used [0x0000000797600000,0x0000000797af7510,0x0000000797b00000)
  to   space 13312K, 0% used [0x0000000798280000,0x0000000798280000,0x0000000798f80000)
 ParOldGen       total 87552K, used 12503K [0x0000000740000000, 0x0000000745580000, 0x0000000795580000)
  object space 87552K, 14% used [0x0000000740000000,0x0000000740c35d68,0x0000000745580000)
 Metaspace       used 20987K, capacity 21143K, committed 21296K, reserved 1069056K
  class space    used 2039K, capacity 2112K, committed 2176K, reserved 1048576K
Event: 12.653 GC heap after
Heap after GC invocations=6 (full 0):
 PSYoungGen      total 46592K, used 5053K [0x0000000795580000, 0x000000079ae80000, 0x00000007c0000000)
  eden space 33280K, 0% used [0x0000000795580000,0x0000000795580000,0x0000000797600000)
  from space 13312K, 37% used [0x0000000798280000,0x000000079876f510,0x0000000798f80000)
  to   space 12800K, 0% used [0x0000000797600000,0x0000000797600000,0x0000000798280000)
 ParOldGen       total 87552K, used 12511K [0x0000000740000000, 0x0000000745580000, 0x0000000795580000)
  object space 87552K, 14% used [0x0000000740000000,0x0000000740c37d68,0x0000000745580000)
 Metaspace       used 20987K, capacity 21143K, committed 21296K, reserved 1069056K
  class space    used 2039K, capacity 2112K, committed 2176K, reserved 1048576K
}
Event: 12.653 GC heap before
{Heap before GC invocations=7 (full 1):
 PSYoungGen      total 46592K, used 5053K [0x0000000795580000, 0x000000079ae80000, 0x00000007c0000000)
  eden space 33280K, 0% used [0x0000000795580000,0x0000000795580000,0x0000000797600000)
  from space 13312K, 37% used [0x0000000798280000,0x000000079876f510,0x0000000798f80000)
  to   space 12800K, 0% used [0x0000000797600000,0x0000000797600000,0x0000000798280000)
 ParOldGen       total 87552K, used 12511K [0x0000000740000000, 0x0000000745580000, 0x0000000795580000)
  object space 87552K, 14% used [0x0000000740000000,0x0000000740c37d68,0x0000000745580000)
 Metaspace       used 20987K, capacity 21143K, committed 21296K, reserved 1069056K
  class space    used 2039K, capacity 2112K, committed 2176K, reserved 1048576K
Event: 12.721 GC heap after
Heap after GC invocations=7 (full 1):
 PSYoungGen      total 46592K, used 0K [0x0000000795580000, 0x000000079ae80000, 0x00000007c0000000)
  eden space 33280K, 0% used [0x0000000795580000,0x0000000795580000,0x0000000797600000)
  from space 13312K, 0% used [0x0000000798280000,0x0000000798280000,0x0000000798f80000)
  to   space 12800K, 0% used [0x0000000797600000,0x0000000797600000,0x0000000798280000)
 ParOldGen       total 69632K, used 17229K [0x0000000740000000, 0x0000000744400000, 0x0000000795580000)
  object space 69632K, 24% used [0x0000000740000000,0x00000007410d3420,0x0000000744400000)
 Metaspace       used 20987K, capacity 21143K, committed 21296K, reserved 1069056K
  class space    used 2039K, capacity 2112K, committed 2176K, reserved 1048576K
}
Event: 16.298 GC heap before
{Heap before GC invocations=8 (full 1):
 PSYoungGen      total 46592K, used 33280K [0x0000000795580000, 0x000000079ae80000, 0x00000007c0000000)
  eden space 33280K, 100% used [0x0000000795580000,0x0000000797600000,0x0000000797600000)
  from space 13312K, 0% used [0x0000000798280000,0x0000000798280000,0x0000000798f80000)
  to   space 12800K, 0% used [0x0000000797600000,0x0000000797600000,0x0000000798280000)
 ParOldGen       total 69632K, used 17229K [0x0000000740000000, 0x0000000744400000, 0x0000000795580000)
  object space 69632K, 24% used [0x0000000740000000,0x00000007410d3420,0x0000000744400000)
 Metaspace       used 21167K, capacity 21399K, committed 21552K, reserved 1069056K
  class space    used 2039K, capacity 2112K, committed 2176K, reserved 1048576K
Event: 16.300 GC heap after
Heap after GC invocations=8 (full 1):
 PSYoungGen      total 46080K, used 96K [0x0000000795580000, 0x000000079a380000, 0x00000007c0000000)
  eden space 33280K, 0% used [0x0000000795580000,0x0000000795580000,0x0000000797600000)
  from space 12800K, 0% used [0x0000000797600000,0x0000000797618000,0x0000000798280000)
  to   space 13312K, 0% used [0x0000000799680000,0x0000000799680000,0x000000079a380000)
 ParOldGen       total 69632K, used 17237K [0x0000000740000000, 0x0000000744400000, 0x0000000795580000)
  object space 69632K, 24% used [0x0000000740000000,0x00000007410d5420,0x0000000744400000)
 Metaspace       used 21167K, capacity 21399K, committed 21552K, reserved 1069056K
  class space    used 2039K, capacity 2112K, committed 2176K, reserved 1048576K
}

Deoptimization events (10 events):
Event: 5.491 Thread 0x00007fa07ab13000 Uncommon trap: reason=class_check action=maybe_recompile pc=0x000000010ed2e758 method=module5.CommonMarker.draw(Lprocessing/core/PGraphics;FF)V @ 25
Event: 5.507 Thread 0x00007fa07ab13000 Uncommon trap: reason=class_check action=maybe_recompile pc=0x000000010ed2e758 method=module5.CommonMarker.draw(Lprocessing/core/PGraphics;FF)V @ 25
Event: 5.810 Thread 0x00007fa07ab13000 Uncommon trap: reason=unstable_if action=reinterpret pc=0x000000010ed5db9c method=de.fhpotsdam.unfolding.mapdisplay.Java2DMapDisplay.getTransformedPosition(FFZ)[F @ 1
Event: 17.399 Thread 0x00007fa07ab13000 Uncommon trap: reason=class_check action=maybe_recompile pc=0x000000010e9a59b8 method=java.util.Arrays.copyOf([Ljava/lang/Object;ILjava/lang/Class;)[Ljava/lang/Object; @ 24
Event: 17.399 Thread 0x00007fa07ab13000 Uncommon trap: reason=class_check action=maybe_recompile pc=0x000000010e9a59b8 method=java.util.Arrays.copyOf([Ljava/lang/Object;ILjava/lang/Class;)[Ljava/lang/Object; @ 24
Event: 17.400 Thread 0x00007fa07ab13000 Uncommon trap: reason=unstable_if action=reinterpret pc=0x000000010ecff728 method=com.jogamp.common.util.VersionNumber.compareTo(Lcom/jogamp/common/util/VersionNumber;)I @ 21
Event: 17.401 Thread 0x00007fa079955800 Uncommon trap: reason=unstable_if action=reinterpret pc=0x000000010ed27608 method=java.awt.Font.equals(Ljava/lang/Object;)Z @ 2
Event: 17.432 Thread 0x00007fa07a93f800 Uncommon trap: reason=unstable_if action=reinterpret pc=0x000000010ea7fca8 method=java.util.HashMap.putVal(ILjava/lang/Object;Ljava/lang/Object;ZZ)Ljava/lang/Object; @ 81
Event: 17.432 Thread 0x00007fa07a93f800 Uncommon trap: reason=unstable_if action=reinterpret pc=0x000000010ea7d4bc method=java.util.HashMap.putVal(ILjava/lang/Object;Ljava/lang/Object;ZZ)Ljava/lang/Object; @ 81
Event: 17.442 Thread 0x00007fa07ab13000 Uncommon trap: reason=unstable_if action=reinterpret pc=0x000000010eaf7ddc method=java.security.AccessControlContext.optimize()Ljava/security/AccessControlContext; @ 233

Internal exceptions (10 events):
Event: 0.143 Thread 0x00007fa07a007000 Exception <a 'java/lang/NoSuchFieldError': method resolution failed> (0x0000000795785c90) thrown at [/Users/java_re/workspace/8-2-build-macosx-x86_64/jdk8u91/6644/hotspot/src/share/vm/prims/methodHandles.cpp, line 1146]
Event: 0.145 Thread 0x00007fa07a007000 Exception <a 'java/lang/NoSuchFieldError': method resolution failed> (0x0000000795793460) thrown at [/Users/java_re/workspace/8-2-build-macosx-x86_64/jdk8u91/6644/hotspot/src/share/vm/prims/methodHandles.cpp, line 1146]
Event: 0.267 Thread 0x00007fa07a007000 Exception <a 'java/io/FileNotFoundException'> (0x000000079580f758) thrown at [/Users/java_re/workspace/8-2-build-macosx-x86_64/jdk8u91/6644/hotspot/src/share/vm/prims/jni.cpp, line 709]
Event: 0.267 Thread 0x00007fa07a007000 Exception <a 'java/io/FileNotFoundException'> (0x00000007958102c0) thrown at [/Users/java_re/workspace/8-2-build-macosx-x86_64/jdk8u91/6644/hotspot/src/share/vm/prims/jni.cpp, line 709]
Event: 0.356 Thread 0x00007fa07a007000 Exception <a 'java/io/FileNotFoundException'> (0x000000079594bbe8) thrown at [/Users/java_re/workspace/8-2-build-macosx-x86_64/jdk8u91/6644/hotspot/src/share/vm/prims/jni.cpp, line 709]
Event: 1.938 Thread 0x00007fa07a1a3800 Exception <a 'java/lang/UnsatisfiedLinkError': com.jogamp.common.util.JarUtil.fixNativeLibAttribs(Ljava/lang/String;)Z> (0x0000000796be6888) thrown at [/Users/java_re/workspace/8-2-build-macosx-x86_64/jdk8u91/6644/hotspot/src/share/vm/prims/nativeLookup.c
Event: 2.271 Thread 0x00007fa07a80b000 Exception <a 'java/lang/NullPointerException'> (0x00000007956a4bc8) thrown at [/Users/java_re/workspace/8-2-build-macosx-x86_64/jdk8u91/6644/hotspot/src/share/vm/interpreter/linkResolver.cpp, line 1178]
Event: 2.919 Thread 0x00007fa07ab13000 Exception <a 'java/io/FileNotFoundException'> (0x0000000795f37838) thrown at [/Users/java_re/workspace/8-2-build-macosx-x86_64/jdk8u91/6644/hotspot/src/share/vm/prims/jni.cpp, line 709]
Event: 2.920 Thread 0x00007fa07ab13000 Exception <a 'java/io/FileNotFoundException'> (0x0000000795f3dbd8) thrown at [/Users/java_re/workspace/8-2-build-macosx-x86_64/jdk8u91/6644/hotspot/src/share/vm/prims/jni.cpp, line 709]
Event: 2.920 Thread 0x00007fa07ab13000 Implicit null exception at 0x000000010e730e33 to 0x000000010e7311d9

Events (10 events):
Event: 17.442 loading class java/awt/LightweightDispatcher$2 done
Event: 17.442 loading class java/awt/event/AWTEventListenerProxy
Event: 17.443 loading class java/awt/event/AWTEventListenerProxy done
Event: 17.443 Executing VM operation: Deoptimize
Event: 17.443 Executing VM operation: Deoptimize done
Event: 17.443 loading class java/awt/Toolkit$ToolkitEventMulticaster
Event: 17.443 loading class java/awt/Toolkit$ToolkitEventMulticaster done
Event: 17.444 Thread 0x00007fa07a93f800 Thread exited: 0x00007fa07a93f800
Event: 17.444 loading class java/awt/Window$1DisposeAction
Event: 17.444 loading class java/awt/Window$1DisposeAction done


Dynamic libraries:
0x0000000009285000 	/System/Library/Frameworks/Cocoa.framework/Versions/A/Cocoa
0x0000000009285000 	/System/Library/Frameworks/Security.framework/Versions/A/Security
0x0000000009285000 	/System/Library/Frameworks/ApplicationServices.framework/Versions/A/ApplicationServices
0x0000000009285000 	/usr/lib/libz.1.dylib
0x0000000009285000 	/usr/lib/libSystem.B.dylib
0x0000000009285000 	/usr/lib/libobjc.A.dylib
0x0000000009285000 	/System/Library/Frameworks/CoreFoundation.framework/Versions/A/CoreFoundation
0x0000000009285000 	/System/Library/Frameworks/Foundation.framework/Versions/C/Foundation
0x0000000009285000 	/System/Library/Frameworks/AppKit.framework/Versions/C/AppKit
0x0000000009285000 	/System/Library/Frameworks/CoreData.framework/Versions/A/CoreData
0x0000000009285000 	/System/Library/PrivateFrameworks/RemoteViewServices.framework/Versions/A/RemoteViewServices
0x0000000009285000 	/System/Library/PrivateFrameworks/UIFoundation.framework/Versions/A/UIFoundation
0x0000000009285000 	/usr/lib/libScreenReader.dylib
0x0000000009285000 	/System/Library/Frameworks/Accelerate.framework/Versions/A/Accelerate
0x0000000009285000 	/System/Library/Frameworks/IOSurface.framework/Versions/A/IOSurface
0x0000000009285000 	/System/Library/Frameworks/AudioToolbox.framework/Versions/A/AudioToolbox
0x0000000009285000 	/System/Library/Frameworks/AudioUnit.framework/Versions/A/AudioUnit
0x0000000009285000 	/System/Library/PrivateFrameworks/DataDetectorsCore.framework/Versions/A/DataDetectorsCore
0x0000000009285000 	/System/Library/PrivateFrameworks/DesktopServicesPriv.framework/Versions/A/DesktopServicesPriv
0x0000000009285000 	/System/Library/Frameworks/Carbon.framework/Versions/A/Frameworks/HIToolbox.framework/Versions/A/HIToolbox
0x0000000009285000 	/System/Library/Frameworks/QuartzCore.framework/Versions/A/QuartzCore
0x0000000009285000 	/System/Library/Frameworks/Carbon.framework/Versions/A/Frameworks/SpeechRecognition.framework/Versions/A/SpeechRecognition
0x0000000009285000 	/usr/lib/libauto.dylib
0x0000000009285000 	/usr/lib/libicucore.A.dylib
0x0000000009285000 	/usr/lib/libxml2.2.dylib
0x0000000009285000 	/System/Library/PrivateFrameworks/CoreUI.framework/Versions/A/CoreUI
0x0000000009285000 	/System/Library/Frameworks/CoreAudio.framework/Versions/A/CoreAudio
0x0000000009285000 	/System/Library/Frameworks/DiskArbitration.framework/Versions/A/DiskArbitration
0x0000000009285000 	/usr/lib/liblangid.dylib
0x0000000009285000 	/System/Library/PrivateFrameworks/MultitouchSupport.framework/Versions/A/MultitouchSupport
0x0000000009285000 	/System/Library/Frameworks/IOKit.framework/Versions/A/IOKit
0x0000000009285000 	/usr/lib/libDiagnosticMessagesClient.dylib
0x0000000009285000 	/System/Library/Frameworks/CoreServices.framework/Versions/A/CoreServices
0x0000000009285000 	/System/Library/PrivateFrameworks/PerformanceAnalysis.framework/Versions/A/PerformanceAnalysis
0x0000000009285000 	/System/Library/PrivateFrameworks/GenerationalStorage.framework/Versions/A/GenerationalStorage
0x0000000009285000 	/System/Library/Frameworks/OpenGL.framework/Versions/A/OpenGL
0x0000000009285000 	/System/Library/PrivateFrameworks/Sharing.framework/Versions/A/Sharing
0x0000000009285000 	/System/Library/Frameworks/CoreGraphics.framework/Versions/A/CoreGraphics
0x0000000009285000 	/System/Library/Frameworks/CoreImage.framework/Versions/A/CoreImage
0x0000000009285000 	/System/Library/Frameworks/CoreText.framework/Versions/A/CoreText
0x0000000009285000 	/System/Library/Frameworks/ImageIO.framework/Versions/A/ImageIO
0x0000000009285000 	/System/Library/PrivateFrameworks/Backup.framework/Versions/A/Backup
0x0000000009285000 	/usr/lib/libextension.dylib
0x0000000009285000 	/usr/lib/libarchive.2.dylib
0x0000000009285000 	/System/Library/Frameworks/CFNetwork.framework/Versions/A/CFNetwork
0x0000000009285000 	/System/Library/Frameworks/SystemConfiguration.framework/Versions/A/SystemConfiguration
0x0000000009285000 	/usr/lib/libCRFSuite.dylib
0x0000000009285000 	/usr/lib/libc++.1.dylib
0x0000000009285000 	/usr/lib/libc++abi.dylib
0x0000000009285000 	/usr/lib/system/libcache.dylib
0x0000000009285000 	/usr/lib/system/libcommonCrypto.dylib
0x0000000009285000 	/usr/lib/system/libcompiler_rt.dylib
0x0000000009285000 	/usr/lib/system/libcopyfile.dylib
0x0000000009285000 	/usr/lib/system/libcorecrypto.dylib
0x0000000009285000 	/usr/lib/system/libdispatch.dylib
0x0000000009285000 	/usr/lib/system/libdyld.dylib
0x0000000009285000 	/usr/lib/system/libkeymgr.dylib
0x0000000009285000 	/usr/lib/system/liblaunch.dylib
0x0000000009285000 	/usr/lib/system/libmacho.dylib
0x0000000009285000 	/usr/lib/system/libquarantine.dylib
0x0000000009285000 	/usr/lib/system/libremovefile.dylib
0x0000000009285000 	/usr/lib/system/libsystem_asl.dylib
0x0000000009285000 	/usr/lib/system/libsystem_blocks.dylib
0x0000000009285000 	/usr/lib/system/libsystem_c.dylib
0x0000000009285000 	/usr/lib/system/libsystem_configuration.dylib
0x0000000009285000 	/usr/lib/system/libsystem_coreservices.dylib
0x0000000009285000 	/usr/lib/system/libsystem_coretls.dylib
0x0000000009285000 	/usr/lib/system/libsystem_dnssd.dylib
0x0000000009285000 	/usr/lib/system/libsystem_info.dylib
0x0000000009285000 	/usr/lib/system/libsystem_kernel.dylib
0x0000000009285000 	/usr/lib/system/libsystem_m.dylib
0x0000000009285000 	/usr/lib/system/libsystem_malloc.dylib
0x0000000009285000 	/usr/lib/system/libsystem_network.dylib
0x0000000009285000 	/usr/lib/system/libsystem_networkextension.dylib
0x0000000009285000 	/usr/lib/system/libsystem_notify.dylib
0x0000000009285000 	/usr/lib/system/libsystem_platform.dylib
0x0000000009285000 	/usr/lib/system/libsystem_pthread.dylib
0x0000000009285000 	/usr/lib/system/libsystem_sandbox.dylib
0x0000000009285000 	/usr/lib/system/libsystem_secinit.dylib
0x0000000009285000 	/usr/lib/system/libsystem_trace.dylib
0x0000000009285000 	/usr/lib/system/libunc.dylib
0x0000000009285000 	/usr/lib/system/libunwind.dylib
0x0000000009285000 	/usr/lib/system/libxpc.dylib
0x0000000009285000 	/usr/lib/libenergytrace.dylib
0x0000000009285000 	/usr/lib/libbsm.0.dylib
0x0000000009285000 	/usr/lib/system/libkxld.dylib
0x0000000009285000 	/usr/lib/libxar.1.dylib
0x0000000009285000 	/usr/lib/libsqlite3.dylib
0x0000000009285000 	/usr/lib/libpam.2.dylib
0x0000000009285000 	/usr/lib/libOpenScriptingUtil.dylib
0x0000000009285000 	/usr/lib/libbz2.1.0.dylib
0x0000000009285000 	/usr/lib/liblzma.5.dylib
0x0000000009285000 	/System/Library/Frameworks/CoreServices.framework/Versions/A/Frameworks/FSEvents.framework/Versions/A/FSEvents
0x0000000009285000 	/System/Library/Frameworks/CoreServices.framework/Versions/A/Frameworks/CarbonCore.framework/Versions/A/CarbonCore
0x0000000009285000 	/System/Library/Frameworks/CoreServices.framework/Versions/A/Frameworks/Metadata.framework/Versions/A/Metadata
0x0000000009285000 	/System/Library/Frameworks/CoreServices.framework/Versions/A/Frameworks/OSServices.framework/Versions/A/OSServices
0x0000000009285000 	/System/Library/Frameworks/CoreServices.framework/Versions/A/Frameworks/SearchKit.framework/Versions/A/SearchKit
0x0000000009285000 	/System/Library/Frameworks/CoreServices.framework/Versions/A/Frameworks/AE.framework/Versions/A/AE
0x0000000009285000 	/System/Library/Frameworks/CoreServices.framework/Versions/A/Frameworks/LaunchServices.framework/Versions/A/LaunchServices
0x0000000009285000 	/System/Library/Frameworks/CoreServices.framework/Versions/A/Frameworks/DictionaryServices.framework/Versions/A/DictionaryServices
0x0000000009285000 	/System/Library/Frameworks/CoreServices.framework/Versions/A/Frameworks/SharedFileList.framework/Versions/A/SharedFileList
0x0000000009285000 	/System/Library/Frameworks/NetFS.framework/Versions/A/NetFS
0x0000000009285000 	/System/Library/PrivateFrameworks/NetAuth.framework/Versions/A/NetAuth
0x0000000009285000 	/System/Library/PrivateFrameworks/login.framework/Versions/A/Frameworks/loginsupport.framework/Versions/A/loginsupport
0x0000000009285000 	/System/Library/PrivateFrameworks/TCC.framework/Versions/A/TCC
0x0000000009285000 	/usr/lib/libmecabra.dylib
0x0000000009285000 	/System/Library/Frameworks/ApplicationServices.framework/Versions/A/Frameworks/ATS.framework/Versions/A/ATS
0x0000000009285000 	/System/Library/Frameworks/ApplicationServices.framework/Versions/A/Frameworks/ColorSync.framework/Versions/A/ColorSync
0x0000000009285000 	/System/Library/Frameworks/ApplicationServices.framework/Versions/A/Frameworks/HIServices.framework/Versions/A/HIServices
0x0000000009285000 	/System/Library/Frameworks/ApplicationServices.framework/Versions/A/Frameworks/LangAnalysis.framework/Versions/A/LangAnalysis
0x0000000009285000 	/System/Library/Frameworks/ApplicationServices.framework/Versions/A/Frameworks/PrintCore.framework/Versions/A/PrintCore
0x0000000009285000 	/System/Library/Frameworks/ApplicationServices.framework/Versions/A/Frameworks/QD.framework/Versions/A/QD
0x0000000009285000 	/System/Library/Frameworks/ApplicationServices.framework/Versions/A/Frameworks/SpeechSynthesis.framework/Versions/A/SpeechSynthesis
0x0000000009285000 	/System/Library/Frameworks/Metal.framework/Versions/A/Metal
0x0000000009285000 	/System/Library/Frameworks/Accelerate.framework/Versions/A/Frameworks/vImage.framework/Versions/A/vImage
0x0000000009285000 	/System/Library/Frameworks/Accelerate.framework/Versions/A/Frameworks/vecLib.framework/Versions/A/vecLib
0x0000000009285000 	/System/Library/Frameworks/Accelerate.framework/Versions/A/Frameworks/vecLib.framework/Versions/A/libvDSP.dylib
0x0000000009285000 	/System/Library/Frameworks/Accelerate.framework/Versions/A/Frameworks/vecLib.framework/Versions/A/libvMisc.dylib
0x0000000009285000 	/System/Library/Frameworks/Accelerate.framework/Versions/A/Frameworks/vecLib.framework/Versions/A/libLAPACK.dylib
0x0000000009285000 	/System/Library/Frameworks/Accelerate.framework/Versions/A/Frameworks/vecLib.framework/Versions/A/libBLAS.dylib
0x0000000009285000 	/System/Library/Frameworks/Accelerate.framework/Versions/A/Frameworks/vecLib.framework/Versions/A/libLinearAlgebra.dylib
0x0000000009285000 	/System/Library/Frameworks/Accelerate.framework/Versions/A/Frameworks/vecLib.framework/Versions/A/libSparseBLAS.dylib
0x0000000009285000 	/System/Library/PrivateFrameworks/GPUCompiler.framework/libmetal_timestamp.dylib
0x0000000009285000 	/System/Library/Frameworks/OpenGL.framework/Versions/A/Libraries/libCoreFSCache.dylib
0x0000000009285000 	/System/Library/PrivateFrameworks/IOAccelerator.framework/Versions/A/IOAccelerator
0x0000000009285000 	/System/Library/Frameworks/ApplicationServices.framework/Versions/A/Frameworks/ATS.framework/Versions/A/Resources/libFontParser.dylib
0x0000000009285000 	/System/Library/Frameworks/ApplicationServices.framework/Versions/A/Frameworks/ATS.framework/Versions/A/Resources/libFontRegistry.dylib
0x0000000009285000 	/System/Library/PrivateFrameworks/AppleVPA.framework/Versions/A/AppleVPA
0x0000000009285000 	/System/Library/PrivateFrameworks/AppleJPEG.framework/Versions/A/AppleJPEG
0x0000000009285000 	/System/Library/Frameworks/ImageIO.framework/Versions/A/Resources/libJPEG.dylib
0x0000000009285000 	/System/Library/Frameworks/ImageIO.framework/Versions/A/Resources/libTIFF.dylib
0x0000000009285000 	/System/Library/Frameworks/ImageIO.framework/Versions/A/Resources/libPng.dylib
0x0000000009285000 	/System/Library/Frameworks/ImageIO.framework/Versions/A/Resources/libGIF.dylib
0x0000000009285000 	/System/Library/Frameworks/ImageIO.framework/Versions/A/Resources/libJP2.dylib
0x0000000009285000 	/System/Library/Frameworks/ImageIO.framework/Versions/A/Resources/libRadiance.dylib
0x0000000009285000 	/System/Library/Frameworks/CoreVideo.framework/Versions/A/CoreVideo
0x0000000009285000 	/System/Library/Frameworks/OpenGL.framework/Versions/A/Libraries/libGLU.dylib
0x0000000009285000 	/System/Library/Frameworks/OpenGL.framework/Versions/A/Libraries/libGFXShared.dylib
0x0000000009285000 	/System/Library/Frameworks/OpenGL.framework/Versions/A/Libraries/libGL.dylib
0x0000000009285000 	/System/Library/Frameworks/OpenGL.framework/Versions/A/Libraries/libGLImage.dylib
0x0000000009285000 	/System/Library/Frameworks/OpenGL.framework/Versions/A/Libraries/libCVMSPluginSupport.dylib
0x0000000009285000 	/System/Library/Frameworks/OpenGL.framework/Versions/A/Libraries/libCoreVMClient.dylib
0x0000000009285000 	/usr/lib/libcups.2.dylib
0x0000000009285000 	/System/Library/Frameworks/Kerberos.framework/Versions/A/Kerberos
0x0000000009285000 	/System/Library/Frameworks/GSS.framework/Versions/A/GSS
0x0000000009285000 	/usr/lib/libresolv.9.dylib
0x0000000009285000 	/usr/lib/libiconv.2.dylib
0x0000000009285000 	/System/Library/PrivateFrameworks/Heimdal.framework/Versions/A/Heimdal
0x0000000009285000 	/usr/lib/libheimdal-asn1.dylib
0x0000000009285000 	/System/Library/Frameworks/OpenDirectory.framework/Versions/A/OpenDirectory
0x0000000009285000 	/System/Library/PrivateFrameworks/CommonAuth.framework/Versions/A/CommonAuth
0x0000000009285000 	/System/Library/Frameworks/OpenDirectory.framework/Versions/A/Frameworks/CFOpenDirectory.framework/Versions/A/CFOpenDirectory
0x0000000009285000 	/System/Library/Frameworks/SecurityFoundation.framework/Versions/A/SecurityFoundation
0x0000000009285000 	/System/Library/PrivateFrameworks/LanguageModeling.framework/Versions/A/LanguageModeling
0x0000000009285000 	/usr/lib/libmarisa.dylib
0x0000000009285000 	/usr/lib/libChineseTokenizer.dylib
0x0000000009285000 	/usr/lib/libcmph.dylib
0x0000000009285000 	/usr/lib/libcompression.dylib
0x0000000009285000 	/System/Library/Frameworks/ServiceManagement.framework/Versions/A/ServiceManagement
0x0000000009285000 	/usr/lib/libxslt.1.dylib
0x0000000009285000 	/System/Library/Frameworks/Carbon.framework/Versions/A/Frameworks/Ink.framework/Versions/A/Ink
0x0000000009285000 	/usr/lib/libFosl_dynamic.dylib
0x0000000009285000 	/System/Library/PrivateFrameworks/FaceCore.framework/Versions/A/FaceCore
0x0000000009285000 	/System/Library/Frameworks/OpenCL.framework/Versions/A/OpenCL
0x0000000009285000 	/System/Library/PrivateFrameworks/CrashReporterSupport.framework/Versions/A/CrashReporterSupport
0x0000000009285000 	/System/Library/PrivateFrameworks/IconServices.framework/Versions/A/IconServices
0x0000000009285000 	/System/Library/PrivateFrameworks/Apple80211.framework/Versions/A/Apple80211
0x0000000009285000 	/System/Library/Frameworks/CoreWLAN.framework/Versions/A/CoreWLAN
0x0000000009285000 	/System/Library/Frameworks/IOBluetooth.framework/Versions/A/IOBluetooth
0x0000000009285000 	/System/Library/PrivateFrameworks/CoreWiFi.framework/Versions/A/CoreWiFi
0x0000000009285000 	/System/Library/Frameworks/CoreBluetooth.framework/Versions/A/CoreBluetooth
0x0000000009285000 	/System/Library/PrivateFrameworks/ChunkingLibrary.framework/Versions/A/ChunkingLibrary
0x0000000009285000 	/System/Library/PrivateFrameworks/DebugSymbols.framework/Versions/A/DebugSymbols
0x0000000009285000 	/System/Library/PrivateFrameworks/CoreSymbolication.framework/Versions/A/CoreSymbolication
0x0000000009285000 	/System/Library/PrivateFrameworks/Symbolication.framework/Versions/A/Symbolication
0x0000000009285000 	/System/Library/PrivateFrameworks/SpeechRecognitionCore.framework/Versions/A/SpeechRecognitionCore
0x000000010d600000 	/Library/Java/JavaVirtualMachines/jdk1.8.0_91.jdk/Contents/Home/jre/lib/server/libjvm.dylib
0x0000000009285000 	/usr/lib/libstdc++.6.dylib
0x000000010cd3c000 	/Library/Java/JavaVirtualMachines/jdk1.8.0_91.jdk/Contents/Home/jre/lib/libverify.dylib
0x000000010cd4a000 	/Library/Java/JavaVirtualMachines/jdk1.8.0_91.jdk/Contents/Home/jre/lib/libjava.dylib
0x000000010cd89000 	/Library/Java/JavaVirtualMachines/jdk1.8.0_91.jdk/Contents/Home/jre/lib/libzip.dylib
0x000000010cde3000 	/System/Library/Frameworks/JavaVM.framework/Frameworks/JavaRuntimeSupport.framework/JavaRuntimeSupport
0x0000000123ea6000 	/System/Library/Frameworks/JavaVM.framework/Versions/A/Frameworks/JavaNativeFoundation.framework/Versions/A/JavaNativeFoundation
0x0000000123ebb000 	/System/Library/Frameworks/JavaVM.framework/Versions/A/JavaVM
0x0000000009285000 	/System/Library/Frameworks/Carbon.framework/Versions/A/Carbon
0x0000000123ec8000 	/System/Library/PrivateFrameworks/JavaLaunching.framework/Versions/A/JavaLaunching
0x0000000009285000 	/System/Library/Frameworks/Carbon.framework/Versions/A/Frameworks/CommonPanels.framework/Versions/A/CommonPanels
0x0000000009285000 	/System/Library/Frameworks/Carbon.framework/Versions/A/Frameworks/Help.framework/Versions/A/Help
0x0000000009285000 	/System/Library/Frameworks/Carbon.framework/Versions/A/Frameworks/ImageCapture.framework/Versions/A/ImageCapture
0x0000000009285000 	/System/Library/Frameworks/Carbon.framework/Versions/A/Frameworks/OpenScripting.framework/Versions/A/OpenScripting
0x0000000009285000 	/System/Library/Frameworks/Carbon.framework/Versions/A/Frameworks/Print.framework/Versions/A/Print
0x0000000009285000 	/System/Library/Frameworks/Carbon.framework/Versions/A/Frameworks/SecurityHI.framework/Versions/A/SecurityHI
0x00000001257ea000 	/Library/Java/JavaVirtualMachines/jdk1.8.0_91.jdk/Contents/Home/jre/lib/libawt.dylib
0x0000000125892000 	/Library/Java/JavaVirtualMachines/jdk1.8.0_91.jdk/Contents/Home/jre/lib/./libmlib_image.dylib
0x000000012595e000 	/Library/Java/JavaVirtualMachines/jdk1.8.0_91.jdk/Contents/Home/jre/lib/libawt_lwawt.dylib
0x0000000125a13000 	/Library/Java/JavaVirtualMachines/jdk1.8.0_91.jdk/Contents/Home/jre/lib/./libosxapp.dylib
0x0000000009285000 	/System/Library/Frameworks/ExceptionHandling.framework/Versions/A/ExceptionHandling
0x0000000009285000 	/System/Library/PrivateFrameworks/CoreServicesInternal.framework/Versions/A/CoreServicesInternal
0x0000000009285000 	/System/Library/Frameworks/CoreGraphics.framework/Versions/A/Resources/libRIP.A.dylib
0x0000000009285000 	/System/Library/Frameworks/Accelerate.framework/Versions/A/Frameworks/vImage.framework/Versions/A/Libraries/libCGInterfaces.dylib
0x0000000009285000 	/System/Library/Frameworks/CoreGraphics.framework/Versions/A/Resources/libCGXType.A.dylib
0x0000000009285000 	/System/Library/Frameworks/OpenCL.framework/Versions/A/Libraries/libcldcpuengine.dylib
0x0000000009285000 	/System/Library/PrivateFrameworks/DiskImages.framework/Versions/A/DiskImages
0x0000000009285000 	/System/Library/Frameworks/DiscRecording.framework/Versions/A/DiscRecording
0x0000000009285000 	/usr/lib/libcsfde.dylib
0x0000000009285000 	/usr/lib/libcurl.4.dylib
0x0000000009285000 	/System/Library/PrivateFrameworks/MediaKit.framework/Versions/A/MediaKit
0x0000000009285000 	/System/Library/PrivateFrameworks/ProtectedCloudStorage.framework/Versions/A/ProtectedCloudStorage
0x0000000009285000 	/usr/lib/libCoreStorage.dylib
0x0000000009285000 	/System/Library/PrivateFrameworks/EFILogin.framework/Versions/A/EFILogin
0x0000000009285000 	/usr/lib/libutil.dylib
0x0000000009285000 	/System/Library/PrivateFrameworks/FindMyDevice.framework/Versions/A/FindMyDevice
0x0000000009285000 	/System/Library/Frameworks/LDAP.framework/Versions/A/LDAP
0x0000000009285000 	/usr/lib/libsasl2.2.dylib
0x0000000009285000 	/System/Library/PrivateFrameworks/CoreDaemon.framework/Versions/B/CoreDaemon
0x0000000009285000 	/usr/lib/libcrypto.0.9.8.dylib
0x0000000009285000 	/System/Library/PrivateFrameworks/AppleSRP.framework/Versions/A/AppleSRP
0x0000000009285000 	/System/Library/PrivateFrameworks/TrustEvaluationAgent.framework/Versions/A/TrustEvaluationAgent
0x000000012716c000 	cl_kernels
0x0000000009285000 	/System/Library/Frameworks/OpenCL.framework/Versions/A/Libraries/ImageFormats/unorm8_bgra.dylib
0x0000000009285000 	/System/Library/Frameworks/OpenCL.framework/Versions/A/Libraries/ImageFormats/unorm8_rgba.dylib
0x0000000009285000 	/System/Library/PrivateFrameworks/FamilyControls.framework/Versions/A/FamilyControls
0x0000000009285000 	/System/Library/PrivateFrameworks/CommerceKit.framework/Versions/A/Frameworks/CommerceCore.framework/Versions/A/CommerceCore
0x0000000009285000 	/System/Library/PrivateFrameworks/SystemAdministration.framework/Versions/A/SystemAdministration
0x0000000009285000 	/System/Library/PrivateFrameworks/AppContainer.framework/Versions/A/AppContainer
0x0000000009285000 	/System/Library/PrivateFrameworks/SecCodeWrapper.framework/Versions/A/SecCodeWrapper
0x0000000009285000 	/System/Library/Frameworks/DirectoryService.framework/Versions/A/DirectoryService
0x0000000009285000 	/System/Library/PrivateFrameworks/LoginUIKit.framework/Versions/A/Frameworks/LoginUICore.framework/Versions/A/LoginUICore
0x0000000009285000 	/usr/lib/libodfde.dylib
0x0000000009285000 	/System/Library/Frameworks/OpenGL.framework/Versions/A/Resources/GLEngine.bundle/GLEngine
0x0000000009285000 	/System/Library/Frameworks/OpenGL.framework/Versions/A/Libraries/libGLProgrammability.dylib
0x00000001281fc000 	/System/Library/Extensions/AMDRadeonX3000GLDriver.bundle/Contents/MacOS/AMDRadeonX3000GLDriver
0x0000000009285000 	/System/Library/PrivateFrameworks/GPUSupport.framework/Versions/A/Libraries/libGPUSupportMercury.dylib
0x00000001282db000 	/System/Library/Extensions/AMDRadeonX3000GLDriver.bundle/Contents/MacOS/ATIRadeonX3000SCLib.dylib
0x0000000009285000 	/System/Library/Frameworks/OpenGL.framework/Versions/A/Resources/GLRendererFloat.bundle/GLRendererFloat
0x00000001285c8000 	/Library/Java/JavaVirtualMachines/jdk1.8.0_91.jdk/Contents/Home/jre/lib/libfontmanager.dylib
0x00000001292a3000 	/Library/Java/JavaVirtualMachines/jdk1.8.0_91.jdk/Contents/Home/jre/lib/libosxui.dylib
0x0000000129d7b000 	/Library/Java/JavaVirtualMachines/jdk1.8.0_91.jdk/Contents/Home/jre/lib/libnet.dylib
0x000000012a036000 	/Library/Java/JavaVirtualMachines/jdk1.8.0_91.jdk/Contents/Home/jre/lib/libnio.dylib
0x0000000009285000 	/System/Library/Frameworks/ApplicationServices.framework/Versions/A/Frameworks/ATS.framework/Versions/A/Resources/libTrueTypeScaler.dylib
0x000000018f03f000 	/private/var/folders/tq/5cybh0451bx2v8l5x53f9c_h0000gn/T/jogamp_0000/file_cache/jln3645601764664400638/jln4793314733955615402/libgluegen-rt.jnilib
0x0000000128f9f000 	/private/var/folders/tq/5cybh0451bx2v8l5x53f9c_h0000gn/T/jogamp_0000/file_cache/jln3645601764664400638/jln4793314733955615402/libnativewindow_awt.jnilib
0x0000000128fab000 	/Library/Java/JavaVirtualMachines/jdk1.8.0_91.jdk/Contents/Home/jre/lib/libjawt.dylib
0x000000018f043000 	/private/var/folders/tq/5cybh0451bx2v8l5x53f9c_h0000gn/T/jogamp_0000/file_cache/jln3645601764664400638/jln4793314733955615402/libnativewindow_macosx.jnilib
0x00000001910b4000 	/private/var/folders/tq/5cybh0451bx2v8l5x53f9c_h0000gn/T/jogamp_0000/file_cache/jln3645601764664400638/jln4793314733955615402/libjogl_desktop.jnilib
0x000000018f4cc000 	/Library/Java/JavaVirtualMachines/jdk1.8.0_91.jdk/Contents/Home/jre/lib/libt2k.dylib

VM Arguments:
jvm_args: -Djava.security.policy=java.policy.applet -Dfile.encoding=UTF-8 
java_command: sun.applet.AppletViewer module5.EarthquakeCityMap1463963963956.html
java_class_path (initial): /Users/limhoktan/Documents/workspace/UCSDUnfoldingMaps/build:/Users/limhoktan/Documents/workspace/UCSDUnfoldingMaps/lib/core.jar:/Users/limhoktan/Documents/workspace/UCSDUnfoldingMaps/lib/gluegen-rt.jar:/Users/limhoktan/Documents/workspace/UCSDUnfoldingMaps/lib/jogl-all.jar:/Users/limhoktan/Documents/workspace/UCSDUnfoldingMaps/lib/log4j-1.2.15.jar:/Users/limhoktan/Documents/workspace/UCSDUnfoldingMaps/lib/sqlite-jdbc-3.7.2.jar:/Users/limhoktan/Documents/workspace/UCSDUnfoldingMaps/lib/json4processing.jar:/Users/limhoktan/Documents/workspace/UCSDUnfoldingMaps/lib/libTUIO.jar:/Users/limhoktan/Documents/workspace/UCSDUnfoldingMaps/lib/unfolding.0.9.7-uscd.jar
Launcher Type: SUN_STANDARD

Environment Variables:
PATH=/usr/bin:/bin:/usr/sbin:/sbin
SHELL=/bin/bash
DISPLAY=/private/tmp/com.apple.launchd.3cFrEfN4Lz/org.macosforge.xquartz:0

Signal Handlers:
SIGSEGV: [libjvm.dylib+0x5a97a1], sa_mask[0]=11111111011111110111111111111111, sa_flags=SA_ONSTACK|SA_RESTART|SA_SIGINFO
SIGBUS: [libjvm.dylib+0x5a97a1], sa_mask[0]=11111111011111110111111111111111, sa_flags=SA_RESTART|SA_SIGINFO
SIGFPE: [libjvm.dylib+0x482594], sa_mask[0]=11111111011111110111111111111111, sa_flags=SA_RESTART|SA_SIGINFO
SIGPIPE: [libjvm.dylib+0x482594], sa_mask[0]=11111111011111110111111111111111, sa_flags=SA_RESTART|SA_SIGINFO
SIGXFSZ: [libjvm.dylib+0x482594], sa_mask[0]=11111111011111110111111111111111, sa_flags=SA_RESTART|SA_SIGINFO
SIGILL: [libjvm.dylib+0x482594], sa_mask[0]=11111111011111110111111111111111, sa_flags=SA_RESTART|SA_SIGINFO
SIGUSR1: SIG_DFL, sa_mask[0]=00000000000000000000000000000000, sa_flags=none
SIGUSR2: [libjvm.dylib+0x4820b2], sa_mask[0]=00100000000000000000000000000000, sa_flags=SA_RESTART|SA_SIGINFO
SIGHUP: [libjvm.dylib+0x480689], sa_mask[0]=11111111011111110111111111111111, sa_flags=SA_RESTART|SA_SIGINFO
SIGINT: [libjvm.dylib+0x480689], sa_mask[0]=11111111011111110111111111111111, sa_flags=SA_RESTART|SA_SIGINFO
SIGTERM: [libjvm.dylib+0x480689], sa_mask[0]=11111111011111110111111111111111, sa_flags=SA_RESTART|SA_SIGINFO
SIGQUIT: [libjvm.dylib+0x480689], sa_mask[0]=11111111011111110111111111111111, sa_flags=SA_RESTART|SA_SIGINFO


---------------  S Y S T E M  ---------------

OS:Bsduname:Darwin 15.4.0 Darwin Kernel Version 15.4.0: Fri Feb 26 22:08:05 PST 2016; root:xnu-3248.40.184~3/RELEASE_X86_64 x86_64
rlimit: STACK 8192k, CORE 0k, NPROC 709, NOFILE 10240, AS infinity
load average:1.62 1.83 1.85

CPU:total 4 (4 cores per cpu, 1 threads per core) family 6 model 30 stepping 5, cmov, cx8, fxsr, mmx, sse, sse2, sse3, ssse3, sse4.1, sse4.2, popcnt, tsc, tscinvbit

Memory: 4k page, physical 8388608k(1484228k free)

/proc/meminfo:


vm_info: Java HotSpot(TM) 64-Bit Server VM (25.91-b14) for bsd-amd64 JRE (1.8.0_91-b14), built on Apr  1 2016 01:03:00 by "java_re" with gcc 4.2.1 (Based on Apple Inc. build 5658) (LLVM build 2336.11.00)

time: Sun May 22 17:39:41 2016
elapsed time: 17 seconds (0d 0h 0m 17s)

