#
# A fatal error has been detected by the Java Runtime Environment:
#
#  SIGSEGV (0xb) at pc=0x00007fff865f84dd, pid=1055, tid=2571
#
# JRE version: Java(TM) SE Runtime Environment (8.0_91-b14) (build 1.8.0_91-b14)
# Java VM: Java HotSpot(TM) 64-Bit Server VM (25.91-b14 mixed mode bsd-amd64 compressed oops)
# Problematic frame:
# C  [libobjc.A.dylib+0x14dd]  objc_msgSend+0x1d
#
# Failed to write core dump. Core dumps have been disabled. To enable core dumping, try "ulimit -c unlimited" before starting Java again
#
# If you would like to submit a bug report, please visit:
#   http://bugreport.java.com/bugreport/crash.jsp
# The crash happened outside the Java Virtual Machine in native code.
# See problematic frame for where to report the bug.
#

---------------  T H R E A D  ---------------

Current thread (0x00007fd5dd15c000):  JavaThread "AWT-AppKit" daemon [_thread_in_native, id=2571, stack(0x00007fff5158f000,0x00007fff51d8f000)]

siginfo: si_signo: 11 (SIGSEGV), si_code: 1 (SEGV_MAPERR), si_addr: 0x000007fd5e064160

Registers:
RAX=0x00007fd5e0612ff0, RBX=0x0000000190428450, RCX=0x0000000127b592e0, RDX=0x0000000127b59980
RSP=0x00007fff51d8a3c8, RBP=0x00007fff51d8a480, RSI=0x00007fff82b21ce6, RDI=0x00007fd5db6aa490
R8 =0x0000000000000000, R9 =0x00000000000008b0, R10=0x00007fff82b21ce6, R11=0x000007fd5e064148
R12=0x0000000000000000, R13=0x0000000191c48b98, R14=0x0000000190428440, R15=0x00007fd5dd15c000
RIP=0x00007fff865f84dd, EFLAGS=0x0000000000010206, ERR=0x0000000000000004
  TRAPNO=0x000000000000000e

Top of Stack: (sp=0x00007fff51d8a3c8)
0x00007fff51d8a3c8:   0000000190426157 00007fff51d8a420
0x00007fff51d8a3d8:   0000000000000003 00007fff51d8a400
0x00007fff51d8a3e8:   000000010ebf24ea 0000000191c48b98
0x00007fff51d8a3f8:   0000000191c48b98 00007fd5e0612ff0
0x00007fff51d8a408:   00000001904286a0 0000000190428710
0x00007fff51d8a418:   00007fff76361770 00007fff743a7500
0x00007fff51d8a428:   0000000190428450 0000000190428690
0x00007fff51d8a438:   00007fd5e0612ff0 00007fd5db6aa490
0x00007fff51d8a448:   00007fd5e00d7640 00007fd5e0612ff0
0x00007fff51d8a458:   00007fd5db6aa490 00007fff51d8a508
0x00007fff51d8a468:   00007fd5dd15c1f8 0000000191c48b98
0x00007fff51d8a478:   00007fff51d8a530 00007fff51d8a4f8
0x00007fff51d8a488:   000000010f9a9814 0000000191c48b98
0x00007fff51d8a498:   00007fff51d8a530 00007fff51d8a4f8
0x00007fff51d8a4a8:   000000010f9a95a7 000000010f9a9562
0x00007fff51d8a4b8:   00007fff51d8a4b8 0000000191c48b98
0x00007fff51d8a4c8:   00007fff51d8a530 0000000191c4b7d0
0x00007fff51d8a4d8:   0000000000000000 0000000191c48b98
0x00007fff51d8a4e8:   0000000000000000 00007fff51d8a518
0x00007fff51d8a4f8:   00007fff51d8a578 000000010f99c2bd
0x00007fff51d8a508:   00000007434e4ea0 000000010f9a5538
0x00007fff51d8a518:   00007fd5e0612ff0 00007fff51d8a578
0x00007fff51d8a528:   00007fd5db6aa490 000000010f9a6e02
0x00007fff51d8a538:   00007fff51d8a538 0000000191c48d62
0x00007fff51d8a548:   00007fff51d8a5a0 0000000191c4b7d0
0x00007fff51d8a558:   0000000000000000 0000000191c48d70
0x00007fff51d8a568:   00007fff51d8a518 00007fff51d8a588
0x00007fff51d8a578:   00007fff51d8a5e8 000000010f99c2bd
0x00007fff51d8a588:   00007fd5e0612ff0 00000007432af590
0x00007fff51d8a598:   00007fd5db6aa490 00000007432af590
0x00007fff51d8a5a8:   00007fff51d8a5a8 00000001950142be
0x00007fff51d8a5b8:   00007fff51d8a5f8 0000000195014378 

Instructions: (pc=0x00007fff865f84dd)
0x00007fff865f84bd:   44 00 00 48 85 ff 2e 74 62 40 f6 c7 01 2e 75 66
0x00007fff865f84cd:   49 bb f8 ff ff ff ff 7f 00 00 4c 23 1f 49 89 f2
0x00007fff865f84dd:   45 23 53 18 49 c1 e2 04 4d 03 53 10 49 3b 32 75
0x00007fff865f84ed:   04 41 ff 62 08 49 83 3a 01 76 0d 49 83 c2 10 49 

Register to memory mapping:

RAX=0x00007fd5e0612ff0 is an unknown value
RBX=0x0000000190428450: Java_jogamp_nativewindow_macosx_OSXUtil_GetScreenRefreshRate0+0x1cf0 in /private/var/folders/tq/5cybh0451bx2v8l5x53f9c_h0000gn/T/jogamp_0000/file_cache/jln7143737199106979689/jln5372765193231218656/libnativewindow_macosx.jnilib at 0x0000000190421000
RCX=0x0000000127b592e0 is an unknown value
RDX=0x0000000127b59980 is an unknown value
RSP=0x00007fff51d8a3c8 is pointing into the stack for thread: 0x00007fd5dd15c000
RBP=0x00007fff51d8a480 is pointing into the stack for thread: 0x00007fd5dd15c000
RSI=0x00007fff82b21ce6 is an unknown value
RDI=0x00007fd5db6aa490 is an unknown value
R8 =0x0000000000000000 is an unknown value
R9 =0x00000000000008b0 is an unknown value
R10=0x00007fff82b21ce6 is an unknown value
R11=0x000007fd5e064148 is an unknown value
R12=0x0000000000000000 is an unknown value
R13={method} {0x0000000191c48b98} 'UnsetJAWTRootSurfaceLayer0' '(JJ)V' in 'jogamp/nativewindow/jawt/macosx/MacOSXJAWTWindow'
R14=0x0000000190428440: Java_jogamp_nativewindow_macosx_OSXUtil_GetScreenRefreshRate0+0x1ce0 in /private/var/folders/tq/5cybh0451bx2v8l5x53f9c_h0000gn/T/jogamp_0000/file_cache/jln7143737199106979689/jln5372765193231218656/libnativewindow_macosx.jnilib at 0x0000000190421000
R15=0x00007fd5dd15c000 is a thread


Stack: [0x00007fff5158f000,0x00007fff51d8f000],  sp=0x00007fff51d8a3c8,  free space=8172k
Native frames: (J=compiled Java code, j=interpreted, Vv=VM code, C=native code)
C  [libobjc.A.dylib+0x14dd]  objc_msgSend+0x1d
j  jogamp.nativewindow.jawt.macosx.MacOSXJAWTWindow.UnsetJAWTRootSurfaceLayer0(JJ)V+0
j  jogamp.nativewindow.jawt.macosx.MacOSXJAWTWindow.access$200(JJ)V+2
j  jogamp.nativewindow.jawt.macosx.MacOSXJAWTWindow$1.run()V+38
j  com.jogamp.common.util.RunnableTask.run()V+24
v  ~StubRoutines::call_stub
V  [libjvm.dylib+0x2ec1e6]
V  [libjvm.dylib+0x323355]
V  [libjvm.dylib+0x315b23]
C  [libnativewindow_macosx.jnilib+0x5326]  Java_jogamp_nativewindow_jawt_macosx_MacOSXJAWTWindow_UnsetJAWTRootSurfaceLayer0+0x2b6
C  [Foundation+0x76f5e]  __NSThreadPerformPerform+0x117
C  [CoreFoundation+0xaa881]  __CFRUNLOOP_IS_CALLING_OUT_TO_A_SOURCE0_PERFORM_FUNCTION__+0x11
C  [CoreFoundation+0x89f37]  __CFRunLoopDoSources0+0x1a7
C  [CoreFoundation+0x894df]  __CFRunLoopRun+0x39f
C  [CoreFoundation+0x88ed8]  CFRunLoopRunSpecific+0x128
C  [HIToolbox+0x30935]  RunCurrentEventLoopInMode+0xeb
C  [HIToolbox+0x30677]  ReceiveNextEventCommon+0xb8
C  [HIToolbox+0x305af]  _BlockUntilNextEventMatchingListInModeWithFilter+0x47
C  [AppKit+0x48efa]  _DPSNextEvent+0x42b
C  [AppKit+0x4832a]  -[NSApplication _nextEventMatchingEventMask:untilDate:inMode:dequeue:]+0x1c6
C  [libosxapp.dylib+0x23aa]  -[NSApplicationAWT nextEventMatchingMask:untilDate:inMode:dequeue:]+0x7c
C  [AppKit+0x3ce84]  -[NSApplication run]+0x2aa
C  [libosxapp.dylib+0x214d]  +[NSApplicationAWT runAWTLoopWithApp:]+0x9c
C  [libawt_lwawt.dylib+0x4455b]  -[AWTStarter starter:]+0x389
C  [Foundation+0x76f5e]  __NSThreadPerformPerform+0x117
C  [CoreFoundation+0xaa881]  __CFRUNLOOP_IS_CALLING_OUT_TO_A_SOURCE0_PERFORM_FUNCTION__+0x11
C  [CoreFoundation+0x89fbc]  __CFRunLoopDoSources0+0x22c
C  [CoreFoundation+0x894df]  __CFRunLoopRun+0x39f
C  [CoreFoundation+0x88ed8]  CFRunLoopRunSpecific+0x128
C  [java+0x6463]  CreateExecutionEnvironment+0x367
C  [java+0x21ac]  JLI_Launch+0x7a0
C  [java+0x84c0]  main+0x65
C  [java+0x1a04]  start+0x34
C  0x0000000000000007

Java frames: (J=compiled Java code, j=interpreted, Vv=VM code)
j  jogamp.nativewindow.jawt.macosx.MacOSXJAWTWindow.UnsetJAWTRootSurfaceLayer0(JJ)V+0
j  jogamp.nativewindow.jawt.macosx.MacOSXJAWTWindow.access$200(JJ)V+2
j  jogamp.nativewindow.jawt.macosx.MacOSXJAWTWindow$1.run()V+38
j  com.jogamp.common.util.RunnableTask.run()V+24
v  ~StubRoutines::call_stub

---------------  P R O C E S S  ---------------

Java Threads: ( => current thread )
  0x00007fd5e21a8800 JavaThread "Thread-223" [_thread_blocked, id=66391, stack(0x000070000104a000,0x000070000114a000)]
  0x00007fd5dd193800 JavaThread "AWT-EventQueue-1" [_thread_in_native, id=60459, stack(0x0000700001868000,0x0000700001968000)]
  0x00007fd5dc142800 JavaThread "DestroyJavaVM" [_thread_blocked, id=5891, stack(0x000070000011a000,0x000070000021a000)]
  0x00007fd5dc13f800 JavaThread "AWT-EventQueue-0" [_thread_blocked, id=57091, stack(0x0000700001662000,0x0000700001762000)]
  0x00007fd5dc992000 JavaThread "Java2D Disposer" daemon [_thread_blocked, id=52995, stack(0x00007000013d9000,0x00007000014d9000)]
  0x00007fd5dc003800 JavaThread "Java2D Queue Flusher" daemon [_thread_blocked, id=49927, stack(0x00007000012d6000,0x00007000013d6000)]
  0x00007fd5db8d3000 JavaThread "AWT-Shutdown" [_thread_blocked, id=29459, stack(0x0000700001150000,0x0000700001250000)]
=>0x00007fd5dd15c000 JavaThread "AWT-AppKit" daemon [_thread_in_native, id=2571, stack(0x00007fff5158f000,0x00007fff51d8f000)]
  0x00007fd5dc013000 JavaThread "Service Thread" daemon [_thread_blocked, id=18435, stack(0x0000700000dc1000,0x0000700000ec1000)]
  0x00007fd5dc82e000 JavaThread "C1 CompilerThread2" daemon [_thread_blocked, id=17923, stack(0x0000700000cbe000,0x0000700000dbe000)]
  0x00007fd5dc82d800 JavaThread "C2 CompilerThread1" daemon [_thread_blocked, id=17411, stack(0x0000700000bbb000,0x0000700000cbb000)]
  0x00007fd5db827000 JavaThread "C2 CompilerThread0" daemon [_thread_blocked, id=16899, stack(0x0000700000ab8000,0x0000700000bb8000)]
  0x00007fd5db804800 JavaThread "Signal Dispatcher" daemon [_thread_blocked, id=12815, stack(0x00007000009b5000,0x0000700000ab5000)]
  0x00007fd5dc00d800 JavaThread "Finalizer" daemon [_thread_blocked, id=12291, stack(0x000070000082f000,0x000070000092f000)]
  0x00007fd5dc00b000 JavaThread "Reference Handler" daemon [_thread_blocked, id=11779, stack(0x000070000072c000,0x000070000082c000)]

Other Threads:
  0x00007fd5dc851800 VMThread [stack: 0x0000700000629000,0x0000700000729000] [id=11267]
  0x00007fd5dc013800 WatcherThread [stack: 0x0000700000ec4000,0x0000700000fc4000] [id=18947]

VM state:not at safepoint (normal execution)

VM Mutex/Monitor currently owned by a thread: None

Heap:
 PSYoungGen      total 27136K, used 19931K [0x0000000795580000, 0x00000007a9700000, 0x00000007c0000000)
  eden space 26624K, 74% used [0x0000000795580000,0x00000007968e6c80,0x0000000796f80000)
  from space 512K, 12% used [0x00000007a9680000,0x00000007a9690000,0x00000007a9700000)
  to   space 512K, 0% used [0x00000007a9600000,0x00000007a9600000,0x00000007a9680000)
 ParOldGen       total 190464K, used 111627K [0x0000000740000000, 0x000000074ba00000, 0x0000000795580000)
  object space 190464K, 58% used [0x0000000740000000,0x0000000746d02f48,0x000000074ba00000)
 Metaspace       used 20003K, capacity 20223K, committed 20480K, reserved 1067008K
  class space    used 1898K, capacity 1982K, committed 2048K, reserved 1048576K

Card table byte_map: [0x000000011ed54000,0x000000011f155000] byte_map_base: 0x000000011b354000

Marking Bits: (ParMarkBitMap*) 0x000000010f2e6eb0
 Begin Bits: [0x000000011f400000, 0x0000000121400000)
 End Bits:   [0x0000000121400000, 0x0000000123400000)

Polling page: 0x000000010e134000

CodeCache: size=245760Kb used=9715Kb max_used=10064Kb free=236044Kb
 bounds [0x000000010f994000, 0x0000000110384000, 0x000000011e994000]
 total_blobs=3588 nmethods=2703 adapters=799
 compilation: enabled

Compilation events (10 events):
Event: 3813.221 Thread 0x00007fd5db827000 3263       4       sun.java2d.SurfaceData::pixelFor (13 bytes)
Event: 3813.222 Thread 0x00007fd5db827000 nmethod 3263 0x000000010fc95c90 code [0x000000010fc95de0, 0x000000010fc95ed8]
Event: 3813.305 Thread 0x00007fd5dc82e000 3264       1       sun.java2d.SurfaceData::isValid (5 bytes)
Event: 3813.305 Thread 0x00007fd5dc82e000 nmethod 3264 0x000000010fbc4410 code [0x000000010fbc4560, 0x000000010fbc4670]
Event: 3813.305 Thread 0x00007fd5dc82d800 3265  s    4       sun.misc.URLClassPath::getNextLoader (88 bytes)
Event: 3813.306 Thread 0x00007fd5dc82e000 3266  s!   2       sun.misc.URLClassPath::getLoader (197 bytes)
Event: 3813.307 Thread 0x00007fd5dc82e000 nmethod 3266 0x000000010fdaeed0 code [0x000000010fdaf1c0, 0x000000010fdb08e8]
Event: 3813.311 Thread 0x00007fd5dc82d800 nmethod 3265 0x000000010fd35a10 code [0x000000010fd35b80, 0x000000010fd362f8]
Event: 3813.333 Thread 0x00007fd5dc82e000 3267   !   3       sun.misc.URLClassPath$JarLoader::getResource (349 bytes)
Event: 3813.336 Thread 0x00007fd5dc82e000 nmethod 3267 0x000000010ff0ae50 code [0x000000010ff0b2c0, 0x000000010ff0d818]

GC Heap History (10 events):
Event: 3799.985 GC heap before
{Heap before GC invocations=818 (full 2):
 PSYoungGen      total 27136K, used 26688K [0x0000000795580000, 0x00000007a9700000, 0x00000007c0000000)
  eden space 26624K, 100% used [0x0000000795580000,0x0000000796f80000,0x0000000796f80000)
  from space 512K, 12% used [0x00000007a9600000,0x00000007a9610000,0x00000007a9680000)
  to   space 512K, 0% used [0x00000007a9680000,0x00000007a9680000,0x00000007a9700000)
 ParOldGen       total 190464K, used 111611K [0x0000000740000000, 0x000000074ba00000, 0x0000000795580000)
  object space 190464K, 58% used [0x0000000740000000,0x0000000746cfef48,0x000000074ba00000)
 Metaspace       used 19974K, capacity 20223K, committed 20480K, reserved 1067008K
  class space    used 1892K, capacity 1982K, committed 2048K, reserved 1048576K
Event: 3799.986 GC heap after
Heap after GC invocations=818 (full 2):
 PSYoungGen      total 27136K, used 64K [0x0000000795580000, 0x00000007a9700000, 0x00000007c0000000)
  eden space 26624K, 0% used [0x0000000795580000,0x0000000795580000,0x0000000796f80000)
  from space 512K, 12% used [0x00000007a9680000,0x00000007a9690000,0x00000007a9700000)
  to   space 512K, 0% used [0x00000007a9600000,0x00000007a9600000,0x00000007a9680000)
 ParOldGen       total 190464K, used 111611K [0x0000000740000000, 0x000000074ba00000, 0x0000000795580000)
  object space 190464K, 58% used [0x0000000740000000,0x0000000746cfef48,0x000000074ba00000)
 Metaspace       used 19974K, capacity 20223K, committed 20480K, reserved 1067008K
  class space    used 1892K, capacity 1982K, committed 2048K, reserved 1048576K
}
Event: 3803.083 GC heap before
{Heap before GC invocations=819 (full 2):
 PSYoungGen      total 27136K, used 26688K [0x0000000795580000, 0x00000007a9700000, 0x00000007c0000000)
  eden space 26624K, 100% used [0x0000000795580000,0x0000000796f80000,0x0000000796f80000)
  from space 512K, 12% used [0x00000007a9680000,0x00000007a9690000,0x00000007a9700000)
  to   space 512K, 0% used [0x00000007a9600000,0x00000007a9600000,0x00000007a9680000)
 ParOldGen       total 190464K, used 111611K [0x0000000740000000, 0x000000074ba00000, 0x0000000795580000)
  object space 190464K, 58% used [0x0000000740000000,0x0000000746cfef48,0x000000074ba00000)
 Metaspace       used 19974K, capacity 20223K, committed 20480K, reserved 1067008K
  class space    used 1892K, capacity 1982K, committed 2048K, reserved 1048576K
Event: 3803.085 GC heap after
Heap after GC invocations=819 (full 2):
 PSYoungGen      total 27136K, used 64K [0x0000000795580000, 0x00000007a9700000, 0x00000007c0000000)
  eden space 26624K, 0% used [0x0000000795580000,0x0000000795580000,0x0000000796f80000)
  from space 512K, 12% used [0x00000007a9600000,0x00000007a9610000,0x00000007a9680000)
  to   space 512K, 0% used [0x00000007a9680000,0x00000007a9680000,0x00000007a9700000)
 ParOldGen       total 190464K, used 111627K [0x0000000740000000, 0x000000074ba00000, 0x0000000795580000)
  object space 190464K, 58% used [0x0000000740000000,0x0000000746d02f48,0x000000074ba00000)
 Metaspace       used 19974K, capacity 20223K, committed 20480K, reserved 1067008K
  class space    used 1892K, capacity 1982K, committed 2048K, reserved 1048576K
}
Event: 3806.231 GC heap before
{Heap before GC invocations=820 (full 2):
 PSYoungGen      total 27136K, used 26688K [0x0000000795580000, 0x00000007a9700000, 0x00000007c0000000)
  eden space 26624K, 100% used [0x0000000795580000,0x0000000796f80000,0x0000000796f80000)
  from space 512K, 12% used [0x00000007a9600000,0x00000007a9610000,0x00000007a9680000)
  to   space 512K, 0% used [0x00000007a9680000,0x00000007a9680000,0x00000007a9700000)
 ParOldGen       total 190464K, used 111627K [0x0000000740000000, 0x000000074ba00000, 0x0000000795580000)
  object space 190464K, 58% used [0x0000000740000000,0x0000000746d02f48,0x000000074ba00000)
 Metaspace       used 19974K, capacity 20223K, committed 20480K, reserved 1067008K
  class space    used 1892K, capacity 1982K, committed 2048K, reserved 1048576K
Event: 3806.233 GC heap after
Heap after GC invocations=820 (full 2):
 PSYoungGen      total 27136K, used 64K [0x0000000795580000, 0x00000007a9700000, 0x00000007c0000000)
  eden space 26624K, 0% used [0x0000000795580000,0x0000000795580000,0x0000000796f80000)
  from space 512K, 12% used [0x00000007a9680000,0x00000007a9690000,0x00000007a9700000)
  to   space 512K, 0% used [0x00000007a9600000,0x00000007a9600000,0x00000007a9680000)
 ParOldGen       total 190464K, used 111627K [0x0000000740000000, 0x000000074ba00000, 0x0000000795580000)
  object space 190464K, 58% used [0x0000000740000000,0x0000000746d02f48,0x000000074ba00000)
 Metaspace       used 19974K, capacity 20223K, committed 20480K, reserved 1067008K
  class space    used 1892K, capacity 1982K, committed 2048K, reserved 1048576K
}
Event: 3809.369 GC heap before
{Heap before GC invocations=821 (full 2):
 PSYoungGen      total 27136K, used 26688K [0x0000000795580000, 0x00000007a9700000, 0x00000007c0000000)
  eden space 26624K, 100% used [0x0000000795580000,0x0000000796f80000,0x0000000796f80000)
  from space 512K, 12% used [0x00000007a9680000,0x00000007a9690000,0x00000007a9700000)
  to   space 512K, 0% used [0x00000007a9600000,0x00000007a9600000,0x00000007a9680000)
 ParOldGen       total 190464K, used 111627K [0x0000000740000000, 0x000000074ba00000, 0x0000000795580000)
  object space 190464K, 58% used [0x0000000740000000,0x0000000746d02f48,0x000000074ba00000)
 Metaspace       used 19974K, capacity 20223K, committed 20480K, reserved 1067008K
  class space    used 1892K, capacity 1982K, committed 2048K, reserved 1048576K
Event: 3809.371 GC heap after
Heap after GC invocations=821 (full 2):
 PSYoungGen      total 27136K, used 64K [0x0000000795580000, 0x00000007a9700000, 0x00000007c0000000)
  eden space 26624K, 0% used [0x0000000795580000,0x0000000795580000,0x0000000796f80000)
  from space 512K, 12% used [0x00000007a9600000,0x00000007a9610000,0x00000007a9680000)
  to   space 512K, 0% used [0x00000007a9680000,0x00000007a9680000,0x00000007a9700000)
 ParOldGen       total 190464K, used 111627K [0x0000000740000000, 0x000000074ba00000, 0x0000000795580000)
  object space 190464K, 58% used [0x0000000740000000,0x0000000746d02f48,0x000000074ba00000)
 Metaspace       used 19974K, capacity 20223K, committed 20480K, reserved 1067008K
  class space    used 1892K, capacity 1982K, committed 2048K, reserved 1048576K
}
Event: 3812.215 GC heap before
{Heap before GC invocations=822 (full 2):
 PSYoungGen      total 27136K, used 26688K [0x0000000795580000, 0x00000007a9700000, 0x00000007c0000000)
  eden space 26624K, 100% used [0x0000000795580000,0x0000000796f80000,0x0000000796f80000)
  from space 512K, 12% used [0x00000007a9600000,0x00000007a9610000,0x00000007a9680000)
  to   space 512K, 0% used [0x00000007a9680000,0x00000007a9680000,0x00000007a9700000)
 ParOldGen       total 190464K, used 111627K [0x0000000740000000, 0x000000074ba00000, 0x0000000795580000)
  object space 190464K, 58% used [0x0000000740000000,0x0000000746d02f48,0x000000074ba00000)
 Metaspace       used 19974K, capacity 20223K, committed 20480K, reserved 1067008K
  class space    used 1892K, capacity 1982K, committed 2048K, reserved 1048576K
Event: 3812.216 GC heap after
Heap after GC invocations=822 (full 2):
 PSYoungGen      total 27136K, used 64K [0x0000000795580000, 0x00000007a9700000, 0x00000007c0000000)
  eden space 26624K, 0% used [0x0000000795580000,0x0000000795580000,0x0000000796f80000)
  from space 512K, 12% used [0x00000007a9680000,0x00000007a9690000,0x00000007a9700000)
  to   space 512K, 0% used [0x00000007a9600000,0x00000007a9600000,0x00000007a9680000)
 ParOldGen       total 190464K, used 111627K [0x0000000740000000, 0x000000074ba00000, 0x0000000795580000)
  object space 190464K, 58% used [0x0000000740000000,0x0000000746d02f48,0x000000074ba00000)
 Metaspace       used 19974K, capacity 20223K, committed 20480K, reserved 1067008K
  class space    used 1892K, capacity 1982K, committed 2048K, reserved 1048576K
}

Deoptimization events (10 events):
Event: 3813.304 Thread 0x00007fd5dd1d1000 Uncommon trap: reason=unstable_if action=reinterpret pc=0x000000010fdb9390 method=java.util.HashMap.putVal(ILjava/lang/Object;Ljava/lang/Object;ZZ)Ljava/lang/Object; @ 81
Event: 3813.305 Thread 0x00007fd5dc13f800 Uncommon trap: reason=class_check action=maybe_recompile pc=0x000000011032d344 method=java.awt.Component.getGraphics()Ljava/awt/Graphics; @ 114
Event: 3813.305 Thread 0x00007fd5dd193800 Uncommon trap: reason=class_check action=maybe_recompile pc=0x00000001101bf2a8 method=java.awt.event.InvocationEvent.dispatch()V @ 11
Event: 3813.305 Thread 0x00007fd5dc13f800 Uncommon trap: reason=unstable_if action=reinterpret pc=0x000000010faf48f8 method=java.awt.font.FontRenderContext.equals(Ljava/awt/font/FontRenderContext;)Z @ 2
Event: 3813.306 Thread 0x00007fd5dd15c000 Uncommon trap: reason=bimorphic action=maybe_recompile pc=0x000000010ffeff14 method=com.jogamp.common.util.RunnableTask.run()V @ 24
Event: 3813.307 Thread 0x00007fd5dd15c000 Uncommon trap: reason=unstable_if action=reinterpret pc=0x000000010ffb2c3c method=jogamp.nativewindow.macosx.OSXUtil.RunOnMainThread(ZZLjava/lang/Runnable;)V @ 3
Event: 3813.333 Thread 0x00007fd5dd193800 Uncommon trap: reason=unstable_if action=reinterpret pc=0x0000000110341148 method=jogamp.opengl.GLContextImpl.release(Z)V @ 161
Event: 3813.336 Thread 0x00007fd5dc13f800 Uncommon trap: reason=class_check action=maybe_recompile pc=0x000000011032d344 method=java.awt.Component.getGraphics()Ljava/awt/Graphics; @ 114
Event: 3813.337 Thread 0x00007fd5dd193800 Uncommon trap: reason=class_check action=maybe_recompile pc=0x00000001101bf2a8 method=java.awt.event.InvocationEvent.dispatch()V @ 11
Event: 3813.350 Thread 0x00007fd5dd15c000 Uncommon trap: reason=bimorphic action=maybe_recompile pc=0x000000010ffeff14 method=com.jogamp.common.util.RunnableTask.run()V @ 24

Internal exceptions (10 events):
Event: 0.156 Thread 0x00007fd5db806000 Exception <a 'java/lang/NoSuchFieldError': method resolution failed> (0x0000000795785c90) thrown at [/Users/java_re/workspace/8-2-build-macosx-x86_64/jdk8u91/6644/hotspot/src/share/vm/prims/methodHandles.cpp, line 1146]
Event: 0.158 Thread 0x00007fd5db806000 Exception <a 'java/lang/NoSuchFieldError': method resolution failed> (0x0000000795793460) thrown at [/Users/java_re/workspace/8-2-build-macosx-x86_64/jdk8u91/6644/hotspot/src/share/vm/prims/methodHandles.cpp, line 1146]
Event: 0.286 Thread 0x00007fd5db806000 Exception <a 'java/io/FileNotFoundException'> (0x000000079580f640) thrown at [/Users/java_re/workspace/8-2-build-macosx-x86_64/jdk8u91/6644/hotspot/src/share/vm/prims/jni.cpp, line 709]
Event: 0.286 Thread 0x00007fd5db806000 Exception <a 'java/io/FileNotFoundException'> (0x00000007958101a8) thrown at [/Users/java_re/workspace/8-2-build-macosx-x86_64/jdk8u91/6644/hotspot/src/share/vm/prims/jni.cpp, line 709]
Event: 0.388 Thread 0x00007fd5db806000 Exception <a 'java/io/FileNotFoundException'> (0x000000079594ba88) thrown at [/Users/java_re/workspace/8-2-build-macosx-x86_64/jdk8u91/6644/hotspot/src/share/vm/prims/jni.cpp, line 709]
Event: 1.963 Thread 0x00007fd5dd3b6000 Exception <a 'java/lang/UnsatisfiedLinkError': com.jogamp.common.util.JarUtil.fixNativeLibAttribs(Ljava/lang/String;)Z> (0x0000000796bf6748) thrown at [/Users/java_re/workspace/8-2-build-macosx-x86_64/jdk8u91/6644/hotspot/src/share/vm/prims/nativeLookup.c
Event: 2.298 Thread 0x00007fd5dc00d800 Exception <a 'java/lang/NullPointerException'> (0x00000007956a7ed0) thrown at [/Users/java_re/workspace/8-2-build-macosx-x86_64/jdk8u91/6644/hotspot/src/share/vm/interpreter/linkResolver.cpp, line 1178]
Event: 2.983 Thread 0x00007fd5dd193800 Exception <a 'java/io/FileNotFoundException'> (0x0000000795f4ed50) thrown at [/Users/java_re/workspace/8-2-build-macosx-x86_64/jdk8u91/6644/hotspot/src/share/vm/prims/jni.cpp, line 709]
Event: 2.984 Thread 0x00007fd5dd193800 Exception <a 'java/io/FileNotFoundException'> (0x0000000795f550f0) thrown at [/Users/java_re/workspace/8-2-build-macosx-x86_64/jdk8u91/6644/hotspot/src/share/vm/prims/jni.cpp, line 709]
Event: 2.984 Thread 0x00007fd5dd193800 Implicit null exception at 0x000000010fb2f5f5 to 0x000000010fb2f945

Events (10 events):
Event: 3813.336 loading class java/awt/Window$1DisposeAction
Event: 3813.336 Thread 0x00007fd5dc82e000 flushing nmethod 0x0000000110140790
Event: 3813.336 Thread 0x00007fd5dc82e000 flushing nmethod 0x00000001101482d0
Event: 3813.336 loading class java/awt/Window$1DisposeAction done
Event: 3813.337 Thread 0x00007fd5dd193800 Uncommon trap: trap_request=0xffffffde fr.pc=0x00000001101bf2a8
Event: 3813.337 Thread 0x00007fd5dd193800 DEOPT PACKING pc=0x00000001101bf2a8 sp=0x0000700001965fb0
Event: 3813.337 Thread 0x00007fd5dd193800 DEOPT UNPACKING pc=0x000000010f999229 sp=0x0000700001965e48 mode 2
Event: 3813.350 Thread 0x00007fd5dd15c000 Uncommon trap: trap_request=0xffffffc6 fr.pc=0x000000010ffeff14
Event: 3813.350 Thread 0x00007fd5dd15c000 DEOPT PACKING pc=0x000000010ffeff14 sp=0x00007fff51d8a630
Event: 3813.350 Thread 0x00007fd5dd15c000 DEOPT UNPACKING pc=0x000000010f999229 sp=0x00007fff51d8a5e8 mode 2


Dynamic libraries:
0x0000000002455000 	/System/Library/Frameworks/Cocoa.framework/Versions/A/Cocoa
0x0000000002455000 	/System/Library/Frameworks/Security.framework/Versions/A/Security
0x0000000002455000 	/System/Library/Frameworks/ApplicationServices.framework/Versions/A/ApplicationServices
0x0000000002455000 	/usr/lib/libz.1.dylib
0x0000000002455000 	/usr/lib/libSystem.B.dylib
0x0000000002455000 	/usr/lib/libobjc.A.dylib
0x0000000002455000 	/System/Library/Frameworks/CoreFoundation.framework/Versions/A/CoreFoundation
0x0000000002455000 	/System/Library/Frameworks/Foundation.framework/Versions/C/Foundation
0x0000000002455000 	/System/Library/Frameworks/AppKit.framework/Versions/C/AppKit
0x0000000002455000 	/System/Library/Frameworks/CoreData.framework/Versions/A/CoreData
0x0000000002455000 	/System/Library/PrivateFrameworks/RemoteViewServices.framework/Versions/A/RemoteViewServices
0x0000000002455000 	/System/Library/PrivateFrameworks/UIFoundation.framework/Versions/A/UIFoundation
0x0000000002455000 	/usr/lib/libScreenReader.dylib
0x0000000002455000 	/System/Library/Frameworks/Accelerate.framework/Versions/A/Accelerate
0x0000000002455000 	/System/Library/Frameworks/IOSurface.framework/Versions/A/IOSurface
0x0000000002455000 	/System/Library/Frameworks/AudioToolbox.framework/Versions/A/AudioToolbox
0x0000000002455000 	/System/Library/Frameworks/AudioUnit.framework/Versions/A/AudioUnit
0x0000000002455000 	/System/Library/PrivateFrameworks/DataDetectorsCore.framework/Versions/A/DataDetectorsCore
0x0000000002455000 	/System/Library/PrivateFrameworks/DesktopServicesPriv.framework/Versions/A/DesktopServicesPriv
0x0000000002455000 	/System/Library/Frameworks/Carbon.framework/Versions/A/Frameworks/HIToolbox.framework/Versions/A/HIToolbox
0x0000000002455000 	/System/Library/Frameworks/QuartzCore.framework/Versions/A/QuartzCore
0x0000000002455000 	/System/Library/Frameworks/Carbon.framework/Versions/A/Frameworks/SpeechRecognition.framework/Versions/A/SpeechRecognition
0x0000000002455000 	/usr/lib/libauto.dylib
0x0000000002455000 	/usr/lib/libicucore.A.dylib
0x0000000002455000 	/usr/lib/libxml2.2.dylib
0x0000000002455000 	/System/Library/PrivateFrameworks/CoreUI.framework/Versions/A/CoreUI
0x0000000002455000 	/System/Library/Frameworks/CoreAudio.framework/Versions/A/CoreAudio
0x0000000002455000 	/System/Library/Frameworks/DiskArbitration.framework/Versions/A/DiskArbitration
0x0000000002455000 	/usr/lib/liblangid.dylib
0x0000000002455000 	/System/Library/PrivateFrameworks/MultitouchSupport.framework/Versions/A/MultitouchSupport
0x0000000002455000 	/System/Library/Frameworks/IOKit.framework/Versions/A/IOKit
0x0000000002455000 	/usr/lib/libDiagnosticMessagesClient.dylib
0x0000000002455000 	/System/Library/Frameworks/CoreServices.framework/Versions/A/CoreServices
0x0000000002455000 	/System/Library/PrivateFrameworks/PerformanceAnalysis.framework/Versions/A/PerformanceAnalysis
0x0000000002455000 	/System/Library/PrivateFrameworks/GenerationalStorage.framework/Versions/A/GenerationalStorage
0x0000000002455000 	/System/Library/Frameworks/OpenGL.framework/Versions/A/OpenGL
0x0000000002455000 	/System/Library/PrivateFrameworks/Sharing.framework/Versions/A/Sharing
0x0000000002455000 	/System/Library/Frameworks/CoreGraphics.framework/Versions/A/CoreGraphics
0x0000000002455000 	/System/Library/Frameworks/CoreImage.framework/Versions/A/CoreImage
0x0000000002455000 	/System/Library/Frameworks/CoreText.framework/Versions/A/CoreText
0x0000000002455000 	/System/Library/Frameworks/ImageIO.framework/Versions/A/ImageIO
0x0000000002455000 	/System/Library/PrivateFrameworks/Backup.framework/Versions/A/Backup
0x0000000002455000 	/usr/lib/libextension.dylib
0x0000000002455000 	/usr/lib/libarchive.2.dylib
0x0000000002455000 	/System/Library/Frameworks/CFNetwork.framework/Versions/A/CFNetwork
0x0000000002455000 	/System/Library/Frameworks/SystemConfiguration.framework/Versions/A/SystemConfiguration
0x0000000002455000 	/usr/lib/libCRFSuite.dylib
0x0000000002455000 	/usr/lib/libc++.1.dylib
0x0000000002455000 	/usr/lib/libc++abi.dylib
0x0000000002455000 	/usr/lib/system/libcache.dylib
0x0000000002455000 	/usr/lib/system/libcommonCrypto.dylib
0x0000000002455000 	/usr/lib/system/libcompiler_rt.dylib
0x0000000002455000 	/usr/lib/system/libcopyfile.dylib
0x0000000002455000 	/usr/lib/system/libcorecrypto.dylib
0x0000000002455000 	/usr/lib/system/libdispatch.dylib
0x0000000002455000 	/usr/lib/system/libdyld.dylib
0x0000000002455000 	/usr/lib/system/libkeymgr.dylib
0x0000000002455000 	/usr/lib/system/liblaunch.dylib
0x0000000002455000 	/usr/lib/system/libmacho.dylib
0x0000000002455000 	/usr/lib/system/libquarantine.dylib
0x0000000002455000 	/usr/lib/system/libremovefile.dylib
0x0000000002455000 	/usr/lib/system/libsystem_asl.dylib
0x0000000002455000 	/usr/lib/system/libsystem_blocks.dylib
0x0000000002455000 	/usr/lib/system/libsystem_c.dylib
0x0000000002455000 	/usr/lib/system/libsystem_configuration.dylib
0x0000000002455000 	/usr/lib/system/libsystem_coreservices.dylib
0x0000000002455000 	/usr/lib/system/libsystem_coretls.dylib
0x0000000002455000 	/usr/lib/system/libsystem_dnssd.dylib
0x0000000002455000 	/usr/lib/system/libsystem_info.dylib
0x0000000002455000 	/usr/lib/system/libsystem_kernel.dylib
0x0000000002455000 	/usr/lib/system/libsystem_m.dylib
0x0000000002455000 	/usr/lib/system/libsystem_malloc.dylib
0x0000000002455000 	/usr/lib/system/libsystem_network.dylib
0x0000000002455000 	/usr/lib/system/libsystem_networkextension.dylib
0x0000000002455000 	/usr/lib/system/libsystem_notify.dylib
0x0000000002455000 	/usr/lib/system/libsystem_platform.dylib
0x0000000002455000 	/usr/lib/system/libsystem_pthread.dylib
0x0000000002455000 	/usr/lib/system/libsystem_sandbox.dylib
0x0000000002455000 	/usr/lib/system/libsystem_secinit.dylib
0x0000000002455000 	/usr/lib/system/libsystem_trace.dylib
0x0000000002455000 	/usr/lib/system/libunc.dylib
0x0000000002455000 	/usr/lib/system/libunwind.dylib
0x0000000002455000 	/usr/lib/system/libxpc.dylib
0x0000000002455000 	/usr/lib/libenergytrace.dylib
0x0000000002455000 	/usr/lib/libbsm.0.dylib
0x0000000002455000 	/usr/lib/system/libkxld.dylib
0x0000000002455000 	/usr/lib/libxar.1.dylib
0x0000000002455000 	/usr/lib/libsqlite3.dylib
0x0000000002455000 	/usr/lib/libpam.2.dylib
0x0000000002455000 	/usr/lib/libOpenScriptingUtil.dylib
0x0000000002455000 	/usr/lib/libbz2.1.0.dylib
0x0000000002455000 	/usr/lib/liblzma.5.dylib
0x0000000002455000 	/System/Library/Frameworks/CoreServices.framework/Versions/A/Frameworks/FSEvents.framework/Versions/A/FSEvents
0x0000000002455000 	/System/Library/Frameworks/CoreServices.framework/Versions/A/Frameworks/CarbonCore.framework/Versions/A/CarbonCore
0x0000000002455000 	/System/Library/Frameworks/CoreServices.framework/Versions/A/Frameworks/Metadata.framework/Versions/A/Metadata
0x0000000002455000 	/System/Library/Frameworks/CoreServices.framework/Versions/A/Frameworks/OSServices.framework/Versions/A/OSServices
0x0000000002455000 	/System/Library/Frameworks/CoreServices.framework/Versions/A/Frameworks/SearchKit.framework/Versions/A/SearchKit
0x0000000002455000 	/System/Library/Frameworks/CoreServices.framework/Versions/A/Frameworks/AE.framework/Versions/A/AE
0x0000000002455000 	/System/Library/Frameworks/CoreServices.framework/Versions/A/Frameworks/LaunchServices.framework/Versions/A/LaunchServices
0x0000000002455000 	/System/Library/Frameworks/CoreServices.framework/Versions/A/Frameworks/DictionaryServices.framework/Versions/A/DictionaryServices
0x0000000002455000 	/System/Library/Frameworks/CoreServices.framework/Versions/A/Frameworks/SharedFileList.framework/Versions/A/SharedFileList
0x0000000002455000 	/System/Library/Frameworks/NetFS.framework/Versions/A/NetFS
0x0000000002455000 	/System/Library/PrivateFrameworks/NetAuth.framework/Versions/A/NetAuth
0x0000000002455000 	/System/Library/PrivateFrameworks/login.framework/Versions/A/Frameworks/loginsupport.framework/Versions/A/loginsupport
0x0000000002455000 	/System/Library/PrivateFrameworks/TCC.framework/Versions/A/TCC
0x0000000002455000 	/usr/lib/libmecabra.dylib
0x0000000002455000 	/System/Library/Frameworks/ApplicationServices.framework/Versions/A/Frameworks/ATS.framework/Versions/A/ATS
0x0000000002455000 	/System/Library/Frameworks/ApplicationServices.framework/Versions/A/Frameworks/ColorSync.framework/Versions/A/ColorSync
0x0000000002455000 	/System/Library/Frameworks/ApplicationServices.framework/Versions/A/Frameworks/HIServices.framework/Versions/A/HIServices
0x0000000002455000 	/System/Library/Frameworks/ApplicationServices.framework/Versions/A/Frameworks/LangAnalysis.framework/Versions/A/LangAnalysis
0x0000000002455000 	/System/Library/Frameworks/ApplicationServices.framework/Versions/A/Frameworks/PrintCore.framework/Versions/A/PrintCore
0x0000000002455000 	/System/Library/Frameworks/ApplicationServices.framework/Versions/A/Frameworks/QD.framework/Versions/A/QD
0x0000000002455000 	/System/Library/Frameworks/ApplicationServices.framework/Versions/A/Frameworks/SpeechSynthesis.framework/Versions/A/SpeechSynthesis
0x0000000002455000 	/System/Library/Frameworks/Metal.framework/Versions/A/Metal
0x0000000002455000 	/System/Library/Frameworks/Accelerate.framework/Versions/A/Frameworks/vImage.framework/Versions/A/vImage
0x0000000002455000 	/System/Library/Frameworks/Accelerate.framework/Versions/A/Frameworks/vecLib.framework/Versions/A/vecLib
0x0000000002455000 	/System/Library/Frameworks/Accelerate.framework/Versions/A/Frameworks/vecLib.framework/Versions/A/libvDSP.dylib
0x0000000002455000 	/System/Library/Frameworks/Accelerate.framework/Versions/A/Frameworks/vecLib.framework/Versions/A/libvMisc.dylib
0x0000000002455000 	/System/Library/Frameworks/Accelerate.framework/Versions/A/Frameworks/vecLib.framework/Versions/A/libLAPACK.dylib
0x0000000002455000 	/System/Library/Frameworks/Accelerate.framework/Versions/A/Frameworks/vecLib.framework/Versions/A/libBLAS.dylib
0x0000000002455000 	/System/Library/Frameworks/Accelerate.framework/Versions/A/Frameworks/vecLib.framework/Versions/A/libLinearAlgebra.dylib
0x0000000002455000 	/System/Library/Frameworks/Accelerate.framework/Versions/A/Frameworks/vecLib.framework/Versions/A/libSparseBLAS.dylib
0x0000000002455000 	/System/Library/PrivateFrameworks/GPUCompiler.framework/libmetal_timestamp.dylib
0x0000000002455000 	/System/Library/Frameworks/OpenGL.framework/Versions/A/Libraries/libCoreFSCache.dylib
0x0000000002455000 	/System/Library/PrivateFrameworks/IOAccelerator.framework/Versions/A/IOAccelerator
0x0000000002455000 	/System/Library/Frameworks/ApplicationServices.framework/Versions/A/Frameworks/ATS.framework/Versions/A/Resources/libFontParser.dylib
0x0000000002455000 	/System/Library/Frameworks/ApplicationServices.framework/Versions/A/Frameworks/ATS.framework/Versions/A/Resources/libFontRegistry.dylib
0x0000000002455000 	/System/Library/PrivateFrameworks/AppleVPA.framework/Versions/A/AppleVPA
0x0000000002455000 	/System/Library/PrivateFrameworks/AppleJPEG.framework/Versions/A/AppleJPEG
0x0000000002455000 	/System/Library/Frameworks/ImageIO.framework/Versions/A/Resources/libJPEG.dylib
0x0000000002455000 	/System/Library/Frameworks/ImageIO.framework/Versions/A/Resources/libTIFF.dylib
0x0000000002455000 	/System/Library/Frameworks/ImageIO.framework/Versions/A/Resources/libPng.dylib
0x0000000002455000 	/System/Library/Frameworks/ImageIO.framework/Versions/A/Resources/libGIF.dylib
0x0000000002455000 	/System/Library/Frameworks/ImageIO.framework/Versions/A/Resources/libJP2.dylib
0x0000000002455000 	/System/Library/Frameworks/ImageIO.framework/Versions/A/Resources/libRadiance.dylib
0x0000000002455000 	/System/Library/Frameworks/CoreVideo.framework/Versions/A/CoreVideo
0x0000000002455000 	/System/Library/Frameworks/OpenGL.framework/Versions/A/Libraries/libGLU.dylib
0x0000000002455000 	/System/Library/Frameworks/OpenGL.framework/Versions/A/Libraries/libGFXShared.dylib
0x0000000002455000 	/System/Library/Frameworks/OpenGL.framework/Versions/A/Libraries/libGL.dylib
0x0000000002455000 	/System/Library/Frameworks/OpenGL.framework/Versions/A/Libraries/libGLImage.dylib
0x0000000002455000 	/System/Library/Frameworks/OpenGL.framework/Versions/A/Libraries/libCVMSPluginSupport.dylib
0x0000000002455000 	/System/Library/Frameworks/OpenGL.framework/Versions/A/Libraries/libCoreVMClient.dylib
0x0000000002455000 	/usr/lib/libcups.2.dylib
0x0000000002455000 	/System/Library/Frameworks/Kerberos.framework/Versions/A/Kerberos
0x0000000002455000 	/System/Library/Frameworks/GSS.framework/Versions/A/GSS
0x0000000002455000 	/usr/lib/libresolv.9.dylib
0x0000000002455000 	/usr/lib/libiconv.2.dylib
0x0000000002455000 	/System/Library/PrivateFrameworks/Heimdal.framework/Versions/A/Heimdal
0x0000000002455000 	/usr/lib/libheimdal-asn1.dylib
0x0000000002455000 	/System/Library/Frameworks/OpenDirectory.framework/Versions/A/OpenDirectory
0x0000000002455000 	/System/Library/PrivateFrameworks/CommonAuth.framework/Versions/A/CommonAuth
0x0000000002455000 	/System/Library/Frameworks/OpenDirectory.framework/Versions/A/Frameworks/CFOpenDirectory.framework/Versions/A/CFOpenDirectory
0x0000000002455000 	/System/Library/Frameworks/SecurityFoundation.framework/Versions/A/SecurityFoundation
0x0000000002455000 	/System/Library/PrivateFrameworks/LanguageModeling.framework/Versions/A/LanguageModeling
0x0000000002455000 	/usr/lib/libmarisa.dylib
0x0000000002455000 	/usr/lib/libChineseTokenizer.dylib
0x0000000002455000 	/usr/lib/libcmph.dylib
0x0000000002455000 	/usr/lib/libcompression.dylib
0x0000000002455000 	/System/Library/Frameworks/ServiceManagement.framework/Versions/A/ServiceManagement
0x0000000002455000 	/usr/lib/libxslt.1.dylib
0x0000000002455000 	/System/Library/Frameworks/Carbon.framework/Versions/A/Frameworks/Ink.framework/Versions/A/Ink
0x0000000002455000 	/usr/lib/libFosl_dynamic.dylib
0x0000000002455000 	/System/Library/PrivateFrameworks/FaceCore.framework/Versions/A/FaceCore
0x0000000002455000 	/System/Library/Frameworks/OpenCL.framework/Versions/A/OpenCL
0x0000000002455000 	/System/Library/PrivateFrameworks/CrashReporterSupport.framework/Versions/A/CrashReporterSupport
0x0000000002455000 	/System/Library/PrivateFrameworks/IconServices.framework/Versions/A/IconServices
0x0000000002455000 	/System/Library/PrivateFrameworks/Apple80211.framework/Versions/A/Apple80211
0x0000000002455000 	/System/Library/Frameworks/CoreWLAN.framework/Versions/A/CoreWLAN
0x0000000002455000 	/System/Library/Frameworks/IOBluetooth.framework/Versions/A/IOBluetooth
0x0000000002455000 	/System/Library/PrivateFrameworks/CoreWiFi.framework/Versions/A/CoreWiFi
0x0000000002455000 	/System/Library/Frameworks/CoreBluetooth.framework/Versions/A/CoreBluetooth
0x0000000002455000 	/System/Library/PrivateFrameworks/ChunkingLibrary.framework/Versions/A/ChunkingLibrary
0x0000000002455000 	/System/Library/PrivateFrameworks/DebugSymbols.framework/Versions/A/DebugSymbols
0x0000000002455000 	/System/Library/PrivateFrameworks/CoreSymbolication.framework/Versions/A/CoreSymbolication
0x0000000002455000 	/System/Library/PrivateFrameworks/Symbolication.framework/Versions/A/Symbolication
0x0000000002455000 	/System/Library/PrivateFrameworks/SpeechRecognitionCore.framework/Versions/A/SpeechRecognitionCore
0x000000010ea00000 	/Library/Java/JavaVirtualMachines/jdk1.8.0_91.jdk/Contents/Home/jre/lib/server/libjvm.dylib
0x0000000002455000 	/usr/lib/libstdc++.6.dylib
0x000000010e0f1000 	/Library/Java/JavaVirtualMachines/jdk1.8.0_91.jdk/Contents/Home/jre/lib/libverify.dylib
0x000000010e0ff000 	/Library/Java/JavaVirtualMachines/jdk1.8.0_91.jdk/Contents/Home/jre/lib/libjava.dylib
0x000000010e13e000 	/Library/Java/JavaVirtualMachines/jdk1.8.0_91.jdk/Contents/Home/jre/lib/libzip.dylib
0x000000012524b000 	/System/Library/Frameworks/JavaVM.framework/Frameworks/JavaRuntimeSupport.framework/JavaRuntimeSupport
0x0000000125266000 	/System/Library/Frameworks/JavaVM.framework/Versions/A/Frameworks/JavaNativeFoundation.framework/Versions/A/JavaNativeFoundation
0x000000010e1f3000 	/System/Library/Frameworks/JavaVM.framework/Versions/A/JavaVM
0x0000000002455000 	/System/Library/Frameworks/Carbon.framework/Versions/A/Carbon
0x000000012527b000 	/System/Library/PrivateFrameworks/JavaLaunching.framework/Versions/A/JavaLaunching
0x0000000002455000 	/System/Library/Frameworks/Carbon.framework/Versions/A/Frameworks/CommonPanels.framework/Versions/A/CommonPanels
0x0000000002455000 	/System/Library/Frameworks/Carbon.framework/Versions/A/Frameworks/Help.framework/Versions/A/Help
0x0000000002455000 	/System/Library/Frameworks/Carbon.framework/Versions/A/Frameworks/ImageCapture.framework/Versions/A/ImageCapture
0x0000000002455000 	/System/Library/Frameworks/Carbon.framework/Versions/A/Frameworks/OpenScripting.framework/Versions/A/OpenScripting
0x0000000002455000 	/System/Library/Frameworks/Carbon.framework/Versions/A/Frameworks/Print.framework/Versions/A/Print
0x0000000002455000 	/System/Library/Frameworks/Carbon.framework/Versions/A/Frameworks/SecurityHI.framework/Versions/A/SecurityHI
0x0000000126b9f000 	/Library/Java/JavaVirtualMachines/jdk1.8.0_91.jdk/Contents/Home/jre/lib/libawt.dylib
0x0000000126c47000 	/Library/Java/JavaVirtualMachines/jdk1.8.0_91.jdk/Contents/Home/jre/lib/./libmlib_image.dylib
0x0000000126d13000 	/Library/Java/JavaVirtualMachines/jdk1.8.0_91.jdk/Contents/Home/jre/lib/libawt_lwawt.dylib
0x0000000126dc8000 	/Library/Java/JavaVirtualMachines/jdk1.8.0_91.jdk/Contents/Home/jre/lib/./libosxapp.dylib
0x0000000002455000 	/System/Library/Frameworks/ExceptionHandling.framework/Versions/A/ExceptionHandling
0x0000000002455000 	/System/Library/PrivateFrameworks/CoreServicesInternal.framework/Versions/A/CoreServicesInternal
0x0000000002455000 	/System/Library/Frameworks/CoreGraphics.framework/Versions/A/Resources/libRIP.A.dylib
0x0000000002455000 	/System/Library/Frameworks/Accelerate.framework/Versions/A/Frameworks/vImage.framework/Versions/A/Libraries/libCGInterfaces.dylib
0x0000000002455000 	/System/Library/Frameworks/CoreGraphics.framework/Versions/A/Resources/libCGXType.A.dylib
0x0000000002455000 	/System/Library/Frameworks/OpenCL.framework/Versions/A/Libraries/libcldcpuengine.dylib
0x0000000002455000 	/System/Library/PrivateFrameworks/DiskImages.framework/Versions/A/DiskImages
0x0000000002455000 	/System/Library/Frameworks/DiscRecording.framework/Versions/A/DiscRecording
0x0000000002455000 	/usr/lib/libcsfde.dylib
0x0000000002455000 	/usr/lib/libcurl.4.dylib
0x0000000002455000 	/System/Library/PrivateFrameworks/MediaKit.framework/Versions/A/MediaKit
0x0000000002455000 	/System/Library/PrivateFrameworks/ProtectedCloudStorage.framework/Versions/A/ProtectedCloudStorage
0x0000000002455000 	/usr/lib/libCoreStorage.dylib
0x0000000002455000 	/System/Library/PrivateFrameworks/EFILogin.framework/Versions/A/EFILogin
0x0000000002455000 	/usr/lib/libutil.dylib
0x0000000002455000 	/System/Library/PrivateFrameworks/FindMyDevice.framework/Versions/A/FindMyDevice
0x0000000002455000 	/System/Library/Frameworks/LDAP.framework/Versions/A/LDAP
0x0000000002455000 	/usr/lib/libsasl2.2.dylib
0x0000000002455000 	/System/Library/PrivateFrameworks/CoreDaemon.framework/Versions/B/CoreDaemon
0x0000000002455000 	/usr/lib/libcrypto.0.9.8.dylib
0x0000000002455000 	/System/Library/PrivateFrameworks/AppleSRP.framework/Versions/A/AppleSRP
0x0000000002455000 	/System/Library/PrivateFrameworks/TrustEvaluationAgent.framework/Versions/A/TrustEvaluationAgent
0x0000000128569000 	cl_kernels
0x0000000002455000 	/System/Library/Frameworks/OpenCL.framework/Versions/A/Libraries/ImageFormats/unorm8_bgra.dylib
0x0000000002455000 	/System/Library/Frameworks/OpenCL.framework/Versions/A/Libraries/ImageFormats/unorm8_rgba.dylib
0x0000000002455000 	/System/Library/PrivateFrameworks/FamilyControls.framework/Versions/A/FamilyControls
0x0000000002455000 	/System/Library/PrivateFrameworks/CommerceKit.framework/Versions/A/Frameworks/CommerceCore.framework/Versions/A/CommerceCore
0x0000000002455000 	/System/Library/PrivateFrameworks/SystemAdministration.framework/Versions/A/SystemAdministration
0x0000000002455000 	/System/Library/PrivateFrameworks/AppContainer.framework/Versions/A/AppContainer
0x0000000002455000 	/System/Library/PrivateFrameworks/SecCodeWrapper.framework/Versions/A/SecCodeWrapper
0x0000000002455000 	/System/Library/Frameworks/DirectoryService.framework/Versions/A/DirectoryService
0x0000000002455000 	/System/Library/PrivateFrameworks/LoginUIKit.framework/Versions/A/Frameworks/LoginUICore.framework/Versions/A/LoginUICore
0x0000000002455000 	/usr/lib/libodfde.dylib
0x0000000002455000 	/System/Library/Frameworks/OpenGL.framework/Versions/A/Resources/GLEngine.bundle/GLEngine
0x0000000002455000 	/System/Library/Frameworks/OpenGL.framework/Versions/A/Libraries/libGLProgrammability.dylib
0x00000001295f9000 	/System/Library/Extensions/AMDRadeonX3000GLDriver.bundle/Contents/MacOS/AMDRadeonX3000GLDriver
0x0000000002455000 	/System/Library/PrivateFrameworks/GPUSupport.framework/Versions/A/Libraries/libGPUSupportMercury.dylib
0x00000001296d8000 	/System/Library/Extensions/AMDRadeonX3000GLDriver.bundle/Contents/MacOS/ATIRadeonX3000SCLib.dylib
0x0000000002455000 	/System/Library/Frameworks/OpenGL.framework/Versions/A/Resources/GLRendererFloat.bundle/GLRendererFloat
0x00000001299c5000 	/Library/Java/JavaVirtualMachines/jdk1.8.0_91.jdk/Contents/Home/jre/lib/libfontmanager.dylib
0x000000012a6a0000 	/Library/Java/JavaVirtualMachines/jdk1.8.0_91.jdk/Contents/Home/jre/lib/libosxui.dylib
0x000000012b3af000 	/Library/Java/JavaVirtualMachines/jdk1.8.0_91.jdk/Contents/Home/jre/lib/libnet.dylib
0x000000012b40e000 	/Library/Java/JavaVirtualMachines/jdk1.8.0_91.jdk/Contents/Home/jre/lib/libnio.dylib
0x0000000002455000 	/System/Library/Frameworks/ApplicationServices.framework/Versions/A/Frameworks/ATS.framework/Versions/A/Resources/libTrueTypeScaler.dylib
0x000000019041d000 	/private/var/folders/tq/5cybh0451bx2v8l5x53f9c_h0000gn/T/jogamp_0000/file_cache/jln7143737199106979689/jln5372765193231218656/libgluegen-rt.jnilib
0x000000012a39c000 	/private/var/folders/tq/5cybh0451bx2v8l5x53f9c_h0000gn/T/jogamp_0000/file_cache/jln7143737199106979689/jln5372765193231218656/libnativewindow_awt.jnilib
0x000000012a3a8000 	/Library/Java/JavaVirtualMachines/jdk1.8.0_91.jdk/Contents/Home/jre/lib/libjawt.dylib
0x0000000190421000 	/private/var/folders/tq/5cybh0451bx2v8l5x53f9c_h0000gn/T/jogamp_0000/file_cache/jln7143737199106979689/jln5372765193231218656/libnativewindow_macosx.jnilib
0x0000000191da1000 	/private/var/folders/tq/5cybh0451bx2v8l5x53f9c_h0000gn/T/jogamp_0000/file_cache/jln7143737199106979689/jln5372765193231218656/libjogl_desktop.jnilib
0x000000019756b000 	/Library/Java/JavaVirtualMachines/jdk1.8.0_91.jdk/Contents/Home/jre/lib/libt2k.dylib

VM Arguments:
jvm_args: -Djava.security.policy=java.policy.applet -Dfile.encoding=UTF-8 
java_command: sun.applet.AppletViewer module6.AirportMap21464288044950.html
java_class_path (initial): /Users/limhoktan/Documents/workspace/UCSDUnfoldingMaps/build:/Users/limhoktan/Documents/workspace/UCSDUnfoldingMaps/lib/core.jar:/Users/limhoktan/Documents/workspace/UCSDUnfoldingMaps/lib/gluegen-rt.jar:/Users/limhoktan/Documents/workspace/UCSDUnfoldingMaps/lib/jogl-all.jar:/Users/limhoktan/Documents/workspace/UCSDUnfoldingMaps/lib/log4j-1.2.15.jar:/Users/limhoktan/Documents/workspace/UCSDUnfoldingMaps/lib/sqlite-jdbc-3.7.2.jar:/Users/limhoktan/Documents/workspace/UCSDUnfoldingMaps/lib/json4processing.jar:/Users/limhoktan/Documents/workspace/UCSDUnfoldingMaps/lib/libTUIO.jar:/Users/limhoktan/Documents/workspace/UCSDUnfoldingMaps/lib/unfolding.0.9.7-uscd.jar
Launcher Type: SUN_STANDARD

Environment Variables:
PATH=/usr/bin:/bin:/usr/sbin:/sbin
SHELL=/bin/bash
DISPLAY=/private/tmp/com.apple.launchd.ljfsj7xib5/org.macosforge.xquartz:0

Signal Handlers:
SIGSEGV: [libjvm.dylib+0x5a97a1], sa_mask[0]=11111111011111110111111111111111, sa_flags=SA_ONSTACK|SA_RESTART|SA_SIGINFO
SIGBUS: [libjvm.dylib+0x5a97a1], sa_mask[0]=11111111011111110111111111111111, sa_flags=SA_RESTART|SA_SIGINFO
SIGFPE: [libjvm.dylib+0x482594], sa_mask[0]=11111111011111110111111111111111, sa_flags=SA_RESTART|SA_SIGINFO
SIGPIPE: [libjvm.dylib+0x482594], sa_mask[0]=11111111011111110111111111111111, sa_flags=SA_RESTART|SA_SIGINFO
SIGXFSZ: [libjvm.dylib+0x482594], sa_mask[0]=11111111011111110111111111111111, sa_flags=SA_RESTART|SA_SIGINFO
SIGILL: [libjvm.dylib+0x482594], sa_mask[0]=11111111011111110111111111111111, sa_flags=SA_RESTART|SA_SIGINFO
SIGUSR1: SIG_DFL, sa_mask[0]=00000000000000000000000000000000, sa_flags=none
SIGUSR2: [libjvm.dylib+0x4820b2], sa_mask[0]=00100000000000000000000000000000, sa_flags=SA_RESTART|SA_SIGINFO
SIGHUP: [libjvm.dylib+0x480689], sa_mask[0]=11111111011111110111111111111111, sa_flags=SA_RESTART|SA_SIGINFO
SIGINT: [libjvm.dylib+0x480689], sa_mask[0]=11111111011111110111111111111111, sa_flags=SA_RESTART|SA_SIGINFO
SIGTERM: [libjvm.dylib+0x480689], sa_mask[0]=11111111011111110111111111111111, sa_flags=SA_RESTART|SA_SIGINFO
SIGQUIT: [libjvm.dylib+0x480689], sa_mask[0]=11111111011111110111111111111111, sa_flags=SA_RESTART|SA_SIGINFO


---------------  S Y S T E M  ---------------

OS:Bsduname:Darwin 15.4.0 Darwin Kernel Version 15.4.0: Fri Feb 26 22:08:05 PST 2016; root:xnu-3248.40.184~3/RELEASE_X86_64 x86_64
rlimit: STACK 8192k, CORE 0k, NPROC 709, NOFILE 10240, AS infinity
load average:3.53 3.58 3.49

CPU:total 4 (4 cores per cpu, 1 threads per core) family 6 model 30 stepping 5, cmov, cx8, fxsr, mmx, sse, sse2, sse3, ssse3, sse4.1, sse4.2, popcnt, tsc, tscinvbit

Memory: 4k page, physical 8388608k(1159136k free)

/proc/meminfo:


vm_info: Java HotSpot(TM) 64-Bit Server VM (25.91-b14) for bsd-amd64 JRE (1.8.0_91-b14), built on Apr  1 2016 01:03:00 by "java_re" with gcc 4.2.1 (Based on Apple Inc. build 5658) (LLVM build 2336.11.00)

time: Thu May 26 12:44:18 2016
elapsed time: 3813 seconds (0d 1h 3m 33s)

