#
# A fatal error has been detected by the Java Runtime Environment:
#
#  SIGSEGV (0xb) at pc=0x00007fff97afa4dd, pid=16098, tid=2571
#
# JRE version: Java(TM) SE Runtime Environment (8.0_91-b14) (build 1.8.0_91-b14)
# Java VM: Java HotSpot(TM) 64-Bit Server VM (25.91-b14 mixed mode bsd-amd64 compressed oops)
# Problematic frame:
# C  [libobjc.A.dylib+0x14dd]  objc_msgSend+0x1d
#
# Failed to write core dump. Core dumps have been disabled. To enable core dumping, try "ulimit -c unlimited" before starting Java again
#
# If you would like to submit a bug report, please visit:
#   http://bugreport.java.com/bugreport/crash.jsp
# The crash happened outside the Java Virtual Machine in native code.
# See problematic frame for where to report the bug.
#

---------------  T H R E A D  ---------------

Current thread (0x00007fc772083000):  JavaThread "AWT-AppKit" daemon [_thread_in_native, id=2571, stack(0x00007fff57443000,0x00007fff57c43000)]

siginfo: si_signo: 11 (SIGSEGV), si_code: 1 (SEGV_MAPERR), si_addr: 0x0000000000000018

Registers:
RAX=0x00007fc7769a2d50, RBX=0x000000018a52b450, RCX=0x0000000121c820a0, RDX=0x0000000121c82740
RSP=0x00007fff57c3e3a8, RBP=0x00007fff57c3e460, RSI=0x00007fff8b405ce6, RDI=0x00007fc776aef670
R8 =0x0000000000000000, R9 =0x00000000000008b0, R10=0x00007fff8b405ce6, R11=0x0000000000000000
R12=0x0000000000000000, R13=0x000000018c213a98, R14=0x000000018a52b440, R15=0x00007fc772083000
RIP=0x00007fff97afa4dd, EFLAGS=0x0000000000010246, ERR=0x0000000000000004
  TRAPNO=0x000000000000000e

Top of Stack: (sp=0x00007fff57c3e3a8)
0x00007fff57c3e3a8:   000000018a529157 00007fff57c3e400
0x00007fff57c3e3b8:   0000000000000003 00007fff57c3e3e0
0x00007fff57c3e3c8:   0000000108df24ea 000000018c213a98
0x00007fff57c3e3d8:   000000018c213a98 00007fc7769a2d50
0x00007fff57c3e3e8:   000000018a52b6a0 000000018a52b710
0x00007fff57c3e3f8:   00007fff7a8e6770 00007fff7c4f4500
0x00007fff57c3e408:   000000018a52b450 000000018a52b690
0x00007fff57c3e418:   00007fc7769a2d50 00007fc776aef670
0x00007fff57c3e428:   00007fc771c1ef80 00007fc7769a2d50
0x00007fff57c3e438:   00007fc776aef670 00007fff57c3e4e8
0x00007fff57c3e448:   00007fc7720831f8 000000018c213a98
0x00007fff57c3e458:   00007fff57c3e510 00007fff57c3e4d8
0x00007fff57c3e468:   0000000109ba9814 000000018c213a98
0x00007fff57c3e478:   00007fff57c3e510 00007fff57c3e4d8
0x00007fff57c3e488:   0000000109ba95a7 0000000109ba9562
0x00007fff57c3e498:   00007fff57c3e498 000000018c213a98
0x00007fff57c3e4a8:   00007fff57c3e510 000000018c237028
0x00007fff57c3e4b8:   0000000000000000 000000018c213a98
0x00007fff57c3e4c8:   0000000000000000 00007fff57c3e4f8
0x00007fff57c3e4d8:   00007fff57c3e558 0000000109b9c2bd
0x00007fff57c3e4e8:   0000000741a91750 0000000109ba5538
0x00007fff57c3e4f8:   00007fc7769a2d50 00007fff57c3e558
0x00007fff57c3e508:   00007fc776aef670 0000000109ba6e02
0x00007fff57c3e518:   00007fff57c3e518 000000018c213c62
0x00007fff57c3e528:   00007fff57c3e580 000000018c237028
0x00007fff57c3e538:   0000000000000000 000000018c213c70
0x00007fff57c3e548:   00007fff57c3e4f8 00007fff57c3e568
0x00007fff57c3e558:   00007fff57c3e5c8 0000000109b9c2bd
0x00007fff57c3e568:   00007fc7769a2d50 0000000740bce570
0x00007fff57c3e578:   00007fc776aef670 0000000740bce570
0x00007fff57c3e588:   00007fff57c3e588 00000001906dcd2e
0x00007fff57c3e598:   00007fff57c3e5d8 00000001906dcde8 

Instructions: (pc=0x00007fff97afa4dd)
0x00007fff97afa4bd:   44 00 00 48 85 ff 2e 74 62 40 f6 c7 01 2e 75 66
0x00007fff97afa4cd:   49 bb f8 ff ff ff ff 7f 00 00 4c 23 1f 49 89 f2
0x00007fff97afa4dd:   45 23 53 18 49 c1 e2 04 4d 03 53 10 49 3b 32 75
0x00007fff97afa4ed:   04 41 ff 62 08 49 83 3a 01 76 0d 49 83 c2 10 49 

Register to memory mapping:

RAX=0x00007fc7769a2d50 is an unknown value
RBX=0x000000018a52b450: Java_jogamp_nativewindow_macosx_OSXUtil_GetScreenRefreshRate0+0x1cf0 in /private/var/folders/tq/5cybh0451bx2v8l5x53f9c_h0000gn/T/jogamp_0000/file_cache/jln1668001465420941814/jln2732546276266706644/libnativewindow_macosx.jnilib at 0x000000018a524000
RCX=0x0000000121c820a0 is an unknown value
RDX=0x0000000121c82740 is an unknown value
RSP=0x00007fff57c3e3a8 is pointing into the stack for thread: 0x00007fc772083000
RBP=0x00007fff57c3e460 is pointing into the stack for thread: 0x00007fc772083000
RSI=0x00007fff8b405ce6 is an unknown value
RDI=0x00007fc776aef670 is an unknown value
R8 =0x0000000000000000 is an unknown value
R9 =0x00000000000008b0 is an unknown value
R10=0x00007fff8b405ce6 is an unknown value
R11=0x0000000000000000 is an unknown value
R12=0x0000000000000000 is an unknown value
R13={method} {0x000000018c213a98} 'UnsetJAWTRootSurfaceLayer0' '(JJ)V' in 'jogamp/nativewindow/jawt/macosx/MacOSXJAWTWindow'
R14=0x000000018a52b440: Java_jogamp_nativewindow_macosx_OSXUtil_GetScreenRefreshRate0+0x1ce0 in /private/var/folders/tq/5cybh0451bx2v8l5x53f9c_h0000gn/T/jogamp_0000/file_cache/jln1668001465420941814/jln2732546276266706644/libnativewindow_macosx.jnilib at 0x000000018a524000
R15=0x00007fc772083000 is a thread


Stack: [0x00007fff57443000,0x00007fff57c43000],  sp=0x00007fff57c3e3a8,  free space=8172k
Native frames: (J=compiled Java code, j=interpreted, Vv=VM code, C=native code)
C  [libobjc.A.dylib+0x14dd]  objc_msgSend+0x1d
j  jogamp.nativewindow.jawt.macosx.MacOSXJAWTWindow.UnsetJAWTRootSurfaceLayer0(JJ)V+0
j  jogamp.nativewindow.jawt.macosx.MacOSXJAWTWindow.access$200(JJ)V+2
j  jogamp.nativewindow.jawt.macosx.MacOSXJAWTWindow$1.run()V+38
j  com.jogamp.common.util.RunnableTask.run()V+24
v  ~StubRoutines::call_stub
V  [libjvm.dylib+0x2ec1e6]
V  [libjvm.dylib+0x323355]
V  [libjvm.dylib+0x315b23]
C  [libnativewindow_macosx.jnilib+0x5326]  Java_jogamp_nativewindow_jawt_macosx_MacOSXJAWTWindow_UnsetJAWTRootSurfaceLayer0+0x2b6
C  [Foundation+0x76f5e]  __NSThreadPerformPerform+0x117
C  [CoreFoundation+0xaa881]  __CFRUNLOOP_IS_CALLING_OUT_TO_A_SOURCE0_PERFORM_FUNCTION__+0x11
C  [CoreFoundation+0x89f37]  __CFRunLoopDoSources0+0x1a7
C  [CoreFoundation+0x894df]  __CFRunLoopRun+0x39f
C  [CoreFoundation+0x88ed8]  CFRunLoopRunSpecific+0x128
C  [HIToolbox+0x30935]  RunCurrentEventLoopInMode+0xeb
C  [HIToolbox+0x30677]  ReceiveNextEventCommon+0xb8
C  [HIToolbox+0x305af]  _BlockUntilNextEventMatchingListInModeWithFilter+0x47
C  [AppKit+0x48efa]  _DPSNextEvent+0x42b
C  [AppKit+0x4832a]  -[NSApplication _nextEventMatchingEventMask:untilDate:inMode:dequeue:]+0x1c6
C  [libosxapp.dylib+0x23aa]  -[NSApplicationAWT nextEventMatchingMask:untilDate:inMode:dequeue:]+0x7c
C  [AppKit+0x3ce84]  -[NSApplication run]+0x2aa
C  [libosxapp.dylib+0x214d]  +[NSApplicationAWT runAWTLoopWithApp:]+0x9c
C  [libawt_lwawt.dylib+0x4455b]  -[AWTStarter starter:]+0x389
C  [Foundation+0x76f5e]  __NSThreadPerformPerform+0x117
C  [CoreFoundation+0xaa881]  __CFRUNLOOP_IS_CALLING_OUT_TO_A_SOURCE0_PERFORM_FUNCTION__+0x11
C  [CoreFoundation+0x89fbc]  __CFRunLoopDoSources0+0x22c
C  [CoreFoundation+0x894df]  __CFRunLoopRun+0x39f
C  [CoreFoundation+0x88ed8]  CFRunLoopRunSpecific+0x128
C  [java+0x6463]  CreateExecutionEnvironment+0x367
C  [java+0x21ac]  JLI_Launch+0x7a0
C  [java+0x84c0]  main+0x65
C  [java+0x1a04]  start+0x34
C  0x0000000000000007

Java frames: (J=compiled Java code, j=interpreted, Vv=VM code)
j  jogamp.nativewindow.jawt.macosx.MacOSXJAWTWindow.UnsetJAWTRootSurfaceLayer0(JJ)V+0
j  jogamp.nativewindow.jawt.macosx.MacOSXJAWTWindow.access$200(JJ)V+2
j  jogamp.nativewindow.jawt.macosx.MacOSXJAWTWindow$1.run()V+38
j  com.jogamp.common.util.RunnableTask.run()V+24
v  ~StubRoutines::call_stub

---------------  P R O C E S S  ---------------

Java Threads: ( => current thread )
  0x00007fc777bc6800 JavaThread "Thread-96" [_thread_blocked, id=68383, stack(0x000070000104a000,0x000070000114a000)]
  0x00007fc772b36800 JavaThread "Animation Thread" [_thread_blocked, id=59487, stack(0x0000700001765000,0x0000700001865000)]
  0x00007fc7722a4800 JavaThread "AWT-EventQueue-1" [_thread_in_native, id=60203, stack(0x0000700001868000,0x0000700001968000)]
  0x00007fc772aec000 JavaThread "DestroyJavaVM" [_thread_blocked, id=5891, stack(0x000070000011a000,0x000070000021a000)]
  0x00007fc773948800 JavaThread "AWT-EventQueue-0" [_thread_blocked, id=53771, stack(0x0000700001662000,0x0000700001762000)]
  0x00007fc773930800 JavaThread "Java2D Disposer" daemon [_thread_blocked, id=48659, stack(0x00007000013d9000,0x00007000014d9000)]
  0x00007fc7731cf800 JavaThread "Java2D Queue Flusher" daemon [_thread_blocked, id=49927, stack(0x00007000012d6000,0x00007000013d6000)]
  0x00007fc773128800 JavaThread "AWT-Shutdown" [_thread_blocked, id=29731, stack(0x0000700001150000,0x0000700001250000)]
=>0x00007fc772083000 JavaThread "AWT-AppKit" daemon [_thread_in_native, id=2571, stack(0x00007fff57443000,0x00007fff57c43000)]
  0x00007fc77304a800 JavaThread "Service Thread" daemon [_thread_blocked, id=18179, stack(0x0000700000dc1000,0x0000700000ec1000)]
  0x00007fc773819000 JavaThread "C1 CompilerThread2" daemon [_thread_blocked, id=17667, stack(0x0000700000cbe000,0x0000700000dbe000)]
  0x00007fc773818800 JavaThread "C2 CompilerThread1" daemon [_thread_blocked, id=17155, stack(0x0000700000bbb000,0x0000700000cbb000)]
  0x00007fc773815000 JavaThread "C2 CompilerThread0" daemon [_thread_blocked, id=16643, stack(0x0000700000ab8000,0x0000700000bb8000)]
  0x00007fc772016000 JavaThread "Signal Dispatcher" daemon [_thread_blocked, id=12815, stack(0x00007000009b5000,0x0000700000ab5000)]
  0x00007fc773029000 JavaThread "Finalizer" daemon [_thread_blocked, id=12291, stack(0x000070000082f000,0x000070000092f000)]
  0x00007fc773028800 JavaThread "Reference Handler" daemon [_thread_blocked, id=11779, stack(0x000070000072c000,0x000070000082c000)]

Other Threads:
  0x00007fc772830800 VMThread [stack: 0x0000700000629000,0x0000700000729000] [id=11267]
  0x00007fc772864000 WatcherThread [stack: 0x0000700000ec4000,0x0000700000fc4000] [id=18691]

VM state:not at safepoint (normal execution)

VM Mutex/Monitor currently owned by a thread: None

Heap:
 PSYoungGen      total 29184K, used 19029K [0x0000000795580000, 0x0000000797300000, 0x00000007c0000000)
  eden space 28672K, 66% used [0x0000000795580000,0x00000007967fd448,0x0000000797180000)
  from space 512K, 18% used [0x0000000797280000,0x0000000797298000,0x0000000797300000)
  to   space 512K, 0% used [0x0000000797200000,0x0000000797200000,0x0000000797280000)
 ParOldGen       total 92672K, used 37455K [0x0000000740000000, 0x0000000745a80000, 0x0000000795580000)
  object space 92672K, 40% used [0x0000000740000000,0x0000000742493c28,0x0000000745a80000)
 Metaspace       used 21355K, capacity 21531K, committed 21808K, reserved 1069056K
  class space    used 2045K, capacity 2112K, committed 2176K, reserved 1048576K

Card table byte_map: [0x0000000118f54000,0x0000000119355000] byte_map_base: 0x0000000115554000

Marking Bits: (ParMarkBitMap*) 0x00000001094e6eb0
 Begin Bits: [0x0000000119600000, 0x000000011b600000)
 End Bits:   [0x000000011b600000, 0x000000011d600000)

Polling page: 0x0000000108280000

CodeCache: size=245760Kb used=9977Kb max_used=10005Kb free=235782Kb
 bounds [0x0000000109b94000, 0x000000010a594000, 0x0000000118b94000]
 total_blobs=3653 nmethods=2763 adapters=804
 compilation: enabled

Compilation events (10 events):
Event: 1734.828 Thread 0x00007fc773818800 3288       4       sun.java2d.SunGraphics2D::translate (68 bytes)
Event: 1734.829 Thread 0x00007fc773819000 3289       1       sun.java2d.SurfaceData::isValid (5 bytes)
Event: 1734.829 Thread 0x00007fc773819000 nmethod 3289 0x0000000109d8ead0 code [0x0000000109d8ec20, 0x0000000109d8ed30]
Event: 1734.830 Thread 0x00007fc773818800 nmethod 3288 0x000000010a078150 code [0x000000010a0782a0, 0x000000010a0783c8]
Event: 1734.830 Thread 0x00007fc773819000 3291  s!   2       sun.misc.URLClassPath::getLoader (197 bytes)
Event: 1734.830 Thread 0x00007fc773815000 3290  s    4       sun.misc.URLClassPath::getNextLoader (88 bytes)
Event: 1734.832 Thread 0x00007fc773819000 nmethod 3291 0x000000010a53acd0 code [0x000000010a53afc0, 0x000000010a53c6e8]
Event: 1734.835 Thread 0x00007fc773815000 nmethod 3290 0x000000010a389c90 code [0x000000010a389e00, 0x000000010a38a578]
Event: 1734.839 Thread 0x00007fc773818800 3292       4       com.jogamp.nativewindow.awt.AWTGraphicsConfiguration::getNativeGraphicsConfiguration (17 bytes)
Event: 1734.839 Thread 0x00007fc773818800 nmethod 3292 0x0000000109eb2a50 code [0x0000000109eb2ba0, 0x0000000109eb2c38]

GC Heap History (10 events):
Event: 1720.318 GC heap before
{Heap before GC invocations=503 (full 1):
 PSYoungGen      total 29184K, used 28736K [0x0000000795580000, 0x0000000797300000, 0x00000007c0000000)
  eden space 28672K, 100% used [0x0000000795580000,0x0000000797180000,0x0000000797180000)
  from space 512K, 12% used [0x0000000797200000,0x0000000797210000,0x0000000797280000)
  to   space 512K, 0% used [0x0000000797280000,0x0000000797280000,0x0000000797300000)
 ParOldGen       total 92672K, used 37455K [0x0000000740000000, 0x0000000745a80000, 0x0000000795580000)
  object space 92672K, 40% used [0x0000000740000000,0x0000000742493c28,0x0000000745a80000)
 Metaspace       used 21321K, capacity 21531K, committed 21808K, reserved 1069056K
  class space    used 2037K, capacity 2112K, committed 2176K, reserved 1048576K
Event: 1720.319 GC heap after
Heap after GC invocations=503 (full 1):
 PSYoungGen      total 29184K, used 64K [0x0000000795580000, 0x0000000797300000, 0x00000007c0000000)
  eden space 28672K, 0% used [0x0000000795580000,0x0000000795580000,0x0000000797180000)
  from space 512K, 12% used [0x0000000797280000,0x0000000797290000,0x0000000797300000)
  to   space 512K, 0% used [0x0000000797200000,0x0000000797200000,0x0000000797280000)
 ParOldGen       total 92672K, used 37455K [0x0000000740000000, 0x0000000745a80000, 0x0000000795580000)
  object space 92672K, 40% used [0x0000000740000000,0x0000000742493c28,0x0000000745a80000)
 Metaspace       used 21321K, capacity 21531K, committed 21808K, reserved 1069056K
  class space    used 2037K, capacity 2112K, committed 2176K, reserved 1048576K
}
Event: 1723.588 GC heap before
{Heap before GC invocations=504 (full 1):
 PSYoungGen      total 29184K, used 28736K [0x0000000795580000, 0x0000000797300000, 0x00000007c0000000)
  eden space 28672K, 100% used [0x0000000795580000,0x0000000797180000,0x0000000797180000)
  from space 512K, 12% used [0x0000000797280000,0x0000000797290000,0x0000000797300000)
  to   space 512K, 0% used [0x0000000797200000,0x0000000797200000,0x0000000797280000)
 ParOldGen       total 92672K, used 37455K [0x0000000740000000, 0x0000000745a80000, 0x0000000795580000)
  object space 92672K, 40% used [0x0000000740000000,0x0000000742493c28,0x0000000745a80000)
 Metaspace       used 21321K, capacity 21531K, committed 21808K, reserved 1069056K
  class space    used 2037K, capacity 2112K, committed 2176K, reserved 1048576K
Event: 1723.589 GC heap after
Heap after GC invocations=504 (full 1):
 PSYoungGen      total 29184K, used 96K [0x0000000795580000, 0x0000000797300000, 0x00000007c0000000)
  eden space 28672K, 0% used [0x0000000795580000,0x0000000795580000,0x0000000797180000)
  from space 512K, 18% used [0x0000000797200000,0x0000000797218000,0x0000000797280000)
  to   space 512K, 0% used [0x0000000797280000,0x0000000797280000,0x0000000797300000)
 ParOldGen       total 92672K, used 37455K [0x0000000740000000, 0x0000000745a80000, 0x0000000795580000)
  object space 92672K, 40% used [0x0000000740000000,0x0000000742493c28,0x0000000745a80000)
 Metaspace       used 21321K, capacity 21531K, committed 21808K, reserved 1069056K
  class space    used 2037K, capacity 2112K, committed 2176K, reserved 1048576K
}
Event: 1726.857 GC heap before
{Heap before GC invocations=505 (full 1):
 PSYoungGen      total 29184K, used 28768K [0x0000000795580000, 0x0000000797300000, 0x00000007c0000000)
  eden space 28672K, 100% used [0x0000000795580000,0x0000000797180000,0x0000000797180000)
  from space 512K, 18% used [0x0000000797200000,0x0000000797218000,0x0000000797280000)
  to   space 512K, 0% used [0x0000000797280000,0x0000000797280000,0x0000000797300000)
 ParOldGen       total 92672K, used 37455K [0x0000000740000000, 0x0000000745a80000, 0x0000000795580000)
  object space 92672K, 40% used [0x0000000740000000,0x0000000742493c28,0x0000000745a80000)
 Metaspace       used 21321K, capacity 21531K, committed 21808K, reserved 1069056K
  class space    used 2037K, capacity 2112K, committed 2176K, reserved 1048576K
Event: 1726.858 GC heap after
Heap after GC invocations=505 (full 1):
 PSYoungGen      total 29184K, used 96K [0x0000000795580000, 0x0000000797300000, 0x00000007c0000000)
  eden space 28672K, 0% used [0x0000000795580000,0x0000000795580000,0x0000000797180000)
  from space 512K, 18% used [0x0000000797280000,0x0000000797298000,0x0000000797300000)
  to   space 512K, 0% used [0x0000000797200000,0x0000000797200000,0x0000000797280000)
 ParOldGen       total 92672K, used 37455K [0x0000000740000000, 0x0000000745a80000, 0x0000000795580000)
  object space 92672K, 40% used [0x0000000740000000,0x0000000742493c28,0x0000000745a80000)
 Metaspace       used 21321K, capacity 21531K, committed 21808K, reserved 1069056K
  class space    used 2037K, capacity 2112K, committed 2176K, reserved 1048576K
}
Event: 1730.042 GC heap before
{Heap before GC invocations=506 (full 1):
 PSYoungGen      total 29184K, used 28768K [0x0000000795580000, 0x0000000797300000, 0x00000007c0000000)
  eden space 28672K, 100% used [0x0000000795580000,0x0000000797180000,0x0000000797180000)
  from space 512K, 18% used [0x0000000797280000,0x0000000797298000,0x0000000797300000)
  to   space 512K, 0% used [0x0000000797200000,0x0000000797200000,0x0000000797280000)
 ParOldGen       total 92672K, used 37455K [0x0000000740000000, 0x0000000745a80000, 0x0000000795580000)
  object space 92672K, 40% used [0x0000000740000000,0x0000000742493c28,0x0000000745a80000)
 Metaspace       used 21321K, capacity 21531K, committed 21808K, reserved 1069056K
  class space    used 2037K, capacity 2112K, committed 2176K, reserved 1048576K
Event: 1730.044 GC heap after
Heap after GC invocations=506 (full 1):
 PSYoungGen      total 29184K, used 96K [0x0000000795580000, 0x0000000797300000, 0x00000007c0000000)
  eden space 28672K, 0% used [0x0000000795580000,0x0000000795580000,0x0000000797180000)
  from space 512K, 18% used [0x0000000797200000,0x0000000797218000,0x0000000797280000)
  to   space 512K, 0% used [0x0000000797280000,0x0000000797280000,0x0000000797300000)
 ParOldGen       total 92672K, used 37455K [0x0000000740000000, 0x0000000745a80000, 0x0000000795580000)
  object space 92672K, 40% used [0x0000000740000000,0x0000000742493c28,0x0000000745a80000)
 Metaspace       used 21321K, capacity 21531K, committed 21808K, reserved 1069056K
  class space    used 2037K, capacity 2112K, committed 2176K, reserved 1048576K
}
Event: 1732.961 GC heap before
{Heap before GC invocations=507 (full 1):
 PSYoungGen      total 29184K, used 28768K [0x0000000795580000, 0x0000000797300000, 0x00000007c0000000)
  eden space 28672K, 100% used [0x0000000795580000,0x0000000797180000,0x0000000797180000)
  from space 512K, 18% used [0x0000000797200000,0x0000000797218000,0x0000000797280000)
  to   space 512K, 0% used [0x0000000797280000,0x0000000797280000,0x0000000797300000)
 ParOldGen       total 92672K, used 37455K [0x0000000740000000, 0x0000000745a80000, 0x0000000795580000)
  object space 92672K, 40% used [0x0000000740000000,0x0000000742493c28,0x0000000745a80000)
 Metaspace       used 21321K, capacity 21531K, committed 21808K, reserved 1069056K
  class space    used 2037K, capacity 2112K, committed 2176K, reserved 1048576K
Event: 1732.963 GC heap after
Heap after GC invocations=507 (full 1):
 PSYoungGen      total 29184K, used 96K [0x0000000795580000, 0x0000000797300000, 0x00000007c0000000)
  eden space 28672K, 0% used [0x0000000795580000,0x0000000795580000,0x0000000797180000)
  from space 512K, 18% used [0x0000000797280000,0x0000000797298000,0x0000000797300000)
  to   space 512K, 0% used [0x0000000797200000,0x0000000797200000,0x0000000797280000)
 ParOldGen       total 92672K, used 37455K [0x0000000740000000, 0x0000000745a80000, 0x0000000795580000)
  object space 92672K, 40% used [0x0000000740000000,0x0000000742493c28,0x0000000745a80000)
 Metaspace       used 21321K, capacity 21531K, committed 21808K, reserved 1069056K
  class space    used 2037K, capacity 2112K, committed 2176K, reserved 1048576K
}

Deoptimization events (10 events):
Event: 1734.828 Thread 0x00007fc772090800 Uncommon trap: reason=unstable_if action=reinterpret pc=0x000000010a106490 method=java.util.HashMap.putVal(ILjava/lang/Object;Ljava/lang/Object;ZZ)Ljava/lang/Object; @ 81
Event: 1734.828 Thread 0x00007fc772090800 Uncommon trap: reason=unstable_if action=reinterpret pc=0x000000010a1070d8 method=java.util.HashMap.putVal(ILjava/lang/Object;Ljava/lang/Object;ZZ)Ljava/lang/Object; @ 81
Event: 1734.828 Thread 0x00007fc773948800 Uncommon trap: reason=class_check action=maybe_recompile pc=0x000000010a3c3b5c method=java.awt.Component.getGraphics()Ljava/awt/Graphics; @ 114
Event: 1734.830 Thread 0x00007fc772083000 Uncommon trap: reason=class_check action=maybe_recompile pc=0x000000010a250500 method=com.jogamp.common.util.RunnableTask.run()V @ 24
Event: 1734.830 Thread 0x00007fc772083000 Uncommon trap: reason=unstable_if action=reinterpret pc=0x0000000109edfefc method=jogamp.nativewindow.macosx.OSXUtil.RunOnMainThread(ZZLjava/lang/Runnable;)V @ 3
Event: 1734.837 Thread 0x00007fc7722a4800 Uncommon trap: reason=unstable_if action=reinterpret pc=0x000000010a2e0718 method=jogamp.opengl.GLContextImpl.release(Z)V @ 161
Event: 1734.839 Thread 0x00007fc7722a4800 Uncommon trap: reason=unstable_if action=reinterpret pc=0x000000010a290c98 method=java.util.LinkedList$ListItr.<init>(Ljava/util/LinkedList;I)V @ 26
Event: 1734.839 Thread 0x00007fc7722a4800 Uncommon trap: reason=unstable_if action=reinterpret pc=0x0000000109d73a1c method=java.security.AccessControlContext.optimize()Ljava/security/AccessControlContext; @ 233
Event: 1734.841 Thread 0x00007fc773948800 Uncommon trap: reason=class_check action=maybe_recompile pc=0x000000010a3c3b5c method=java.awt.Component.getGraphics()Ljava/awt/Graphics; @ 114
Event: 1734.846 Thread 0x00007fc772083000 Uncommon trap: reason=class_check action=maybe_recompile pc=0x000000010a250500 method=com.jogamp.common.util.RunnableTask.run()V @ 24

Internal exceptions (10 events):
Event: 0.153 Thread 0x00007fc773801800 Exception <a 'java/lang/NoSuchFieldError': method resolution failed> (0x0000000795785c90) thrown at [/Users/java_re/workspace/8-2-build-macosx-x86_64/jdk8u91/6644/hotspot/src/share/vm/prims/methodHandles.cpp, line 1146]
Event: 0.155 Thread 0x00007fc773801800 Exception <a 'java/lang/NoSuchFieldError': method resolution failed> (0x0000000795793460) thrown at [/Users/java_re/workspace/8-2-build-macosx-x86_64/jdk8u91/6644/hotspot/src/share/vm/prims/methodHandles.cpp, line 1146]
Event: 0.271 Thread 0x00007fc773801800 Exception <a 'java/io/FileNotFoundException'> (0x000000079580f758) thrown at [/Users/java_re/workspace/8-2-build-macosx-x86_64/jdk8u91/6644/hotspot/src/share/vm/prims/jni.cpp, line 709]
Event: 0.271 Thread 0x00007fc773801800 Exception <a 'java/io/FileNotFoundException'> (0x00000007958102c0) thrown at [/Users/java_re/workspace/8-2-build-macosx-x86_64/jdk8u91/6644/hotspot/src/share/vm/prims/jni.cpp, line 709]
Event: 0.371 Thread 0x00007fc773801800 Exception <a 'java/io/FileNotFoundException'> (0x000000079594bbe8) thrown at [/Users/java_re/workspace/8-2-build-macosx-x86_64/jdk8u91/6644/hotspot/src/share/vm/prims/jni.cpp, line 709]
Event: 1.943 Thread 0x00007fc772b36800 Exception <a 'java/lang/UnsatisfiedLinkError': com.jogamp.common.util.JarUtil.fixNativeLibAttribs(Ljava/lang/String;)Z> (0x0000000796be3c08) thrown at [/Users/java_re/workspace/8-2-build-macosx-x86_64/jdk8u91/6644/hotspot/src/share/vm/prims/nativeLookup.c
Event: 2.272 Thread 0x00007fc773029000 Exception <a 'java/lang/NullPointerException'> (0x00000007956a4d18) thrown at [/Users/java_re/workspace/8-2-build-macosx-x86_64/jdk8u91/6644/hotspot/src/share/vm/interpreter/linkResolver.cpp, line 1178]
Event: 2.908 Thread 0x00007fc7722a4800 Exception <a 'java/io/FileNotFoundException'> (0x0000000795f32be8) thrown at [/Users/java_re/workspace/8-2-build-macosx-x86_64/jdk8u91/6644/hotspot/src/share/vm/prims/jni.cpp, line 709]
Event: 2.908 Thread 0x00007fc7722a4800 Exception <a 'java/io/FileNotFoundException'> (0x0000000795f38f88) thrown at [/Users/java_re/workspace/8-2-build-macosx-x86_64/jdk8u91/6644/hotspot/src/share/vm/prims/jni.cpp, line 709]
Event: 2.908 Thread 0x00007fc7722a4800 Implicit null exception at 0x0000000109d338f5 to 0x0000000109d33c45

Events (10 events):
Event: 1734.840 loading class java/awt/Toolkit$ToolkitEventMulticaster done
Event: 1734.840 Thread 0x00007fc772090800 Thread exited: 0x00007fc772090800
Event: 1734.841 loading class java/awt/Window$1DisposeAction
Event: 1734.841 Thread 0x00007fc773948800 Uncommon trap: trap_request=0xffffffde fr.pc=0x000000010a3c3b5c
Event: 1734.841 loading class java/awt/Window$1DisposeAction done
Event: 1734.841 Thread 0x00007fc773948800 DEOPT PACKING pc=0x000000010a3c3b5c sp=0x000070000175fb80
Event: 1734.841 Thread 0x00007fc773948800 DEOPT UNPACKING pc=0x0000000109b99229 sp=0x000070000175fb90 mode 2
Event: 1734.846 Thread 0x00007fc772083000 Uncommon trap: trap_request=0xffffffde fr.pc=0x000000010a250500
Event: 1734.846 Thread 0x00007fc772083000 DEOPT PACKING pc=0x000000010a250500 sp=0x00007fff57c3e620
Event: 1734.846 Thread 0x00007fc772083000 DEOPT UNPACKING pc=0x0000000109b99229 sp=0x00007fff57c3e5c8 mode 2


Dynamic libraries:
0x0000000009285000 	/System/Library/Frameworks/Cocoa.framework/Versions/A/Cocoa
0x0000000009285000 	/System/Library/Frameworks/Security.framework/Versions/A/Security
0x0000000009285000 	/System/Library/Frameworks/ApplicationServices.framework/Versions/A/ApplicationServices
0x0000000009285000 	/usr/lib/libz.1.dylib
0x0000000009285000 	/usr/lib/libSystem.B.dylib
0x0000000009285000 	/usr/lib/libobjc.A.dylib
0x0000000009285000 	/System/Library/Frameworks/CoreFoundation.framework/Versions/A/CoreFoundation
0x0000000009285000 	/System/Library/Frameworks/Foundation.framework/Versions/C/Foundation
0x0000000009285000 	/System/Library/Frameworks/AppKit.framework/Versions/C/AppKit
0x0000000009285000 	/System/Library/Frameworks/CoreData.framework/Versions/A/CoreData
0x0000000009285000 	/System/Library/PrivateFrameworks/RemoteViewServices.framework/Versions/A/RemoteViewServices
0x0000000009285000 	/System/Library/PrivateFrameworks/UIFoundation.framework/Versions/A/UIFoundation
0x0000000009285000 	/usr/lib/libScreenReader.dylib
0x0000000009285000 	/System/Library/Frameworks/Accelerate.framework/Versions/A/Accelerate
0x0000000009285000 	/System/Library/Frameworks/IOSurface.framework/Versions/A/IOSurface
0x0000000009285000 	/System/Library/Frameworks/AudioToolbox.framework/Versions/A/AudioToolbox
0x0000000009285000 	/System/Library/Frameworks/AudioUnit.framework/Versions/A/AudioUnit
0x0000000009285000 	/System/Library/PrivateFrameworks/DataDetectorsCore.framework/Versions/A/DataDetectorsCore
0x0000000009285000 	/System/Library/PrivateFrameworks/DesktopServicesPriv.framework/Versions/A/DesktopServicesPriv
0x0000000009285000 	/System/Library/Frameworks/Carbon.framework/Versions/A/Frameworks/HIToolbox.framework/Versions/A/HIToolbox
0x0000000009285000 	/System/Library/Frameworks/QuartzCore.framework/Versions/A/QuartzCore
0x0000000009285000 	/System/Library/Frameworks/Carbon.framework/Versions/A/Frameworks/SpeechRecognition.framework/Versions/A/SpeechRecognition
0x0000000009285000 	/usr/lib/libauto.dylib
0x0000000009285000 	/usr/lib/libicucore.A.dylib
0x0000000009285000 	/usr/lib/libxml2.2.dylib
0x0000000009285000 	/System/Library/PrivateFrameworks/CoreUI.framework/Versions/A/CoreUI
0x0000000009285000 	/System/Library/Frameworks/CoreAudio.framework/Versions/A/CoreAudio
0x0000000009285000 	/System/Library/Frameworks/DiskArbitration.framework/Versions/A/DiskArbitration
0x0000000009285000 	/usr/lib/liblangid.dylib
0x0000000009285000 	/System/Library/PrivateFrameworks/MultitouchSupport.framework/Versions/A/MultitouchSupport
0x0000000009285000 	/System/Library/Frameworks/IOKit.framework/Versions/A/IOKit
0x0000000009285000 	/usr/lib/libDiagnosticMessagesClient.dylib
0x0000000009285000 	/System/Library/Frameworks/CoreServices.framework/Versions/A/CoreServices
0x0000000009285000 	/System/Library/PrivateFrameworks/PerformanceAnalysis.framework/Versions/A/PerformanceAnalysis
0x0000000009285000 	/System/Library/PrivateFrameworks/GenerationalStorage.framework/Versions/A/GenerationalStorage
0x0000000009285000 	/System/Library/Frameworks/OpenGL.framework/Versions/A/OpenGL
0x0000000009285000 	/System/Library/PrivateFrameworks/Sharing.framework/Versions/A/Sharing
0x0000000009285000 	/System/Library/Frameworks/CoreGraphics.framework/Versions/A/CoreGraphics
0x0000000009285000 	/System/Library/Frameworks/CoreImage.framework/Versions/A/CoreImage
0x0000000009285000 	/System/Library/Frameworks/CoreText.framework/Versions/A/CoreText
0x0000000009285000 	/System/Library/Frameworks/ImageIO.framework/Versions/A/ImageIO
0x0000000009285000 	/System/Library/PrivateFrameworks/Backup.framework/Versions/A/Backup
0x0000000009285000 	/usr/lib/libextension.dylib
0x0000000009285000 	/usr/lib/libarchive.2.dylib
0x0000000009285000 	/System/Library/Frameworks/CFNetwork.framework/Versions/A/CFNetwork
0x0000000009285000 	/System/Library/Frameworks/SystemConfiguration.framework/Versions/A/SystemConfiguration
0x0000000009285000 	/usr/lib/libCRFSuite.dylib
0x0000000009285000 	/usr/lib/libc++.1.dylib
0x0000000009285000 	/usr/lib/libc++abi.dylib
0x0000000009285000 	/usr/lib/system/libcache.dylib
0x0000000009285000 	/usr/lib/system/libcommonCrypto.dylib
0x0000000009285000 	/usr/lib/system/libcompiler_rt.dylib
0x0000000009285000 	/usr/lib/system/libcopyfile.dylib
0x0000000009285000 	/usr/lib/system/libcorecrypto.dylib
0x0000000009285000 	/usr/lib/system/libdispatch.dylib
0x0000000009285000 	/usr/lib/system/libdyld.dylib
0x0000000009285000 	/usr/lib/system/libkeymgr.dylib
0x0000000009285000 	/usr/lib/system/liblaunch.dylib
0x0000000009285000 	/usr/lib/system/libmacho.dylib
0x0000000009285000 	/usr/lib/system/libquarantine.dylib
0x0000000009285000 	/usr/lib/system/libremovefile.dylib
0x0000000009285000 	/usr/lib/system/libsystem_asl.dylib
0x0000000009285000 	/usr/lib/system/libsystem_blocks.dylib
0x0000000009285000 	/usr/lib/system/libsystem_c.dylib
0x0000000009285000 	/usr/lib/system/libsystem_configuration.dylib
0x0000000009285000 	/usr/lib/system/libsystem_coreservices.dylib
0x0000000009285000 	/usr/lib/system/libsystem_coretls.dylib
0x0000000009285000 	/usr/lib/system/libsystem_dnssd.dylib
0x0000000009285000 	/usr/lib/system/libsystem_info.dylib
0x0000000009285000 	/usr/lib/system/libsystem_kernel.dylib
0x0000000009285000 	/usr/lib/system/libsystem_m.dylib
0x0000000009285000 	/usr/lib/system/libsystem_malloc.dylib
0x0000000009285000 	/usr/lib/system/libsystem_network.dylib
0x0000000009285000 	/usr/lib/system/libsystem_networkextension.dylib
0x0000000009285000 	/usr/lib/system/libsystem_notify.dylib
0x0000000009285000 	/usr/lib/system/libsystem_platform.dylib
0x0000000009285000 	/usr/lib/system/libsystem_pthread.dylib
0x0000000009285000 	/usr/lib/system/libsystem_sandbox.dylib
0x0000000009285000 	/usr/lib/system/libsystem_secinit.dylib
0x0000000009285000 	/usr/lib/system/libsystem_trace.dylib
0x0000000009285000 	/usr/lib/system/libunc.dylib
0x0000000009285000 	/usr/lib/system/libunwind.dylib
0x0000000009285000 	/usr/lib/system/libxpc.dylib
0x0000000009285000 	/usr/lib/libenergytrace.dylib
0x0000000009285000 	/usr/lib/libbsm.0.dylib
0x0000000009285000 	/usr/lib/system/libkxld.dylib
0x0000000009285000 	/usr/lib/libxar.1.dylib
0x0000000009285000 	/usr/lib/libsqlite3.dylib
0x0000000009285000 	/usr/lib/libpam.2.dylib
0x0000000009285000 	/usr/lib/libOpenScriptingUtil.dylib
0x0000000009285000 	/usr/lib/libbz2.1.0.dylib
0x0000000009285000 	/usr/lib/liblzma.5.dylib
0x0000000009285000 	/System/Library/Frameworks/CoreServices.framework/Versions/A/Frameworks/FSEvents.framework/Versions/A/FSEvents
0x0000000009285000 	/System/Library/Frameworks/CoreServices.framework/Versions/A/Frameworks/CarbonCore.framework/Versions/A/CarbonCore
0x0000000009285000 	/System/Library/Frameworks/CoreServices.framework/Versions/A/Frameworks/Metadata.framework/Versions/A/Metadata
0x0000000009285000 	/System/Library/Frameworks/CoreServices.framework/Versions/A/Frameworks/OSServices.framework/Versions/A/OSServices
0x0000000009285000 	/System/Library/Frameworks/CoreServices.framework/Versions/A/Frameworks/SearchKit.framework/Versions/A/SearchKit
0x0000000009285000 	/System/Library/Frameworks/CoreServices.framework/Versions/A/Frameworks/AE.framework/Versions/A/AE
0x0000000009285000 	/System/Library/Frameworks/CoreServices.framework/Versions/A/Frameworks/LaunchServices.framework/Versions/A/LaunchServices
0x0000000009285000 	/System/Library/Frameworks/CoreServices.framework/Versions/A/Frameworks/DictionaryServices.framework/Versions/A/DictionaryServices
0x0000000009285000 	/System/Library/Frameworks/CoreServices.framework/Versions/A/Frameworks/SharedFileList.framework/Versions/A/SharedFileList
0x0000000009285000 	/System/Library/Frameworks/NetFS.framework/Versions/A/NetFS
0x0000000009285000 	/System/Library/PrivateFrameworks/NetAuth.framework/Versions/A/NetAuth
0x0000000009285000 	/System/Library/PrivateFrameworks/login.framework/Versions/A/Frameworks/loginsupport.framework/Versions/A/loginsupport
0x0000000009285000 	/System/Library/PrivateFrameworks/TCC.framework/Versions/A/TCC
0x0000000009285000 	/usr/lib/libmecabra.dylib
0x0000000009285000 	/System/Library/Frameworks/ApplicationServices.framework/Versions/A/Frameworks/ATS.framework/Versions/A/ATS
0x0000000009285000 	/System/Library/Frameworks/ApplicationServices.framework/Versions/A/Frameworks/ColorSync.framework/Versions/A/ColorSync
0x0000000009285000 	/System/Library/Frameworks/ApplicationServices.framework/Versions/A/Frameworks/HIServices.framework/Versions/A/HIServices
0x0000000009285000 	/System/Library/Frameworks/ApplicationServices.framework/Versions/A/Frameworks/LangAnalysis.framework/Versions/A/LangAnalysis
0x0000000009285000 	/System/Library/Frameworks/ApplicationServices.framework/Versions/A/Frameworks/PrintCore.framework/Versions/A/PrintCore
0x0000000009285000 	/System/Library/Frameworks/ApplicationServices.framework/Versions/A/Frameworks/QD.framework/Versions/A/QD
0x0000000009285000 	/System/Library/Frameworks/ApplicationServices.framework/Versions/A/Frameworks/SpeechSynthesis.framework/Versions/A/SpeechSynthesis
0x0000000009285000 	/System/Library/Frameworks/Metal.framework/Versions/A/Metal
0x0000000009285000 	/System/Library/Frameworks/Accelerate.framework/Versions/A/Frameworks/vImage.framework/Versions/A/vImage
0x0000000009285000 	/System/Library/Frameworks/Accelerate.framework/Versions/A/Frameworks/vecLib.framework/Versions/A/vecLib
0x0000000009285000 	/System/Library/Frameworks/Accelerate.framework/Versions/A/Frameworks/vecLib.framework/Versions/A/libvDSP.dylib
0x0000000009285000 	/System/Library/Frameworks/Accelerate.framework/Versions/A/Frameworks/vecLib.framework/Versions/A/libvMisc.dylib
0x0000000009285000 	/System/Library/Frameworks/Accelerate.framework/Versions/A/Frameworks/vecLib.framework/Versions/A/libLAPACK.dylib
0x0000000009285000 	/System/Library/Frameworks/Accelerate.framework/Versions/A/Frameworks/vecLib.framework/Versions/A/libBLAS.dylib
0x0000000009285000 	/System/Library/Frameworks/Accelerate.framework/Versions/A/Frameworks/vecLib.framework/Versions/A/libLinearAlgebra.dylib
0x0000000009285000 	/System/Library/Frameworks/Accelerate.framework/Versions/A/Frameworks/vecLib.framework/Versions/A/libSparseBLAS.dylib
0x0000000009285000 	/System/Library/PrivateFrameworks/GPUCompiler.framework/libmetal_timestamp.dylib
0x0000000009285000 	/System/Library/Frameworks/OpenGL.framework/Versions/A/Libraries/libCoreFSCache.dylib
0x0000000009285000 	/System/Library/PrivateFrameworks/IOAccelerator.framework/Versions/A/IOAccelerator
0x0000000009285000 	/System/Library/Frameworks/ApplicationServices.framework/Versions/A/Frameworks/ATS.framework/Versions/A/Resources/libFontParser.dylib
0x0000000009285000 	/System/Library/Frameworks/ApplicationServices.framework/Versions/A/Frameworks/ATS.framework/Versions/A/Resources/libFontRegistry.dylib
0x0000000009285000 	/System/Library/PrivateFrameworks/AppleVPA.framework/Versions/A/AppleVPA
0x0000000009285000 	/System/Library/PrivateFrameworks/AppleJPEG.framework/Versions/A/AppleJPEG
0x0000000009285000 	/System/Library/Frameworks/ImageIO.framework/Versions/A/Resources/libJPEG.dylib
0x0000000009285000 	/System/Library/Frameworks/ImageIO.framework/Versions/A/Resources/libTIFF.dylib
0x0000000009285000 	/System/Library/Frameworks/ImageIO.framework/Versions/A/Resources/libPng.dylib
0x0000000009285000 	/System/Library/Frameworks/ImageIO.framework/Versions/A/Resources/libGIF.dylib
0x0000000009285000 	/System/Library/Frameworks/ImageIO.framework/Versions/A/Resources/libJP2.dylib
0x0000000009285000 	/System/Library/Frameworks/ImageIO.framework/Versions/A/Resources/libRadiance.dylib
0x0000000009285000 	/System/Library/Frameworks/CoreVideo.framework/Versions/A/CoreVideo
0x0000000009285000 	/System/Library/Frameworks/OpenGL.framework/Versions/A/Libraries/libGLU.dylib
0x0000000009285000 	/System/Library/Frameworks/OpenGL.framework/Versions/A/Libraries/libGFXShared.dylib
0x0000000009285000 	/System/Library/Frameworks/OpenGL.framework/Versions/A/Libraries/libGL.dylib
0x0000000009285000 	/System/Library/Frameworks/OpenGL.framework/Versions/A/Libraries/libGLImage.dylib
0x0000000009285000 	/System/Library/Frameworks/OpenGL.framework/Versions/A/Libraries/libCVMSPluginSupport.dylib
0x0000000009285000 	/System/Library/Frameworks/OpenGL.framework/Versions/A/Libraries/libCoreVMClient.dylib
0x0000000009285000 	/usr/lib/libcups.2.dylib
0x0000000009285000 	/System/Library/Frameworks/Kerberos.framework/Versions/A/Kerberos
0x0000000009285000 	/System/Library/Frameworks/GSS.framework/Versions/A/GSS
0x0000000009285000 	/usr/lib/libresolv.9.dylib
0x0000000009285000 	/usr/lib/libiconv.2.dylib
0x0000000009285000 	/System/Library/PrivateFrameworks/Heimdal.framework/Versions/A/Heimdal
0x0000000009285000 	/usr/lib/libheimdal-asn1.dylib
0x0000000009285000 	/System/Library/Frameworks/OpenDirectory.framework/Versions/A/OpenDirectory
0x0000000009285000 	/System/Library/PrivateFrameworks/CommonAuth.framework/Versions/A/CommonAuth
0x0000000009285000 	/System/Library/Frameworks/OpenDirectory.framework/Versions/A/Frameworks/CFOpenDirectory.framework/Versions/A/CFOpenDirectory
0x0000000009285000 	/System/Library/Frameworks/SecurityFoundation.framework/Versions/A/SecurityFoundation
0x0000000009285000 	/System/Library/PrivateFrameworks/LanguageModeling.framework/Versions/A/LanguageModeling
0x0000000009285000 	/usr/lib/libmarisa.dylib
0x0000000009285000 	/usr/lib/libChineseTokenizer.dylib
0x0000000009285000 	/usr/lib/libcmph.dylib
0x0000000009285000 	/usr/lib/libcompression.dylib
0x0000000009285000 	/System/Library/Frameworks/ServiceManagement.framework/Versions/A/ServiceManagement
0x0000000009285000 	/usr/lib/libxslt.1.dylib
0x0000000009285000 	/System/Library/Frameworks/Carbon.framework/Versions/A/Frameworks/Ink.framework/Versions/A/Ink
0x0000000009285000 	/usr/lib/libFosl_dynamic.dylib
0x0000000009285000 	/System/Library/PrivateFrameworks/FaceCore.framework/Versions/A/FaceCore
0x0000000009285000 	/System/Library/Frameworks/OpenCL.framework/Versions/A/OpenCL
0x0000000009285000 	/System/Library/PrivateFrameworks/CrashReporterSupport.framework/Versions/A/CrashReporterSupport
0x0000000009285000 	/System/Library/PrivateFrameworks/IconServices.framework/Versions/A/IconServices
0x0000000009285000 	/System/Library/PrivateFrameworks/Apple80211.framework/Versions/A/Apple80211
0x0000000009285000 	/System/Library/Frameworks/CoreWLAN.framework/Versions/A/CoreWLAN
0x0000000009285000 	/System/Library/Frameworks/IOBluetooth.framework/Versions/A/IOBluetooth
0x0000000009285000 	/System/Library/PrivateFrameworks/CoreWiFi.framework/Versions/A/CoreWiFi
0x0000000009285000 	/System/Library/Frameworks/CoreBluetooth.framework/Versions/A/CoreBluetooth
0x0000000009285000 	/System/Library/PrivateFrameworks/ChunkingLibrary.framework/Versions/A/ChunkingLibrary
0x0000000009285000 	/System/Library/PrivateFrameworks/DebugSymbols.framework/Versions/A/DebugSymbols
0x0000000009285000 	/System/Library/PrivateFrameworks/CoreSymbolication.framework/Versions/A/CoreSymbolication
0x0000000009285000 	/System/Library/PrivateFrameworks/Symbolication.framework/Versions/A/Symbolication
0x0000000009285000 	/System/Library/PrivateFrameworks/SpeechRecognitionCore.framework/Versions/A/SpeechRecognitionCore
0x0000000108c00000 	/Library/Java/JavaVirtualMachines/jdk1.8.0_91.jdk/Contents/Home/jre/lib/server/libjvm.dylib
0x0000000009285000 	/usr/lib/libstdc++.6.dylib
0x000000010823d000 	/Library/Java/JavaVirtualMachines/jdk1.8.0_91.jdk/Contents/Home/jre/lib/libverify.dylib
0x000000010824b000 	/Library/Java/JavaVirtualMachines/jdk1.8.0_91.jdk/Contents/Home/jre/lib/libjava.dylib
0x000000010828a000 	/Library/Java/JavaVirtualMachines/jdk1.8.0_91.jdk/Contents/Home/jre/lib/libzip.dylib
0x000000011f395000 	/System/Library/Frameworks/JavaVM.framework/Frameworks/JavaRuntimeSupport.framework/JavaRuntimeSupport
0x000000011f3b0000 	/System/Library/Frameworks/JavaVM.framework/Versions/A/Frameworks/JavaNativeFoundation.framework/Versions/A/JavaNativeFoundation
0x000000011f3c5000 	/System/Library/Frameworks/JavaVM.framework/Versions/A/JavaVM
0x0000000009285000 	/System/Library/Frameworks/Carbon.framework/Versions/A/Carbon
0x000000011f3d2000 	/System/Library/PrivateFrameworks/JavaLaunching.framework/Versions/A/JavaLaunching
0x0000000009285000 	/System/Library/Frameworks/Carbon.framework/Versions/A/Frameworks/CommonPanels.framework/Versions/A/CommonPanels
0x0000000009285000 	/System/Library/Frameworks/Carbon.framework/Versions/A/Frameworks/Help.framework/Versions/A/Help
0x0000000009285000 	/System/Library/Frameworks/Carbon.framework/Versions/A/Frameworks/ImageCapture.framework/Versions/A/ImageCapture
0x0000000009285000 	/System/Library/Frameworks/Carbon.framework/Versions/A/Frameworks/OpenScripting.framework/Versions/A/OpenScripting
0x0000000009285000 	/System/Library/Frameworks/Carbon.framework/Versions/A/Frameworks/Print.framework/Versions/A/Print
0x0000000009285000 	/System/Library/Frameworks/Carbon.framework/Versions/A/Frameworks/SecurityHI.framework/Versions/A/SecurityHI
0x0000000120cf0000 	/Library/Java/JavaVirtualMachines/jdk1.8.0_91.jdk/Contents/Home/jre/lib/libawt.dylib
0x0000000120d98000 	/Library/Java/JavaVirtualMachines/jdk1.8.0_91.jdk/Contents/Home/jre/lib/./libmlib_image.dylib
0x0000000120e64000 	/Library/Java/JavaVirtualMachines/jdk1.8.0_91.jdk/Contents/Home/jre/lib/libawt_lwawt.dylib
0x0000000120f19000 	/Library/Java/JavaVirtualMachines/jdk1.8.0_91.jdk/Contents/Home/jre/lib/./libosxapp.dylib
0x0000000009285000 	/System/Library/Frameworks/ExceptionHandling.framework/Versions/A/ExceptionHandling
0x0000000009285000 	/System/Library/PrivateFrameworks/CoreServicesInternal.framework/Versions/A/CoreServicesInternal
0x0000000009285000 	/System/Library/Frameworks/CoreGraphics.framework/Versions/A/Resources/libRIP.A.dylib
0x0000000009285000 	/System/Library/Frameworks/Accelerate.framework/Versions/A/Frameworks/vImage.framework/Versions/A/Libraries/libCGInterfaces.dylib
0x0000000009285000 	/System/Library/Frameworks/CoreGraphics.framework/Versions/A/Resources/libCGXType.A.dylib
0x0000000009285000 	/System/Library/Frameworks/OpenCL.framework/Versions/A/Libraries/libcldcpuengine.dylib
0x0000000009285000 	/System/Library/PrivateFrameworks/DiskImages.framework/Versions/A/DiskImages
0x0000000009285000 	/System/Library/Frameworks/DiscRecording.framework/Versions/A/DiscRecording
0x0000000009285000 	/usr/lib/libcsfde.dylib
0x0000000009285000 	/usr/lib/libcurl.4.dylib
0x0000000009285000 	/System/Library/PrivateFrameworks/MediaKit.framework/Versions/A/MediaKit
0x0000000009285000 	/System/Library/PrivateFrameworks/ProtectedCloudStorage.framework/Versions/A/ProtectedCloudStorage
0x0000000009285000 	/usr/lib/libCoreStorage.dylib
0x0000000009285000 	/System/Library/PrivateFrameworks/EFILogin.framework/Versions/A/EFILogin
0x0000000009285000 	/usr/lib/libutil.dylib
0x0000000009285000 	/System/Library/PrivateFrameworks/FindMyDevice.framework/Versions/A/FindMyDevice
0x0000000009285000 	/System/Library/Frameworks/LDAP.framework/Versions/A/LDAP
0x0000000009285000 	/usr/lib/libsasl2.2.dylib
0x0000000009285000 	/System/Library/PrivateFrameworks/CoreDaemon.framework/Versions/B/CoreDaemon
0x0000000009285000 	/usr/lib/libcrypto.0.9.8.dylib
0x0000000009285000 	/System/Library/PrivateFrameworks/AppleSRP.framework/Versions/A/AppleSRP
0x0000000009285000 	/System/Library/PrivateFrameworks/TrustEvaluationAgent.framework/Versions/A/TrustEvaluationAgent
0x000000012183d000 	cl_kernels
0x0000000009285000 	/System/Library/Frameworks/OpenCL.framework/Versions/A/Libraries/ImageFormats/unorm8_bgra.dylib
0x0000000009285000 	/System/Library/Frameworks/OpenCL.framework/Versions/A/Libraries/ImageFormats/unorm8_rgba.dylib
0x0000000009285000 	/System/Library/PrivateFrameworks/FamilyControls.framework/Versions/A/FamilyControls
0x0000000009285000 	/System/Library/PrivateFrameworks/CommerceKit.framework/Versions/A/Frameworks/CommerceCore.framework/Versions/A/CommerceCore
0x0000000009285000 	/System/Library/PrivateFrameworks/SystemAdministration.framework/Versions/A/SystemAdministration
0x0000000009285000 	/System/Library/PrivateFrameworks/AppContainer.framework/Versions/A/AppContainer
0x0000000009285000 	/System/Library/PrivateFrameworks/SecCodeWrapper.framework/Versions/A/SecCodeWrapper
0x0000000009285000 	/System/Library/Frameworks/DirectoryService.framework/Versions/A/DirectoryService
0x0000000009285000 	/System/Library/PrivateFrameworks/LoginUIKit.framework/Versions/A/Frameworks/LoginUICore.framework/Versions/A/LoginUICore
0x0000000009285000 	/usr/lib/libodfde.dylib
0x0000000009285000 	/System/Library/Frameworks/OpenGL.framework/Versions/A/Resources/GLEngine.bundle/GLEngine
0x0000000009285000 	/System/Library/Frameworks/OpenGL.framework/Versions/A/Libraries/libGLProgrammability.dylib
0x00000001236f6000 	/System/Library/Extensions/AMDRadeonX3000GLDriver.bundle/Contents/MacOS/AMDRadeonX3000GLDriver
0x0000000009285000 	/System/Library/PrivateFrameworks/GPUSupport.framework/Versions/A/Libraries/libGPUSupportMercury.dylib
0x00000001237d5000 	/System/Library/Extensions/AMDRadeonX3000GLDriver.bundle/Contents/MacOS/ATIRadeonX3000SCLib.dylib
0x0000000009285000 	/System/Library/Frameworks/OpenGL.framework/Versions/A/Resources/GLRendererFloat.bundle/GLRendererFloat
0x0000000123ac9000 	/Library/Java/JavaVirtualMachines/jdk1.8.0_91.jdk/Contents/Home/jre/lib/libfontmanager.dylib
0x00000001247a4000 	/Library/Java/JavaVirtualMachines/jdk1.8.0_91.jdk/Contents/Home/jre/lib/libosxui.dylib
0x000000012527b000 	/Library/Java/JavaVirtualMachines/jdk1.8.0_91.jdk/Contents/Home/jre/lib/libnet.dylib
0x0000000125535000 	/Library/Java/JavaVirtualMachines/jdk1.8.0_91.jdk/Contents/Home/jre/lib/libnio.dylib
0x0000000009285000 	/System/Library/Frameworks/ApplicationServices.framework/Versions/A/Frameworks/ATS.framework/Versions/A/Resources/libTrueTypeScaler.dylib
0x000000018a520000 	/private/var/folders/tq/5cybh0451bx2v8l5x53f9c_h0000gn/T/jogamp_0000/file_cache/jln1668001465420941814/jln2732546276266706644/libgluegen-rt.jnilib
0x00000001244a0000 	/private/var/folders/tq/5cybh0451bx2v8l5x53f9c_h0000gn/T/jogamp_0000/file_cache/jln1668001465420941814/jln2732546276266706644/libnativewindow_awt.jnilib
0x00000001244ac000 	/Library/Java/JavaVirtualMachines/jdk1.8.0_91.jdk/Contents/Home/jre/lib/libjawt.dylib
0x000000018a524000 	/private/var/folders/tq/5cybh0451bx2v8l5x53f9c_h0000gn/T/jogamp_0000/file_cache/jln1668001465420941814/jln2732546276266706644/libnativewindow_macosx.jnilib
0x000000018c357000 	/private/var/folders/tq/5cybh0451bx2v8l5x53f9c_h0000gn/T/jogamp_0000/file_cache/jln1668001465420941814/jln2732546276266706644/libjogl_desktop.jnilib
0x0000000122335000 	/Library/Java/JavaVirtualMachines/jdk1.8.0_91.jdk/Contents/Home/jre/lib/libt2k.dylib

VM Arguments:
jvm_args: -Djava.security.policy=java.policy.applet -Dfile.encoding=UTF-8 
java_command: sun.applet.AppletViewer module5.EarthquakeCityMap1463956022557.html
java_class_path (initial): /Users/limhoktan/Documents/workspace/UCSDUnfoldingMaps/build:/Users/limhoktan/Documents/workspace/UCSDUnfoldingMaps/lib/core.jar:/Users/limhoktan/Documents/workspace/UCSDUnfoldingMaps/lib/gluegen-rt.jar:/Users/limhoktan/Documents/workspace/UCSDUnfoldingMaps/lib/jogl-all.jar:/Users/limhoktan/Documents/workspace/UCSDUnfoldingMaps/lib/log4j-1.2.15.jar:/Users/limhoktan/Documents/workspace/UCSDUnfoldingMaps/lib/sqlite-jdbc-3.7.2.jar:/Users/limhoktan/Documents/workspace/UCSDUnfoldingMaps/lib/json4processing.jar:/Users/limhoktan/Documents/workspace/UCSDUnfoldingMaps/lib/libTUIO.jar:/Users/limhoktan/Documents/workspace/UCSDUnfoldingMaps/lib/unfolding.0.9.7-uscd.jar
Launcher Type: SUN_STANDARD

Environment Variables:
PATH=/usr/bin:/bin:/usr/sbin:/sbin
SHELL=/bin/bash
DISPLAY=/private/tmp/com.apple.launchd.3cFrEfN4Lz/org.macosforge.xquartz:0

Signal Handlers:
SIGSEGV: [libjvm.dylib+0x5a97a1], sa_mask[0]=11111111011111110111111111111111, sa_flags=SA_ONSTACK|SA_RESTART|SA_SIGINFO
SIGBUS: [libjvm.dylib+0x5a97a1], sa_mask[0]=11111111011111110111111111111111, sa_flags=SA_RESTART|SA_SIGINFO
SIGFPE: [libjvm.dylib+0x482594], sa_mask[0]=11111111011111110111111111111111, sa_flags=SA_RESTART|SA_SIGINFO
SIGPIPE: [libjvm.dylib+0x482594], sa_mask[0]=11111111011111110111111111111111, sa_flags=SA_RESTART|SA_SIGINFO
SIGXFSZ: [libjvm.dylib+0x482594], sa_mask[0]=11111111011111110111111111111111, sa_flags=SA_RESTART|SA_SIGINFO
SIGILL: [libjvm.dylib+0x482594], sa_mask[0]=11111111011111110111111111111111, sa_flags=SA_RESTART|SA_SIGINFO
SIGUSR1: SIG_DFL, sa_mask[0]=00000000000000000000000000000000, sa_flags=none
SIGUSR2: [libjvm.dylib+0x4820b2], sa_mask[0]=00100000000000000000000000000000, sa_flags=SA_RESTART|SA_SIGINFO
SIGHUP: [libjvm.dylib+0x480689], sa_mask[0]=11111111011111110111111111111111, sa_flags=SA_RESTART|SA_SIGINFO
SIGINT: [libjvm.dylib+0x480689], sa_mask[0]=11111111011111110111111111111111, sa_flags=SA_RESTART|SA_SIGINFO
SIGTERM: [libjvm.dylib+0x480689], sa_mask[0]=11111111011111110111111111111111, sa_flags=SA_RESTART|SA_SIGINFO
SIGQUIT: [libjvm.dylib+0x480689], sa_mask[0]=11111111011111110111111111111111, sa_flags=SA_RESTART|SA_SIGINFO


---------------  S Y S T E M  ---------------

OS:Bsduname:Darwin 15.4.0 Darwin Kernel Version 15.4.0: Fri Feb 26 22:08:05 PST 2016; root:xnu-3248.40.184~3/RELEASE_X86_64 x86_64
rlimit: STACK 8192k, CORE 0k, NPROC 709, NOFILE 10240, AS infinity
load average:2.81 2.23 1.97

CPU:total 4 (4 cores per cpu, 1 threads per core) family 6 model 30 stepping 5, cmov, cx8, fxsr, mmx, sse, sse2, sse3, ssse3, sse4.1, sse4.2, popcnt, tsc, tscinvbit

Memory: 4k page, physical 8388608k(1791884k free)

/proc/meminfo:


vm_info: Java HotSpot(TM) 64-Bit Server VM (25.91-b14) for bsd-amd64 JRE (1.8.0_91-b14), built on Apr  1 2016 01:03:00 by "java_re" with gcc 4.2.1 (Based on Apple Inc. build 5658) (LLVM build 2336.11.00)

time: Sun May 22 16:04:00 2016
elapsed time: 1734 seconds (0d 0h 28m 54s)

