#
# A fatal error has been detected by the Java Runtime Environment:
#
#  SIGSEGV (0xb) at pc=0x00007fff97afa4dd, pid=17298, tid=2571
#
# JRE version: Java(TM) SE Runtime Environment (8.0_91-b14) (build 1.8.0_91-b14)
# Java VM: Java HotSpot(TM) 64-Bit Server VM (25.91-b14 mixed mode bsd-amd64 compressed oops)
# Problematic frame:
# C  [libobjc.A.dylib+0x14dd]  objc_msgSend+0x1d
#
# Failed to write core dump. Core dumps have been disabled. To enable core dumping, try "ulimit -c unlimited" before starting Java again
#
# If you would like to submit a bug report, please visit:
#   http://bugreport.java.com/bugreport/crash.jsp
# The crash happened outside the Java Virtual Machine in native code.
# See problematic frame for where to report the bug.
#

---------------  T H R E A D  ---------------

Current thread (0x00007f86e28e6800):  JavaThread "AWT-AppKit" daemon [_thread_in_native, id=2571, stack(0x00007fff5769d000,0x00007fff57e9d000)]

siginfo: si_signo: 11 (SIGSEGV), si_code: 1 (SEGV_MAPERR), si_addr: 0x0000000000000018

Registers:
RAX=0x00007f86e61c66f0, RBX=0x000000018a2e8450, RCX=0x00000001218d2e00, RDX=0x0000000121a04dc0
RSP=0x00007fff57e983a8, RBP=0x00007fff57e98460, RSI=0x00007fff8b405ce6, RDI=0x00007f86e63dcdf0
R8 =0x0000000000000000, R9 =0x00000000000008b0, R10=0x00007fff8b405ce6, R11=0x0000000000000000
R12=0x0000000000000000, R13=0x000000018bffd708, R14=0x000000018a2e8440, R15=0x00007f86e28e6800
RIP=0x00007fff97afa4dd, EFLAGS=0x0000000000010246, ERR=0x0000000000000004
  TRAPNO=0x000000000000000e

Top of Stack: (sp=0x00007fff57e983a8)
0x00007fff57e983a8:   000000018a2e6157 00007fff57e98400
0x00007fff57e983b8:   0000000000000003 00007fff57e983e0
0x00007fff57e983c8:   00000001089f24ea 000000018bffd708
0x00007fff57e983d8:   000000018bffd708 00007f86e61c66f0
0x00007fff57e983e8:   000000018a2e86a0 000000018a2e8710
0x00007fff57e983f8:   00007fff7a8e6770 00007fff7c4f4500
0x00007fff57e98408:   000000018a2e8450 000000018a2e8690
0x00007fff57e98418:   00007f86e61c66f0 00007f86e63dcdf0
0x00007fff57e98428:   00007f86e1f29390 00007f86e61c66f0
0x00007fff57e98438:   00007f86e63dcdf0 00007fff57e984e8
0x00007fff57e98448:   00007f86e28e69f8 000000018bffd708
0x00007fff57e98458:   00007fff57e98510 00007fff57e984d8
0x00007fff57e98468:   00000001097e7814 000000018bffd708
0x00007fff57e98478:   00007fff57e98510 00007fff57e984d8
0x00007fff57e98488:   00000001097e75a7 00000001097e7562
0x00007fff57e98498:   00007fff57e98498 0000000000000000
0x00007fff57e984a8:   00007fff57e98510 000000018bffeeb8
0x00007fff57e984b8:   0000000000000000 000000018bffd708
0x00007fff57e984c8:   0000000000000000 00007fff57e984f8
0x00007fff57e984d8:   00007fff57e98558 00000001097da2bd
0x00007fff57e984e8:   0000000740067c60 00000001097e3538
0x00007fff57e984f8:   00007f86e61c66f0 00007fff57e98558
0x00007fff57e98508:   00007f86e63dcdf0 00000001097e4e02
0x00007fff57e98518:   00007fff57e98518 0000000000000002
0x00007fff57e98528:   00007fff57e98580 000000018bffeeb8
0x00007fff57e98538:   0000000000000000 000000018bffd8e0
0x00007fff57e98548:   00007fff57e984f8 00007fff57e98568
0x00007fff57e98558:   00007fff57e985c8 00000001097da2bd
0x00007fff57e98568:   00007f86e61c66f0 0000000740c4ba90
0x00007fff57e98578:   00007f86e63dcdf0 0000000740c4ba90
0x00007fff57e98588:   00007fff57e98588 0000000000000026
0x00007fff57e98598:   00007fff57e985d8 0000000190e3b088 

Instructions: (pc=0x00007fff97afa4dd)
0x00007fff97afa4bd:   44 00 00 48 85 ff 2e 74 62 40 f6 c7 01 2e 75 66
0x00007fff97afa4cd:   49 bb f8 ff ff ff ff 7f 00 00 4c 23 1f 49 89 f2
0x00007fff97afa4dd:   45 23 53 18 49 c1 e2 04 4d 03 53 10 49 3b 32 75
0x00007fff97afa4ed:   04 41 ff 62 08 49 83 3a 01 76 0d 49 83 c2 10 49 

Register to memory mapping:

RAX=0x00007f86e61c66f0 is an unknown value
RBX=0x000000018a2e8450: Java_jogamp_nativewindow_macosx_OSXUtil_GetScreenRefreshRate0+0x1cf0 in /private/var/folders/tq/5cybh0451bx2v8l5x53f9c_h0000gn/T/jogamp_0000/file_cache/jln8144623737751014847/jln2215057406124948085/libnativewindow_macosx.jnilib at 0x000000018a2e1000
RCX=0x00000001218d2e00 is an unknown value
RDX=0x0000000121a04dc0 is an unknown value
RSP=0x00007fff57e983a8 is pointing into the stack for thread: 0x00007f86e28e6800
RBP=0x00007fff57e98460 is pointing into the stack for thread: 0x00007f86e28e6800
RSI=0x00007fff8b405ce6 is an unknown value
RDI=0x00007f86e63dcdf0 is an unknown value
R8 =0x0000000000000000 is an unknown value
R9 =0x00000000000008b0 is an unknown value
R10=0x00007fff8b405ce6 is an unknown value
R11=0x0000000000000000 is an unknown value
R12=0x0000000000000000 is an unknown value
R13={method} {0x000000018bffd708} 'UnsetJAWTRootSurfaceLayer0' '(JJ)V' in 'jogamp/nativewindow/jawt/macosx/MacOSXJAWTWindow'
R14=0x000000018a2e8440: Java_jogamp_nativewindow_macosx_OSXUtil_GetScreenRefreshRate0+0x1ce0 in /private/var/folders/tq/5cybh0451bx2v8l5x53f9c_h0000gn/T/jogamp_0000/file_cache/jln8144623737751014847/jln2215057406124948085/libnativewindow_macosx.jnilib at 0x000000018a2e1000
R15=0x00007f86e28e6800 is a thread


Stack: [0x00007fff5769d000,0x00007fff57e9d000],  sp=0x00007fff57e983a8,  free space=8172k
Native frames: (J=compiled Java code, j=interpreted, Vv=VM code, C=native code)
C  [libobjc.A.dylib+0x14dd]  objc_msgSend+0x1d
j  jogamp.nativewindow.jawt.macosx.MacOSXJAWTWindow.UnsetJAWTRootSurfaceLayer0(JJ)V+0
j  jogamp.nativewindow.jawt.macosx.MacOSXJAWTWindow.access$200(JJ)V+2
j  jogamp.nativewindow.jawt.macosx.MacOSXJAWTWindow$1.run()V+38
j  com.jogamp.common.util.RunnableTask.run()V+24
v  ~StubRoutines::call_stub
V  [libjvm.dylib+0x2ec1e6]
V  [libjvm.dylib+0x323355]
V  [libjvm.dylib+0x315b23]
C  [libnativewindow_macosx.jnilib+0x5326]  Java_jogamp_nativewindow_jawt_macosx_MacOSXJAWTWindow_UnsetJAWTRootSurfaceLayer0+0x2b6
C  [Foundation+0x76f5e]  __NSThreadPerformPerform+0x117
C  [CoreFoundation+0xaa881]  __CFRUNLOOP_IS_CALLING_OUT_TO_A_SOURCE0_PERFORM_FUNCTION__+0x11
C  [CoreFoundation+0x89fbc]  __CFRunLoopDoSources0+0x22c
C  [CoreFoundation+0x894df]  __CFRunLoopRun+0x39f
C  [CoreFoundation+0x88ed8]  CFRunLoopRunSpecific+0x128
C  [HIToolbox+0x30935]  RunCurrentEventLoopInMode+0xeb
C  [HIToolbox+0x30677]  ReceiveNextEventCommon+0xb8
C  [HIToolbox+0x305af]  _BlockUntilNextEventMatchingListInModeWithFilter+0x47
C  [AppKit+0x48efa]  _DPSNextEvent+0x42b
C  [AppKit+0x4832a]  -[NSApplication _nextEventMatchingEventMask:untilDate:inMode:dequeue:]+0x1c6
C  [libosxapp.dylib+0x23aa]  -[NSApplicationAWT nextEventMatchingMask:untilDate:inMode:dequeue:]+0x7c
C  [AppKit+0x3ce84]  -[NSApplication run]+0x2aa
C  [libosxapp.dylib+0x214d]  +[NSApplicationAWT runAWTLoopWithApp:]+0x9c
C  [libawt_lwawt.dylib+0x4455b]  -[AWTStarter starter:]+0x389
C  [Foundation+0x76f5e]  __NSThreadPerformPerform+0x117
C  [CoreFoundation+0xaa881]  __CFRUNLOOP_IS_CALLING_OUT_TO_A_SOURCE0_PERFORM_FUNCTION__+0x11
C  [CoreFoundation+0x89fbc]  __CFRunLoopDoSources0+0x22c
C  [CoreFoundation+0x894df]  __CFRunLoopRun+0x39f
C  [CoreFoundation+0x88ed8]  CFRunLoopRunSpecific+0x128
C  [java+0x6463]  CreateExecutionEnvironment+0x367
C  [java+0x21ac]  JLI_Launch+0x7a0
C  [java+0x84c0]  main+0x65
C  [java+0x1a04]  start+0x34
C  0x0000000000000007

Java frames: (J=compiled Java code, j=interpreted, Vv=VM code)
j  jogamp.nativewindow.jawt.macosx.MacOSXJAWTWindow.UnsetJAWTRootSurfaceLayer0(JJ)V+0
j  jogamp.nativewindow.jawt.macosx.MacOSXJAWTWindow.access$200(JJ)V+2
j  jogamp.nativewindow.jawt.macosx.MacOSXJAWTWindow$1.run()V+38
j  com.jogamp.common.util.RunnableTask.run()V+24
v  ~StubRoutines::call_stub

---------------  P R O C E S S  ---------------

Java Threads: ( => current thread )
  0x00007f86e7801000 JavaThread "Thread-19" [_thread_blocked, id=23855, stack(0x0000700001a71000,0x0000700001b71000)]
  0x00007f86e2268000 JavaThread "AWT-EventQueue-1" [_thread_blocked, id=60207, stack(0x0000700001868000,0x0000700001968000)]
  0x00007f86e2804800 JavaThread "DestroyJavaVM" [_thread_blocked, id=5891, stack(0x000070000011a000,0x000070000021a000)]
  0x00007f86e3136800 JavaThread "AWT-EventQueue-0" [_thread_blocked, id=54283, stack(0x0000700001662000,0x0000700001762000)]
  0x00007f86e2100000 JavaThread "Java2D Disposer" daemon [_thread_blocked, id=49167, stack(0x00007000013d9000,0x00007000014d9000)]
  0x00007f86e3161800 JavaThread "Java2D Queue Flusher" daemon [_thread_blocked, id=49671, stack(0x00007000012d6000,0x00007000013d6000)]
  0x00007f86e202f800 JavaThread "AWT-Shutdown" [_thread_blocked, id=27439, stack(0x00007000010cd000,0x00007000011cd000)]
=>0x00007f86e28e6800 JavaThread "AWT-AppKit" daemon [_thread_in_native, id=2571, stack(0x00007fff5769d000,0x00007fff57e9d000)]
  0x00007f86e2845800 JavaThread "Service Thread" daemon [_thread_blocked, id=18691, stack(0x0000700000e44000,0x0000700000f44000)]
  0x00007f86e281a000 JavaThread "C1 CompilerThread2" daemon [_thread_blocked, id=18179, stack(0x0000700000d41000,0x0000700000e41000)]
  0x00007f86e2813000 JavaThread "C2 CompilerThread1" daemon [_thread_blocked, id=17667, stack(0x0000700000c3e000,0x0000700000d3e000)]
  0x00007f86e3030000 JavaThread "C2 CompilerThread0" daemon [_thread_blocked, id=17155, stack(0x0000700000b3b000,0x0000700000c3b000)]
  0x00007f86e385c000 JavaThread "Signal Dispatcher" daemon [_thread_blocked, id=12815, stack(0x0000700000a38000,0x0000700000b38000)]
  0x00007f86e2004000 JavaThread "Finalizer" daemon [_thread_blocked, id=12291, stack(0x000070000082f000,0x000070000092f000)]
  0x00007f86e302c800 JavaThread "Reference Handler" daemon [_thread_blocked, id=11779, stack(0x000070000072c000,0x000070000082c000)]

Other Threads:
  0x00007f86e302c000 VMThread [stack: 0x0000700000629000,0x0000700000729000] [id=11267]
  0x00007f86e2858000 WatcherThread [stack: 0x0000700000f47000,0x0000700001047000] [id=19203]

VM state:at safepoint (normal execution)

VM Mutex/Monitor currently owned by a thread:  ([mutex/lock_event])
[0x00007f86e1e036e0] Threads_lock - owner thread: 0x00007f86e302c000
[0x00007f86e1e03be0] Heap_lock - owner thread: 0x00007f86e7801000

Heap:
 PSYoungGen      total 25600K, used 64K [0x0000000795580000, 0x0000000797500000, 0x00000007c0000000)
  eden space 24064K, 0% used [0x0000000795580000,0x0000000795580000,0x0000000796d00000)
  from space 1536K, 4% used [0x0000000796d00000,0x0000000796d10000,0x0000000796e80000)
  to   space 1536K, 0% used [0x0000000797380000,0x0000000797380000,0x0000000797500000)
 ParOldGen       total 87552K, used 17523K [0x0000000740000000, 0x0000000745580000, 0x0000000795580000)
  object space 87552K, 20% used [0x0000000740000000,0x000000074111cc40,0x0000000745580000)
 Metaspace       used 20989K, capacity 21133K, committed 21296K, reserved 1069056K
  class space    used 2037K, capacity 2111K, committed 2176K, reserved 1048576K

Card table byte_map: [0x0000000118b92000,0x0000000118f93000] byte_map_base: 0x0000000115192000

Marking Bits: (ParMarkBitMap*) 0x00000001090e6eb0
 Begin Bits: [0x000000011923e000, 0x000000011b23e000)
 End Bits:   [0x000000011b23e000, 0x000000011d23e000)

Polling page: 0x0000000107ff1000

CodeCache: size=245760Kb used=8786Kb max_used=9316Kb free=236973Kb
 bounds [0x00000001097d2000, 0x000000010a112000, 0x00000001187d2000]
 total_blobs=3316 nmethods=2433 adapters=797
 compilation: enabled

Compilation events (10 events):
Event: 206.783 Thread 0x00007f86e281a000 nmethod 2864 0x0000000109cb1710 code [0x0000000109cb18c0, 0x0000000109cb1ea8]
Event: 206.783 Thread 0x00007f86e281a000 2865       1       sun.java2d.SurfaceData::isValid (5 bytes)
Event: 206.783 Thread 0x00007f86e281a000 nmethod 2865 0x0000000109e4f890 code [0x0000000109e4f9e0, 0x0000000109e4faf0]
Event: 206.795 Thread 0x00007f86e281a000 2866       3       java.awt.EventQueue::getNextEventPrivate (76 bytes)
Event: 206.795 Thread 0x00007f86e281a000 nmethod 2866 0x0000000109b9ac10 code [0x0000000109b9ada0, 0x0000000109b9b0e8]
Event: 206.795 Thread 0x00007f86e281a000 2867       3       java.awt.KeyboardFocusManager::getCurrentKeyboardFocusManager (7 bytes)
Event: 206.796 Thread 0x00007f86e281a000 nmethod 2867 0x0000000109b53c10 code [0x0000000109b53dc0, 0x0000000109b54458]
Event: 206.848 Thread 0x00007f86e281a000 2868       3       java.net.URLStreamHandler::setURL (159 bytes)
Event: 206.849 Thread 0x00007f86e281a000 nmethod 2868 0x0000000109b9bd50 code [0x0000000109b9bfe0, 0x0000000109b9d348]
Event: 206.850 Thread 0x00007f86e2813000 2869       4       sun.lwawt.LWComponentPeer::localToWindow (62 bytes)

GC Heap History (10 events):
Event: 190.066 GC heap before
{Heap before GC invocations=44 (full 0):
 PSYoungGen      total 26112K, used 24160K [0x0000000795580000, 0x0000000797100000, 0x00000007c0000000)
  eden space 24064K, 100% used [0x0000000795580000,0x0000000796d00000,0x0000000796d00000)
  from space 2048K, 4% used [0x0000000796d00000,0x0000000796d18000,0x0000000796f00000)
  to   space 2048K, 0% used [0x0000000796f00000,0x0000000796f00000,0x0000000797100000)
 ParOldGen       total 87552K, used 17499K [0x0000000740000000, 0x0000000745580000, 0x0000000795580000)
  object space 87552K, 19% used [0x0000000740000000,0x0000000741116c40,0x0000000745580000)
 Metaspace       used 20960K, capacity 21133K, committed 21296K, reserved 1069056K
  class space    used 2030K, capacity 2111K, committed 2176K, reserved 1048576K
Event: 190.071 GC heap after
Heap after GC invocations=44 (full 0):
 PSYoungGen      total 26112K, used 32K [0x0000000795580000, 0x0000000797100000, 0x00000007c0000000)
  eden space 24064K, 0% used [0x0000000795580000,0x0000000795580000,0x0000000796d00000)
  from space 2048K, 1% used [0x0000000796f00000,0x0000000796f08000,0x0000000797100000)
  to   space 2048K, 0% used [0x0000000796d00000,0x0000000796d00000,0x0000000796f00000)
 ParOldGen       total 87552K, used 17499K [0x0000000740000000, 0x0000000745580000, 0x0000000795580000)
  object space 87552K, 19% used [0x0000000740000000,0x0000000741116c40,0x0000000745580000)
 Metaspace       used 20960K, capacity 21133K, committed 21296K, reserved 1069056K
  class space    used 2030K, capacity 2111K, committed 2176K, reserved 1048576K
}
Event: 194.270 GC heap before
{Heap before GC invocations=45 (full 0):
 PSYoungGen      total 26112K, used 24096K [0x0000000795580000, 0x0000000797100000, 0x00000007c0000000)
  eden space 24064K, 100% used [0x0000000795580000,0x0000000796d00000,0x0000000796d00000)
  from space 2048K, 1% used [0x0000000796f00000,0x0000000796f08000,0x0000000797100000)
  to   space 2048K, 0% used [0x0000000796d00000,0x0000000796d00000,0x0000000796f00000)
 ParOldGen       total 87552K, used 17499K [0x0000000740000000, 0x0000000745580000, 0x0000000795580000)
  object space 87552K, 19% used [0x0000000740000000,0x0000000741116c40,0x0000000745580000)
 Metaspace       used 20960K, capacity 21133K, committed 21296K, reserved 1069056K
  class space    used 2030K, capacity 2111K, committed 2176K, reserved 1048576K
Event: 194.276 GC heap after
Heap after GC invocations=45 (full 0):
 PSYoungGen      total 26112K, used 32K [0x0000000795580000, 0x0000000797100000, 0x00000007c0000000)
  eden space 24064K, 0% used [0x0000000795580000,0x0000000795580000,0x0000000796d00000)
  from space 2048K, 1% used [0x0000000796d00000,0x0000000796d08000,0x0000000796f00000)
  to   space 2048K, 0% used [0x0000000796f00000,0x0000000796f00000,0x0000000797100000)
 ParOldGen       total 87552K, used 17499K [0x0000000740000000, 0x0000000745580000, 0x0000000795580000)
  object space 87552K, 19% used [0x0000000740000000,0x0000000741116c40,0x0000000745580000)
 Metaspace       used 20960K, capacity 21133K, committed 21296K, reserved 1069056K
  class space    used 2030K, capacity 2111K, committed 2176K, reserved 1048576K
}
Event: 198.456 GC heap before
{Heap before GC invocations=46 (full 0):
 PSYoungGen      total 26112K, used 24096K [0x0000000795580000, 0x0000000797100000, 0x00000007c0000000)
  eden space 24064K, 100% used [0x0000000795580000,0x0000000796d00000,0x0000000796d00000)
  from space 2048K, 1% used [0x0000000796d00000,0x0000000796d08000,0x0000000796f00000)
  to   space 2048K, 0% used [0x0000000796f00000,0x0000000796f00000,0x0000000797100000)
 ParOldGen       total 87552K, used 17499K [0x0000000740000000, 0x0000000745580000, 0x0000000795580000)
  object space 87552K, 19% used [0x0000000740000000,0x0000000741116c40,0x0000000745580000)
 Metaspace       used 20960K, capacity 21133K, committed 21296K, reserved 1069056K
  class space    used 2030K, capacity 2111K, committed 2176K, reserved 1048576K
Event: 198.459 GC heap after
Heap after GC invocations=46 (full 0):
 PSYoungGen      total 25088K, used 32K [0x0000000795580000, 0x0000000797000000, 0x00000007c0000000)
  eden space 24064K, 0% used [0x0000000795580000,0x0000000795580000,0x0000000796d00000)
  from space 1024K, 3% used [0x0000000796f00000,0x0000000796f08000,0x0000000797000000)
  to   space 1536K, 0% used [0x0000000796d00000,0x0000000796d00000,0x0000000796e80000)
 ParOldGen       total 87552K, used 17499K [0x0000000740000000, 0x0000000745580000, 0x0000000795580000)
  object space 87552K, 19% used [0x0000000740000000,0x0000000741116c40,0x0000000745580000)
 Metaspace       used 20960K, capacity 21133K, committed 21296K, reserved 1069056K
  class space    used 2030K, capacity 2111K, committed 2176K, reserved 1048576K
}
Event: 202.640 GC heap before
{Heap before GC invocations=47 (full 0):
 PSYoungGen      total 25088K, used 24096K [0x0000000795580000, 0x0000000797000000, 0x00000007c0000000)
  eden space 24064K, 100% used [0x0000000795580000,0x0000000796d00000,0x0000000796d00000)
  from space 1024K, 3% used [0x0000000796f00000,0x0000000796f08000,0x0000000797000000)
  to   space 1536K, 0% used [0x0000000796d00000,0x0000000796d00000,0x0000000796e80000)
 ParOldGen       total 87552K, used 17499K [0x0000000740000000, 0x0000000745580000, 0x0000000795580000)
  object space 87552K, 19% used [0x0000000740000000,0x0000000741116c40,0x0000000745580000)
 Metaspace       used 20960K, capacity 21133K, committed 21296K, reserved 1069056K
  class space    used 2030K, capacity 2111K, committed 2176K, reserved 1048576K
Event: 202.642 GC heap after
Heap after GC invocations=47 (full 0):
 PSYoungGen      total 25600K, used 96K [0x0000000795580000, 0x0000000797000000, 0x00000007c0000000)
  eden space 24064K, 0% used [0x0000000795580000,0x0000000795580000,0x0000000796d00000)
  from space 1536K, 6% used [0x0000000796d00000,0x0000000796d18000,0x0000000796e80000)
  to   space 1536K, 0% used [0x0000000796e80000,0x0000000796e80000,0x0000000797000000)
 ParOldGen       total 87552K, used 17499K [0x0000000740000000, 0x0000000745580000, 0x0000000795580000)
  object space 87552K, 19% used [0x0000000740000000,0x0000000741116c40,0x0000000745580000)
 Metaspace       used 20960K, capacity 21133K, committed 21296K, reserved 1069056K
  class space    used 2030K, capacity 2111K, committed 2176K, reserved 1048576K
}
Event: 206.850 GC heap before
{Heap before GC invocations=48 (full 0):
 PSYoungGen      total 25600K, used 24160K [0x0000000795580000, 0x0000000797000000, 0x00000007c0000000)
  eden space 24064K, 100% used [0x0000000795580000,0x0000000796d00000,0x0000000796d00000)
  from space 1536K, 6% used [0x0000000796d00000,0x0000000796d18000,0x0000000796e80000)
  to   space 1536K, 0% used [0x0000000796e80000,0x0000000796e80000,0x0000000797000000)
 ParOldGen       total 87552K, used 17499K [0x0000000740000000, 0x0000000745580000, 0x0000000795580000)
  object space 87552K, 19% used [0x0000000740000000,0x0000000741116c40,0x0000000745580000)
 Metaspace       used 20988K, capacity 21133K, committed 21296K, reserved 1069056K
  class space    used 2037K, capacity 2111K, committed 2176K, reserved 1048576K
Event: 206.852 GC heap after
Heap after GC invocations=48 (full 0):
 PSYoungGen      total 25600K, used 128K [0x0000000795580000, 0x0000000797000000, 0x00000007c0000000)
  eden space 24064K, 0% used [0x0000000795580000,0x0000000795580000,0x0000000796d00000)
  from space 1536K, 8% used [0x0000000796e80000,0x0000000796ea0000,0x0000000797000000)
  to   space 1536K, 0% used [0x0000000796d00000,0x0000000796d00000,0x0000000796e80000)
 ParOldGen       total 87552K, used 17499K [0x0000000740000000, 0x0000000745580000, 0x0000000795580000)
  object space 87552K, 19% used [0x0000000740000000,0x0000000741116c40,0x0000000745580000)
 Metaspace       used 20988K, capacity 21133K, committed 21296K, reserved 1069056K
  class space    used 2037K, capacity 2111K, committed 2176K, reserved 1048576K
}

Deoptimization events (10 events):
Event: 206.812 Thread 0x00007f86e3136800 Uncommon trap: reason=class_check action=maybe_recompile pc=0x0000000109d1808c method=java.awt.Component.getGraphics()Ljava/awt/Graphics; @ 114
Event: 206.812 Thread 0x00007f86e2268000 Uncommon trap: reason=unstable_if action=reinterpret pc=0x0000000109d81cd0 method=java.awt.EventQueue.isDispatchThreadImpl()Z @ 65
Event: 206.813 Thread 0x00007f86e28e6800 Uncommon trap: reason=class_check action=maybe_recompile pc=0x0000000109d70000 method=com.jogamp.common.util.RunnableTask.run()V @ 24
Event: 206.814 Thread 0x00007f86e28e6800 Uncommon trap: reason=unstable_if action=reinterpret pc=0x0000000109ce31fc method=jogamp.nativewindow.macosx.OSXUtil.RunOnMainThread(ZZLjava/lang/Runnable;)V @ 3
Event: 206.846 Thread 0x00007f86e2268000 Uncommon trap: reason=unstable_if action=reinterpret pc=0x0000000109dbfcf0 method=jogamp.opengl.GLContextImpl.release(Z)V @ 161
Event: 206.848 Thread 0x00007f86e2268000 Uncommon trap: reason=unstable_if action=reinterpret pc=0x0000000109dc9218 method=java.util.LinkedList$ListItr.<init>(Ljava/util/LinkedList;I)V @ 26
Event: 206.849 Thread 0x00007f86e2268000 Uncommon trap: reason=unstable_if action=reinterpret pc=0x000000010a061f04 method=java.util.LinkedList$ListItr.<init>(Ljava/util/LinkedList;I)V @ 26
Event: 206.852 Thread 0x00007f86e28e6800 Uncommon trap: reason=class_check action=maybe_recompile pc=0x0000000109d70000 method=com.jogamp.common.util.RunnableTask.run()V @ 24
Event: 206.853 Thread 0x00007f86e3136800 Uncommon trap: reason=class_check action=maybe_recompile pc=0x0000000109cfa6f8 method=java.awt.EventQueue.setCurrentEventAndMostRecentTimeImpl(Ljava/awt/AWTEvent;)V @ 135
Event: 206.853 Thread 0x00007f86e3136800 Uncommon trap: reason=class_check action=maybe_recompile pc=0x0000000109d1808c method=java.awt.Component.getGraphics()Ljava/awt/Graphics; @ 114

Internal exceptions (10 events):
Event: 0.425 Thread 0x00007f86e2804800 Exception <a 'java/lang/NoSuchFieldError': method resolution failed> (0x0000000795785c90) thrown at [/Users/java_re/workspace/8-2-build-macosx-x86_64/jdk8u91/6644/hotspot/src/share/vm/prims/methodHandles.cpp, line 1146]
Event: 0.427 Thread 0x00007f86e2804800 Exception <a 'java/lang/NoSuchFieldError': method resolution failed> (0x0000000795793460) thrown at [/Users/java_re/workspace/8-2-build-macosx-x86_64/jdk8u91/6644/hotspot/src/share/vm/prims/methodHandles.cpp, line 1146]
Event: 1.227 Thread 0x00007f86e2804800 Exception <a 'java/io/FileNotFoundException'> (0x000000079580f758) thrown at [/Users/java_re/workspace/8-2-build-macosx-x86_64/jdk8u91/6644/hotspot/src/share/vm/prims/jni.cpp, line 709]
Event: 1.228 Thread 0x00007f86e2804800 Exception <a 'java/io/FileNotFoundException'> (0x00000007958102c0) thrown at [/Users/java_re/workspace/8-2-build-macosx-x86_64/jdk8u91/6644/hotspot/src/share/vm/prims/jni.cpp, line 709]
Event: 1.400 Thread 0x00007f86e2804800 Exception <a 'java/io/FileNotFoundException'> (0x000000079594bbe8) thrown at [/Users/java_re/workspace/8-2-build-macosx-x86_64/jdk8u91/6644/hotspot/src/share/vm/prims/jni.cpp, line 709]
Event: 4.055 Thread 0x00007f86e331e000 Exception <a 'java/lang/UnsatisfiedLinkError': com.jogamp.common.util.JarUtil.fixNativeLibAttribs(Ljava/lang/String;)Z> (0x0000000796bf0660) thrown at [/Users/java_re/workspace/8-2-build-macosx-x86_64/jdk8u91/6644/hotspot/src/share/vm/prims/nativeLookup.c
Event: 4.463 Thread 0x00007f86e2004000 Exception <a 'java/lang/NullPointerException'> (0x0000000795626850) thrown at [/Users/java_re/workspace/8-2-build-macosx-x86_64/jdk8u91/6644/hotspot/src/share/vm/interpreter/linkResolver.cpp, line 1178]
Event: 5.173 Thread 0x00007f86e2268000 Exception <a 'java/io/FileNotFoundException'> (0x0000000795f332f8) thrown at [/Users/java_re/workspace/8-2-build-macosx-x86_64/jdk8u91/6644/hotspot/src/share/vm/prims/jni.cpp, line 709]
Event: 5.173 Thread 0x00007f86e2268000 Exception <a 'java/io/FileNotFoundException'> (0x0000000795f39698) thrown at [/Users/java_re/workspace/8-2-build-macosx-x86_64/jdk8u91/6644/hotspot/src/share/vm/prims/jni.cpp, line 709]
Event: 5.173 Thread 0x00007f86e2268000 Implicit null exception at 0x000000010996d7b3 to 0x000000010996db29

Events (10 events):
Event: 206.852 Executing VM operation: ParallelGCFailedAllocation done
Event: 206.852 Thread 0x00007f86e28e6800 Uncommon trap: trap_request=0xffffffde fr.pc=0x0000000109d70000
Event: 206.852 Thread 0x00007f86e28e6800 DEOPT PACKING pc=0x0000000109d70000 sp=0x00007fff57e98620
Event: 206.852 Thread 0x00007f86e28e6800 DEOPT UNPACKING pc=0x00000001097d7229 sp=0x00007fff57e985c8 mode 2
Event: 206.852 loading class java/awt/Window$1DisposeAction
Event: 206.853 Thread 0x00007f86e3136800 Uncommon trap: trap_request=0xffffffde fr.pc=0x0000000109cfa6f8
Event: 206.853 Thread 0x00007f86e3136800 DEOPT PACKING pc=0x0000000109cfa6f8 sp=0x000070000175fe50
Event: 206.853 Thread 0x00007f86e3136800 DEOPT UNPACKING pc=0x00000001097d7229 sp=0x000070000175fcc0 mode 2
Event: 206.853 Thread 0x00007f86e3136800 Uncommon trap: trap_request=0xffffffde fr.pc=0x0000000109d1808c
Event: 206.853 Thread 0x00007f86e3136800 DEOPT PACKING pc=0x0000000109d1808c sp=0x000070000175fbc0


Dynamic libraries:
0x0000000009285000 	/System/Library/Frameworks/Cocoa.framework/Versions/A/Cocoa
0x0000000009285000 	/System/Library/Frameworks/Security.framework/Versions/A/Security
0x0000000009285000 	/System/Library/Frameworks/ApplicationServices.framework/Versions/A/ApplicationServices
0x0000000009285000 	/usr/lib/libz.1.dylib
0x0000000009285000 	/usr/lib/libSystem.B.dylib
0x0000000009285000 	/usr/lib/libobjc.A.dylib
0x0000000009285000 	/System/Library/Frameworks/CoreFoundation.framework/Versions/A/CoreFoundation
0x0000000009285000 	/System/Library/Frameworks/Foundation.framework/Versions/C/Foundation
0x0000000009285000 	/System/Library/Frameworks/AppKit.framework/Versions/C/AppKit
0x0000000009285000 	/System/Library/Frameworks/CoreData.framework/Versions/A/CoreData
0x0000000009285000 	/System/Library/PrivateFrameworks/RemoteViewServices.framework/Versions/A/RemoteViewServices
0x0000000009285000 	/System/Library/PrivateFrameworks/UIFoundation.framework/Versions/A/UIFoundation
0x0000000009285000 	/usr/lib/libScreenReader.dylib
0x0000000009285000 	/System/Library/Frameworks/Accelerate.framework/Versions/A/Accelerate
0x0000000009285000 	/System/Library/Frameworks/IOSurface.framework/Versions/A/IOSurface
0x0000000009285000 	/System/Library/Frameworks/AudioToolbox.framework/Versions/A/AudioToolbox
0x0000000009285000 	/System/Library/Frameworks/AudioUnit.framework/Versions/A/AudioUnit
0x0000000009285000 	/System/Library/PrivateFrameworks/DataDetectorsCore.framework/Versions/A/DataDetectorsCore
0x0000000009285000 	/System/Library/PrivateFrameworks/DesktopServicesPriv.framework/Versions/A/DesktopServicesPriv
0x0000000009285000 	/System/Library/Frameworks/Carbon.framework/Versions/A/Frameworks/HIToolbox.framework/Versions/A/HIToolbox
0x0000000009285000 	/System/Library/Frameworks/QuartzCore.framework/Versions/A/QuartzCore
0x0000000009285000 	/System/Library/Frameworks/Carbon.framework/Versions/A/Frameworks/SpeechRecognition.framework/Versions/A/SpeechRecognition
0x0000000009285000 	/usr/lib/libauto.dylib
0x0000000009285000 	/usr/lib/libicucore.A.dylib
0x0000000009285000 	/usr/lib/libxml2.2.dylib
0x0000000009285000 	/System/Library/PrivateFrameworks/CoreUI.framework/Versions/A/CoreUI
0x0000000009285000 	/System/Library/Frameworks/CoreAudio.framework/Versions/A/CoreAudio
0x0000000009285000 	/System/Library/Frameworks/DiskArbitration.framework/Versions/A/DiskArbitration
0x0000000009285000 	/usr/lib/liblangid.dylib
0x0000000009285000 	/System/Library/PrivateFrameworks/MultitouchSupport.framework/Versions/A/MultitouchSupport
0x0000000009285000 	/System/Library/Frameworks/IOKit.framework/Versions/A/IOKit
0x0000000009285000 	/usr/lib/libDiagnosticMessagesClient.dylib
0x0000000009285000 	/System/Library/Frameworks/CoreServices.framework/Versions/A/CoreServices
0x0000000009285000 	/System/Library/PrivateFrameworks/PerformanceAnalysis.framework/Versions/A/PerformanceAnalysis
0x0000000009285000 	/System/Library/PrivateFrameworks/GenerationalStorage.framework/Versions/A/GenerationalStorage
0x0000000009285000 	/System/Library/Frameworks/OpenGL.framework/Versions/A/OpenGL
0x0000000009285000 	/System/Library/PrivateFrameworks/Sharing.framework/Versions/A/Sharing
0x0000000009285000 	/System/Library/Frameworks/CoreGraphics.framework/Versions/A/CoreGraphics
0x0000000009285000 	/System/Library/Frameworks/CoreImage.framework/Versions/A/CoreImage
0x0000000009285000 	/System/Library/Frameworks/CoreText.framework/Versions/A/CoreText
0x0000000009285000 	/System/Library/Frameworks/ImageIO.framework/Versions/A/ImageIO
0x0000000009285000 	/System/Library/PrivateFrameworks/Backup.framework/Versions/A/Backup
0x0000000009285000 	/usr/lib/libextension.dylib
0x0000000009285000 	/usr/lib/libarchive.2.dylib
0x0000000009285000 	/System/Library/Frameworks/CFNetwork.framework/Versions/A/CFNetwork
0x0000000009285000 	/System/Library/Frameworks/SystemConfiguration.framework/Versions/A/SystemConfiguration
0x0000000009285000 	/usr/lib/libCRFSuite.dylib
0x0000000009285000 	/usr/lib/libc++.1.dylib
0x0000000009285000 	/usr/lib/libc++abi.dylib
0x0000000009285000 	/usr/lib/system/libcache.dylib
0x0000000009285000 	/usr/lib/system/libcommonCrypto.dylib
0x0000000009285000 	/usr/lib/system/libcompiler_rt.dylib
0x0000000009285000 	/usr/lib/system/libcopyfile.dylib
0x0000000009285000 	/usr/lib/system/libcorecrypto.dylib
0x0000000009285000 	/usr/lib/system/libdispatch.dylib
0x0000000009285000 	/usr/lib/system/libdyld.dylib
0x0000000009285000 	/usr/lib/system/libkeymgr.dylib
0x0000000009285000 	/usr/lib/system/liblaunch.dylib
0x0000000009285000 	/usr/lib/system/libmacho.dylib
0x0000000009285000 	/usr/lib/system/libquarantine.dylib
0x0000000009285000 	/usr/lib/system/libremovefile.dylib
0x0000000009285000 	/usr/lib/system/libsystem_asl.dylib
0x0000000009285000 	/usr/lib/system/libsystem_blocks.dylib
0x0000000009285000 	/usr/lib/system/libsystem_c.dylib
0x0000000009285000 	/usr/lib/system/libsystem_configuration.dylib
0x0000000009285000 	/usr/lib/system/libsystem_coreservices.dylib
0x0000000009285000 	/usr/lib/system/libsystem_coretls.dylib
0x0000000009285000 	/usr/lib/system/libsystem_dnssd.dylib
0x0000000009285000 	/usr/lib/system/libsystem_info.dylib
0x0000000009285000 	/usr/lib/system/libsystem_kernel.dylib
0x0000000009285000 	/usr/lib/system/libsystem_m.dylib
0x0000000009285000 	/usr/lib/system/libsystem_malloc.dylib
0x0000000009285000 	/usr/lib/system/libsystem_network.dylib
0x0000000009285000 	/usr/lib/system/libsystem_networkextension.dylib
0x0000000009285000 	/usr/lib/system/libsystem_notify.dylib
0x0000000009285000 	/usr/lib/system/libsystem_platform.dylib
0x0000000009285000 	/usr/lib/system/libsystem_pthread.dylib
0x0000000009285000 	/usr/lib/system/libsystem_sandbox.dylib
0x0000000009285000 	/usr/lib/system/libsystem_secinit.dylib
0x0000000009285000 	/usr/lib/system/libsystem_trace.dylib
0x0000000009285000 	/usr/lib/system/libunc.dylib
0x0000000009285000 	/usr/lib/system/libunwind.dylib
0x0000000009285000 	/usr/lib/system/libxpc.dylib
0x0000000009285000 	/usr/lib/libenergytrace.dylib
0x0000000009285000 	/usr/lib/libbsm.0.dylib
0x0000000009285000 	/usr/lib/system/libkxld.dylib
0x0000000009285000 	/usr/lib/libxar.1.dylib
0x0000000009285000 	/usr/lib/libsqlite3.dylib
0x0000000009285000 	/usr/lib/libpam.2.dylib
0x0000000009285000 	/usr/lib/libOpenScriptingUtil.dylib
0x0000000009285000 	/usr/lib/libbz2.1.0.dylib
0x0000000009285000 	/usr/lib/liblzma.5.dylib
0x0000000009285000 	/System/Library/Frameworks/CoreServices.framework/Versions/A/Frameworks/FSEvents.framework/Versions/A/FSEvents
0x0000000009285000 	/System/Library/Frameworks/CoreServices.framework/Versions/A/Frameworks/CarbonCore.framework/Versions/A/CarbonCore
0x0000000009285000 	/System/Library/Frameworks/CoreServices.framework/Versions/A/Frameworks/Metadata.framework/Versions/A/Metadata
0x0000000009285000 	/System/Library/Frameworks/CoreServices.framework/Versions/A/Frameworks/OSServices.framework/Versions/A/OSServices
0x0000000009285000 	/System/Library/Frameworks/CoreServices.framework/Versions/A/Frameworks/SearchKit.framework/Versions/A/SearchKit
0x0000000009285000 	/System/Library/Frameworks/CoreServices.framework/Versions/A/Frameworks/AE.framework/Versions/A/AE
0x0000000009285000 	/System/Library/Frameworks/CoreServices.framework/Versions/A/Frameworks/LaunchServices.framework/Versions/A/LaunchServices
0x0000000009285000 	/System/Library/Frameworks/CoreServices.framework/Versions/A/Frameworks/DictionaryServices.framework/Versions/A/DictionaryServices
0x0000000009285000 	/System/Library/Frameworks/CoreServices.framework/Versions/A/Frameworks/SharedFileList.framework/Versions/A/SharedFileList
0x0000000009285000 	/System/Library/Frameworks/NetFS.framework/Versions/A/NetFS
0x0000000009285000 	/System/Library/PrivateFrameworks/NetAuth.framework/Versions/A/NetAuth
0x0000000009285000 	/System/Library/PrivateFrameworks/login.framework/Versions/A/Frameworks/loginsupport.framework/Versions/A/loginsupport
0x0000000009285000 	/System/Library/PrivateFrameworks/TCC.framework/Versions/A/TCC
0x0000000009285000 	/usr/lib/libmecabra.dylib
0x0000000009285000 	/System/Library/Frameworks/ApplicationServices.framework/Versions/A/Frameworks/ATS.framework/Versions/A/ATS
0x0000000009285000 	/System/Library/Frameworks/ApplicationServices.framework/Versions/A/Frameworks/ColorSync.framework/Versions/A/ColorSync
0x0000000009285000 	/System/Library/Frameworks/ApplicationServices.framework/Versions/A/Frameworks/HIServices.framework/Versions/A/HIServices
0x0000000009285000 	/System/Library/Frameworks/ApplicationServices.framework/Versions/A/Frameworks/LangAnalysis.framework/Versions/A/LangAnalysis
0x0000000009285000 	/System/Library/Frameworks/ApplicationServices.framework/Versions/A/Frameworks/PrintCore.framework/Versions/A/PrintCore
0x0000000009285000 	/System/Library/Frameworks/ApplicationServices.framework/Versions/A/Frameworks/QD.framework/Versions/A/QD
0x0000000009285000 	/System/Library/Frameworks/ApplicationServices.framework/Versions/A/Frameworks/SpeechSynthesis.framework/Versions/A/SpeechSynthesis
0x0000000009285000 	/System/Library/Frameworks/Metal.framework/Versions/A/Metal
0x0000000009285000 	/System/Library/Frameworks/Accelerate.framework/Versions/A/Frameworks/vImage.framework/Versions/A/vImage
0x0000000009285000 	/System/Library/Frameworks/Accelerate.framework/Versions/A/Frameworks/vecLib.framework/Versions/A/vecLib
0x0000000009285000 	/System/Library/Frameworks/Accelerate.framework/Versions/A/Frameworks/vecLib.framework/Versions/A/libvDSP.dylib
0x0000000009285000 	/System/Library/Frameworks/Accelerate.framework/Versions/A/Frameworks/vecLib.framework/Versions/A/libvMisc.dylib
0x0000000009285000 	/System/Library/Frameworks/Accelerate.framework/Versions/A/Frameworks/vecLib.framework/Versions/A/libLAPACK.dylib
0x0000000009285000 	/System/Library/Frameworks/Accelerate.framework/Versions/A/Frameworks/vecLib.framework/Versions/A/libBLAS.dylib
0x0000000009285000 	/System/Library/Frameworks/Accelerate.framework/Versions/A/Frameworks/vecLib.framework/Versions/A/libLinearAlgebra.dylib
0x0000000009285000 	/System/Library/Frameworks/Accelerate.framework/Versions/A/Frameworks/vecLib.framework/Versions/A/libSparseBLAS.dylib
0x0000000009285000 	/System/Library/PrivateFrameworks/GPUCompiler.framework/libmetal_timestamp.dylib
0x0000000009285000 	/System/Library/Frameworks/OpenGL.framework/Versions/A/Libraries/libCoreFSCache.dylib
0x0000000009285000 	/System/Library/PrivateFrameworks/IOAccelerator.framework/Versions/A/IOAccelerator
0x0000000009285000 	/System/Library/Frameworks/ApplicationServices.framework/Versions/A/Frameworks/ATS.framework/Versions/A/Resources/libFontParser.dylib
0x0000000009285000 	/System/Library/Frameworks/ApplicationServices.framework/Versions/A/Frameworks/ATS.framework/Versions/A/Resources/libFontRegistry.dylib
0x0000000009285000 	/System/Library/PrivateFrameworks/AppleVPA.framework/Versions/A/AppleVPA
0x0000000009285000 	/System/Library/PrivateFrameworks/AppleJPEG.framework/Versions/A/AppleJPEG
0x0000000009285000 	/System/Library/Frameworks/ImageIO.framework/Versions/A/Resources/libJPEG.dylib
0x0000000009285000 	/System/Library/Frameworks/ImageIO.framework/Versions/A/Resources/libTIFF.dylib
0x0000000009285000 	/System/Library/Frameworks/ImageIO.framework/Versions/A/Resources/libPng.dylib
0x0000000009285000 	/System/Library/Frameworks/ImageIO.framework/Versions/A/Resources/libGIF.dylib
0x0000000009285000 	/System/Library/Frameworks/ImageIO.framework/Versions/A/Resources/libJP2.dylib
0x0000000009285000 	/System/Library/Frameworks/ImageIO.framework/Versions/A/Resources/libRadiance.dylib
0x0000000009285000 	/System/Library/Frameworks/CoreVideo.framework/Versions/A/CoreVideo
0x0000000009285000 	/System/Library/Frameworks/OpenGL.framework/Versions/A/Libraries/libGLU.dylib
0x0000000009285000 	/System/Library/Frameworks/OpenGL.framework/Versions/A/Libraries/libGFXShared.dylib
0x0000000009285000 	/System/Library/Frameworks/OpenGL.framework/Versions/A/Libraries/libGL.dylib
0x0000000009285000 	/System/Library/Frameworks/OpenGL.framework/Versions/A/Libraries/libGLImage.dylib
0x0000000009285000 	/System/Library/Frameworks/OpenGL.framework/Versions/A/Libraries/libCVMSPluginSupport.dylib
0x0000000009285000 	/System/Library/Frameworks/OpenGL.framework/Versions/A/Libraries/libCoreVMClient.dylib
0x0000000009285000 	/usr/lib/libcups.2.dylib
0x0000000009285000 	/System/Library/Frameworks/Kerberos.framework/Versions/A/Kerberos
0x0000000009285000 	/System/Library/Frameworks/GSS.framework/Versions/A/GSS
0x0000000009285000 	/usr/lib/libresolv.9.dylib
0x0000000009285000 	/usr/lib/libiconv.2.dylib
0x0000000009285000 	/System/Library/PrivateFrameworks/Heimdal.framework/Versions/A/Heimdal
0x0000000009285000 	/usr/lib/libheimdal-asn1.dylib
0x0000000009285000 	/System/Library/Frameworks/OpenDirectory.framework/Versions/A/OpenDirectory
0x0000000009285000 	/System/Library/PrivateFrameworks/CommonAuth.framework/Versions/A/CommonAuth
0x0000000009285000 	/System/Library/Frameworks/OpenDirectory.framework/Versions/A/Frameworks/CFOpenDirectory.framework/Versions/A/CFOpenDirectory
0x0000000009285000 	/System/Library/Frameworks/SecurityFoundation.framework/Versions/A/SecurityFoundation
0x0000000009285000 	/System/Library/PrivateFrameworks/LanguageModeling.framework/Versions/A/LanguageModeling
0x0000000009285000 	/usr/lib/libmarisa.dylib
0x0000000009285000 	/usr/lib/libChineseTokenizer.dylib
0x0000000009285000 	/usr/lib/libcmph.dylib
0x0000000009285000 	/usr/lib/libcompression.dylib
0x0000000009285000 	/System/Library/Frameworks/ServiceManagement.framework/Versions/A/ServiceManagement
0x0000000009285000 	/usr/lib/libxslt.1.dylib
0x0000000009285000 	/System/Library/Frameworks/Carbon.framework/Versions/A/Frameworks/Ink.framework/Versions/A/Ink
0x0000000009285000 	/usr/lib/libFosl_dynamic.dylib
0x0000000009285000 	/System/Library/PrivateFrameworks/FaceCore.framework/Versions/A/FaceCore
0x0000000009285000 	/System/Library/Frameworks/OpenCL.framework/Versions/A/OpenCL
0x0000000009285000 	/System/Library/PrivateFrameworks/CrashReporterSupport.framework/Versions/A/CrashReporterSupport
0x0000000009285000 	/System/Library/PrivateFrameworks/IconServices.framework/Versions/A/IconServices
0x0000000009285000 	/System/Library/PrivateFrameworks/Apple80211.framework/Versions/A/Apple80211
0x0000000009285000 	/System/Library/Frameworks/CoreWLAN.framework/Versions/A/CoreWLAN
0x0000000009285000 	/System/Library/Frameworks/IOBluetooth.framework/Versions/A/IOBluetooth
0x0000000009285000 	/System/Library/PrivateFrameworks/CoreWiFi.framework/Versions/A/CoreWiFi
0x0000000009285000 	/System/Library/Frameworks/CoreBluetooth.framework/Versions/A/CoreBluetooth
0x0000000009285000 	/System/Library/PrivateFrameworks/ChunkingLibrary.framework/Versions/A/ChunkingLibrary
0x0000000009285000 	/System/Library/PrivateFrameworks/DebugSymbols.framework/Versions/A/DebugSymbols
0x0000000009285000 	/System/Library/PrivateFrameworks/CoreSymbolication.framework/Versions/A/CoreSymbolication
0x0000000009285000 	/System/Library/PrivateFrameworks/Symbolication.framework/Versions/A/Symbolication
0x0000000009285000 	/System/Library/PrivateFrameworks/SpeechRecognitionCore.framework/Versions/A/SpeechRecognitionCore
0x0000000108800000 	/Library/Java/JavaVirtualMachines/jdk1.8.0_91.jdk/Contents/Home/jre/lib/server/libjvm.dylib
0x0000000009285000 	/usr/lib/libstdc++.6.dylib
0x0000000107fe3000 	/Library/Java/JavaVirtualMachines/jdk1.8.0_91.jdk/Contents/Home/jre/lib/libverify.dylib
0x0000000109794000 	/Library/Java/JavaVirtualMachines/jdk1.8.0_91.jdk/Contents/Home/jre/lib/libjava.dylib
0x00000001097c9000 	/Library/Java/JavaVirtualMachines/jdk1.8.0_91.jdk/Contents/Home/jre/lib/libzip.dylib
0x000000011f134000 	/System/Library/Frameworks/JavaVM.framework/Frameworks/JavaRuntimeSupport.framework/JavaRuntimeSupport
0x000000011f14f000 	/System/Library/Frameworks/JavaVM.framework/Versions/A/Frameworks/JavaNativeFoundation.framework/Versions/A/JavaNativeFoundation
0x000000011f164000 	/System/Library/Frameworks/JavaVM.framework/Versions/A/JavaVM
0x0000000009285000 	/System/Library/Frameworks/Carbon.framework/Versions/A/Carbon
0x000000011f171000 	/System/Library/PrivateFrameworks/JavaLaunching.framework/Versions/A/JavaLaunching
0x0000000009285000 	/System/Library/Frameworks/Carbon.framework/Versions/A/Frameworks/CommonPanels.framework/Versions/A/CommonPanels
0x0000000009285000 	/System/Library/Frameworks/Carbon.framework/Versions/A/Frameworks/Help.framework/Versions/A/Help
0x0000000009285000 	/System/Library/Frameworks/Carbon.framework/Versions/A/Frameworks/ImageCapture.framework/Versions/A/ImageCapture
0x0000000009285000 	/System/Library/Frameworks/Carbon.framework/Versions/A/Frameworks/OpenScripting.framework/Versions/A/OpenScripting
0x0000000009285000 	/System/Library/Frameworks/Carbon.framework/Versions/A/Frameworks/Print.framework/Versions/A/Print
0x0000000009285000 	/System/Library/Frameworks/Carbon.framework/Versions/A/Frameworks/SecurityHI.framework/Versions/A/SecurityHI
0x0000000120a91000 	/Library/Java/JavaVirtualMachines/jdk1.8.0_91.jdk/Contents/Home/jre/lib/libawt.dylib
0x0000000120b39000 	/Library/Java/JavaVirtualMachines/jdk1.8.0_91.jdk/Contents/Home/jre/lib/./libmlib_image.dylib
0x0000000120c05000 	/Library/Java/JavaVirtualMachines/jdk1.8.0_91.jdk/Contents/Home/jre/lib/libawt_lwawt.dylib
0x0000000120cba000 	/Library/Java/JavaVirtualMachines/jdk1.8.0_91.jdk/Contents/Home/jre/lib/./libosxapp.dylib
0x0000000009285000 	/System/Library/Frameworks/ExceptionHandling.framework/Versions/A/ExceptionHandling
0x0000000009285000 	/System/Library/PrivateFrameworks/CoreServicesInternal.framework/Versions/A/CoreServicesInternal
0x0000000009285000 	/System/Library/Frameworks/CoreGraphics.framework/Versions/A/Resources/libRIP.A.dylib
0x0000000009285000 	/System/Library/Frameworks/Accelerate.framework/Versions/A/Frameworks/vImage.framework/Versions/A/Libraries/libCGInterfaces.dylib
0x0000000009285000 	/System/Library/Frameworks/CoreGraphics.framework/Versions/A/Resources/libCGXType.A.dylib
0x0000000009285000 	/System/Library/Frameworks/OpenCL.framework/Versions/A/Libraries/libcldcpuengine.dylib
0x0000000009285000 	/System/Library/PrivateFrameworks/DiskImages.framework/Versions/A/DiskImages
0x0000000009285000 	/System/Library/Frameworks/DiscRecording.framework/Versions/A/DiscRecording
0x0000000009285000 	/usr/lib/libcsfde.dylib
0x0000000009285000 	/usr/lib/libcurl.4.dylib
0x0000000009285000 	/System/Library/PrivateFrameworks/MediaKit.framework/Versions/A/MediaKit
0x0000000009285000 	/System/Library/PrivateFrameworks/ProtectedCloudStorage.framework/Versions/A/ProtectedCloudStorage
0x0000000009285000 	/usr/lib/libCoreStorage.dylib
0x0000000009285000 	/System/Library/PrivateFrameworks/EFILogin.framework/Versions/A/EFILogin
0x0000000009285000 	/usr/lib/libutil.dylib
0x0000000009285000 	/System/Library/PrivateFrameworks/FindMyDevice.framework/Versions/A/FindMyDevice
0x0000000009285000 	/System/Library/Frameworks/LDAP.framework/Versions/A/LDAP
0x0000000009285000 	/usr/lib/libsasl2.2.dylib
0x0000000009285000 	/System/Library/PrivateFrameworks/CoreDaemon.framework/Versions/B/CoreDaemon
0x0000000009285000 	/usr/lib/libcrypto.0.9.8.dylib
0x0000000009285000 	/System/Library/PrivateFrameworks/AppleSRP.framework/Versions/A/AppleSRP
0x0000000009285000 	/System/Library/PrivateFrameworks/TrustEvaluationAgent.framework/Versions/A/TrustEvaluationAgent
0x0000000122415000 	cl_kernels
0x0000000009285000 	/System/Library/Frameworks/OpenCL.framework/Versions/A/Libraries/ImageFormats/unorm8_bgra.dylib
0x0000000009285000 	/System/Library/Frameworks/OpenCL.framework/Versions/A/Libraries/ImageFormats/unorm8_rgba.dylib
0x0000000009285000 	/System/Library/PrivateFrameworks/FamilyControls.framework/Versions/A/FamilyControls
0x0000000009285000 	/System/Library/PrivateFrameworks/CommerceKit.framework/Versions/A/Frameworks/CommerceCore.framework/Versions/A/CommerceCore
0x0000000009285000 	/System/Library/PrivateFrameworks/SystemAdministration.framework/Versions/A/SystemAdministration
0x0000000009285000 	/System/Library/PrivateFrameworks/AppContainer.framework/Versions/A/AppContainer
0x0000000009285000 	/System/Library/PrivateFrameworks/SecCodeWrapper.framework/Versions/A/SecCodeWrapper
0x0000000009285000 	/System/Library/Frameworks/DirectoryService.framework/Versions/A/DirectoryService
0x0000000009285000 	/System/Library/PrivateFrameworks/LoginUIKit.framework/Versions/A/Frameworks/LoginUICore.framework/Versions/A/LoginUICore
0x0000000009285000 	/usr/lib/libodfde.dylib
0x0000000009285000 	/System/Library/Frameworks/OpenGL.framework/Versions/A/Resources/GLEngine.bundle/GLEngine
0x0000000009285000 	/System/Library/Frameworks/OpenGL.framework/Versions/A/Libraries/libGLProgrammability.dylib
0x00000001234a5000 	/System/Library/Extensions/AMDRadeonX3000GLDriver.bundle/Contents/MacOS/AMDRadeonX3000GLDriver
0x0000000009285000 	/System/Library/PrivateFrameworks/GPUSupport.framework/Versions/A/Libraries/libGPUSupportMercury.dylib
0x0000000123584000 	/System/Library/Extensions/AMDRadeonX3000GLDriver.bundle/Contents/MacOS/ATIRadeonX3000SCLib.dylib
0x0000000009285000 	/System/Library/Frameworks/OpenGL.framework/Versions/A/Resources/GLRendererFloat.bundle/GLRendererFloat
0x0000000123870000 	/Library/Java/JavaVirtualMachines/jdk1.8.0_91.jdk/Contents/Home/jre/lib/libfontmanager.dylib
0x000000012455b000 	/Library/Java/JavaVirtualMachines/jdk1.8.0_91.jdk/Contents/Home/jre/lib/libosxui.dylib
0x0000000125035000 	/Library/Java/JavaVirtualMachines/jdk1.8.0_91.jdk/Contents/Home/jre/lib/libnet.dylib
0x00000001252f2000 	/Library/Java/JavaVirtualMachines/jdk1.8.0_91.jdk/Contents/Home/jre/lib/libnio.dylib
0x0000000009285000 	/System/Library/Frameworks/ApplicationServices.framework/Versions/A/Frameworks/ATS.framework/Versions/A/Resources/libTrueTypeScaler.dylib
0x000000018a2dd000 	/private/var/folders/tq/5cybh0451bx2v8l5x53f9c_h0000gn/T/jogamp_0000/file_cache/jln8144623737751014847/jln2215057406124948085/libgluegen-rt.jnilib
0x0000000124247000 	/private/var/folders/tq/5cybh0451bx2v8l5x53f9c_h0000gn/T/jogamp_0000/file_cache/jln8144623737751014847/jln2215057406124948085/libnativewindow_awt.jnilib
0x0000000124253000 	/Library/Java/JavaVirtualMachines/jdk1.8.0_91.jdk/Contents/Home/jre/lib/libjawt.dylib
0x000000018a2e1000 	/private/var/folders/tq/5cybh0451bx2v8l5x53f9c_h0000gn/T/jogamp_0000/file_cache/jln8144623737751014847/jln2215057406124948085/libnativewindow_macosx.jnilib
0x000000018c150000 	/private/var/folders/tq/5cybh0451bx2v8l5x53f9c_h0000gn/T/jogamp_0000/file_cache/jln8144623737751014847/jln2215057406124948085/libjogl_desktop.jnilib
0x00000001220e5000 	/Library/Java/JavaVirtualMachines/jdk1.8.0_91.jdk/Contents/Home/jre/lib/libt2k.dylib

VM Arguments:
jvm_args: -Djava.security.policy=java.policy.applet -Dfile.encoding=UTF-8 
java_command: sun.applet.AppletViewer module6.EarthquakeCityMap1464075702383.html
java_class_path (initial): /Users/limhoktan/Documents/workspace/UCSDUnfoldingMaps/build:/Users/limhoktan/Documents/workspace/UCSDUnfoldingMaps/lib/core.jar:/Users/limhoktan/Documents/workspace/UCSDUnfoldingMaps/lib/gluegen-rt.jar:/Users/limhoktan/Documents/workspace/UCSDUnfoldingMaps/lib/jogl-all.jar:/Users/limhoktan/Documents/workspace/UCSDUnfoldingMaps/lib/log4j-1.2.15.jar:/Users/limhoktan/Documents/workspace/UCSDUnfoldingMaps/lib/sqlite-jdbc-3.7.2.jar:/Users/limhoktan/Documents/workspace/UCSDUnfoldingMaps/lib/json4processing.jar:/Users/limhoktan/Documents/workspace/UCSDUnfoldingMaps/lib/libTUIO.jar:/Users/limhoktan/Documents/workspace/UCSDUnfoldingMaps/lib/unfolding.0.9.7-uscd.jar
Launcher Type: SUN_STANDARD

Environment Variables:
PATH=/usr/bin:/bin:/usr/sbin:/sbin
SHELL=/bin/bash
DISPLAY=/private/tmp/com.apple.launchd.3cFrEfN4Lz/org.macosforge.xquartz:0

Signal Handlers:
SIGSEGV: [libjvm.dylib+0x5a97a1], sa_mask[0]=11111111011111110111111111111111, sa_flags=SA_ONSTACK|SA_RESTART|SA_SIGINFO
SIGBUS: [libjvm.dylib+0x5a97a1], sa_mask[0]=11111111011111110111111111111111, sa_flags=SA_RESTART|SA_SIGINFO
SIGFPE: [libjvm.dylib+0x482594], sa_mask[0]=11111111011111110111111111111111, sa_flags=SA_RESTART|SA_SIGINFO
SIGPIPE: [libjvm.dylib+0x482594], sa_mask[0]=11111111011111110111111111111111, sa_flags=SA_RESTART|SA_SIGINFO
SIGXFSZ: [libjvm.dylib+0x482594], sa_mask[0]=11111111011111110111111111111111, sa_flags=SA_RESTART|SA_SIGINFO
SIGILL: [libjvm.dylib+0x482594], sa_mask[0]=11111111011111110111111111111111, sa_flags=SA_RESTART|SA_SIGINFO
SIGUSR1: SIG_DFL, sa_mask[0]=00000000000000000000000000000000, sa_flags=none
SIGUSR2: [libjvm.dylib+0x4820b2], sa_mask[0]=00100000000000000000000000000000, sa_flags=SA_RESTART|SA_SIGINFO
SIGHUP: [libjvm.dylib+0x480689], sa_mask[0]=11111111011111110111111111111111, sa_flags=SA_RESTART|SA_SIGINFO
SIGINT: [libjvm.dylib+0x480689], sa_mask[0]=11111111011111110111111111111111, sa_flags=SA_RESTART|SA_SIGINFO
SIGTERM: [libjvm.dylib+0x480689], sa_mask[0]=11111111011111110111111111111111, sa_flags=SA_RESTART|SA_SIGINFO
SIGQUIT: [libjvm.dylib+0x480689], sa_mask[0]=11111111011111110111111111111111, sa_flags=SA_RESTART|SA_SIGINFO


---------------  S Y S T E M  ---------------

OS:Bsduname:Darwin 15.4.0 Darwin Kernel Version 15.4.0: Fri Feb 26 22:08:05 PST 2016; root:xnu-3248.40.184~3/RELEASE_X86_64 x86_64
rlimit: STACK 8192k, CORE 0k, NPROC 709, NOFILE 10240, AS infinity
load average:8.89 5.93 3.83

CPU:total 4 (4 cores per cpu, 1 threads per core) family 6 model 30 stepping 5, cmov, cx8, fxsr, mmx, sse, sse2, sse3, ssse3, sse4.1, sse4.2, popcnt, tsc, tscinvbit

Memory: 4k page, physical 8388608k(568740k free)

/proc/meminfo:


vm_info: Java HotSpot(TM) 64-Bit Server VM (25.91-b14) for bsd-amd64 JRE (1.8.0_91-b14), built on Apr  1 2016 01:03:00 by "java_re" with gcc 4.2.1 (Based on Apple Inc. build 5658) (LLVM build 2336.11.00)

time: Tue May 24 00:45:09 2016
elapsed time: 206 seconds (0d 0h 3m 26s)

