#
# A fatal error has been detected by the Java Runtime Environment:
#
#  SIGSEGV (0xb) at pc=0x00007fff97afa4dd, pid=16366, tid=2571
#
# JRE version: Java(TM) SE Runtime Environment (8.0_91-b14) (build 1.8.0_91-b14)
# Java VM: Java HotSpot(TM) 64-Bit Server VM (25.91-b14 mixed mode bsd-amd64 compressed oops)
# Problematic frame:
# C  [libobjc.A.dylib+0x14dd]  objc_msgSend+0x1d
#
# Failed to write core dump. Core dumps have been disabled. To enable core dumping, try "ulimit -c unlimited" before starting Java again
#
# If you would like to submit a bug report, please visit:
#   http://bugreport.java.com/bugreport/crash.jsp
# The crash happened outside the Java Virtual Machine in native code.
# See problematic frame for where to report the bug.
#

---------------  T H R E A D  ---------------

Current thread (0x00007fd2f9011000):  JavaThread "AWT-AppKit" daemon [_thread_in_native, id=2571, stack(0x00007fff543f1000,0x00007fff54bf1000)]

siginfo: si_signo: 11 (SIGSEGV), si_code: 1 (SEGV_MAPERR), si_addr: 0x0000000000000018

Registers:
RAX=0x00007fd2fd558040, RBX=0x000000018d5ae450, RCX=0x0000000124cd4480, RDX=0x0000000124cd4d60
RSP=0x00007fff54bec2b8, RBP=0x00007fff54bec370, RSI=0x00007fff8b405ce6, RDI=0x00007fd2f856c0c0
R8 =0x0000000000000000, R9 =0x00000000000008b0, R10=0x00007fff8b405ce6, R11=0x0000000000000000
R12=0x0000000000000000, R13=0x000000018f2349b0, R14=0x000000018d5ae440, R15=0x00007fd2f9011000
RIP=0x00007fff97afa4dd, EFLAGS=0x0000000000010246, ERR=0x0000000000000004
  TRAPNO=0x000000000000000e

Top of Stack: (sp=0x00007fff54bec2b8)
0x00007fff54bec2b8:   000000018d5ac157 00007fff54bec310
0x00007fff54bec2c8:   0000000000000003 00007fff54bec2f0
0x00007fff54bec2d8:   000000010bdf24ea 000000018f2349b0
0x00007fff54bec2e8:   000000018f2349b0 00007fd2fd558040
0x00007fff54bec2f8:   000000018d5ae6a0 000000018d5ae710
0x00007fff54bec308:   00007fff7a8e6770 00007fff7c4f4500
0x00007fff54bec318:   000000018d5ae450 000000018d5ae690
0x00007fff54bec328:   00007fd2fd558040 00007fd2f856c0c0
0x00007fff54bec338:   00007fd2fd4d2810 00007fd2fd558040
0x00007fff54bec348:   00007fd2f856c0c0 00007fff54bec3f8
0x00007fff54bec358:   00007fd2f90111f8 000000018f2349b0
0x00007fff54bec368:   00007fff54bec420 00007fff54bec3e8
0x00007fff54bec378:   000000010cba9814 000000018f2349b0
0x00007fff54bec388:   00007fff54bec420 00007fff54bec3e8
0x00007fff54bec398:   000000010cba95a7 000000010cba9562
0x00007fff54bec3a8:   00007fff54bec3a8 000000018f2349b0
0x00007fff54bec3b8:   00007fff54bec420 000000018f2375e8
0x00007fff54bec3c8:   0000000000000000 000000018f2349b0
0x00007fff54bec3d8:   0000000000000000 00007fff54bec408
0x00007fff54bec3e8:   00007fff54bec468 000000010cb9c2bd
0x00007fff54bec3f8:   000000074140efa8 000000010cba5538
0x00007fff54bec408:   00007fd2fd558040 00007fff54bec468
0x00007fff54bec418:   00007fd2f856c0c0 000000010cba6e02
0x00007fff54bec428:   00007fff54bec428 000000018f234b7a
0x00007fff54bec438:   00007fff54bec490 000000018f2375e8
0x00007fff54bec448:   0000000000000000 000000018f234b88
0x00007fff54bec458:   00007fff54bec408 00007fff54bec478
0x00007fff54bec468:   00007fff54bec4d8 000000010cb9c2bd
0x00007fff54bec478:   00007fd2fd558040 00000007415bc368
0x00007fff54bec488:   00007fd2f856c0c0 00000007415bc368
0x00007fff54bec498:   00007fff54bec498 0000000193d17cce
0x00007fff54bec4a8:   00007fff54bec4e8 0000000193d17d88 

Instructions: (pc=0x00007fff97afa4dd)
0x00007fff97afa4bd:   44 00 00 48 85 ff 2e 74 62 40 f6 c7 01 2e 75 66
0x00007fff97afa4cd:   49 bb f8 ff ff ff ff 7f 00 00 4c 23 1f 49 89 f2
0x00007fff97afa4dd:   45 23 53 18 49 c1 e2 04 4d 03 53 10 49 3b 32 75
0x00007fff97afa4ed:   04 41 ff 62 08 49 83 3a 01 76 0d 49 83 c2 10 49 

Register to memory mapping:

RAX=0x00007fd2fd558040 is an unknown value
RBX=0x000000018d5ae450: Java_jogamp_nativewindow_macosx_OSXUtil_GetScreenRefreshRate0+0x1cf0 in /private/var/folders/tq/5cybh0451bx2v8l5x53f9c_h0000gn/T/jogamp_0000/file_cache/jln5747418451224946237/jln8782238826194852979/libnativewindow_macosx.jnilib at 0x000000018d5a7000
RCX=0x0000000124cd4480 is an unknown value
RDX=0x0000000124cd4d60 is an unknown value
RSP=0x00007fff54bec2b8 is pointing into the stack for thread: 0x00007fd2f9011000
RBP=0x00007fff54bec370 is pointing into the stack for thread: 0x00007fd2f9011000
RSI=0x00007fff8b405ce6 is an unknown value
RDI=0x00007fd2f856c0c0 is an unknown value
R8 =0x0000000000000000 is an unknown value
R9 =0x00000000000008b0 is an unknown value
R10=0x00007fff8b405ce6 is an unknown value
R11=0x0000000000000000 is an unknown value
R12=0x0000000000000000 is an unknown value
R13={method} {0x000000018f2349b0} 'UnsetJAWTRootSurfaceLayer0' '(JJ)V' in 'jogamp/nativewindow/jawt/macosx/MacOSXJAWTWindow'
R14=0x000000018d5ae440: Java_jogamp_nativewindow_macosx_OSXUtil_GetScreenRefreshRate0+0x1ce0 in /private/var/folders/tq/5cybh0451bx2v8l5x53f9c_h0000gn/T/jogamp_0000/file_cache/jln5747418451224946237/jln8782238826194852979/libnativewindow_macosx.jnilib at 0x000000018d5a7000
R15=0x00007fd2f9011000 is a thread


Stack: [0x00007fff543f1000,0x00007fff54bf1000],  sp=0x00007fff54bec2b8,  free space=8172k
Native frames: (J=compiled Java code, j=interpreted, Vv=VM code, C=native code)
C  [libobjc.A.dylib+0x14dd]  objc_msgSend+0x1d
j  jogamp.nativewindow.jawt.macosx.MacOSXJAWTWindow.UnsetJAWTRootSurfaceLayer0(JJ)V+0
j  jogamp.nativewindow.jawt.macosx.MacOSXJAWTWindow.access$200(JJ)V+2
j  jogamp.nativewindow.jawt.macosx.MacOSXJAWTWindow$1.run()V+38
J 2734 C1 com.jogamp.common.util.RunnableTask.run()V (345 bytes) @ 0x000000010d1fa314 [0x000000010d1fa180+0x194]
v  ~StubRoutines::call_stub
V  [libjvm.dylib+0x2ec1e6]
V  [libjvm.dylib+0x323355]
V  [libjvm.dylib+0x315b23]
C  [libnativewindow_macosx.jnilib+0x5326]  Java_jogamp_nativewindow_jawt_macosx_MacOSXJAWTWindow_UnsetJAWTRootSurfaceLayer0+0x2b6
C  [Foundation+0x76f5e]  __NSThreadPerformPerform+0x117
C  [CoreFoundation+0xaa881]  __CFRUNLOOP_IS_CALLING_OUT_TO_A_SOURCE0_PERFORM_FUNCTION__+0x11
C  [CoreFoundation+0x89fbc]  __CFRunLoopDoSources0+0x22c
C  [CoreFoundation+0x894df]  __CFRunLoopRun+0x39f
C  [CoreFoundation+0x88ed8]  CFRunLoopRunSpecific+0x128
C  [HIToolbox+0x30935]  RunCurrentEventLoopInMode+0xeb
C  [HIToolbox+0x30677]  ReceiveNextEventCommon+0xb8
C  [HIToolbox+0x305af]  _BlockUntilNextEventMatchingListInModeWithFilter+0x47
C  [AppKit+0x48efa]  _DPSNextEvent+0x42b
C  [AppKit+0x4832a]  -[NSApplication _nextEventMatchingEventMask:untilDate:inMode:dequeue:]+0x1c6
C  [libosxapp.dylib+0x23aa]  -[NSApplicationAWT nextEventMatchingMask:untilDate:inMode:dequeue:]+0x7c
C  [AppKit+0x3ce84]  -[NSApplication run]+0x2aa
C  [libosxapp.dylib+0x214d]  +[NSApplicationAWT runAWTLoopWithApp:]+0x9c
C  [libawt_lwawt.dylib+0x4455b]  -[AWTStarter starter:]+0x389
C  [Foundation+0x76f5e]  __NSThreadPerformPerform+0x117
C  [CoreFoundation+0xaa881]  __CFRUNLOOP_IS_CALLING_OUT_TO_A_SOURCE0_PERFORM_FUNCTION__+0x11
C  [CoreFoundation+0x89fbc]  __CFRunLoopDoSources0+0x22c
C  [CoreFoundation+0x894df]  __CFRunLoopRun+0x39f
C  [CoreFoundation+0x88ed8]  CFRunLoopRunSpecific+0x128
C  [java+0x6463]  CreateExecutionEnvironment+0x367
C  [java+0x21ac]  JLI_Launch+0x7a0
C  [java+0x84c0]  main+0x65
C  [java+0x1a04]  start+0x34
C  0x0000000000000007

Java frames: (J=compiled Java code, j=interpreted, Vv=VM code)
j  jogamp.nativewindow.jawt.macosx.MacOSXJAWTWindow.UnsetJAWTRootSurfaceLayer0(JJ)V+0
j  jogamp.nativewindow.jawt.macosx.MacOSXJAWTWindow.access$200(JJ)V+2
j  jogamp.nativewindow.jawt.macosx.MacOSXJAWTWindow$1.run()V+38
J 2734 C1 com.jogamp.common.util.RunnableTask.run()V (345 bytes) @ 0x000000010d1fa314 [0x000000010d1fa180+0x194]
v  ~StubRoutines::call_stub

---------------  P R O C E S S  ---------------

Java Threads: ( => current thread )
  0x00007fd2fe0d8800 JavaThread "Thread-72" [_thread_blocked, id=13715, stack(0x00007000010cd000,0x00007000011cd000)]
  0x00007fd2fa630800 JavaThread "Keep-Alive-Timer" daemon [_thread_blocked, id=33831, stack(0x0000700001e7d000,0x0000700001f7d000)]
  0x00007fd2f93c8000 JavaThread "Animation Thread" [_thread_blocked, id=59755, stack(0x00007000017e8000,0x00007000018e8000)]
  0x00007fd2fa300000 JavaThread "AWT-EventQueue-1" [_thread_in_native, id=60459, stack(0x00007000018eb000,0x00007000019eb000)]
  0x00007fd2fa2f1000 JavaThread "DestroyJavaVM" [_thread_blocked, id=5891, stack(0x000070000011a000,0x000070000021a000)]
  0x00007fd2fa198000 JavaThread "AWT-EventQueue-0" [_thread_blocked, id=57091, stack(0x00007000016e5000,0x00007000017e5000)]
  0x00007fd2f9102800 JavaThread "Java2D Disposer" daemon [_thread_blocked, id=52995, stack(0x000070000145c000,0x000070000155c000)]
  0x00007fd2f8807000 JavaThread "Java2D Queue Flusher" daemon [_thread_blocked, id=50183, stack(0x0000700001359000,0x0000700001459000)]
  0x00007fd2f997f800 JavaThread "AWT-Shutdown" [_thread_blocked, id=28455, stack(0x00007000011d3000,0x00007000012d3000)]
=>0x00007fd2f9011000 JavaThread "AWT-AppKit" daemon [_thread_in_native, id=2571, stack(0x00007fff543f1000,0x00007fff54bf1000)]
  0x00007fd2f881e000 JavaThread "Service Thread" daemon [_thread_blocked, id=18435, stack(0x0000700000dc1000,0x0000700000ec1000)]
  0x00007fd2f989e800 JavaThread "C1 CompilerThread2" daemon [_thread_blocked, id=17923, stack(0x0000700000cbe000,0x0000700000dbe000)]
  0x00007fd2f989c800 JavaThread "C2 CompilerThread1" daemon [_thread_blocked, id=17411, stack(0x0000700000bbb000,0x0000700000cbb000)]
  0x00007fd2f989b800 JavaThread "C2 CompilerThread0" daemon [_thread_blocked, id=16899, stack(0x0000700000ab8000,0x0000700000bb8000)]
  0x00007fd2f989b000 JavaThread "Signal Dispatcher" daemon [_thread_blocked, id=12815, stack(0x00007000009b5000,0x0000700000ab5000)]
  0x00007fd2f9004800 JavaThread "Finalizer" daemon [_thread_blocked, id=12291, stack(0x000070000082f000,0x000070000092f000)]
  0x00007fd2f8811800 JavaThread "Reference Handler" daemon [_thread_blocked, id=11779, stack(0x000070000072c000,0x000070000082c000)]

Other Threads:
  0x00007fd2f9003800 VMThread [stack: 0x0000700000629000,0x0000700000729000] [id=11267]
  0x00007fd2f881e800 WatcherThread [stack: 0x0000700000ec4000,0x0000700000fc4000] [id=18947]

VM state:not at safepoint (normal execution)

VM Mutex/Monitor currently owned by a thread: None

Heap:
 PSYoungGen      total 38400K, used 32212K [0x0000000795580000, 0x0000000798d00000, 0x00000007c0000000)
  eden space 29184K, 80% used [0x0000000795580000,0x0000000796c64df0,0x0000000797200000)
  from space 9216K, 95% used [0x0000000797280000,0x0000000797b10230,0x0000000797b80000)
  to   space 13824K, 0% used [0x0000000797f80000,0x0000000797f80000,0x0000000798d00000)
 ParOldGen       total 81920K, used 22424K [0x0000000740000000, 0x0000000745000000, 0x0000000795580000)
  object space 81920K, 27% used [0x0000000740000000,0x00000007415e6338,0x0000000745000000)
 Metaspace       used 21315K, capacity 21527K, committed 21808K, reserved 1069056K
  class space    used 2050K, capacity 2112K, committed 2176K, reserved 1048576K

Card table byte_map: [0x000000011bf54000,0x000000011c355000] byte_map_base: 0x0000000118554000

Marking Bits: (ParMarkBitMap*) 0x000000010c4e6eb0
 Begin Bits: [0x000000011c600000, 0x000000011e600000)
 End Bits:   [0x000000011e600000, 0x0000000120600000)

Polling page: 0x000000010b2d2000

CodeCache: size=245760Kb used=9164Kb max_used=9177Kb free=236595Kb
 bounds [0x000000010cb94000, 0x000000010d4a4000, 0x000000011bb94000]
 total_blobs=3529 nmethods=2639 adapters=804
 compilation: enabled

Compilation events (10 events):
Event: 30.254 Thread 0x00007fd2f989e800 nmethod 3100 0x000000010d48d450 code [0x000000010d48d6c0, 0x000000010d48e978]
Event: 30.254 Thread 0x00007fd2f989e800 3101       1       sun.java2d.SurfaceData::isValid (5 bytes)
Event: 30.254 Thread 0x00007fd2f989e800 nmethod 3101 0x000000010d488850 code [0x000000010d4889a0, 0x000000010d488ab0]
Event: 30.255 Thread 0x00007fd2f989e800 3102       3       sun.net.www.protocol.jar.Handler::parseContextSpec (154 bytes)
Event: 30.257 Thread 0x00007fd2f989e800 nmethod 3102 0x000000010d48f050 code [0x000000010d48f440, 0x000000010d491b28]
Event: 30.257 Thread 0x00007fd2f989e800 3103       3       sun.net.www.ParseUtil::canonizeString (195 bytes)
Event: 30.258 Thread 0x00007fd2f989b800 nmethod 3099 0x000000010d48cc90 code [0x000000010d48ce00, 0x000000010d48d118]
Event: 30.259 Thread 0x00007fd2f989e800 nmethod 3103 0x000000010d494750 code [0x000000010d494b20, 0x000000010d496f68]
Event: 30.262 Thread 0x00007fd2f989c800 3104  s!   4       sun.misc.URLClassPath::getLoader (197 bytes)
Event: 30.268 Thread 0x00007fd2f989c800 nmethod 3104 0x000000010d48bf90 code [0x000000010d48c100, 0x000000010d48c8d8]

GC Heap History (10 events):
Event: 15.277 GC heap before
{Heap before GC invocations=8 (full 1):
 PSYoungGen      total 44032K, used 31360K [0x0000000795580000, 0x0000000799e80000, 0x00000007c0000000)
  eden space 31232K, 100% used [0x0000000795580000,0x0000000797400000,0x0000000797400000)
  from space 12800K, 1% used [0x0000000798200000,0x0000000798220000,0x0000000798e80000)
  to   space 14336K, 0% used [0x0000000797400000,0x0000000797400000,0x0000000798200000)
 ParOldGen       total 81920K, used 22408K [0x0000000740000000, 0x0000000745000000, 0x0000000795580000)
  object space 81920K, 27% used [0x0000000740000000,0x00000007415e2338,0x0000000745000000)
 Metaspace       used 21234K, capacity 21463K, committed 21808K, reserved 1069056K
  class space    used 2043K, capacity 2112K, committed 2176K, reserved 1048576K
Event: 15.278 GC heap after
Heap after GC invocations=8 (full 1):
 PSYoungGen      total 45568K, used 2864K [0x0000000795580000, 0x0000000799a80000, 0x00000007c0000000)
  eden space 31232K, 0% used [0x0000000795580000,0x0000000795580000,0x0000000797400000)
  from space 14336K, 19% used [0x0000000797400000,0x00000007976cc0d0,0x0000000798200000)
  to   space 14336K, 0% used [0x0000000798c80000,0x0000000798c80000,0x0000000799a80000)
 ParOldGen       total 81920K, used 22416K [0x0000000740000000, 0x0000000745000000, 0x0000000795580000)
  object space 81920K, 27% used [0x0000000740000000,0x00000007415e4338,0x0000000745000000)
 Metaspace       used 21234K, capacity 21463K, committed 21808K, reserved 1069056K
  class space    used 2043K, capacity 2112K, committed 2176K, reserved 1048576K
}
Event: 19.045 GC heap before
{Heap before GC invocations=9 (full 1):
 PSYoungGen      total 45568K, used 34096K [0x0000000795580000, 0x0000000799a80000, 0x00000007c0000000)
  eden space 31232K, 100% used [0x0000000795580000,0x0000000797400000,0x0000000797400000)
  from space 14336K, 19% used [0x0000000797400000,0x00000007976cc0d0,0x0000000798200000)
  to   space 14336K, 0% used [0x0000000798c80000,0x0000000798c80000,0x0000000799a80000)
 ParOldGen       total 81920K, used 22416K [0x0000000740000000, 0x0000000745000000, 0x0000000795580000)
  object space 81920K, 27% used [0x0000000740000000,0x00000007415e4338,0x0000000745000000)
 Metaspace       used 21239K, capacity 21463K, committed 21808K, reserved 1069056K
  class space    used 2043K, capacity 2112K, committed 2176K, reserved 1048576K
Event: 19.048 GC heap after
Heap after GC invocations=9 (full 1):
 PSYoungGen      total 34816K, used 3952K [0x0000000795580000, 0x0000000799080000, 0x00000007c0000000)
  eden space 30720K, 0% used [0x0000000795580000,0x0000000795580000,0x0000000797380000)
  from space 4096K, 96% used [0x0000000798c80000,0x000000079905c110,0x0000000799080000)
  to   space 14336K, 0% used [0x0000000797480000,0x0000000797480000,0x0000000798280000)
 ParOldGen       total 81920K, used 22416K [0x0000000740000000, 0x0000000745000000, 0x0000000795580000)
  object space 81920K, 27% used [0x0000000740000000,0x00000007415e4338,0x0000000745000000)
 Metaspace       used 21239K, capacity 21463K, committed 21808K, reserved 1069056K
  class space    used 2043K, capacity 2112K, committed 2176K, reserved 1048576K
}
Event: 22.979 GC heap before
{Heap before GC invocations=10 (full 1):
 PSYoungGen      total 34816K, used 34672K [0x0000000795580000, 0x0000000799080000, 0x00000007c0000000)
  eden space 30720K, 100% used [0x0000000795580000,0x0000000797380000,0x0000000797380000)
  from space 4096K, 96% used [0x0000000798c80000,0x000000079905c110,0x0000000799080000)
  to   space 14336K, 0% used [0x0000000797480000,0x0000000797480000,0x0000000798280000)
 ParOldGen       total 81920K, used 22416K [0x0000000740000000, 0x0000000745000000, 0x0000000795580000)
  object space 81920K, 27% used [0x0000000740000000,0x00000007415e4338,0x0000000745000000)
 Metaspace       used 21248K, capacity 21463K, committed 21808K, reserved 1069056K
  class space    used 2043K, capacity 2112K, committed 2176K, reserved 1048576K
Event: 22.981 GC heap after
Heap after GC invocations=10 (full 1):
 PSYoungGen      total 34816K, used 4480K [0x0000000795580000, 0x0000000798e00000, 0x00000007c0000000)
  eden space 30208K, 0% used [0x0000000795580000,0x0000000795580000,0x0000000797300000)
  from space 4608K, 97% used [0x0000000797480000,0x00000007978e0120,0x0000000797900000)
  to   space 13824K, 0% used [0x0000000798080000,0x0000000798080000,0x0000000798e00000)
 ParOldGen       total 81920K, used 22416K [0x0000000740000000, 0x0000000745000000, 0x0000000795580000)
  object space 81920K, 27% used [0x0000000740000000,0x00000007415e4338,0x0000000745000000)
 Metaspace       used 21248K, capacity 21463K, committed 21808K, reserved 1069056K
  class space    used 2043K, capacity 2112K, committed 2176K, reserved 1048576K
}
Event: 24.802 GC heap before
{Heap before GC invocations=11 (full 1):
 PSYoungGen      total 34816K, used 34688K [0x0000000795580000, 0x0000000798e00000, 0x00000007c0000000)
  eden space 30208K, 100% used [0x0000000795580000,0x0000000797300000,0x0000000797300000)
  from space 4608K, 97% used [0x0000000797480000,0x00000007978e0120,0x0000000797900000)
  to   space 13824K, 0% used [0x0000000798080000,0x0000000798080000,0x0000000798e00000)
 ParOldGen       total 81920K, used 22416K [0x0000000740000000, 0x0000000745000000, 0x0000000795580000)
  object space 81920K, 27% used [0x0000000740000000,0x00000007415e4338,0x0000000745000000)
 Metaspace       used 21278K, capacity 21463K, committed 21808K, reserved 1069056K
  class space    used 2043K, capacity 2112K, committed 2176K, reserved 1048576K
Event: 24.807 GC heap after
Heap after GC invocations=11 (full 1):
 PSYoungGen      total 43008K, used 8800K [0x0000000795580000, 0x0000000798d80000, 0x00000007c0000000)
  eden space 29696K, 0% used [0x0000000795580000,0x0000000795580000,0x0000000797280000)
  from space 13312K, 66% used [0x0000000798080000,0x0000000798918230,0x0000000798d80000)
  to   space 13824K, 0% used [0x0000000797280000,0x0000000797280000,0x0000000798000000)
 ParOldGen       total 81920K, used 22416K [0x0000000740000000, 0x0000000745000000, 0x0000000795580000)
  object space 81920K, 27% used [0x0000000740000000,0x00000007415e4338,0x0000000745000000)
 Metaspace       used 21278K, capacity 21463K, committed 21808K, reserved 1069056K
  class space    used 2043K, capacity 2112K, committed 2176K, reserved 1048576K
}
Event: 27.702 GC heap before
{Heap before GC invocations=12 (full 1):
 PSYoungGen      total 43008K, used 38496K [0x0000000795580000, 0x0000000798d80000, 0x00000007c0000000)
  eden space 29696K, 100% used [0x0000000795580000,0x0000000797280000,0x0000000797280000)
  from space 13312K, 66% used [0x0000000798080000,0x0000000798918230,0x0000000798d80000)
  to   space 13824K, 0% used [0x0000000797280000,0x0000000797280000,0x0000000798000000)
 ParOldGen       total 81920K, used 22416K [0x0000000740000000, 0x0000000745000000, 0x0000000795580000)
  object space 81920K, 27% used [0x0000000740000000,0x00000007415e4338,0x0000000745000000)
 Metaspace       used 21280K, capacity 21463K, committed 21808K, reserved 1069056K
  class space    used 2043K, capacity 2112K, committed 2176K, reserved 1048576K
Event: 27.705 GC heap after
Heap after GC invocations=12 (full 1):
 PSYoungGen      total 38400K, used 8768K [0x0000000795580000, 0x0000000798d00000, 0x00000007c0000000)
  eden space 29184K, 0% used [0x0000000795580000,0x0000000795580000,0x0000000797200000)
  from space 9216K, 95% used [0x0000000797280000,0x0000000797b10230,0x0000000797b80000)
  to   space 13824K, 0% used [0x0000000797f80000,0x0000000797f80000,0x0000000798d00000)
 ParOldGen       total 81920K, used 22424K [0x0000000740000000, 0x0000000745000000, 0x0000000795580000)
  object space 81920K, 27% used [0x0000000740000000,0x00000007415e6338,0x0000000745000000)
 Metaspace       used 21280K, capacity 21463K, committed 21808K, reserved 1069056K
  class space    used 2043K, capacity 2112K, committed 2176K, reserved 1048576K
}

Deoptimization events (10 events):
Event: 29.397 Thread 0x00007fd2f9011000 Uncommon trap: reason=unstable_if action=reinterpret pc=0x000000010d2c1c88 method=sun.java2d.pipe.Region.contains(II)Z @ 5
Event: 30.219 Thread 0x00007fd2fa300000 Uncommon trap: reason=speculate_class_check action=maybe_recompile pc=0x000000010d476f44 method=java.awt.EventQueue.coalesceEvent(Ljava/awt/AWTEvent;I)Z @ 53
Event: 30.236 Thread 0x00007fd2fa300000 Uncommon trap: reason=class_check action=maybe_recompile pc=0x000000010cfa3938 method=java.util.Arrays.copyOf([Ljava/lang/Object;ILjava/lang/Class;)[Ljava/lang/Object; @ 24
Event: 30.236 Thread 0x00007fd2fa300000 Uncommon trap: reason=class_check action=maybe_recompile pc=0x000000010cfa3938 method=java.util.Arrays.copyOf([Ljava/lang/Object;ILjava/lang/Class;)[Ljava/lang/Object; @ 24
Event: 30.237 Thread 0x00007fd2fa198000 Uncommon trap: reason=unstable_if action=reinterpret pc=0x000000010d476ab0 method=java.awt.EventQueue.getPriority(Ljava/awt/AWTEvent;)I @ 71
Event: 30.237 Thread 0x00007fd2fa300000 Uncommon trap: reason=unstable_if action=reinterpret pc=0x000000010d31cb28 method=com.jogamp.common.util.VersionNumber.compareTo(Lcom/jogamp/common/util/VersionNumber;)I @ 21
Event: 30.238 Thread 0x00007fd2fa198000 Uncommon trap: reason=unstable_if action=reinterpret pc=0x000000010d3476c8 method=java.awt.Font.equals(Ljava/lang/Object;)Z @ 2
Event: 30.253 Thread 0x00007fd2f9129000 Uncommon trap: reason=unstable_if action=reinterpret pc=0x000000010d11ade4 method=java.util.HashMap.putVal(ILjava/lang/Object;Ljava/lang/Object;ZZ)Ljava/lang/Object; @ 81
Event: 30.253 Thread 0x00007fd2f9129000 Uncommon trap: reason=unstable_if action=reinterpret pc=0x000000010d1185fc method=java.util.HashMap.putVal(ILjava/lang/Object;Ljava/lang/Object;ZZ)Ljava/lang/Object; @ 81
Event: 30.263 Thread 0x00007fd2fa300000 Uncommon trap: reason=unstable_if action=reinterpret pc=0x000000010ce86118 method=java.security.AccessControlContext.optimize()Ljava/security/AccessControlContext; @ 233

Internal exceptions (10 events):
Event: 0.151 Thread 0x00007fd2f9801000 Exception <a 'java/lang/NoSuchFieldError': method resolution failed> (0x0000000795793460) thrown at [/Users/java_re/workspace/8-2-build-macosx-x86_64/jdk8u91/6644/hotspot/src/share/vm/prims/methodHandles.cpp, line 1146]
Event: 0.303 Thread 0x00007fd2f9801000 Exception <a 'java/io/FileNotFoundException'> (0x000000079580f758) thrown at [/Users/java_re/workspace/8-2-build-macosx-x86_64/jdk8u91/6644/hotspot/src/share/vm/prims/jni.cpp, line 709]
Event: 0.303 Thread 0x00007fd2f9801000 Exception <a 'java/io/FileNotFoundException'> (0x00000007958102c0) thrown at [/Users/java_re/workspace/8-2-build-macosx-x86_64/jdk8u91/6644/hotspot/src/share/vm/prims/jni.cpp, line 709]
Event: 0.400 Thread 0x00007fd2f9801000 Exception <a 'java/io/FileNotFoundException'> (0x000000079594bbe8) thrown at [/Users/java_re/workspace/8-2-build-macosx-x86_64/jdk8u91/6644/hotspot/src/share/vm/prims/jni.cpp, line 709]
Event: 1.989 Thread 0x00007fd2f93c8000 Exception <a 'java/lang/UnsatisfiedLinkError': com.jogamp.common.util.JarUtil.fixNativeLibAttribs(Ljava/lang/String;)Z> (0x0000000796bf6c90) thrown at [/Users/java_re/workspace/8-2-build-macosx-x86_64/jdk8u91/6644/hotspot/src/share/vm/prims/nativeLookup.c
Event: 2.321 Thread 0x00007fd2f9004800 Exception <a 'java/lang/NullPointerException'> (0x00000007956a60e0) thrown at [/Users/java_re/workspace/8-2-build-macosx-x86_64/jdk8u91/6644/hotspot/src/share/vm/interpreter/linkResolver.cpp, line 1178]
Event: 2.997 Thread 0x00007fd2fa300000 Exception <a 'java/io/FileNotFoundException'> (0x0000000795f62670) thrown at [/Users/java_re/workspace/8-2-build-macosx-x86_64/jdk8u91/6644/hotspot/src/share/vm/prims/jni.cpp, line 709]
Event: 2.997 Thread 0x00007fd2fa300000 Exception <a 'java/io/FileNotFoundException'> (0x0000000795f68a10) thrown at [/Users/java_re/workspace/8-2-build-macosx-x86_64/jdk8u91/6644/hotspot/src/share/vm/prims/jni.cpp, line 709]
Event: 2.998 Thread 0x00007fd2fa300000 Implicit null exception at 0x000000010cd2eab5 to 0x000000010cd2ee2d
Event: 7.521 Thread 0x00007fd2fa300000 Implicit null exception at 0x000000010ccfd448 to 0x000000010ccfd53d

Events (10 events):
Event: 30.263 loading class java/awt/LightweightDispatcher$2 done
Event: 30.263 loading class java/awt/event/AWTEventListenerProxy
Event: 30.263 loading class java/awt/event/AWTEventListenerProxy done
Event: 30.263 Executing VM operation: Deoptimize
Event: 30.264 Executing VM operation: Deoptimize done
Event: 30.264 loading class java/awt/Toolkit$ToolkitEventMulticaster
Event: 30.264 loading class java/awt/Toolkit$ToolkitEventMulticaster done
Event: 30.264 Thread 0x00007fd2f9129000 Thread exited: 0x00007fd2f9129000
Event: 30.264 loading class java/awt/Window$1DisposeAction
Event: 30.265 loading class java/awt/Window$1DisposeAction done


Dynamic libraries:
0x0000000009285000 	/System/Library/Frameworks/Cocoa.framework/Versions/A/Cocoa
0x0000000009285000 	/System/Library/Frameworks/Security.framework/Versions/A/Security
0x0000000009285000 	/System/Library/Frameworks/ApplicationServices.framework/Versions/A/ApplicationServices
0x0000000009285000 	/usr/lib/libz.1.dylib
0x0000000009285000 	/usr/lib/libSystem.B.dylib
0x0000000009285000 	/usr/lib/libobjc.A.dylib
0x0000000009285000 	/System/Library/Frameworks/CoreFoundation.framework/Versions/A/CoreFoundation
0x0000000009285000 	/System/Library/Frameworks/Foundation.framework/Versions/C/Foundation
0x0000000009285000 	/System/Library/Frameworks/AppKit.framework/Versions/C/AppKit
0x0000000009285000 	/System/Library/Frameworks/CoreData.framework/Versions/A/CoreData
0x0000000009285000 	/System/Library/PrivateFrameworks/RemoteViewServices.framework/Versions/A/RemoteViewServices
0x0000000009285000 	/System/Library/PrivateFrameworks/UIFoundation.framework/Versions/A/UIFoundation
0x0000000009285000 	/usr/lib/libScreenReader.dylib
0x0000000009285000 	/System/Library/Frameworks/Accelerate.framework/Versions/A/Accelerate
0x0000000009285000 	/System/Library/Frameworks/IOSurface.framework/Versions/A/IOSurface
0x0000000009285000 	/System/Library/Frameworks/AudioToolbox.framework/Versions/A/AudioToolbox
0x0000000009285000 	/System/Library/Frameworks/AudioUnit.framework/Versions/A/AudioUnit
0x0000000009285000 	/System/Library/PrivateFrameworks/DataDetectorsCore.framework/Versions/A/DataDetectorsCore
0x0000000009285000 	/System/Library/PrivateFrameworks/DesktopServicesPriv.framework/Versions/A/DesktopServicesPriv
0x0000000009285000 	/System/Library/Frameworks/Carbon.framework/Versions/A/Frameworks/HIToolbox.framework/Versions/A/HIToolbox
0x0000000009285000 	/System/Library/Frameworks/QuartzCore.framework/Versions/A/QuartzCore
0x0000000009285000 	/System/Library/Frameworks/Carbon.framework/Versions/A/Frameworks/SpeechRecognition.framework/Versions/A/SpeechRecognition
0x0000000009285000 	/usr/lib/libauto.dylib
0x0000000009285000 	/usr/lib/libicucore.A.dylib
0x0000000009285000 	/usr/lib/libxml2.2.dylib
0x0000000009285000 	/System/Library/PrivateFrameworks/CoreUI.framework/Versions/A/CoreUI
0x0000000009285000 	/System/Library/Frameworks/CoreAudio.framework/Versions/A/CoreAudio
0x0000000009285000 	/System/Library/Frameworks/DiskArbitration.framework/Versions/A/DiskArbitration
0x0000000009285000 	/usr/lib/liblangid.dylib
0x0000000009285000 	/System/Library/PrivateFrameworks/MultitouchSupport.framework/Versions/A/MultitouchSupport
0x0000000009285000 	/System/Library/Frameworks/IOKit.framework/Versions/A/IOKit
0x0000000009285000 	/usr/lib/libDiagnosticMessagesClient.dylib
0x0000000009285000 	/System/Library/Frameworks/CoreServices.framework/Versions/A/CoreServices
0x0000000009285000 	/System/Library/PrivateFrameworks/PerformanceAnalysis.framework/Versions/A/PerformanceAnalysis
0x0000000009285000 	/System/Library/PrivateFrameworks/GenerationalStorage.framework/Versions/A/GenerationalStorage
0x0000000009285000 	/System/Library/Frameworks/OpenGL.framework/Versions/A/OpenGL
0x0000000009285000 	/System/Library/PrivateFrameworks/Sharing.framework/Versions/A/Sharing
0x0000000009285000 	/System/Library/Frameworks/CoreGraphics.framework/Versions/A/CoreGraphics
0x0000000009285000 	/System/Library/Frameworks/CoreImage.framework/Versions/A/CoreImage
0x0000000009285000 	/System/Library/Frameworks/CoreText.framework/Versions/A/CoreText
0x0000000009285000 	/System/Library/Frameworks/ImageIO.framework/Versions/A/ImageIO
0x0000000009285000 	/System/Library/PrivateFrameworks/Backup.framework/Versions/A/Backup
0x0000000009285000 	/usr/lib/libextension.dylib
0x0000000009285000 	/usr/lib/libarchive.2.dylib
0x0000000009285000 	/System/Library/Frameworks/CFNetwork.framework/Versions/A/CFNetwork
0x0000000009285000 	/System/Library/Frameworks/SystemConfiguration.framework/Versions/A/SystemConfiguration
0x0000000009285000 	/usr/lib/libCRFSuite.dylib
0x0000000009285000 	/usr/lib/libc++.1.dylib
0x0000000009285000 	/usr/lib/libc++abi.dylib
0x0000000009285000 	/usr/lib/system/libcache.dylib
0x0000000009285000 	/usr/lib/system/libcommonCrypto.dylib
0x0000000009285000 	/usr/lib/system/libcompiler_rt.dylib
0x0000000009285000 	/usr/lib/system/libcopyfile.dylib
0x0000000009285000 	/usr/lib/system/libcorecrypto.dylib
0x0000000009285000 	/usr/lib/system/libdispatch.dylib
0x0000000009285000 	/usr/lib/system/libdyld.dylib
0x0000000009285000 	/usr/lib/system/libkeymgr.dylib
0x0000000009285000 	/usr/lib/system/liblaunch.dylib
0x0000000009285000 	/usr/lib/system/libmacho.dylib
0x0000000009285000 	/usr/lib/system/libquarantine.dylib
0x0000000009285000 	/usr/lib/system/libremovefile.dylib
0x0000000009285000 	/usr/lib/system/libsystem_asl.dylib
0x0000000009285000 	/usr/lib/system/libsystem_blocks.dylib
0x0000000009285000 	/usr/lib/system/libsystem_c.dylib
0x0000000009285000 	/usr/lib/system/libsystem_configuration.dylib
0x0000000009285000 	/usr/lib/system/libsystem_coreservices.dylib
0x0000000009285000 	/usr/lib/system/libsystem_coretls.dylib
0x0000000009285000 	/usr/lib/system/libsystem_dnssd.dylib
0x0000000009285000 	/usr/lib/system/libsystem_info.dylib
0x0000000009285000 	/usr/lib/system/libsystem_kernel.dylib
0x0000000009285000 	/usr/lib/system/libsystem_m.dylib
0x0000000009285000 	/usr/lib/system/libsystem_malloc.dylib
0x0000000009285000 	/usr/lib/system/libsystem_network.dylib
0x0000000009285000 	/usr/lib/system/libsystem_networkextension.dylib
0x0000000009285000 	/usr/lib/system/libsystem_notify.dylib
0x0000000009285000 	/usr/lib/system/libsystem_platform.dylib
0x0000000009285000 	/usr/lib/system/libsystem_pthread.dylib
0x0000000009285000 	/usr/lib/system/libsystem_sandbox.dylib
0x0000000009285000 	/usr/lib/system/libsystem_secinit.dylib
0x0000000009285000 	/usr/lib/system/libsystem_trace.dylib
0x0000000009285000 	/usr/lib/system/libunc.dylib
0x0000000009285000 	/usr/lib/system/libunwind.dylib
0x0000000009285000 	/usr/lib/system/libxpc.dylib
0x0000000009285000 	/usr/lib/libenergytrace.dylib
0x0000000009285000 	/usr/lib/libbsm.0.dylib
0x0000000009285000 	/usr/lib/system/libkxld.dylib
0x0000000009285000 	/usr/lib/libxar.1.dylib
0x0000000009285000 	/usr/lib/libsqlite3.dylib
0x0000000009285000 	/usr/lib/libpam.2.dylib
0x0000000009285000 	/usr/lib/libOpenScriptingUtil.dylib
0x0000000009285000 	/usr/lib/libbz2.1.0.dylib
0x0000000009285000 	/usr/lib/liblzma.5.dylib
0x0000000009285000 	/System/Library/Frameworks/CoreServices.framework/Versions/A/Frameworks/FSEvents.framework/Versions/A/FSEvents
0x0000000009285000 	/System/Library/Frameworks/CoreServices.framework/Versions/A/Frameworks/CarbonCore.framework/Versions/A/CarbonCore
0x0000000009285000 	/System/Library/Frameworks/CoreServices.framework/Versions/A/Frameworks/Metadata.framework/Versions/A/Metadata
0x0000000009285000 	/System/Library/Frameworks/CoreServices.framework/Versions/A/Frameworks/OSServices.framework/Versions/A/OSServices
0x0000000009285000 	/System/Library/Frameworks/CoreServices.framework/Versions/A/Frameworks/SearchKit.framework/Versions/A/SearchKit
0x0000000009285000 	/System/Library/Frameworks/CoreServices.framework/Versions/A/Frameworks/AE.framework/Versions/A/AE
0x0000000009285000 	/System/Library/Frameworks/CoreServices.framework/Versions/A/Frameworks/LaunchServices.framework/Versions/A/LaunchServices
0x0000000009285000 	/System/Library/Frameworks/CoreServices.framework/Versions/A/Frameworks/DictionaryServices.framework/Versions/A/DictionaryServices
0x0000000009285000 	/System/Library/Frameworks/CoreServices.framework/Versions/A/Frameworks/SharedFileList.framework/Versions/A/SharedFileList
0x0000000009285000 	/System/Library/Frameworks/NetFS.framework/Versions/A/NetFS
0x0000000009285000 	/System/Library/PrivateFrameworks/NetAuth.framework/Versions/A/NetAuth
0x0000000009285000 	/System/Library/PrivateFrameworks/login.framework/Versions/A/Frameworks/loginsupport.framework/Versions/A/loginsupport
0x0000000009285000 	/System/Library/PrivateFrameworks/TCC.framework/Versions/A/TCC
0x0000000009285000 	/usr/lib/libmecabra.dylib
0x0000000009285000 	/System/Library/Frameworks/ApplicationServices.framework/Versions/A/Frameworks/ATS.framework/Versions/A/ATS
0x0000000009285000 	/System/Library/Frameworks/ApplicationServices.framework/Versions/A/Frameworks/ColorSync.framework/Versions/A/ColorSync
0x0000000009285000 	/System/Library/Frameworks/ApplicationServices.framework/Versions/A/Frameworks/HIServices.framework/Versions/A/HIServices
0x0000000009285000 	/System/Library/Frameworks/ApplicationServices.framework/Versions/A/Frameworks/LangAnalysis.framework/Versions/A/LangAnalysis
0x0000000009285000 	/System/Library/Frameworks/ApplicationServices.framework/Versions/A/Frameworks/PrintCore.framework/Versions/A/PrintCore
0x0000000009285000 	/System/Library/Frameworks/ApplicationServices.framework/Versions/A/Frameworks/QD.framework/Versions/A/QD
0x0000000009285000 	/System/Library/Frameworks/ApplicationServices.framework/Versions/A/Frameworks/SpeechSynthesis.framework/Versions/A/SpeechSynthesis
0x0000000009285000 	/System/Library/Frameworks/Metal.framework/Versions/A/Metal
0x0000000009285000 	/System/Library/Frameworks/Accelerate.framework/Versions/A/Frameworks/vImage.framework/Versions/A/vImage
0x0000000009285000 	/System/Library/Frameworks/Accelerate.framework/Versions/A/Frameworks/vecLib.framework/Versions/A/vecLib
0x0000000009285000 	/System/Library/Frameworks/Accelerate.framework/Versions/A/Frameworks/vecLib.framework/Versions/A/libvDSP.dylib
0x0000000009285000 	/System/Library/Frameworks/Accelerate.framework/Versions/A/Frameworks/vecLib.framework/Versions/A/libvMisc.dylib
0x0000000009285000 	/System/Library/Frameworks/Accelerate.framework/Versions/A/Frameworks/vecLib.framework/Versions/A/libLAPACK.dylib
0x0000000009285000 	/System/Library/Frameworks/Accelerate.framework/Versions/A/Frameworks/vecLib.framework/Versions/A/libBLAS.dylib
0x0000000009285000 	/System/Library/Frameworks/Accelerate.framework/Versions/A/Frameworks/vecLib.framework/Versions/A/libLinearAlgebra.dylib
0x0000000009285000 	/System/Library/Frameworks/Accelerate.framework/Versions/A/Frameworks/vecLib.framework/Versions/A/libSparseBLAS.dylib
0x0000000009285000 	/System/Library/PrivateFrameworks/GPUCompiler.framework/libmetal_timestamp.dylib
0x0000000009285000 	/System/Library/Frameworks/OpenGL.framework/Versions/A/Libraries/libCoreFSCache.dylib
0x0000000009285000 	/System/Library/PrivateFrameworks/IOAccelerator.framework/Versions/A/IOAccelerator
0x0000000009285000 	/System/Library/Frameworks/ApplicationServices.framework/Versions/A/Frameworks/ATS.framework/Versions/A/Resources/libFontParser.dylib
0x0000000009285000 	/System/Library/Frameworks/ApplicationServices.framework/Versions/A/Frameworks/ATS.framework/Versions/A/Resources/libFontRegistry.dylib
0x0000000009285000 	/System/Library/PrivateFrameworks/AppleVPA.framework/Versions/A/AppleVPA
0x0000000009285000 	/System/Library/PrivateFrameworks/AppleJPEG.framework/Versions/A/AppleJPEG
0x0000000009285000 	/System/Library/Frameworks/ImageIO.framework/Versions/A/Resources/libJPEG.dylib
0x0000000009285000 	/System/Library/Frameworks/ImageIO.framework/Versions/A/Resources/libTIFF.dylib
0x0000000009285000 	/System/Library/Frameworks/ImageIO.framework/Versions/A/Resources/libPng.dylib
0x0000000009285000 	/System/Library/Frameworks/ImageIO.framework/Versions/A/Resources/libGIF.dylib
0x0000000009285000 	/System/Library/Frameworks/ImageIO.framework/Versions/A/Resources/libJP2.dylib
0x0000000009285000 	/System/Library/Frameworks/ImageIO.framework/Versions/A/Resources/libRadiance.dylib
0x0000000009285000 	/System/Library/Frameworks/CoreVideo.framework/Versions/A/CoreVideo
0x0000000009285000 	/System/Library/Frameworks/OpenGL.framework/Versions/A/Libraries/libGLU.dylib
0x0000000009285000 	/System/Library/Frameworks/OpenGL.framework/Versions/A/Libraries/libGFXShared.dylib
0x0000000009285000 	/System/Library/Frameworks/OpenGL.framework/Versions/A/Libraries/libGL.dylib
0x0000000009285000 	/System/Library/Frameworks/OpenGL.framework/Versions/A/Libraries/libGLImage.dylib
0x0000000009285000 	/System/Library/Frameworks/OpenGL.framework/Versions/A/Libraries/libCVMSPluginSupport.dylib
0x0000000009285000 	/System/Library/Frameworks/OpenGL.framework/Versions/A/Libraries/libCoreVMClient.dylib
0x0000000009285000 	/usr/lib/libcups.2.dylib
0x0000000009285000 	/System/Library/Frameworks/Kerberos.framework/Versions/A/Kerberos
0x0000000009285000 	/System/Library/Frameworks/GSS.framework/Versions/A/GSS
0x0000000009285000 	/usr/lib/libresolv.9.dylib
0x0000000009285000 	/usr/lib/libiconv.2.dylib
0x0000000009285000 	/System/Library/PrivateFrameworks/Heimdal.framework/Versions/A/Heimdal
0x0000000009285000 	/usr/lib/libheimdal-asn1.dylib
0x0000000009285000 	/System/Library/Frameworks/OpenDirectory.framework/Versions/A/OpenDirectory
0x0000000009285000 	/System/Library/PrivateFrameworks/CommonAuth.framework/Versions/A/CommonAuth
0x0000000009285000 	/System/Library/Frameworks/OpenDirectory.framework/Versions/A/Frameworks/CFOpenDirectory.framework/Versions/A/CFOpenDirectory
0x0000000009285000 	/System/Library/Frameworks/SecurityFoundation.framework/Versions/A/SecurityFoundation
0x0000000009285000 	/System/Library/PrivateFrameworks/LanguageModeling.framework/Versions/A/LanguageModeling
0x0000000009285000 	/usr/lib/libmarisa.dylib
0x0000000009285000 	/usr/lib/libChineseTokenizer.dylib
0x0000000009285000 	/usr/lib/libcmph.dylib
0x0000000009285000 	/usr/lib/libcompression.dylib
0x0000000009285000 	/System/Library/Frameworks/ServiceManagement.framework/Versions/A/ServiceManagement
0x0000000009285000 	/usr/lib/libxslt.1.dylib
0x0000000009285000 	/System/Library/Frameworks/Carbon.framework/Versions/A/Frameworks/Ink.framework/Versions/A/Ink
0x0000000009285000 	/usr/lib/libFosl_dynamic.dylib
0x0000000009285000 	/System/Library/PrivateFrameworks/FaceCore.framework/Versions/A/FaceCore
0x0000000009285000 	/System/Library/Frameworks/OpenCL.framework/Versions/A/OpenCL
0x0000000009285000 	/System/Library/PrivateFrameworks/CrashReporterSupport.framework/Versions/A/CrashReporterSupport
0x0000000009285000 	/System/Library/PrivateFrameworks/IconServices.framework/Versions/A/IconServices
0x0000000009285000 	/System/Library/PrivateFrameworks/Apple80211.framework/Versions/A/Apple80211
0x0000000009285000 	/System/Library/Frameworks/CoreWLAN.framework/Versions/A/CoreWLAN
0x0000000009285000 	/System/Library/Frameworks/IOBluetooth.framework/Versions/A/IOBluetooth
0x0000000009285000 	/System/Library/PrivateFrameworks/CoreWiFi.framework/Versions/A/CoreWiFi
0x0000000009285000 	/System/Library/Frameworks/CoreBluetooth.framework/Versions/A/CoreBluetooth
0x0000000009285000 	/System/Library/PrivateFrameworks/ChunkingLibrary.framework/Versions/A/ChunkingLibrary
0x0000000009285000 	/System/Library/PrivateFrameworks/DebugSymbols.framework/Versions/A/DebugSymbols
0x0000000009285000 	/System/Library/PrivateFrameworks/CoreSymbolication.framework/Versions/A/CoreSymbolication
0x0000000009285000 	/System/Library/PrivateFrameworks/Symbolication.framework/Versions/A/Symbolication
0x0000000009285000 	/System/Library/PrivateFrameworks/SpeechRecognitionCore.framework/Versions/A/SpeechRecognitionCore
0x000000010bc00000 	/Library/Java/JavaVirtualMachines/jdk1.8.0_91.jdk/Contents/Home/jre/lib/server/libjvm.dylib
0x0000000009285000 	/usr/lib/libstdc++.6.dylib
0x000000010b28f000 	/Library/Java/JavaVirtualMachines/jdk1.8.0_91.jdk/Contents/Home/jre/lib/libverify.dylib
0x000000010b29d000 	/Library/Java/JavaVirtualMachines/jdk1.8.0_91.jdk/Contents/Home/jre/lib/libjava.dylib
0x000000010b2dc000 	/Library/Java/JavaVirtualMachines/jdk1.8.0_91.jdk/Contents/Home/jre/lib/libzip.dylib
0x000000010b3e2000 	/System/Library/Frameworks/JavaVM.framework/Frameworks/JavaRuntimeSupport.framework/JavaRuntimeSupport
0x00000001223fa000 	/System/Library/Frameworks/JavaVM.framework/Versions/A/Frameworks/JavaNativeFoundation.framework/Versions/A/JavaNativeFoundation
0x000000012240f000 	/System/Library/Frameworks/JavaVM.framework/Versions/A/JavaVM
0x0000000009285000 	/System/Library/Frameworks/Carbon.framework/Versions/A/Carbon
0x000000012241c000 	/System/Library/PrivateFrameworks/JavaLaunching.framework/Versions/A/JavaLaunching
0x0000000009285000 	/System/Library/Frameworks/Carbon.framework/Versions/A/Frameworks/CommonPanels.framework/Versions/A/CommonPanels
0x0000000009285000 	/System/Library/Frameworks/Carbon.framework/Versions/A/Frameworks/Help.framework/Versions/A/Help
0x0000000009285000 	/System/Library/Frameworks/Carbon.framework/Versions/A/Frameworks/ImageCapture.framework/Versions/A/ImageCapture
0x0000000009285000 	/System/Library/Frameworks/Carbon.framework/Versions/A/Frameworks/OpenScripting.framework/Versions/A/OpenScripting
0x0000000009285000 	/System/Library/Frameworks/Carbon.framework/Versions/A/Frameworks/Print.framework/Versions/A/Print
0x0000000009285000 	/System/Library/Frameworks/Carbon.framework/Versions/A/Frameworks/SecurityHI.framework/Versions/A/SecurityHI
0x0000000123d3e000 	/Library/Java/JavaVirtualMachines/jdk1.8.0_91.jdk/Contents/Home/jre/lib/libawt.dylib
0x0000000123de6000 	/Library/Java/JavaVirtualMachines/jdk1.8.0_91.jdk/Contents/Home/jre/lib/./libmlib_image.dylib
0x0000000123eb2000 	/Library/Java/JavaVirtualMachines/jdk1.8.0_91.jdk/Contents/Home/jre/lib/libawt_lwawt.dylib
0x0000000123f67000 	/Library/Java/JavaVirtualMachines/jdk1.8.0_91.jdk/Contents/Home/jre/lib/./libosxapp.dylib
0x0000000009285000 	/System/Library/Frameworks/ExceptionHandling.framework/Versions/A/ExceptionHandling
0x0000000009285000 	/System/Library/PrivateFrameworks/CoreServicesInternal.framework/Versions/A/CoreServicesInternal
0x0000000009285000 	/System/Library/Frameworks/CoreGraphics.framework/Versions/A/Resources/libRIP.A.dylib
0x0000000009285000 	/System/Library/Frameworks/Accelerate.framework/Versions/A/Frameworks/vImage.framework/Versions/A/Libraries/libCGInterfaces.dylib
0x0000000009285000 	/System/Library/Frameworks/CoreGraphics.framework/Versions/A/Resources/libCGXType.A.dylib
0x0000000009285000 	/System/Library/Frameworks/OpenCL.framework/Versions/A/Libraries/libcldcpuengine.dylib
0x0000000009285000 	/System/Library/PrivateFrameworks/DiskImages.framework/Versions/A/DiskImages
0x0000000009285000 	/System/Library/Frameworks/DiscRecording.framework/Versions/A/DiscRecording
0x0000000009285000 	/usr/lib/libcsfde.dylib
0x0000000009285000 	/usr/lib/libcurl.4.dylib
0x0000000009285000 	/System/Library/PrivateFrameworks/MediaKit.framework/Versions/A/MediaKit
0x0000000009285000 	/System/Library/PrivateFrameworks/ProtectedCloudStorage.framework/Versions/A/ProtectedCloudStorage
0x0000000009285000 	/usr/lib/libCoreStorage.dylib
0x0000000009285000 	/System/Library/PrivateFrameworks/EFILogin.framework/Versions/A/EFILogin
0x0000000009285000 	/usr/lib/libutil.dylib
0x0000000009285000 	/System/Library/PrivateFrameworks/FindMyDevice.framework/Versions/A/FindMyDevice
0x0000000009285000 	/System/Library/Frameworks/LDAP.framework/Versions/A/LDAP
0x0000000009285000 	/usr/lib/libsasl2.2.dylib
0x0000000009285000 	/System/Library/PrivateFrameworks/CoreDaemon.framework/Versions/B/CoreDaemon
0x0000000009285000 	/usr/lib/libcrypto.0.9.8.dylib
0x0000000009285000 	/System/Library/PrivateFrameworks/AppleSRP.framework/Versions/A/AppleSRP
0x0000000009285000 	/System/Library/PrivateFrameworks/TrustEvaluationAgent.framework/Versions/A/TrustEvaluationAgent
0x000000012488f000 	cl_kernels
0x0000000009285000 	/System/Library/Frameworks/OpenCL.framework/Versions/A/Libraries/ImageFormats/unorm8_bgra.dylib
0x0000000009285000 	/System/Library/Frameworks/OpenCL.framework/Versions/A/Libraries/ImageFormats/unorm8_rgba.dylib
0x0000000009285000 	/System/Library/PrivateFrameworks/FamilyControls.framework/Versions/A/FamilyControls
0x0000000009285000 	/System/Library/PrivateFrameworks/CommerceKit.framework/Versions/A/Frameworks/CommerceCore.framework/Versions/A/CommerceCore
0x0000000009285000 	/System/Library/PrivateFrameworks/SystemAdministration.framework/Versions/A/SystemAdministration
0x0000000009285000 	/System/Library/PrivateFrameworks/AppContainer.framework/Versions/A/AppContainer
0x0000000009285000 	/System/Library/PrivateFrameworks/SecCodeWrapper.framework/Versions/A/SecCodeWrapper
0x0000000009285000 	/System/Library/Frameworks/DirectoryService.framework/Versions/A/DirectoryService
0x0000000009285000 	/System/Library/PrivateFrameworks/LoginUIKit.framework/Versions/A/Frameworks/LoginUICore.framework/Versions/A/LoginUICore
0x0000000009285000 	/usr/lib/libodfde.dylib
0x0000000009285000 	/System/Library/Frameworks/OpenGL.framework/Versions/A/Resources/GLEngine.bundle/GLEngine
0x0000000009285000 	/System/Library/Frameworks/OpenGL.framework/Versions/A/Libraries/libGLProgrammability.dylib
0x0000000126748000 	/System/Library/Extensions/AMDRadeonX3000GLDriver.bundle/Contents/MacOS/AMDRadeonX3000GLDriver
0x0000000009285000 	/System/Library/PrivateFrameworks/GPUSupport.framework/Versions/A/Libraries/libGPUSupportMercury.dylib
0x0000000126827000 	/System/Library/Extensions/AMDRadeonX3000GLDriver.bundle/Contents/MacOS/ATIRadeonX3000SCLib.dylib
0x0000000009285000 	/System/Library/Frameworks/OpenGL.framework/Versions/A/Resources/GLRendererFloat.bundle/GLRendererFloat
0x0000000126b1b000 	/Library/Java/JavaVirtualMachines/jdk1.8.0_91.jdk/Contents/Home/jre/lib/libfontmanager.dylib
0x0000000127806000 	/Library/Java/JavaVirtualMachines/jdk1.8.0_91.jdk/Contents/Home/jre/lib/libosxui.dylib
0x00000001282df000 	/Library/Java/JavaVirtualMachines/jdk1.8.0_91.jdk/Contents/Home/jre/lib/libnet.dylib
0x000000012859b000 	/Library/Java/JavaVirtualMachines/jdk1.8.0_91.jdk/Contents/Home/jre/lib/libnio.dylib
0x0000000009285000 	/System/Library/Frameworks/ApplicationServices.framework/Versions/A/Frameworks/ATS.framework/Versions/A/Resources/libTrueTypeScaler.dylib
0x000000018d5a3000 	/private/var/folders/tq/5cybh0451bx2v8l5x53f9c_h0000gn/T/jogamp_0000/file_cache/jln5747418451224946237/jln8782238826194852979/libgluegen-rt.jnilib
0x00000001274f2000 	/private/var/folders/tq/5cybh0451bx2v8l5x53f9c_h0000gn/T/jogamp_0000/file_cache/jln5747418451224946237/jln8782238826194852979/libnativewindow_awt.jnilib
0x00000001274fe000 	/Library/Java/JavaVirtualMachines/jdk1.8.0_91.jdk/Contents/Home/jre/lib/libjawt.dylib
0x000000018d5a7000 	/private/var/folders/tq/5cybh0451bx2v8l5x53f9c_h0000gn/T/jogamp_0000/file_cache/jln5747418451224946237/jln8782238826194852979/libnativewindow_macosx.jnilib
0x000000018f38a000 	/private/var/folders/tq/5cybh0451bx2v8l5x53f9c_h0000gn/T/jogamp_0000/file_cache/jln5747418451224946237/jln8782238826194852979/libjogl_desktop.jnilib
0x000000018d5ed000 	/Library/Java/JavaVirtualMachines/jdk1.8.0_91.jdk/Contents/Home/jre/lib/libt2k.dylib

VM Arguments:
jvm_args: -Djava.security.policy=java.policy.applet -Dfile.encoding=UTF-8 
java_command: sun.applet.AppletViewer module5.EarthquakeCityMap1463967473427.html
java_class_path (initial): /Users/limhoktan/Documents/workspace/UCSDUnfoldingMaps/build:/Users/limhoktan/Documents/workspace/UCSDUnfoldingMaps/lib/core.jar:/Users/limhoktan/Documents/workspace/UCSDUnfoldingMaps/lib/gluegen-rt.jar:/Users/limhoktan/Documents/workspace/UCSDUnfoldingMaps/lib/jogl-all.jar:/Users/limhoktan/Documents/workspace/UCSDUnfoldingMaps/lib/log4j-1.2.15.jar:/Users/limhoktan/Documents/workspace/UCSDUnfoldingMaps/lib/sqlite-jdbc-3.7.2.jar:/Users/limhoktan/Documents/workspace/UCSDUnfoldingMaps/lib/json4processing.jar:/Users/limhoktan/Documents/workspace/UCSDUnfoldingMaps/lib/libTUIO.jar:/Users/limhoktan/Documents/workspace/UCSDUnfoldingMaps/lib/unfolding.0.9.7-uscd.jar
Launcher Type: SUN_STANDARD

Environment Variables:
PATH=/usr/bin:/bin:/usr/sbin:/sbin
SHELL=/bin/bash
DISPLAY=/private/tmp/com.apple.launchd.3cFrEfN4Lz/org.macosforge.xquartz:0

Signal Handlers:
SIGSEGV: [libjvm.dylib+0x5a97a1], sa_mask[0]=11111111011111110111111111111111, sa_flags=SA_ONSTACK|SA_RESTART|SA_SIGINFO
SIGBUS: [libjvm.dylib+0x5a97a1], sa_mask[0]=11111111011111110111111111111111, sa_flags=SA_RESTART|SA_SIGINFO
SIGFPE: [libjvm.dylib+0x482594], sa_mask[0]=11111111011111110111111111111111, sa_flags=SA_RESTART|SA_SIGINFO
SIGPIPE: [libjvm.dylib+0x482594], sa_mask[0]=11111111011111110111111111111111, sa_flags=SA_RESTART|SA_SIGINFO
SIGXFSZ: [libjvm.dylib+0x482594], sa_mask[0]=11111111011111110111111111111111, sa_flags=SA_RESTART|SA_SIGINFO
SIGILL: [libjvm.dylib+0x482594], sa_mask[0]=11111111011111110111111111111111, sa_flags=SA_RESTART|SA_SIGINFO
SIGUSR1: SIG_DFL, sa_mask[0]=00000000000000000000000000000000, sa_flags=none
SIGUSR2: [libjvm.dylib+0x4820b2], sa_mask[0]=00100000000000000000000000000000, sa_flags=SA_RESTART|SA_SIGINFO
SIGHUP: [libjvm.dylib+0x480689], sa_mask[0]=11111111011111110111111111111111, sa_flags=SA_RESTART|SA_SIGINFO
SIGINT: [libjvm.dylib+0x480689], sa_mask[0]=11111111011111110111111111111111, sa_flags=SA_RESTART|SA_SIGINFO
SIGTERM: [libjvm.dylib+0x480689], sa_mask[0]=11111111011111110111111111111111, sa_flags=SA_RESTART|SA_SIGINFO
SIGQUIT: [libjvm.dylib+0x480689], sa_mask[0]=11111111011111110111111111111111, sa_flags=SA_RESTART|SA_SIGINFO


---------------  S Y S T E M  ---------------

OS:Bsduname:Darwin 15.4.0 Darwin Kernel Version 15.4.0: Fri Feb 26 22:08:05 PST 2016; root:xnu-3248.40.184~3/RELEASE_X86_64 x86_64
rlimit: STACK 8192k, CORE 0k, NPROC 709, NOFILE 10240, AS infinity
load average:1.72 1.71 1.70

CPU:total 4 (4 cores per cpu, 1 threads per core) family 6 model 30 stepping 5, cmov, cx8, fxsr, mmx, sse, sse2, sse3, ssse3, sse4.1, sse4.2, popcnt, tsc, tscinvbit

Memory: 4k page, physical 8388608k(1140204k free)

/proc/meminfo:


vm_info: Java HotSpot(TM) 64-Bit Server VM (25.91-b14) for bsd-amd64 JRE (1.8.0_91-b14), built on Apr  1 2016 01:03:00 by "java_re" with gcc 4.2.1 (Based on Apple Inc. build 5658) (LLVM build 2336.11.00)

time: Sun May 22 18:38:23 2016
elapsed time: 30 seconds (0d 0h 0m 30s)

