#
# A fatal error has been detected by the Java Runtime Environment:
#
#  SIGSEGV (0xb) at pc=0x00007fff97b0215f, pid=10881, tid=2571
#
# JRE version: Java(TM) SE Runtime Environment (8.0_91-b14) (build 1.8.0_91-b14)
# Java VM: Java HotSpot(TM) 64-Bit Server VM (25.91-b14 mixed mode bsd-amd64 compressed oops)
# Problematic frame:
# C  [libobjc.A.dylib+0x915f]  objc_release+0xf
#
# Failed to write core dump. Core dumps have been disabled. To enable core dumping, try "ulimit -c unlimited" before starting Java again
#
# If you would like to submit a bug report, please visit:
#   http://bugreport.java.com/bugreport/crash.jsp
# The crash happened outside the Java Virtual Machine in native code.
# See problematic frame for where to report the bug.
#

---------------  T H R E A D  ---------------

Current thread (0x00007f83319ec800):  JavaThread "AWT-AppKit" daemon [_thread_in_native, id=2571, stack(0x00007fff50126000,0x00007fff50926000)]

siginfo: si_signo: 11 (SIGSEGV), si_code: 0 (unknown), si_addr: 0x0000000000000000

Registers:
RAX=0x0000000000000008, RBX=0x0000000000000000, RCX=0x0000000000000003, RDX=0x00007f83352a84b8
RSP=0x00007fff509213a8, RBP=0x00007fff509213d0, RSI=0x00000001281f6f10, RDI=0xb00007f833560510
R8 =0x0000000000000001, R9 =0x00007f8335605100, R10=0x00007f833151d020, R11=0x0000000191886840
R12=0x0000000000000000, R13=0x0000000193311548, R14=0x00007f83352a72f0, R15=0x00007f83319ec800
RIP=0x00007fff97b0215f, EFLAGS=0x0000000000010246, ERR=0x0000000000000000
  TRAPNO=0x000000000000000d

Top of Stack: (sp=0x00007fff509213a8)
0x00007fff509213a8:   000000012818043f 00007fff509213d0
0x00007fff509213b8:   0000000191886450 0000000191886440
0x00007fff509213c8:   00007f83319ec800 00007fff50921490
0x00007fff509213d8:   0000000191884215 0000000191886700
0x00007fff509213e8:   00000001918866e0 00000001918864b0
0x00007fff509213f8:   0000000000000000 0000000193311548
0x00007fff50921408:   0000000193311548 00007f83352a84b0
0x00007fff50921418:   00000001918866a0 0000000191886710
0x00007fff50921428:   00007fff7a8e6770 00007fff7c4f4500
0x00007fff50921438:   0000000191886450 0000000191886690
0x00007fff50921448:   00007f83352a84b0 00007f83352a72f0
0x00007fff50921458:   00007f83354bd9a0 00007f83352a84b0
0x00007fff50921468:   00007f83352a72f0 00007fff50921518
0x00007fff50921478:   00007f83319ec9f8 0000000193311548
0x00007fff50921488:   00007fff50921540 00007fff50921508
0x00007fff50921498:   0000000110da9814 0000000193311548
0x00007fff509214a8:   00007fff50921540 00007fff50921508
0x00007fff509214b8:   0000000110da95a7 0000000110da9562
0x00007fff509214c8:   00007fff509214c8 0000000193311548
0x00007fff509214d8:   00007fff50921540 00000001933141e0
0x00007fff509214e8:   0000000000000000 0000000193311548
0x00007fff509214f8:   0000000000000000 00007fff50921528
0x00007fff50921508:   00007fff50921588 0000000110d9c2bd
0x00007fff50921518:   0000000741a91cc0 0000000110da5538
0x00007fff50921528:   00007f83352a84b0 00007fff50921588
0x00007fff50921538:   00007f83352a72f0 0000000110da6e02
0x00007fff50921548:   00007fff50921548 0000000193311712
0x00007fff50921558:   00007fff509215b0 00000001933141e0
0x00007fff50921568:   0000000000000000 0000000193311720
0x00007fff50921578:   00007fff50921528 00007fff50921598
0x00007fff50921588:   00007fff509215f8 0000000110d9c2bd
0x00007fff50921598:   00007f83352a84b0 0000000741cdaa68 

Instructions: (pc=0x00007fff97b0215f)
0x00007fff97b0213f:   5c 41 5d 41 5e 41 5f 5d c3 90 90 90 90 90 90 90
0x00007fff97b0214f:   90 48 85 ff 0f 84 80 00 00 00 40 f6 c7 01 75 7a
0x00007fff97b0215f:   48 8b 07 48 b9 f8 ff ff ff ff 7f 00 00 48 21 c1
0x00007fff97b0216f:   f6 41 20 02 75 0f 48 8d 05 9c ed f7 e3 48 8b 30 

Register to memory mapping:

RAX=0x0000000000000008 is an unknown value
RBX=0x0000000000000000 is an unknown value
RCX=0x0000000000000003 is an unknown value
RDX=0x00007f83352a84b8 is an unknown value
RSP=0x00007fff509213a8 is pointing into the stack for thread: 0x00007f83319ec800
RBP=0x00007fff509213d0 is pointing into the stack for thread: 0x00007f83319ec800
RSI=0x00000001281f6f10: OBJC_IVAR_$_PrinterView.fCurPeekGraphics+0x1aa0 in /Library/Java/JavaVirtualMachines/jdk1.8.0_91.jdk/Contents/Home/jre/lib/libawt_lwawt.dylib at 0x000000012817c000
RDI=0xb00007f833560510 is an unknown value
R8 =0x0000000000000001 is an unknown value
R9 =0x00007f8335605100 is an unknown value
R10=0x00007f833151d020 is an unknown value
R11=0x0000000191886840: OBJC_CLASS_$_MyCALayer+0 in /private/var/folders/tq/5cybh0451bx2v8l5x53f9c_h0000gn/T/jogamp_0000/file_cache/jln6336290162275328764/jln5594930168819792764/libnativewindow_macosx.jnilib at 0x000000019187f000
R12=0x0000000000000000 is an unknown value
R13={method} {0x0000000193311548} 'UnsetJAWTRootSurfaceLayer0' '(JJ)V' in 'jogamp/nativewindow/jawt/macosx/MacOSXJAWTWindow'
R14=0x00007f83352a72f0 is an unknown value
R15=0x00007f83319ec800 is a thread


Stack: [0x00007fff50126000,0x00007fff50926000],  sp=0x00007fff509213a8,  free space=8172k
Native frames: (J=compiled Java code, j=interpreted, Vv=VM code, C=native code)
C  [libobjc.A.dylib+0x915f]  objc_release+0xf
C  [libnativewindow_macosx.jnilib+0x5215]  Java_jogamp_nativewindow_jawt_macosx_MacOSXJAWTWindow_UnsetJAWTRootSurfaceLayer0+0x1a5
j  jogamp.nativewindow.jawt.macosx.MacOSXJAWTWindow.UnsetJAWTRootSurfaceLayer0(JJ)V+0
j  jogamp.nativewindow.jawt.macosx.MacOSXJAWTWindow.access$200(JJ)V+2
j  jogamp.nativewindow.jawt.macosx.MacOSXJAWTWindow$1.run()V+38
j  com.jogamp.common.util.RunnableTask.run()V+24
v  ~StubRoutines::call_stub
V  [libjvm.dylib+0x2ec1e6]
V  [libjvm.dylib+0x323355]
V  [libjvm.dylib+0x315b23]
C  [libnativewindow_macosx.jnilib+0x5326]  Java_jogamp_nativewindow_jawt_macosx_MacOSXJAWTWindow_UnsetJAWTRootSurfaceLayer0+0x2b6
C  [Foundation+0x76f5e]  __NSThreadPerformPerform+0x117
C  [CoreFoundation+0xaa881]  __CFRUNLOOP_IS_CALLING_OUT_TO_A_SOURCE0_PERFORM_FUNCTION__+0x11
C  [CoreFoundation+0x89f37]  __CFRunLoopDoSources0+0x1a7
C  [CoreFoundation+0x894df]  __CFRunLoopRun+0x39f
C  [CoreFoundation+0x88ed8]  CFRunLoopRunSpecific+0x128
C  [HIToolbox+0x30935]  RunCurrentEventLoopInMode+0xeb
C  [HIToolbox+0x30677]  ReceiveNextEventCommon+0xb8
C  [HIToolbox+0x305af]  _BlockUntilNextEventMatchingListInModeWithFilter+0x47
C  [AppKit+0x48efa]  _DPSNextEvent+0x42b
C  [AppKit+0x4832a]  -[NSApplication _nextEventMatchingEventMask:untilDate:inMode:dequeue:]+0x1c6
C  [libosxapp.dylib+0x23aa]  -[NSApplicationAWT nextEventMatchingMask:untilDate:inMode:dequeue:]+0x7c
C  [AppKit+0x3ce84]  -[NSApplication run]+0x2aa
C  [libosxapp.dylib+0x214d]  +[NSApplicationAWT runAWTLoopWithApp:]+0x9c
C  [libawt_lwawt.dylib+0x4455b]  -[AWTStarter starter:]+0x389
C  [Foundation+0x76f5e]  __NSThreadPerformPerform+0x117
C  [CoreFoundation+0xaa881]  __CFRUNLOOP_IS_CALLING_OUT_TO_A_SOURCE0_PERFORM_FUNCTION__+0x11
C  [CoreFoundation+0x89fbc]  __CFRunLoopDoSources0+0x22c
C  [CoreFoundation+0x894df]  __CFRunLoopRun+0x39f
C  [CoreFoundation+0x88ed8]  CFRunLoopRunSpecific+0x128
C  [java+0x6463]  CreateExecutionEnvironment+0x367
C  [java+0x21ac]  JLI_Launch+0x7a0
C  [java+0x84c0]  main+0x65
C  [java+0x1a04]  start+0x34
C  0x0000000000000007

Java frames: (J=compiled Java code, j=interpreted, Vv=VM code)
j  jogamp.nativewindow.jawt.macosx.MacOSXJAWTWindow.UnsetJAWTRootSurfaceLayer0(JJ)V+0
j  jogamp.nativewindow.jawt.macosx.MacOSXJAWTWindow.access$200(JJ)V+2
j  jogamp.nativewindow.jawt.macosx.MacOSXJAWTWindow$1.run()V+38
j  com.jogamp.common.util.RunnableTask.run()V+24
v  ~StubRoutines::call_stub

---------------  P R O C E S S  ---------------

Java Threads: ( => current thread )
  0x00007f83310cf800 JavaThread "Thread-130" [_thread_blocked, id=23363, stack(0x000070000104a000,0x000070000114a000)]
  0x00007f8331807000 JavaThread "Animation Thread" [_thread_blocked, id=59211, stack(0x0000700001765000,0x0000700001865000)]
  0x00007f8331bdd800 JavaThread "AWT-EventQueue-1" [_thread_in_native, id=59947, stack(0x0000700001868000,0x0000700001968000)]
  0x00007f833241e000 JavaThread "DestroyJavaVM" [_thread_blocked, id=5891, stack(0x000070000011a000,0x000070000021a000)]
  0x00007f8332227000 JavaThread "AWT-EventQueue-0" [_thread_blocked, id=56579, stack(0x0000700001662000,0x0000700001762000)]
  0x00007f833221f000 JavaThread "Java2D Disposer" daemon [_thread_blocked, id=52483, stack(0x00007000013d9000,0x00007000014d9000)]
  0x00007f83319fb000 JavaThread "Java2D Queue Flusher" daemon [_thread_blocked, id=49415, stack(0x00007000012d6000,0x00007000013d6000)]
  0x00007f83308a3800 JavaThread "AWT-Shutdown" [_thread_blocked, id=27943, stack(0x0000700001150000,0x0000700001250000)]
=>0x00007f83319ec800 JavaThread "AWT-AppKit" daemon [_thread_in_native, id=2571, stack(0x00007fff50126000,0x00007fff50926000)]
  0x00007f8331884000 JavaThread "Service Thread" daemon [_thread_blocked, id=18435, stack(0x0000700000dc1000,0x0000700000ec1000)]
  0x00007f8330836800 JavaThread "C1 CompilerThread2" daemon [_thread_blocked, id=17923, stack(0x0000700000cbe000,0x0000700000dbe000)]
  0x00007f833082e000 JavaThread "C2 CompilerThread1" daemon [_thread_blocked, id=17411, stack(0x0000700000bbb000,0x0000700000cbb000)]
  0x00007f833201a800 JavaThread "C2 CompilerThread0" daemon [_thread_blocked, id=16899, stack(0x0000700000ab8000,0x0000700000bb8000)]
  0x00007f833201a000 JavaThread "Signal Dispatcher" daemon [_thread_blocked, id=12815, stack(0x00007000009b5000,0x0000700000ab5000)]
  0x00007f8331845800 JavaThread "Finalizer" daemon [_thread_blocked, id=12291, stack(0x000070000082f000,0x000070000092f000)]
  0x00007f8331843000 JavaThread "Reference Handler" daemon [_thread_blocked, id=11779, stack(0x000070000072c000,0x000070000082c000)]

Other Threads:
  0x00007f833183e800 VMThread [stack: 0x0000700000629000,0x0000700000729000] [id=11267]
  0x00007f833184c000 WatcherThread [stack: 0x0000700000ec4000,0x0000700000fc4000] [id=18947]

VM state:not at safepoint (normal execution)

VM Mutex/Monitor currently owned by a thread: None

Heap:
 PSYoungGen      total 24576K, used 15766K [0x0000000795580000, 0x0000000796e80000, 0x00000007c0000000)
  eden space 24064K, 65% used [0x0000000795580000,0x00000007964cdae0,0x0000000796d00000)
  from space 512K, 18% used [0x0000000796e00000,0x0000000796e18000,0x0000000796e80000)
  to   space 512K, 0% used [0x0000000796d80000,0x0000000796d80000,0x0000000796e00000)
 ParOldGen       total 87552K, used 45443K [0x0000000740000000, 0x0000000745580000, 0x0000000795580000)
  object space 87552K, 51% used [0x0000000740000000,0x0000000742c60df8,0x0000000745580000)
 Metaspace       used 20901K, capacity 21119K, committed 21296K, reserved 1069056K
  class space    used 2013K, capacity 2110K, committed 2176K, reserved 1048576K

Card table byte_map: [0x0000000120154000,0x0000000120555000] byte_map_base: 0x000000011c754000

Marking Bits: (ParMarkBitMap*) 0x00000001106e6eb0
 Begin Bits: [0x0000000120800000, 0x0000000122800000)
 End Bits:   [0x0000000122800000, 0x0000000124800000)

Polling page: 0x000000010f59d000

CodeCache: size=245760Kb used=9591Kb max_used=9806Kb free=236168Kb
 bounds [0x0000000110d94000, 0x0000000111744000, 0x000000011fd94000]
 total_blobs=3549 nmethods=2668 adapters=795
 compilation: enabled

Compilation events (10 events):
Event: 3062.276 Thread 0x00007f833082e000 nmethod 2981 0x0000000111338790 code [0x00000001113388e0, 0x0000000111338958]
Event: 3062.277 Thread 0x00007f833201a800 nmethod 2980 0x00000001113d1810 code [0x00000001113d1960, 0x00000001113d1a38]
Event: 3062.288 Thread 0x00007f833201a800 2982       4       sun.java2d.SunGraphics2D::translate (68 bytes)
Event: 3062.289 Thread 0x00007f833201a800 nmethod 2982 0x000000011112fc10 code [0x000000011112fd60, 0x000000011112fe88]
Event: 3062.321 Thread 0x00007f833082e000 2983  s    4       sun.misc.URLClassPath::getNextLoader (88 bytes)
Event: 3062.321 Thread 0x00007f833201a800 2984  s!   4       sun.misc.URLClassPath::getLoader (197 bytes)
Event: 3062.325 Thread 0x00007f8330836800 2985       3       java.awt.Toolkit::notifyAWTEventListeners (36 bytes)
Event: 3062.325 Thread 0x00007f8330836800 nmethod 2985 0x0000000110eae2d0 code [0x0000000110eae480, 0x0000000110eaea68]
Event: 3062.326 Thread 0x00007f833201a800 nmethod 2984 0x0000000110fbe3d0 code [0x0000000110fbe540, 0x0000000110fbed18]
Event: 3062.327 Thread 0x00007f833082e000 nmethod 2983 0x000000011124c710 code [0x000000011124c880, 0x000000011124cff8]

GC Heap History (10 events):
Event: 3032.566 GC heap before
{Heap before GC invocations=474 (full 0):
 PSYoungGen      total 24576K, used 24192K [0x0000000795580000, 0x0000000796e80000, 0x00000007c0000000)
  eden space 24064K, 100% used [0x0000000795580000,0x0000000796d00000,0x0000000796d00000)
  from space 512K, 25% used [0x0000000796d80000,0x0000000796da0000,0x0000000796e00000)
  to   space 512K, 0% used [0x0000000796e00000,0x0000000796e00000,0x0000000796e80000)
 ParOldGen       total 87552K, used 45443K [0x0000000740000000, 0x0000000745580000, 0x0000000795580000)
  object space 87552K, 51% used [0x0000000740000000,0x0000000742c60df8,0x0000000745580000)
 Metaspace       used 20866K, capacity 21087K, committed 21296K, reserved 1069056K
  class space    used 2005K, capacity 2078K, committed 2176K, reserved 1048576K
Event: 3032.567 GC heap after
Heap after GC invocations=474 (full 0):
 PSYoungGen      total 24576K, used 64K [0x0000000795580000, 0x0000000796e80000, 0x00000007c0000000)
  eden space 24064K, 0% used [0x0000000795580000,0x0000000795580000,0x0000000796d00000)
  from space 512K, 12% used [0x0000000796e00000,0x0000000796e10000,0x0000000796e80000)
  to   space 512K, 0% used [0x0000000796d80000,0x0000000796d80000,0x0000000796e00000)
 ParOldGen       total 87552K, used 45443K [0x0000000740000000, 0x0000000745580000, 0x0000000795580000)
  object space 87552K, 51% used [0x0000000740000000,0x0000000742c60df8,0x0000000745580000)
 Metaspace       used 20866K, capacity 21087K, committed 21296K, reserved 1069056K
  class space    used 2005K, capacity 2078K, committed 2176K, reserved 1048576K
}
Event: 3039.004 GC heap before
{Heap before GC invocations=475 (full 0):
 PSYoungGen      total 24576K, used 24128K [0x0000000795580000, 0x0000000796e80000, 0x00000007c0000000)
  eden space 24064K, 100% used [0x0000000795580000,0x0000000796d00000,0x0000000796d00000)
  from space 512K, 12% used [0x0000000796e00000,0x0000000796e10000,0x0000000796e80000)
  to   space 512K, 0% used [0x0000000796d80000,0x0000000796d80000,0x0000000796e00000)
 ParOldGen       total 87552K, used 45443K [0x0000000740000000, 0x0000000745580000, 0x0000000795580000)
  object space 87552K, 51% used [0x0000000740000000,0x0000000742c60df8,0x0000000745580000)
 Metaspace       used 20866K, capacity 21087K, committed 21296K, reserved 1069056K
  class space    used 2005K, capacity 2078K, committed 2176K, reserved 1048576K
Event: 3039.005 GC heap after
Heap after GC invocations=475 (full 0):
 PSYoungGen      total 24576K, used 64K [0x0000000795580000, 0x0000000796e80000, 0x00000007c0000000)
  eden space 24064K, 0% used [0x0000000795580000,0x0000000795580000,0x0000000796d00000)
  from space 512K, 12% used [0x0000000796d80000,0x0000000796d90000,0x0000000796e00000)
  to   space 512K, 0% used [0x0000000796e00000,0x0000000796e00000,0x0000000796e80000)
 ParOldGen       total 87552K, used 45443K [0x0000000740000000, 0x0000000745580000, 0x0000000795580000)
  object space 87552K, 51% used [0x0000000740000000,0x0000000742c60df8,0x0000000745580000)
 Metaspace       used 20866K, capacity 21087K, committed 21296K, reserved 1069056K
  class space    used 2005K, capacity 2078K, committed 2176K, reserved 1048576K
}
Event: 3045.442 GC heap before
{Heap before GC invocations=476 (full 0):
 PSYoungGen      total 24576K, used 24128K [0x0000000795580000, 0x0000000796e80000, 0x00000007c0000000)
  eden space 24064K, 100% used [0x0000000795580000,0x0000000796d00000,0x0000000796d00000)
  from space 512K, 12% used [0x0000000796d80000,0x0000000796d90000,0x0000000796e00000)
  to   space 512K, 0% used [0x0000000796e00000,0x0000000796e00000,0x0000000796e80000)
 ParOldGen       total 87552K, used 45443K [0x0000000740000000, 0x0000000745580000, 0x0000000795580000)
  object space 87552K, 51% used [0x0000000740000000,0x0000000742c60df8,0x0000000745580000)
 Metaspace       used 20866K, capacity 21087K, committed 21296K, reserved 1069056K
  class space    used 2005K, capacity 2078K, committed 2176K, reserved 1048576K
Event: 3045.444 GC heap after
Heap after GC invocations=476 (full 0):
 PSYoungGen      total 24576K, used 64K [0x0000000795580000, 0x0000000796e80000, 0x00000007c0000000)
  eden space 24064K, 0% used [0x0000000795580000,0x0000000795580000,0x0000000796d00000)
  from space 512K, 12% used [0x0000000796e00000,0x0000000796e10000,0x0000000796e80000)
  to   space 512K, 0% used [0x0000000796d80000,0x0000000796d80000,0x0000000796e00000)
 ParOldGen       total 87552K, used 45443K [0x0000000740000000, 0x0000000745580000, 0x0000000795580000)
  object space 87552K, 51% used [0x0000000740000000,0x0000000742c60df8,0x0000000745580000)
 Metaspace       used 20866K, capacity 21087K, committed 21296K, reserved 1069056K
  class space    used 2005K, capacity 2078K, committed 2176K, reserved 1048576K
}
Event: 3051.897 GC heap before
{Heap before GC invocations=477 (full 0):
 PSYoungGen      total 24576K, used 24128K [0x0000000795580000, 0x0000000796e80000, 0x00000007c0000000)
  eden space 24064K, 100% used [0x0000000795580000,0x0000000796d00000,0x0000000796d00000)
  from space 512K, 12% used [0x0000000796e00000,0x0000000796e10000,0x0000000796e80000)
  to   space 512K, 0% used [0x0000000796d80000,0x0000000796d80000,0x0000000796e00000)
 ParOldGen       total 87552K, used 45443K [0x0000000740000000, 0x0000000745580000, 0x0000000795580000)
  object space 87552K, 51% used [0x0000000740000000,0x0000000742c60df8,0x0000000745580000)
 Metaspace       used 20866K, capacity 21087K, committed 21296K, reserved 1069056K
  class space    used 2005K, capacity 2078K, committed 2176K, reserved 1048576K
Event: 3051.898 GC heap after
Heap after GC invocations=477 (full 0):
 PSYoungGen      total 24576K, used 64K [0x0000000795580000, 0x0000000796e80000, 0x00000007c0000000)
  eden space 24064K, 0% used [0x0000000795580000,0x0000000795580000,0x0000000796d00000)
  from space 512K, 12% used [0x0000000796d80000,0x0000000796d90000,0x0000000796e00000)
  to   space 512K, 0% used [0x0000000796e00000,0x0000000796e00000,0x0000000796e80000)
 ParOldGen       total 87552K, used 45443K [0x0000000740000000, 0x0000000745580000, 0x0000000795580000)
  object space 87552K, 51% used [0x0000000740000000,0x0000000742c60df8,0x0000000745580000)
 Metaspace       used 20866K, capacity 21087K, committed 21296K, reserved 1069056K
  class space    used 2005K, capacity 2078K, committed 2176K, reserved 1048576K
}
Event: 3058.335 GC heap before
{Heap before GC invocations=478 (full 0):
 PSYoungGen      total 24576K, used 24128K [0x0000000795580000, 0x0000000796e80000, 0x00000007c0000000)
  eden space 24064K, 100% used [0x0000000795580000,0x0000000796d00000,0x0000000796d00000)
  from space 512K, 12% used [0x0000000796d80000,0x0000000796d90000,0x0000000796e00000)
  to   space 512K, 0% used [0x0000000796e00000,0x0000000796e00000,0x0000000796e80000)
 ParOldGen       total 87552K, used 45443K [0x0000000740000000, 0x0000000745580000, 0x0000000795580000)
  object space 87552K, 51% used [0x0000000740000000,0x0000000742c60df8,0x0000000745580000)
 Metaspace       used 20866K, capacity 21087K, committed 21296K, reserved 1069056K
  class space    used 2005K, capacity 2078K, committed 2176K, reserved 1048576K
Event: 3058.336 GC heap after
Heap after GC invocations=478 (full 0):
 PSYoungGen      total 24576K, used 96K [0x0000000795580000, 0x0000000796e80000, 0x00000007c0000000)
  eden space 24064K, 0% used [0x0000000795580000,0x0000000795580000,0x0000000796d00000)
  from space 512K, 18% used [0x0000000796e00000,0x0000000796e18000,0x0000000796e80000)
  to   space 512K, 0% used [0x0000000796d80000,0x0000000796d80000,0x0000000796e00000)
 ParOldGen       total 87552K, used 45443K [0x0000000740000000, 0x0000000745580000, 0x0000000795580000)
  object space 87552K, 51% used [0x0000000740000000,0x0000000742c60df8,0x0000000745580000)
 Metaspace       used 20866K, capacity 21087K, committed 21296K, reserved 1069056K
  class space    used 2005K, capacity 2078K, committed 2176K, reserved 1048576K
}

Deoptimization events (10 events):
Event: 3062.288 Thread 0x00007f8331bdd800 Uncommon trap: reason=class_check action=maybe_recompile pc=0x00000001116e4cc4 method=java.awt.event.InvocationEvent.dispatch()V @ 11
Event: 3062.291 Thread 0x00007f83319ec800 Uncommon trap: reason=class_check action=maybe_recompile pc=0x0000000111252440 method=com.jogamp.common.util.RunnableTask.run()V @ 24
Event: 3062.292 Thread 0x00007f83319ec800 Uncommon trap: reason=unstable_if action=reinterpret pc=0x000000011124c1bc method=jogamp.nativewindow.macosx.OSXUtil.RunOnMainThread(ZZLjava/lang/Runnable;)V @ 3
Event: 3062.320 Thread 0x00007f8331bdd800 Uncommon trap: reason=unstable_if action=reinterpret pc=0x00000001116f0a58 method=jogamp.opengl.GLContextImpl.release(Z)V @ 161
Event: 3062.323 Thread 0x00007f8331bdd800 Uncommon trap: reason=unstable_if action=reinterpret pc=0x0000000111675818 method=java.util.LinkedList$ListItr.<init>(Ljava/util/LinkedList;I)V @ 26
Event: 3062.323 Thread 0x00007f8331bdd800 Uncommon trap: reason=unstable_if action=reinterpret pc=0x00000001111ffc04 method=java.security.AccessControlContext.optimize()Ljava/security/AccessControlContext; @ 233
Event: 3062.325 Thread 0x00007f8331bdd800 Uncommon trap: reason=unstable_if action=reinterpret pc=0x0000000111259b64 method=java.util.HashMap.removeNode(ILjava/lang/Object;Ljava/lang/Object;ZZ)Ljava/util/HashMap$Node; @ 46
Event: 3062.326 Thread 0x00007f8332227000 Uncommon trap: reason=class_check action=maybe_recompile pc=0x00000001116e951c method=java.awt.Component.getGraphics()Ljava/awt/Graphics; @ 114
Event: 3062.327 Thread 0x00007f8331bdd800 Uncommon trap: reason=class_check action=maybe_recompile pc=0x00000001116e4cc4 method=java.awt.event.InvocationEvent.dispatch()V @ 11
Event: 3062.332 Thread 0x00007f83319ec800 Uncommon trap: reason=class_check action=maybe_recompile pc=0x0000000111252440 method=com.jogamp.common.util.RunnableTask.run()V @ 24

Internal exceptions (10 events):
Event: 0.143 Thread 0x00007f8331807000 Exception <a 'java/lang/NoSuchFieldError': method resolution failed> (0x0000000795785c90) thrown at [/Users/java_re/workspace/8-2-build-macosx-x86_64/jdk8u91/6644/hotspot/src/share/vm/prims/methodHandles.cpp, line 1146]
Event: 0.145 Thread 0x00007f8331807000 Exception <a 'java/lang/NoSuchFieldError': method resolution failed> (0x0000000795793460) thrown at [/Users/java_re/workspace/8-2-build-macosx-x86_64/jdk8u91/6644/hotspot/src/share/vm/prims/methodHandles.cpp, line 1146]
Event: 0.266 Thread 0x00007f8331807000 Exception <a 'java/io/FileNotFoundException'> (0x000000079580f540) thrown at [/Users/java_re/workspace/8-2-build-macosx-x86_64/jdk8u91/6644/hotspot/src/share/vm/prims/jni.cpp, line 709]
Event: 0.266 Thread 0x00007f8331807000 Exception <a 'java/io/FileNotFoundException'> (0x00000007958100a8) thrown at [/Users/java_re/workspace/8-2-build-macosx-x86_64/jdk8u91/6644/hotspot/src/share/vm/prims/jni.cpp, line 709]
Event: 0.360 Thread 0x00007f8331807000 Exception <a 'java/io/FileNotFoundException'> (0x000000079594bac8) thrown at [/Users/java_re/workspace/8-2-build-macosx-x86_64/jdk8u91/6644/hotspot/src/share/vm/prims/jni.cpp, line 709]
Event: 1.975 Thread 0x00007f8331807000 Exception <a 'java/lang/UnsatisfiedLinkError': com.jogamp.common.util.JarUtil.fixNativeLibAttribs(Ljava/lang/String;)Z> (0x0000000796bd60b0) thrown at [/Users/java_re/workspace/8-2-build-macosx-x86_64/jdk8u91/6644/hotspot/src/share/vm/prims/nativeLookup.c
Event: 2.300 Thread 0x00007f8331845800 Exception <a 'java/lang/NullPointerException'> (0x00000007956a4d90) thrown at [/Users/java_re/workspace/8-2-build-macosx-x86_64/jdk8u91/6644/hotspot/src/share/vm/interpreter/linkResolver.cpp, line 1178]
Event: 2.950 Thread 0x00007f8331bdd800 Exception <a 'java/io/FileNotFoundException'> (0x0000000795f34e70) thrown at [/Users/java_re/workspace/8-2-build-macosx-x86_64/jdk8u91/6644/hotspot/src/share/vm/prims/jni.cpp, line 709]
Event: 2.950 Thread 0x00007f8331bdd800 Exception <a 'java/io/FileNotFoundException'> (0x0000000795f3b210) thrown at [/Users/java_re/workspace/8-2-build-macosx-x86_64/jdk8u91/6644/hotspot/src/share/vm/prims/jni.cpp, line 709]
Event: 2.951 Thread 0x00007f8331bdd800 Implicit null exception at 0x0000000110f31f75 to 0x0000000110f322c5

Events (10 events):
Event: 3062.327 Thread 0x00007f8331bdd800 Uncommon trap: trap_request=0xffffffde fr.pc=0x00000001116e4cc4
Event: 3062.327 Thread 0x00007f8331bdd800 DEOPT PACKING pc=0x00000001116e4cc4 sp=0x0000700001965f60
Event: 3062.327 Thread 0x00007f8331bdd800 DEOPT UNPACKING pc=0x0000000110d99229 sp=0x0000700001965df8 mode 2
Event: 3062.327 Thread 0x00007f833082e000 flushing nmethod 0x00000001110eb190
Event: 3062.327 Thread 0x00007f833082e000 flushing nmethod 0x00000001110fee90
Event: 3062.327 Thread 0x00007f833082e000 flushing nmethod 0x000000011110f950
Event: 3062.327 Thread 0x00007f833082e000 flushing nmethod 0x0000000111126850
Event: 3062.332 Thread 0x00007f83319ec800 Uncommon trap: trap_request=0xffffffde fr.pc=0x0000000111252440
Event: 3062.332 Thread 0x00007f83319ec800 DEOPT PACKING pc=0x0000000111252440 sp=0x00007fff50921650
Event: 3062.332 Thread 0x00007f83319ec800 DEOPT UNPACKING pc=0x0000000110d99229 sp=0x00007fff509215f8 mode 2


Dynamic libraries:
0x0000000009285000 	/System/Library/Frameworks/Cocoa.framework/Versions/A/Cocoa
0x0000000009285000 	/System/Library/Frameworks/Security.framework/Versions/A/Security
0x0000000009285000 	/System/Library/Frameworks/ApplicationServices.framework/Versions/A/ApplicationServices
0x0000000009285000 	/usr/lib/libz.1.dylib
0x0000000009285000 	/usr/lib/libSystem.B.dylib
0x0000000009285000 	/usr/lib/libobjc.A.dylib
0x0000000009285000 	/System/Library/Frameworks/CoreFoundation.framework/Versions/A/CoreFoundation
0x0000000009285000 	/System/Library/Frameworks/Foundation.framework/Versions/C/Foundation
0x0000000009285000 	/System/Library/Frameworks/AppKit.framework/Versions/C/AppKit
0x0000000009285000 	/System/Library/Frameworks/CoreData.framework/Versions/A/CoreData
0x0000000009285000 	/System/Library/PrivateFrameworks/RemoteViewServices.framework/Versions/A/RemoteViewServices
0x0000000009285000 	/System/Library/PrivateFrameworks/UIFoundation.framework/Versions/A/UIFoundation
0x0000000009285000 	/usr/lib/libScreenReader.dylib
0x0000000009285000 	/System/Library/Frameworks/Accelerate.framework/Versions/A/Accelerate
0x0000000009285000 	/System/Library/Frameworks/IOSurface.framework/Versions/A/IOSurface
0x0000000009285000 	/System/Library/Frameworks/AudioToolbox.framework/Versions/A/AudioToolbox
0x0000000009285000 	/System/Library/Frameworks/AudioUnit.framework/Versions/A/AudioUnit
0x0000000009285000 	/System/Library/PrivateFrameworks/DataDetectorsCore.framework/Versions/A/DataDetectorsCore
0x0000000009285000 	/System/Library/PrivateFrameworks/DesktopServicesPriv.framework/Versions/A/DesktopServicesPriv
0x0000000009285000 	/System/Library/Frameworks/Carbon.framework/Versions/A/Frameworks/HIToolbox.framework/Versions/A/HIToolbox
0x0000000009285000 	/System/Library/Frameworks/QuartzCore.framework/Versions/A/QuartzCore
0x0000000009285000 	/System/Library/Frameworks/Carbon.framework/Versions/A/Frameworks/SpeechRecognition.framework/Versions/A/SpeechRecognition
0x0000000009285000 	/usr/lib/libauto.dylib
0x0000000009285000 	/usr/lib/libicucore.A.dylib
0x0000000009285000 	/usr/lib/libxml2.2.dylib
0x0000000009285000 	/System/Library/PrivateFrameworks/CoreUI.framework/Versions/A/CoreUI
0x0000000009285000 	/System/Library/Frameworks/CoreAudio.framework/Versions/A/CoreAudio
0x0000000009285000 	/System/Library/Frameworks/DiskArbitration.framework/Versions/A/DiskArbitration
0x0000000009285000 	/usr/lib/liblangid.dylib
0x0000000009285000 	/System/Library/PrivateFrameworks/MultitouchSupport.framework/Versions/A/MultitouchSupport
0x0000000009285000 	/System/Library/Frameworks/IOKit.framework/Versions/A/IOKit
0x0000000009285000 	/usr/lib/libDiagnosticMessagesClient.dylib
0x0000000009285000 	/System/Library/Frameworks/CoreServices.framework/Versions/A/CoreServices
0x0000000009285000 	/System/Library/PrivateFrameworks/PerformanceAnalysis.framework/Versions/A/PerformanceAnalysis
0x0000000009285000 	/System/Library/PrivateFrameworks/GenerationalStorage.framework/Versions/A/GenerationalStorage
0x0000000009285000 	/System/Library/Frameworks/OpenGL.framework/Versions/A/OpenGL
0x0000000009285000 	/System/Library/PrivateFrameworks/Sharing.framework/Versions/A/Sharing
0x0000000009285000 	/System/Library/Frameworks/CoreGraphics.framework/Versions/A/CoreGraphics
0x0000000009285000 	/System/Library/Frameworks/CoreImage.framework/Versions/A/CoreImage
0x0000000009285000 	/System/Library/Frameworks/CoreText.framework/Versions/A/CoreText
0x0000000009285000 	/System/Library/Frameworks/ImageIO.framework/Versions/A/ImageIO
0x0000000009285000 	/System/Library/PrivateFrameworks/Backup.framework/Versions/A/Backup
0x0000000009285000 	/usr/lib/libextension.dylib
0x0000000009285000 	/usr/lib/libarchive.2.dylib
0x0000000009285000 	/System/Library/Frameworks/CFNetwork.framework/Versions/A/CFNetwork
0x0000000009285000 	/System/Library/Frameworks/SystemConfiguration.framework/Versions/A/SystemConfiguration
0x0000000009285000 	/usr/lib/libCRFSuite.dylib
0x0000000009285000 	/usr/lib/libc++.1.dylib
0x0000000009285000 	/usr/lib/libc++abi.dylib
0x0000000009285000 	/usr/lib/system/libcache.dylib
0x0000000009285000 	/usr/lib/system/libcommonCrypto.dylib
0x0000000009285000 	/usr/lib/system/libcompiler_rt.dylib
0x0000000009285000 	/usr/lib/system/libcopyfile.dylib
0x0000000009285000 	/usr/lib/system/libcorecrypto.dylib
0x0000000009285000 	/usr/lib/system/libdispatch.dylib
0x0000000009285000 	/usr/lib/system/libdyld.dylib
0x0000000009285000 	/usr/lib/system/libkeymgr.dylib
0x0000000009285000 	/usr/lib/system/liblaunch.dylib
0x0000000009285000 	/usr/lib/system/libmacho.dylib
0x0000000009285000 	/usr/lib/system/libquarantine.dylib
0x0000000009285000 	/usr/lib/system/libremovefile.dylib
0x0000000009285000 	/usr/lib/system/libsystem_asl.dylib
0x0000000009285000 	/usr/lib/system/libsystem_blocks.dylib
0x0000000009285000 	/usr/lib/system/libsystem_c.dylib
0x0000000009285000 	/usr/lib/system/libsystem_configuration.dylib
0x0000000009285000 	/usr/lib/system/libsystem_coreservices.dylib
0x0000000009285000 	/usr/lib/system/libsystem_coretls.dylib
0x0000000009285000 	/usr/lib/system/libsystem_dnssd.dylib
0x0000000009285000 	/usr/lib/system/libsystem_info.dylib
0x0000000009285000 	/usr/lib/system/libsystem_kernel.dylib
0x0000000009285000 	/usr/lib/system/libsystem_m.dylib
0x0000000009285000 	/usr/lib/system/libsystem_malloc.dylib
0x0000000009285000 	/usr/lib/system/libsystem_network.dylib
0x0000000009285000 	/usr/lib/system/libsystem_networkextension.dylib
0x0000000009285000 	/usr/lib/system/libsystem_notify.dylib
0x0000000009285000 	/usr/lib/system/libsystem_platform.dylib
0x0000000009285000 	/usr/lib/system/libsystem_pthread.dylib
0x0000000009285000 	/usr/lib/system/libsystem_sandbox.dylib
0x0000000009285000 	/usr/lib/system/libsystem_secinit.dylib
0x0000000009285000 	/usr/lib/system/libsystem_trace.dylib
0x0000000009285000 	/usr/lib/system/libunc.dylib
0x0000000009285000 	/usr/lib/system/libunwind.dylib
0x0000000009285000 	/usr/lib/system/libxpc.dylib
0x0000000009285000 	/usr/lib/libenergytrace.dylib
0x0000000009285000 	/usr/lib/libbsm.0.dylib
0x0000000009285000 	/usr/lib/system/libkxld.dylib
0x0000000009285000 	/usr/lib/libxar.1.dylib
0x0000000009285000 	/usr/lib/libsqlite3.dylib
0x0000000009285000 	/usr/lib/libpam.2.dylib
0x0000000009285000 	/usr/lib/libOpenScriptingUtil.dylib
0x0000000009285000 	/usr/lib/libbz2.1.0.dylib
0x0000000009285000 	/usr/lib/liblzma.5.dylib
0x0000000009285000 	/System/Library/Frameworks/CoreServices.framework/Versions/A/Frameworks/FSEvents.framework/Versions/A/FSEvents
0x0000000009285000 	/System/Library/Frameworks/CoreServices.framework/Versions/A/Frameworks/CarbonCore.framework/Versions/A/CarbonCore
0x0000000009285000 	/System/Library/Frameworks/CoreServices.framework/Versions/A/Frameworks/Metadata.framework/Versions/A/Metadata
0x0000000009285000 	/System/Library/Frameworks/CoreServices.framework/Versions/A/Frameworks/OSServices.framework/Versions/A/OSServices
0x0000000009285000 	/System/Library/Frameworks/CoreServices.framework/Versions/A/Frameworks/SearchKit.framework/Versions/A/SearchKit
0x0000000009285000 	/System/Library/Frameworks/CoreServices.framework/Versions/A/Frameworks/AE.framework/Versions/A/AE
0x0000000009285000 	/System/Library/Frameworks/CoreServices.framework/Versions/A/Frameworks/LaunchServices.framework/Versions/A/LaunchServices
0x0000000009285000 	/System/Library/Frameworks/CoreServices.framework/Versions/A/Frameworks/DictionaryServices.framework/Versions/A/DictionaryServices
0x0000000009285000 	/System/Library/Frameworks/CoreServices.framework/Versions/A/Frameworks/SharedFileList.framework/Versions/A/SharedFileList
0x0000000009285000 	/System/Library/Frameworks/NetFS.framework/Versions/A/NetFS
0x0000000009285000 	/System/Library/PrivateFrameworks/NetAuth.framework/Versions/A/NetAuth
0x0000000009285000 	/System/Library/PrivateFrameworks/login.framework/Versions/A/Frameworks/loginsupport.framework/Versions/A/loginsupport
0x0000000009285000 	/System/Library/PrivateFrameworks/TCC.framework/Versions/A/TCC
0x0000000009285000 	/usr/lib/libmecabra.dylib
0x0000000009285000 	/System/Library/Frameworks/ApplicationServices.framework/Versions/A/Frameworks/ATS.framework/Versions/A/ATS
0x0000000009285000 	/System/Library/Frameworks/ApplicationServices.framework/Versions/A/Frameworks/ColorSync.framework/Versions/A/ColorSync
0x0000000009285000 	/System/Library/Frameworks/ApplicationServices.framework/Versions/A/Frameworks/HIServices.framework/Versions/A/HIServices
0x0000000009285000 	/System/Library/Frameworks/ApplicationServices.framework/Versions/A/Frameworks/LangAnalysis.framework/Versions/A/LangAnalysis
0x0000000009285000 	/System/Library/Frameworks/ApplicationServices.framework/Versions/A/Frameworks/PrintCore.framework/Versions/A/PrintCore
0x0000000009285000 	/System/Library/Frameworks/ApplicationServices.framework/Versions/A/Frameworks/QD.framework/Versions/A/QD
0x0000000009285000 	/System/Library/Frameworks/ApplicationServices.framework/Versions/A/Frameworks/SpeechSynthesis.framework/Versions/A/SpeechSynthesis
0x0000000009285000 	/System/Library/Frameworks/Metal.framework/Versions/A/Metal
0x0000000009285000 	/System/Library/Frameworks/Accelerate.framework/Versions/A/Frameworks/vImage.framework/Versions/A/vImage
0x0000000009285000 	/System/Library/Frameworks/Accelerate.framework/Versions/A/Frameworks/vecLib.framework/Versions/A/vecLib
0x0000000009285000 	/System/Library/Frameworks/Accelerate.framework/Versions/A/Frameworks/vecLib.framework/Versions/A/libvDSP.dylib
0x0000000009285000 	/System/Library/Frameworks/Accelerate.framework/Versions/A/Frameworks/vecLib.framework/Versions/A/libvMisc.dylib
0x0000000009285000 	/System/Library/Frameworks/Accelerate.framework/Versions/A/Frameworks/vecLib.framework/Versions/A/libLAPACK.dylib
0x0000000009285000 	/System/Library/Frameworks/Accelerate.framework/Versions/A/Frameworks/vecLib.framework/Versions/A/libBLAS.dylib
0x0000000009285000 	/System/Library/Frameworks/Accelerate.framework/Versions/A/Frameworks/vecLib.framework/Versions/A/libLinearAlgebra.dylib
0x0000000009285000 	/System/Library/Frameworks/Accelerate.framework/Versions/A/Frameworks/vecLib.framework/Versions/A/libSparseBLAS.dylib
0x0000000009285000 	/System/Library/PrivateFrameworks/GPUCompiler.framework/libmetal_timestamp.dylib
0x0000000009285000 	/System/Library/Frameworks/OpenGL.framework/Versions/A/Libraries/libCoreFSCache.dylib
0x0000000009285000 	/System/Library/PrivateFrameworks/IOAccelerator.framework/Versions/A/IOAccelerator
0x0000000009285000 	/System/Library/Frameworks/ApplicationServices.framework/Versions/A/Frameworks/ATS.framework/Versions/A/Resources/libFontParser.dylib
0x0000000009285000 	/System/Library/Frameworks/ApplicationServices.framework/Versions/A/Frameworks/ATS.framework/Versions/A/Resources/libFontRegistry.dylib
0x0000000009285000 	/System/Library/PrivateFrameworks/AppleVPA.framework/Versions/A/AppleVPA
0x0000000009285000 	/System/Library/PrivateFrameworks/AppleJPEG.framework/Versions/A/AppleJPEG
0x0000000009285000 	/System/Library/Frameworks/ImageIO.framework/Versions/A/Resources/libJPEG.dylib
0x0000000009285000 	/System/Library/Frameworks/ImageIO.framework/Versions/A/Resources/libTIFF.dylib
0x0000000009285000 	/System/Library/Frameworks/ImageIO.framework/Versions/A/Resources/libPng.dylib
0x0000000009285000 	/System/Library/Frameworks/ImageIO.framework/Versions/A/Resources/libGIF.dylib
0x0000000009285000 	/System/Library/Frameworks/ImageIO.framework/Versions/A/Resources/libJP2.dylib
0x0000000009285000 	/System/Library/Frameworks/ImageIO.framework/Versions/A/Resources/libRadiance.dylib
0x0000000009285000 	/System/Library/Frameworks/CoreVideo.framework/Versions/A/CoreVideo
0x0000000009285000 	/System/Library/Frameworks/OpenGL.framework/Versions/A/Libraries/libGLU.dylib
0x0000000009285000 	/System/Library/Frameworks/OpenGL.framework/Versions/A/Libraries/libGFXShared.dylib
0x0000000009285000 	/System/Library/Frameworks/OpenGL.framework/Versions/A/Libraries/libGL.dylib
0x0000000009285000 	/System/Library/Frameworks/OpenGL.framework/Versions/A/Libraries/libGLImage.dylib
0x0000000009285000 	/System/Library/Frameworks/OpenGL.framework/Versions/A/Libraries/libCVMSPluginSupport.dylib
0x0000000009285000 	/System/Library/Frameworks/OpenGL.framework/Versions/A/Libraries/libCoreVMClient.dylib
0x0000000009285000 	/usr/lib/libcups.2.dylib
0x0000000009285000 	/System/Library/Frameworks/Kerberos.framework/Versions/A/Kerberos
0x0000000009285000 	/System/Library/Frameworks/GSS.framework/Versions/A/GSS
0x0000000009285000 	/usr/lib/libresolv.9.dylib
0x0000000009285000 	/usr/lib/libiconv.2.dylib
0x0000000009285000 	/System/Library/PrivateFrameworks/Heimdal.framework/Versions/A/Heimdal
0x0000000009285000 	/usr/lib/libheimdal-asn1.dylib
0x0000000009285000 	/System/Library/Frameworks/OpenDirectory.framework/Versions/A/OpenDirectory
0x0000000009285000 	/System/Library/PrivateFrameworks/CommonAuth.framework/Versions/A/CommonAuth
0x0000000009285000 	/System/Library/Frameworks/OpenDirectory.framework/Versions/A/Frameworks/CFOpenDirectory.framework/Versions/A/CFOpenDirectory
0x0000000009285000 	/System/Library/Frameworks/SecurityFoundation.framework/Versions/A/SecurityFoundation
0x0000000009285000 	/System/Library/PrivateFrameworks/LanguageModeling.framework/Versions/A/LanguageModeling
0x0000000009285000 	/usr/lib/libmarisa.dylib
0x0000000009285000 	/usr/lib/libChineseTokenizer.dylib
0x0000000009285000 	/usr/lib/libcmph.dylib
0x0000000009285000 	/usr/lib/libcompression.dylib
0x0000000009285000 	/System/Library/Frameworks/ServiceManagement.framework/Versions/A/ServiceManagement
0x0000000009285000 	/usr/lib/libxslt.1.dylib
0x0000000009285000 	/System/Library/Frameworks/Carbon.framework/Versions/A/Frameworks/Ink.framework/Versions/A/Ink
0x0000000009285000 	/usr/lib/libFosl_dynamic.dylib
0x0000000009285000 	/System/Library/PrivateFrameworks/FaceCore.framework/Versions/A/FaceCore
0x0000000009285000 	/System/Library/Frameworks/OpenCL.framework/Versions/A/OpenCL
0x0000000009285000 	/System/Library/PrivateFrameworks/CrashReporterSupport.framework/Versions/A/CrashReporterSupport
0x0000000009285000 	/System/Library/PrivateFrameworks/IconServices.framework/Versions/A/IconServices
0x0000000009285000 	/System/Library/PrivateFrameworks/Apple80211.framework/Versions/A/Apple80211
0x0000000009285000 	/System/Library/Frameworks/CoreWLAN.framework/Versions/A/CoreWLAN
0x0000000009285000 	/System/Library/Frameworks/IOBluetooth.framework/Versions/A/IOBluetooth
0x0000000009285000 	/System/Library/PrivateFrameworks/CoreWiFi.framework/Versions/A/CoreWiFi
0x0000000009285000 	/System/Library/Frameworks/CoreBluetooth.framework/Versions/A/CoreBluetooth
0x0000000009285000 	/System/Library/PrivateFrameworks/ChunkingLibrary.framework/Versions/A/ChunkingLibrary
0x0000000009285000 	/System/Library/PrivateFrameworks/DebugSymbols.framework/Versions/A/DebugSymbols
0x0000000009285000 	/System/Library/PrivateFrameworks/CoreSymbolication.framework/Versions/A/CoreSymbolication
0x0000000009285000 	/System/Library/PrivateFrameworks/Symbolication.framework/Versions/A/Symbolication
0x0000000009285000 	/System/Library/PrivateFrameworks/SpeechRecognitionCore.framework/Versions/A/SpeechRecognitionCore
0x000000010fe00000 	/Library/Java/JavaVirtualMachines/jdk1.8.0_91.jdk/Contents/Home/jre/lib/server/libjvm.dylib
0x0000000009285000 	/usr/lib/libstdc++.6.dylib
0x000000010f55a000 	/Library/Java/JavaVirtualMachines/jdk1.8.0_91.jdk/Contents/Home/jre/lib/libverify.dylib
0x000000010f568000 	/Library/Java/JavaVirtualMachines/jdk1.8.0_91.jdk/Contents/Home/jre/lib/libjava.dylib
0x000000010f5a7000 	/Library/Java/JavaVirtualMachines/jdk1.8.0_91.jdk/Contents/Home/jre/lib/libzip.dylib
0x00000001266a7000 	/System/Library/Frameworks/JavaVM.framework/Frameworks/JavaRuntimeSupport.framework/JavaRuntimeSupport
0x00000001266c2000 	/System/Library/Frameworks/JavaVM.framework/Versions/A/Frameworks/JavaNativeFoundation.framework/Versions/A/JavaNativeFoundation
0x00000001266d7000 	/System/Library/Frameworks/JavaVM.framework/Versions/A/JavaVM
0x0000000009285000 	/System/Library/Frameworks/Carbon.framework/Versions/A/Carbon
0x00000001266e4000 	/System/Library/PrivateFrameworks/JavaLaunching.framework/Versions/A/JavaLaunching
0x0000000009285000 	/System/Library/Frameworks/Carbon.framework/Versions/A/Frameworks/CommonPanels.framework/Versions/A/CommonPanels
0x0000000009285000 	/System/Library/Frameworks/Carbon.framework/Versions/A/Frameworks/Help.framework/Versions/A/Help
0x0000000009285000 	/System/Library/Frameworks/Carbon.framework/Versions/A/Frameworks/ImageCapture.framework/Versions/A/ImageCapture
0x0000000009285000 	/System/Library/Frameworks/Carbon.framework/Versions/A/Frameworks/OpenScripting.framework/Versions/A/OpenScripting
0x0000000009285000 	/System/Library/Frameworks/Carbon.framework/Versions/A/Frameworks/Print.framework/Versions/A/Print
0x0000000009285000 	/System/Library/Frameworks/Carbon.framework/Versions/A/Frameworks/SecurityHI.framework/Versions/A/SecurityHI
0x0000000128008000 	/Library/Java/JavaVirtualMachines/jdk1.8.0_91.jdk/Contents/Home/jre/lib/libawt.dylib
0x00000001280b0000 	/Library/Java/JavaVirtualMachines/jdk1.8.0_91.jdk/Contents/Home/jre/lib/./libmlib_image.dylib
0x000000012817c000 	/Library/Java/JavaVirtualMachines/jdk1.8.0_91.jdk/Contents/Home/jre/lib/libawt_lwawt.dylib
0x0000000128231000 	/Library/Java/JavaVirtualMachines/jdk1.8.0_91.jdk/Contents/Home/jre/lib/./libosxapp.dylib
0x0000000009285000 	/System/Library/Frameworks/ExceptionHandling.framework/Versions/A/ExceptionHandling
0x0000000009285000 	/System/Library/PrivateFrameworks/CoreServicesInternal.framework/Versions/A/CoreServicesInternal
0x0000000009285000 	/System/Library/Frameworks/CoreGraphics.framework/Versions/A/Resources/libRIP.A.dylib
0x0000000009285000 	/System/Library/Frameworks/Accelerate.framework/Versions/A/Frameworks/vImage.framework/Versions/A/Libraries/libCGInterfaces.dylib
0x0000000009285000 	/System/Library/Frameworks/CoreGraphics.framework/Versions/A/Resources/libCGXType.A.dylib
0x0000000009285000 	/System/Library/Frameworks/OpenCL.framework/Versions/A/Libraries/libcldcpuengine.dylib
0x0000000009285000 	/System/Library/PrivateFrameworks/DiskImages.framework/Versions/A/DiskImages
0x0000000009285000 	/System/Library/Frameworks/DiscRecording.framework/Versions/A/DiscRecording
0x0000000009285000 	/usr/lib/libcsfde.dylib
0x0000000009285000 	/usr/lib/libcurl.4.dylib
0x0000000009285000 	/System/Library/PrivateFrameworks/MediaKit.framework/Versions/A/MediaKit
0x0000000009285000 	/System/Library/PrivateFrameworks/ProtectedCloudStorage.framework/Versions/A/ProtectedCloudStorage
0x0000000009285000 	/usr/lib/libCoreStorage.dylib
0x0000000009285000 	/System/Library/PrivateFrameworks/EFILogin.framework/Versions/A/EFILogin
0x0000000009285000 	/usr/lib/libutil.dylib
0x0000000009285000 	/System/Library/PrivateFrameworks/FindMyDevice.framework/Versions/A/FindMyDevice
0x0000000009285000 	/System/Library/Frameworks/LDAP.framework/Versions/A/LDAP
0x0000000009285000 	/usr/lib/libsasl2.2.dylib
0x0000000009285000 	/System/Library/PrivateFrameworks/CoreDaemon.framework/Versions/B/CoreDaemon
0x0000000009285000 	/usr/lib/libcrypto.0.9.8.dylib
0x0000000009285000 	/System/Library/PrivateFrameworks/AppleSRP.framework/Versions/A/AppleSRP
0x0000000009285000 	/System/Library/PrivateFrameworks/TrustEvaluationAgent.framework/Versions/A/TrustEvaluationAgent
0x000000012998a000 	cl_kernels
0x0000000009285000 	/System/Library/Frameworks/OpenCL.framework/Versions/A/Libraries/ImageFormats/unorm8_bgra.dylib
0x0000000009285000 	/System/Library/Frameworks/OpenCL.framework/Versions/A/Libraries/ImageFormats/unorm8_rgba.dylib
0x0000000009285000 	/System/Library/PrivateFrameworks/FamilyControls.framework/Versions/A/FamilyControls
0x0000000009285000 	/System/Library/PrivateFrameworks/CommerceKit.framework/Versions/A/Frameworks/CommerceCore.framework/Versions/A/CommerceCore
0x0000000009285000 	/System/Library/PrivateFrameworks/SystemAdministration.framework/Versions/A/SystemAdministration
0x0000000009285000 	/System/Library/PrivateFrameworks/AppContainer.framework/Versions/A/AppContainer
0x0000000009285000 	/System/Library/PrivateFrameworks/SecCodeWrapper.framework/Versions/A/SecCodeWrapper
0x0000000009285000 	/System/Library/Frameworks/DirectoryService.framework/Versions/A/DirectoryService
0x0000000009285000 	/System/Library/PrivateFrameworks/LoginUIKit.framework/Versions/A/Frameworks/LoginUICore.framework/Versions/A/LoginUICore
0x0000000009285000 	/usr/lib/libodfde.dylib
0x0000000009285000 	/System/Library/Frameworks/OpenGL.framework/Versions/A/Resources/GLEngine.bundle/GLEngine
0x0000000009285000 	/System/Library/Frameworks/OpenGL.framework/Versions/A/Libraries/libGLProgrammability.dylib
0x000000012aa1a000 	/System/Library/Extensions/AMDRadeonX3000GLDriver.bundle/Contents/MacOS/AMDRadeonX3000GLDriver
0x0000000009285000 	/System/Library/PrivateFrameworks/GPUSupport.framework/Versions/A/Libraries/libGPUSupportMercury.dylib
0x000000012aaf9000 	/System/Library/Extensions/AMDRadeonX3000GLDriver.bundle/Contents/MacOS/ATIRadeonX3000SCLib.dylib
0x0000000009285000 	/System/Library/Frameworks/OpenGL.framework/Versions/A/Resources/GLRendererFloat.bundle/GLRendererFloat
0x000000012ade6000 	/Library/Java/JavaVirtualMachines/jdk1.8.0_91.jdk/Contents/Home/jre/lib/libfontmanager.dylib
0x000000012bac1000 	/Library/Java/JavaVirtualMachines/jdk1.8.0_91.jdk/Contents/Home/jre/lib/libosxui.dylib
0x000000012c7f0000 	/Library/Java/JavaVirtualMachines/jdk1.8.0_91.jdk/Contents/Home/jre/lib/libnet.dylib
0x000000012c532000 	/Library/Java/JavaVirtualMachines/jdk1.8.0_91.jdk/Contents/Home/jre/lib/libnio.dylib
0x0000000009285000 	/System/Library/Frameworks/ApplicationServices.framework/Versions/A/Frameworks/ATS.framework/Versions/A/Resources/libTrueTypeScaler.dylib
0x0000000191863000 	/private/var/folders/tq/5cybh0451bx2v8l5x53f9c_h0000gn/T/jogamp_0000/file_cache/jln6336290162275328764/jln5594930168819792764/libgluegen-rt.jnilib
0x000000012b7bd000 	/private/var/folders/tq/5cybh0451bx2v8l5x53f9c_h0000gn/T/jogamp_0000/file_cache/jln6336290162275328764/jln5594930168819792764/libnativewindow_awt.jnilib
0x000000012e544000 	/Library/Java/JavaVirtualMachines/jdk1.8.0_91.jdk/Contents/Home/jre/lib/libjawt.dylib
0x000000019187f000 	/private/var/folders/tq/5cybh0451bx2v8l5x53f9c_h0000gn/T/jogamp_0000/file_cache/jln6336290162275328764/jln5594930168819792764/libnativewindow_macosx.jnilib
0x0000000193465000 	/private/var/folders/tq/5cybh0451bx2v8l5x53f9c_h0000gn/T/jogamp_0000/file_cache/jln6336290162275328764/jln5594930168819792764/libjogl_desktop.jnilib

VM Arguments:
jvm_args: -Djava.security.policy=java.policy.applet -Dfile.encoding=UTF-8 
java_command: sun.applet.AppletViewer module3.EarthquakeCityMap1463562139375.html
java_class_path (initial): /Users/limhoktan/Documents/workspace/UCSDUnfoldingMaps/build:/Users/limhoktan/Documents/workspace/UCSDUnfoldingMaps/lib/core.jar:/Users/limhoktan/Documents/workspace/UCSDUnfoldingMaps/lib/gluegen-rt.jar:/Users/limhoktan/Documents/workspace/UCSDUnfoldingMaps/lib/jogl-all.jar:/Users/limhoktan/Documents/workspace/UCSDUnfoldingMaps/lib/log4j-1.2.15.jar:/Users/limhoktan/Documents/workspace/UCSDUnfoldingMaps/lib/sqlite-jdbc-3.7.2.jar:/Users/limhoktan/Documents/workspace/UCSDUnfoldingMaps/lib/json4processing.jar:/Users/limhoktan/Documents/workspace/UCSDUnfoldingMaps/lib/libTUIO.jar:/Users/limhoktan/Documents/workspace/UCSDUnfoldingMaps/lib/unfolding.0.9.7-uscd.jar
Launcher Type: SUN_STANDARD

Environment Variables:
PATH=/usr/bin:/bin:/usr/sbin:/sbin
SHELL=/bin/bash
DISPLAY=/private/tmp/com.apple.launchd.3cFrEfN4Lz/org.macosforge.xquartz:0

Signal Handlers:
SIGSEGV: [libjvm.dylib+0x5a97a1], sa_mask[0]=11111111011111110111111111111111, sa_flags=SA_ONSTACK|SA_RESTART|SA_SIGINFO
SIGBUS: [libjvm.dylib+0x5a97a1], sa_mask[0]=11111111011111110111111111111111, sa_flags=SA_RESTART|SA_SIGINFO
SIGFPE: [libjvm.dylib+0x482594], sa_mask[0]=11111111011111110111111111111111, sa_flags=SA_RESTART|SA_SIGINFO
SIGPIPE: [libjvm.dylib+0x482594], sa_mask[0]=11111111011111110111111111111111, sa_flags=SA_RESTART|SA_SIGINFO
SIGXFSZ: [libjvm.dylib+0x482594], sa_mask[0]=11111111011111110111111111111111, sa_flags=SA_RESTART|SA_SIGINFO
SIGILL: [libjvm.dylib+0x482594], sa_mask[0]=11111111011111110111111111111111, sa_flags=SA_RESTART|SA_SIGINFO
SIGUSR1: SIG_DFL, sa_mask[0]=00000000000000000000000000000000, sa_flags=none
SIGUSR2: [libjvm.dylib+0x4820b2], sa_mask[0]=00100000000000000000000000000000, sa_flags=SA_RESTART|SA_SIGINFO
SIGHUP: [libjvm.dylib+0x480689], sa_mask[0]=11111111011111110111111111111111, sa_flags=SA_RESTART|SA_SIGINFO
SIGINT: [libjvm.dylib+0x480689], sa_mask[0]=11111111011111110111111111111111, sa_flags=SA_RESTART|SA_SIGINFO
SIGTERM: [libjvm.dylib+0x480689], sa_mask[0]=11111111011111110111111111111111, sa_flags=SA_RESTART|SA_SIGINFO
SIGQUIT: [libjvm.dylib+0x480689], sa_mask[0]=11111111011111110111111111111111, sa_flags=SA_RESTART|SA_SIGINFO


---------------  S Y S T E M  ---------------

OS:Bsduname:Darwin 15.4.0 Darwin Kernel Version 15.4.0: Fri Feb 26 22:08:05 PST 2016; root:xnu-3248.40.184~3/RELEASE_X86_64 x86_64
rlimit: STACK 8192k, CORE 0k, NPROC 709, NOFILE 10240, AS infinity
load average:5.26 4.94 4.69

CPU:total 4 (4 cores per cpu, 1 threads per core) family 6 model 30 stepping 5, cmov, cx8, fxsr, mmx, sse, sse2, sse3, ssse3, sse4.1, sse4.2, popcnt, tsc, tscinvbit

Memory: 4k page, physical 8388608k(1035316k free)

/proc/meminfo:


vm_info: Java HotSpot(TM) 64-Bit Server VM (25.91-b14) for bsd-amd64 JRE (1.8.0_91-b14), built on Apr  1 2016 01:03:00 by "java_re" with gcc 4.2.1 (Based on Apple Inc. build 5658) (LLVM build 2336.11.00)

time: Wed May 18 02:53:21 2016
elapsed time: 3062 seconds (0d 0h 51m 2s)

