#
# A fatal error has been detected by the Java Runtime Environment:
#
#  SIGSEGV (0xb) at pc=0x00007fff97afa4dd, pid=15039, tid=2571
#
# JRE version: Java(TM) SE Runtime Environment (8.0_91-b14) (build 1.8.0_91-b14)
# Java VM: Java HotSpot(TM) 64-Bit Server VM (25.91-b14 mixed mode bsd-amd64 compressed oops)
# Problematic frame:
# C  [libobjc.A.dylib+0x14dd]  objc_msgSend+0x1d
#
# Failed to write core dump. Core dumps have been disabled. To enable core dumping, try "ulimit -c unlimited" before starting Java again
#
# If you would like to submit a bug report, please visit:
#   http://bugreport.java.com/bugreport/crash.jsp
# The crash happened outside the Java Virtual Machine in native code.
# See problematic frame for where to report the bug.
#

---------------  T H R E A D  ---------------

Current thread (0x00007fa8431e8800):  JavaThread "AWT-AppKit" daemon [_thread_in_native, id=2571, stack(0x00007fff56e8c000,0x00007fff5768c000)]

siginfo: si_signo: 11 (SIGSEGV), si_code: 1 (SEGV_MAPERR), si_addr: 0x0000000000000018

Registers:
RAX=0x00007fa846c7e2c0, RBX=0x000000018ab11450, RCX=0x0000000122149520, RDX=0x0000000122239740
RSP=0x00007fff576872b8, RBP=0x00007fff57687370, RSI=0x00007fff8b405ce6, RDI=0x00007fa846d40630
R8 =0x0000000000000000, R9 =0x00000000000008b0, R10=0x00007fff8b405ce6, R11=0x0000000000000000
R12=0x0000000000000000, R13=0x000000018ca17310, R14=0x000000018ab11440, R15=0x00007fa8431e8800
RIP=0x00007fff97afa4dd, EFLAGS=0x0000000000010246, ERR=0x0000000000000004
  TRAPNO=0x000000000000000e

Top of Stack: (sp=0x00007fff576872b8)
0x00007fff576872b8:   000000018ab0f157 00007fff57687310
0x00007fff576872c8:   0000000000000003 00007fff576872f0
0x00007fff576872d8:   00000001091f24ea 000000018ca17310
0x00007fff576872e8:   000000018ca17310 00007fa846c7e2c0
0x00007fff576872f8:   000000018ab116a0 000000018ab11710
0x00007fff57687308:   00007fff7a8e6770 00007fff7c4f4500
0x00007fff57687318:   000000018ab11450 000000018ab11690
0x00007fff57687328:   00007fa846c7e2c0 00007fa846d40630
0x00007fff57687338:   00007fa846bf3cb0 00007fa846c7e2c0
0x00007fff57687348:   00007fa846d40630 00007fff576873f8
0x00007fff57687358:   00007fa8431e89f8 000000018ca17310
0x00007fff57687368:   00007fff57687420 00007fff576873e8
0x00007fff57687378:   0000000109ff5814 000000018ca17310
0x00007fff57687388:   00007fff57687420 00007fff576873e8
0x00007fff57687398:   0000000109ff55a7 0000000109ff5562
0x00007fff576873a8:   00007fff576873a8 000000018ca17310
0x00007fff576873b8:   00007fff57687420 000000018ca19f48
0x00007fff576873c8:   0000000000000000 000000018ca17310
0x00007fff576873d8:   0000000000000000 00007fff57687408
0x00007fff576873e8:   00007fff57687468 0000000109fe82bd
0x00007fff576873f8:   0000000740013f68 0000000109ff1538
0x00007fff57687408:   00007fa846c7e2c0 00007fff57687468
0x00007fff57687418:   00007fa846d40630 0000000109ff2e02
0x00007fff57687428:   00007fff57687428 000000018ca174da
0x00007fff57687438:   00007fff57687490 000000018ca19f48
0x00007fff57687448:   0000000000000000 000000018ca174e8
0x00007fff57687458:   00007fff57687408 00007fff57687478
0x00007fff57687468:   00007fff576874d8 0000000109fe82bd
0x00007fff57687478:   00007fa846c7e2c0 00000007412c27d8
0x00007fff57687488:   00007fa846d40630 00000007412c27d8
0x00007fff57687498:   00007fff57687498 000000019127c5fe
0x00007fff576874a8:   00007fff576874e8 000000019127c6b8 

Instructions: (pc=0x00007fff97afa4dd)
0x00007fff97afa4bd:   44 00 00 48 85 ff 2e 74 62 40 f6 c7 01 2e 75 66
0x00007fff97afa4cd:   49 bb f8 ff ff ff ff 7f 00 00 4c 23 1f 49 89 f2
0x00007fff97afa4dd:   45 23 53 18 49 c1 e2 04 4d 03 53 10 49 3b 32 75
0x00007fff97afa4ed:   04 41 ff 62 08 49 83 3a 01 76 0d 49 83 c2 10 49 

Register to memory mapping:

RAX=0x00007fa846c7e2c0 is an unknown value
RBX=0x000000018ab11450: Java_jogamp_nativewindow_macosx_OSXUtil_GetScreenRefreshRate0+0x1cf0 in /private/var/folders/tq/5cybh0451bx2v8l5x53f9c_h0000gn/T/jogamp_0000/file_cache/jln5477091273803837560/jln768932378386100223/libnativewindow_macosx.jnilib at 0x000000018ab0a000
RCX=0x0000000122149520 is an unknown value
RDX=0x0000000122239740 is an unknown value
RSP=0x00007fff576872b8 is pointing into the stack for thread: 0x00007fa8431e8800
RBP=0x00007fff57687370 is pointing into the stack for thread: 0x00007fa8431e8800
RSI=0x00007fff8b405ce6 is an unknown value
RDI=0x00007fa846d40630 is an unknown value
R8 =0x0000000000000000 is an unknown value
R9 =0x00000000000008b0 is an unknown value
R10=0x00007fff8b405ce6 is an unknown value
R11=0x0000000000000000 is an unknown value
R12=0x0000000000000000 is an unknown value
R13={method} {0x000000018ca17310} 'UnsetJAWTRootSurfaceLayer0' '(JJ)V' in 'jogamp/nativewindow/jawt/macosx/MacOSXJAWTWindow'
R14=0x000000018ab11440: Java_jogamp_nativewindow_macosx_OSXUtil_GetScreenRefreshRate0+0x1ce0 in /private/var/folders/tq/5cybh0451bx2v8l5x53f9c_h0000gn/T/jogamp_0000/file_cache/jln5477091273803837560/jln768932378386100223/libnativewindow_macosx.jnilib at 0x000000018ab0a000
R15=0x00007fa8431e8800 is a thread


Stack: [0x00007fff56e8c000,0x00007fff5768c000],  sp=0x00007fff576872b8,  free space=8172k
Native frames: (J=compiled Java code, j=interpreted, Vv=VM code, C=native code)
C  [libobjc.A.dylib+0x14dd]  objc_msgSend+0x1d
j  jogamp.nativewindow.jawt.macosx.MacOSXJAWTWindow.UnsetJAWTRootSurfaceLayer0(JJ)V+0
j  jogamp.nativewindow.jawt.macosx.MacOSXJAWTWindow.access$200(JJ)V+2
j  jogamp.nativewindow.jawt.macosx.MacOSXJAWTWindow$1.run()V+38
J 2420 C1 com.jogamp.common.util.RunnableTask.run()V (345 bytes) @ 0x000000010a8668d4 [0x000000010a866740+0x194]
v  ~StubRoutines::call_stub
V  [libjvm.dylib+0x2ec1e6]  JavaCalls::call_helper(JavaValue*, methodHandle*, JavaCallArguments*, Thread*)+0x6ae
V  [libjvm.dylib+0x323355]  jni_invoke_nonstatic(JNIEnv_*, JavaValue*, _jobject*, JNICallType, _jmethodID*, JNI_ArgumentPusher*, Thread*)+0x2ec
V  [libjvm.dylib+0x315b23]  jni_CallVoidMethod+0x16b
C  [libnativewindow_macosx.jnilib+0x5326]  Java_jogamp_nativewindow_jawt_macosx_MacOSXJAWTWindow_UnsetJAWTRootSurfaceLayer0+0x2b6
C  [Foundation+0x76f5e]  __NSThreadPerformPerform+0x117
C  [CoreFoundation+0xaa881]  __CFRUNLOOP_IS_CALLING_OUT_TO_A_SOURCE0_PERFORM_FUNCTION__+0x11
C  [CoreFoundation+0x89f37]  __CFRunLoopDoSources0+0x1a7
C  [CoreFoundation+0x894df]  __CFRunLoopRun+0x39f
C  [CoreFoundation+0x88ed8]  CFRunLoopRunSpecific+0x128
C  [HIToolbox+0x30935]  RunCurrentEventLoopInMode+0xeb
C  [HIToolbox+0x30677]  ReceiveNextEventCommon+0xb8
C  [HIToolbox+0x305af]  _BlockUntilNextEventMatchingListInModeWithFilter+0x47
C  [AppKit+0x48efa]  _DPSNextEvent+0x42b
C  [AppKit+0x4832a]  -[NSApplication _nextEventMatchingEventMask:untilDate:inMode:dequeue:]+0x1c6
C  [libosxapp.dylib+0x23aa]  -[NSApplicationAWT nextEventMatchingMask:untilDate:inMode:dequeue:]+0x7c
C  [AppKit+0x3ce84]  -[NSApplication run]+0x2aa
C  [libosxapp.dylib+0x214d]  +[NSApplicationAWT runAWTLoopWithApp:]+0x9c
C  [libawt_lwawt.dylib+0x4455b]  -[AWTStarter starter:]+0x389
C  [Foundation+0x76f5e]  __NSThreadPerformPerform+0x117
C  [CoreFoundation+0xaa881]  __CFRUNLOOP_IS_CALLING_OUT_TO_A_SOURCE0_PERFORM_FUNCTION__+0x11
C  [CoreFoundation+0x89fbc]  __CFRunLoopDoSources0+0x22c
C  [CoreFoundation+0x894df]  __CFRunLoopRun+0x39f
C  [CoreFoundation+0x88ed8]  CFRunLoopRunSpecific+0x128
C  [java+0x6463]  CreateExecutionEnvironment+0x367
C  [java+0x21ac]  JLI_Launch+0x7a0
C  [java+0x84c0]  main+0x65
C  [java+0x1a04]  start+0x34
C  0x0000000000000007

Java frames: (J=compiled Java code, j=interpreted, Vv=VM code)
j  jogamp.nativewindow.jawt.macosx.MacOSXJAWTWindow.UnsetJAWTRootSurfaceLayer0(JJ)V+0
j  jogamp.nativewindow.jawt.macosx.MacOSXJAWTWindow.access$200(JJ)V+2
j  jogamp.nativewindow.jawt.macosx.MacOSXJAWTWindow$1.run()V+38
J 2420 C1 com.jogamp.common.util.RunnableTask.run()V (345 bytes) @ 0x000000010a8668d4 [0x000000010a866740+0x194]
v  ~StubRoutines::call_stub

---------------  P R O C E S S  ---------------

Java Threads: ( => current thread )
  0x00007fa842985800 JavaThread "Thread-170" [_thread_blocked, id=37611, stack(0x00007000019ee000,0x0000700001aee000)]
  0x00007fa848836800 JavaThread "Image Fetcher 2" daemon [_thread_blocked, id=26135, stack(0x0000700002000000,0x0000700002100000)]
  0x00007fa8472ef800 JavaThread "Image Fetcher 1" daemon [_thread_blocked, id=69131, stack(0x0000700001bf4000,0x0000700001cf4000)]
  0x00007fa8472eb800 JavaThread "Image Fetcher 0" daemon [_thread_blocked, id=67591, stack(0x0000700001efd000,0x0000700001ffd000)]
  0x00007fa8472c8000 JavaThread "Keep-Alive-Timer" daemon [_thread_blocked, id=67099, stack(0x0000700001dfa000,0x0000700001efa000)]
  0x00007fa8438fa800 JavaThread "Animation Thread" [_thread_blocked, id=59115, stack(0x0000700001765000,0x0000700001865000)]
  0x00007fa84228f000 JavaThread "AWT-EventQueue-1" [_thread_in_native, id=60203, stack(0x0000700001868000,0x0000700001968000)]
  0x00007fa84342b000 JavaThread "DestroyJavaVM" [_thread_blocked, id=5891, stack(0x000070000011a000,0x000070000021a000)]
  0x00007fa84322c800 JavaThread "AWT-EventQueue-0" [_thread_blocked, id=56835, stack(0x0000700001662000,0x0000700001762000)]
  0x00007fa843947000 JavaThread "Java2D Disposer" daemon [_thread_blocked, id=52739, stack(0x00007000013d9000,0x00007000014d9000)]
  0x00007fa84294a800 JavaThread "Java2D Queue Flusher" daemon [_thread_blocked, id=49927, stack(0x00007000012d6000,0x00007000013d6000)]
  0x00007fa84291a800 JavaThread "AWT-Shutdown" [_thread_blocked, id=27683, stack(0x0000700001150000,0x0000700001250000)]
=>0x00007fa8431e8800 JavaThread "AWT-AppKit" daemon [_thread_in_native, id=2571, stack(0x00007fff56e8c000,0x00007fff5768c000)]
  0x00007fa84201a800 JavaThread "Service Thread" daemon [_thread_blocked, id=18435, stack(0x0000700000dc1000,0x0000700000ec1000)]
  0x00007fa84201a000 JavaThread "C1 CompilerThread2" daemon [_thread_blocked, id=17923, stack(0x0000700000cbe000,0x0000700000dbe000)]
  0x00007fa843047000 JavaThread "C2 CompilerThread1" daemon [_thread_blocked, id=17411, stack(0x0000700000bbb000,0x0000700000cbb000)]
  0x00007fa843045800 JavaThread "C2 CompilerThread0" daemon [_thread_blocked, id=16899, stack(0x0000700000ab8000,0x0000700000bb8000)]
  0x00007fa843042000 JavaThread "Signal Dispatcher" daemon [_thread_blocked, id=12815, stack(0x00007000009b5000,0x0000700000ab5000)]
  0x00007fa842006800 JavaThread "Finalizer" daemon [_thread_blocked, id=12291, stack(0x000070000082f000,0x000070000092f000)]
  0x00007fa84282b000 JavaThread "Reference Handler" daemon [_thread_blocked, id=11779, stack(0x000070000072c000,0x000070000082c000)]

Other Threads:
  0x00007fa84383c800 VMThread [stack: 0x0000700000629000,0x0000700000729000] [id=11267]
  0x00007fa84282b800 WatcherThread [stack: 0x0000700000ec4000,0x0000700000fc4000] [id=18947]

VM state:not at safepoint (normal execution)

VM Mutex/Monitor currently owned by a thread: None

Heap:
 PSYoungGen      total 95744K, used 23370K [0x0000000795580000, 0x000000079c880000, 0x00000007c0000000)
  eden space 75776K, 9% used [0x0000000795580000,0x0000000795cca760,0x0000000799f80000)
  from space 19968K, 79% used [0x000000079b480000,0x000000079c4083d0,0x000000079c800000)
  to   space 20992K, 0% used [0x0000000799f80000,0x0000000799f80000,0x000000079b400000)
 ParOldGen       total 78848K, used 41287K [0x0000000740000000, 0x0000000744d00000, 0x0000000795580000)
  object space 78848K, 52% used [0x0000000740000000,0x0000000742851ed0,0x0000000744d00000)
 Metaspace       used 21418K, capacity 21587K, committed 21808K, reserved 1069056K
  class space    used 2052K, capacity 2112K, committed 2176K, reserved 1048576K

Card table byte_map: [0x00000001193a0000,0x00000001197a1000] byte_map_base: 0x00000001159a0000

Marking Bits: (ParMarkBitMap*) 0x00000001098e6eb0
 Begin Bits: [0x0000000119a4c000, 0x000000011ba4c000)
 End Bits:   [0x000000011ba4c000, 0x000000011da4c000)

Polling page: 0x00000001087f4000

CodeCache: size=245760Kb used=9816Kb max_used=9828Kb free=235943Kb
 bounds [0x0000000109fe0000, 0x000000010a990000, 0x0000000118fe0000]
 total_blobs=3668 nmethods=2778 adapters=804
 compilation: enabled

Compilation events (10 events):
Event: 24.761 Thread 0x00007fa843047000 3215       4       processing.opengl.PGraphicsOpenGL::line (12 bytes)
Event: 24.767 Thread 0x00007fa843047000 nmethod 3215 0x000000010a751610 code [0x000000010a7517a0, 0x000000010a751c48]
Event: 24.993 Thread 0x00007fa843045800 3216  s!   4       sun.misc.URLClassPath::getLoader (197 bytes)
Event: 24.998 Thread 0x00007fa843045800 nmethod 3216 0x000000010a983150 code [0x000000010a9832c0, 0x000000010a983a98]
Event: 24.999 Thread 0x00007fa843047000 3217  s    4       sun.misc.URLClassPath::getNextLoader (88 bytes)
Event: 24.999 Thread 0x00007fa84201a000 3218       3       sun.net.www.ParseUtil::canonizeString (195 bytes)
Event: 25.001 Thread 0x00007fa84201a000 nmethod 3218 0x000000010a985d50 code [0x000000010a986120, 0x000000010a988568]
Event: 25.004 Thread 0x00007fa843047000 nmethod 3217 0x000000010a982290 code [0x000000010a982400, 0x000000010a982b78]
Event: 25.005 Thread 0x00007fa84201a000 3219       1       sun.java2d.SurfaceData::isValid (5 bytes)
Event: 25.005 Thread 0x00007fa84201a000 nmethod 3219 0x000000010a751350 code [0x000000010a7514a0, 0x000000010a7515b0]

GC Heap History (10 events):
Event: 13.114 GC heap before
{Heap before GC invocations=9 (full 1):
 PSYoungGen      total 45056K, used 40162K [0x0000000795580000, 0x0000000799e80000, 0x00000007c0000000)
  eden space 32256K, 99% used [0x0000000795580000,0x00000007974fa778,0x0000000797500000)
  from space 12800K, 61% used [0x0000000797500000,0x0000000797cbe300,0x0000000798180000)
  to   space 12288K, 0% used [0x0000000799280000,0x0000000799280000,0x0000000799e80000)
 ParOldGen       total 78848K, used 24270K [0x0000000740000000, 0x0000000744d00000, 0x0000000795580000)
  object space 78848K, 30% used [0x0000000740000000,0x00000007417b3ab0,0x0000000744d00000)
 Metaspace       used 21229K, capacity 21459K, committed 21808K, reserved 1069056K
  class space    used 2044K, capacity 2112K, committed 2176K, reserved 1048576K
Event: 13.119 GC heap after
Heap after GC invocations=9 (full 1):
 PSYoungGen      total 59392K, used 9760K [0x0000000795580000, 0x0000000799d00000, 0x00000007c0000000)
  eden space 48640K, 0% used [0x0000000795580000,0x0000000795580000,0x0000000798500000)
  from space 10752K, 90% used [0x0000000799280000,0x0000000799c08260,0x0000000799d00000)
  to   space 12288K, 0% used [0x0000000798500000,0x0000000798500000,0x0000000799100000)
 ParOldGen       total 78848K, used 24278K [0x0000000740000000, 0x0000000744d00000, 0x0000000795580000)
  object space 78848K, 30% used [0x0000000740000000,0x00000007417b5ab0,0x0000000744d00000)
 Metaspace       used 21229K, capacity 21459K, committed 21808K, reserved 1069056K
  class space    used 2044K, capacity 2112K, committed 2176K, reserved 1048576K
}
Event: 16.568 GC heap before
{Heap before GC invocations=10 (full 1):
 PSYoungGen      total 59392K, used 58400K [0x0000000795580000, 0x0000000799d00000, 0x00000007c0000000)
  eden space 48640K, 100% used [0x0000000795580000,0x0000000798500000,0x0000000798500000)
  from space 10752K, 90% used [0x0000000799280000,0x0000000799c08260,0x0000000799d00000)
  to   space 12288K, 0% used [0x0000000798500000,0x0000000798500000,0x0000000799100000)
 ParOldGen       total 78848K, used 24278K [0x0000000740000000, 0x0000000744d00000, 0x0000000795580000)
  object space 78848K, 30% used [0x0000000740000000,0x00000007417b5ab0,0x0000000744d00000)
 Metaspace       used 21261K, capacity 21459K, committed 21808K, reserved 1069056K
  class space    used 2044K, capacity 2112K, committed 2176K, reserved 1048576K
Event: 16.573 GC heap after
Heap after GC invocations=10 (full 1):
 PSYoungGen      total 60928K, used 11456K [0x0000000795580000, 0x000000079ac00000, 0x00000007c0000000)
  eden space 48640K, 0% used [0x0000000795580000,0x0000000795580000,0x0000000798500000)
  from space 12288K, 93% used [0x0000000798500000,0x00000007990302c0,0x0000000799100000)
  to   space 13312K, 0% used [0x0000000799f00000,0x0000000799f00000,0x000000079ac00000)
 ParOldGen       total 78848K, used 24286K [0x0000000740000000, 0x0000000744d00000, 0x0000000795580000)
  object space 78848K, 30% used [0x0000000740000000,0x00000007417b7ab0,0x0000000744d00000)
 Metaspace       used 21261K, capacity 21459K, committed 21808K, reserved 1069056K
  class space    used 2044K, capacity 2112K, committed 2176K, reserved 1048576K
}
Event: 19.724 GC heap before
{Heap before GC invocations=11 (full 1):
 PSYoungGen      total 60928K, used 60096K [0x0000000795580000, 0x000000079ac00000, 0x00000007c0000000)
  eden space 48640K, 100% used [0x0000000795580000,0x0000000798500000,0x0000000798500000)
  from space 12288K, 93% used [0x0000000798500000,0x00000007990302c0,0x0000000799100000)
  to   space 13312K, 0% used [0x0000000799f00000,0x0000000799f00000,0x000000079ac00000)
 ParOldGen       total 78848K, used 24286K [0x0000000740000000, 0x0000000744d00000, 0x0000000795580000)
  object space 78848K, 30% used [0x0000000740000000,0x00000007417b7ab0,0x0000000744d00000)
 Metaspace       used 21292K, capacity 21523K, committed 21808K, reserved 1069056K
  class space    used 2044K, capacity 2112K, committed 2176K, reserved 1048576K
Event: 19.731 GC heap after
Heap after GC invocations=11 (full 1):
 PSYoungGen      total 74240K, used 13280K [0x0000000795580000, 0x000000079ad00000, 0x00000007c0000000)
  eden space 60928K, 0% used [0x0000000795580000,0x0000000795580000,0x0000000799100000)
  from space 13312K, 99% used [0x0000000799f00000,0x000000079abf8330,0x000000079ac00000)
  to   space 14336K, 0% used [0x0000000799100000,0x0000000799100000,0x0000000799f00000)
 ParOldGen       total 78848K, used 26078K [0x0000000740000000, 0x0000000744d00000, 0x0000000795580000)
  object space 78848K, 33% used [0x0000000740000000,0x0000000741977b20,0x0000000744d00000)
 Metaspace       used 21292K, capacity 21523K, committed 21808K, reserved 1069056K
  class space    used 2044K, capacity 2112K, committed 2176K, reserved 1048576K
}
Event: 21.190 GC heap before
{Heap before GC invocations=12 (full 1):
 PSYoungGen      total 74240K, used 74208K [0x0000000795580000, 0x000000079ad00000, 0x00000007c0000000)
  eden space 60928K, 100% used [0x0000000795580000,0x0000000799100000,0x0000000799100000)
  from space 13312K, 99% used [0x0000000799f00000,0x000000079abf8330,0x000000079ac00000)
  to   space 14336K, 0% used [0x0000000799100000,0x0000000799100000,0x0000000799f00000)
 ParOldGen       total 78848K, used 26078K [0x0000000740000000, 0x0000000744d00000, 0x0000000795580000)
  object space 78848K, 33% used [0x0000000740000000,0x0000000741977b20,0x0000000744d00000)
 Metaspace       used 21377K, capacity 21587K, committed 21808K, reserved 1069056K
  class space    used 2044K, capacity 2112K, committed 2176K, reserved 1048576K
Event: 21.200 GC heap after
Heap after GC invocations=12 (full 1):
 PSYoungGen      total 75264K, used 14304K [0x0000000795580000, 0x000000079c800000, 0x00000007c0000000)
  eden space 60928K, 0% used [0x0000000795580000,0x0000000795580000,0x0000000799100000)
  from space 14336K, 99% used [0x0000000799100000,0x0000000799ef8370,0x0000000799f00000)
  to   space 19968K, 0% used [0x000000079b480000,0x000000079b480000,0x000000079c800000)
 ParOldGen       total 78848K, used 36895K [0x0000000740000000, 0x0000000744d00000, 0x0000000795580000)
  object space 78848K, 46% used [0x0000000740000000,0x0000000742407dc0,0x0000000744d00000)
 Metaspace       used 21377K, capacity 21587K, committed 21808K, reserved 1069056K
  class space    used 2044K, capacity 2112K, committed 2176K, reserved 1048576K
}
Event: 24.476 GC heap before
{Heap before GC invocations=13 (full 1):
 PSYoungGen      total 75264K, used 75232K [0x0000000795580000, 0x000000079c800000, 0x00000007c0000000)
  eden space 60928K, 100% used [0x0000000795580000,0x0000000799100000,0x0000000799100000)
  from space 14336K, 99% used [0x0000000799100000,0x0000000799ef8370,0x0000000799f00000)
  to   space 19968K, 0% used [0x000000079b480000,0x000000079b480000,0x000000079c800000)
 ParOldGen       total 78848K, used 36895K [0x0000000740000000, 0x0000000744d00000, 0x0000000795580000)
  object space 78848K, 46% used [0x0000000740000000,0x0000000742407dc0,0x0000000744d00000)
 Metaspace       used 21383K, capacity 21587K, committed 21808K, reserved 1069056K
  class space    used 2044K, capacity 2112K, committed 2176K, reserved 1048576K
Event: 24.485 GC heap after
Heap after GC invocations=13 (full 1):
 PSYoungGen      total 95744K, used 15904K [0x0000000795580000, 0x000000079c880000, 0x00000007c0000000)
  eden space 75776K, 0% used [0x0000000795580000,0x0000000795580000,0x0000000799f80000)
  from space 19968K, 79% used [0x000000079b480000,0x000000079c4083d0,0x000000079c800000)
  to   space 20992K, 0% used [0x0000000799f80000,0x0000000799f80000,0x000000079b400000)
 ParOldGen       total 78848K, used 41287K [0x0000000740000000, 0x0000000744d00000, 0x0000000795580000)
  object space 78848K, 52% used [0x0000000740000000,0x0000000742851ed0,0x0000000744d00000)
 Metaspace       used 21383K, capacity 21587K, committed 21808K, reserved 1069056K
  class space    used 2044K, capacity 2112K, committed 2176K, reserved 1048576K
}

Deoptimization events (10 events):
Event: 17.658 Thread 0x00007fa84228f000 Uncommon trap: reason=bimorphic action=maybe_recompile pc=0x000000010a14bbdc method=module5.EarthquakeCityMap.selectMarkerIfHover(Ljava/util/List;)V @ 45
Event: 17.672 Thread 0x00007fa84228f000 Uncommon trap: reason=bimorphic action=maybe_recompile pc=0x000000010a14bbdc method=module5.EarthquakeCityMap.selectMarkerIfHover(Ljava/util/List;)V @ 45
Event: 17.688 Thread 0x00007fa84228f000 Uncommon trap: reason=bimorphic action=maybe_recompile pc=0x000000010a14bbdc method=module5.EarthquakeCityMap.selectMarkerIfHover(Ljava/util/List;)V @ 45
Event: 24.958 Thread 0x00007fa84228f000 Uncommon trap: reason=class_check action=maybe_recompile pc=0x000000010a38fa78 method=java.awt.EventQueue.coalesceEvent(Ljava/awt/AWTEvent;I)Z @ 32
Event: 24.976 Thread 0x00007fa84322c800 Uncommon trap: reason=unstable_if action=reinterpret pc=0x000000010a38f478 method=java.awt.EventQueue.getPriority(Ljava/awt/AWTEvent;)I @ 71
Event: 24.976 Thread 0x00007fa84228f000 Uncommon trap: reason=unstable_if action=reinterpret pc=0x000000010a7cf768 method=com.jogamp.common.util.VersionNumber.compareTo(Lcom/jogamp/common/util/VersionNumber;)I @ 21
Event: 24.977 Thread 0x00007fa84322c800 Uncommon trap: reason=unstable_if action=reinterpret pc=0x000000010a760b88 method=java.awt.Font.equals(Ljava/lang/Object;)Z @ 2
Event: 24.991 Thread 0x00007fa8429ab000 Uncommon trap: reason=unstable_if action=reinterpret pc=0x000000010a4a6ef0 method=java.util.HashMap.putVal(ILjava/lang/Object;Ljava/lang/Object;ZZ)Ljava/lang/Object; @ 81
Event: 24.991 Thread 0x00007fa8429ab000 Uncommon trap: reason=unstable_if action=reinterpret pc=0x000000010a49b0fc method=java.util.HashMap.putVal(ILjava/lang/Object;Ljava/lang/Object;ZZ)Ljava/lang/Object; @ 81
Event: 25.003 Thread 0x00007fa84228f000 Uncommon trap: reason=unstable_if action=reinterpret pc=0x000000010a901d88 method=java.security.AccessControlContext.optimize()Ljava/security/AccessControlContext; @ 233

Internal exceptions (10 events):
Event: 0.150 Thread 0x00007fa843802000 Exception <a 'java/lang/NoSuchFieldError': method resolution failed> (0x0000000795785c90) thrown at [/Users/java_re/workspace/8-2-build-macosx-x86_64/jdk8u91/6644/hotspot/src/share/vm/prims/methodHandles.cpp, line 1146]
Event: 0.152 Thread 0x00007fa843802000 Exception <a 'java/lang/NoSuchFieldError': method resolution failed> (0x0000000795793460) thrown at [/Users/java_re/workspace/8-2-build-macosx-x86_64/jdk8u91/6644/hotspot/src/share/vm/prims/methodHandles.cpp, line 1146]
Event: 0.293 Thread 0x00007fa843802000 Exception <a 'java/io/FileNotFoundException'> (0x000000079580f758) thrown at [/Users/java_re/workspace/8-2-build-macosx-x86_64/jdk8u91/6644/hotspot/src/share/vm/prims/jni.cpp, line 709]
Event: 0.293 Thread 0x00007fa843802000 Exception <a 'java/io/FileNotFoundException'> (0x00000007958102c0) thrown at [/Users/java_re/workspace/8-2-build-macosx-x86_64/jdk8u91/6644/hotspot/src/share/vm/prims/jni.cpp, line 709]
Event: 0.384 Thread 0x00007fa843802000 Exception <a 'java/io/FileNotFoundException'> (0x000000079594bbe8) thrown at [/Users/java_re/workspace/8-2-build-macosx-x86_64/jdk8u91/6644/hotspot/src/share/vm/prims/jni.cpp, line 709]
Event: 1.983 Thread 0x00007fa8438fa800 Exception <a 'java/lang/UnsatisfiedLinkError': com.jogamp.common.util.JarUtil.fixNativeLibAttribs(Ljava/lang/String;)Z> (0x0000000796bf6e10) thrown at [/Users/java_re/workspace/8-2-build-macosx-x86_64/jdk8u91/6644/hotspot/src/share/vm/prims/nativeLookup.c
Event: 2.317 Thread 0x00007fa842006800 Exception <a 'java/lang/NullPointerException'> (0x00000007956a7ef8) thrown at [/Users/java_re/workspace/8-2-build-macosx-x86_64/jdk8u91/6644/hotspot/src/share/vm/interpreter/linkResolver.cpp, line 1178]
Event: 3.006 Thread 0x00007fa84228f000 Exception <a 'java/io/FileNotFoundException'> (0x0000000795f4af50) thrown at [/Users/java_re/workspace/8-2-build-macosx-x86_64/jdk8u91/6644/hotspot/src/share/vm/prims/jni.cpp, line 709]
Event: 3.006 Thread 0x00007fa84228f000 Exception <a 'java/io/FileNotFoundException'> (0x0000000795f512f0) thrown at [/Users/java_re/workspace/8-2-build-macosx-x86_64/jdk8u91/6644/hotspot/src/share/vm/prims/jni.cpp, line 709]
Event: 3.006 Thread 0x00007fa84228f000 Implicit null exception at 0x000000010a1802b5 to 0x000000010a18062d

Events (10 events):
Event: 25.003 loading class java/awt/LightweightDispatcher$2 done
Event: 25.003 loading class java/awt/event/AWTEventListenerProxy
Event: 25.003 loading class java/awt/event/AWTEventListenerProxy done
Event: 25.003 Executing VM operation: Deoptimize
Event: 25.004 Executing VM operation: Deoptimize done
Event: 25.004 loading class java/awt/Toolkit$ToolkitEventMulticaster
Event: 25.004 loading class java/awt/Toolkit$ToolkitEventMulticaster done
Event: 25.004 Thread 0x00007fa8429ab000 Thread exited: 0x00007fa8429ab000
Event: 25.004 loading class java/awt/Window$1DisposeAction
Event: 25.004 loading class java/awt/Window$1DisposeAction done


Dynamic libraries:
0x0000000009285000 	/System/Library/Frameworks/Cocoa.framework/Versions/A/Cocoa
0x0000000009285000 	/System/Library/Frameworks/Security.framework/Versions/A/Security
0x0000000009285000 	/System/Library/Frameworks/ApplicationServices.framework/Versions/A/ApplicationServices
0x0000000009285000 	/usr/lib/libz.1.dylib
0x0000000009285000 	/usr/lib/libSystem.B.dylib
0x0000000009285000 	/usr/lib/libobjc.A.dylib
0x0000000009285000 	/System/Library/Frameworks/CoreFoundation.framework/Versions/A/CoreFoundation
0x0000000009285000 	/System/Library/Frameworks/Foundation.framework/Versions/C/Foundation
0x0000000009285000 	/System/Library/Frameworks/AppKit.framework/Versions/C/AppKit
0x0000000009285000 	/System/Library/Frameworks/CoreData.framework/Versions/A/CoreData
0x0000000009285000 	/System/Library/PrivateFrameworks/RemoteViewServices.framework/Versions/A/RemoteViewServices
0x0000000009285000 	/System/Library/PrivateFrameworks/UIFoundation.framework/Versions/A/UIFoundation
0x0000000009285000 	/usr/lib/libScreenReader.dylib
0x0000000009285000 	/System/Library/Frameworks/Accelerate.framework/Versions/A/Accelerate
0x0000000009285000 	/System/Library/Frameworks/IOSurface.framework/Versions/A/IOSurface
0x0000000009285000 	/System/Library/Frameworks/AudioToolbox.framework/Versions/A/AudioToolbox
0x0000000009285000 	/System/Library/Frameworks/AudioUnit.framework/Versions/A/AudioUnit
0x0000000009285000 	/System/Library/PrivateFrameworks/DataDetectorsCore.framework/Versions/A/DataDetectorsCore
0x0000000009285000 	/System/Library/PrivateFrameworks/DesktopServicesPriv.framework/Versions/A/DesktopServicesPriv
0x0000000009285000 	/System/Library/Frameworks/Carbon.framework/Versions/A/Frameworks/HIToolbox.framework/Versions/A/HIToolbox
0x0000000009285000 	/System/Library/Frameworks/QuartzCore.framework/Versions/A/QuartzCore
0x0000000009285000 	/System/Library/Frameworks/Carbon.framework/Versions/A/Frameworks/SpeechRecognition.framework/Versions/A/SpeechRecognition
0x0000000009285000 	/usr/lib/libauto.dylib
0x0000000009285000 	/usr/lib/libicucore.A.dylib
0x0000000009285000 	/usr/lib/libxml2.2.dylib
0x0000000009285000 	/System/Library/PrivateFrameworks/CoreUI.framework/Versions/A/CoreUI
0x0000000009285000 	/System/Library/Frameworks/CoreAudio.framework/Versions/A/CoreAudio
0x0000000009285000 	/System/Library/Frameworks/DiskArbitration.framework/Versions/A/DiskArbitration
0x0000000009285000 	/usr/lib/liblangid.dylib
0x0000000009285000 	/System/Library/PrivateFrameworks/MultitouchSupport.framework/Versions/A/MultitouchSupport
0x0000000009285000 	/System/Library/Frameworks/IOKit.framework/Versions/A/IOKit
0x0000000009285000 	/usr/lib/libDiagnosticMessagesClient.dylib
0x0000000009285000 	/System/Library/Frameworks/CoreServices.framework/Versions/A/CoreServices
0x0000000009285000 	/System/Library/PrivateFrameworks/PerformanceAnalysis.framework/Versions/A/PerformanceAnalysis
0x0000000009285000 	/System/Library/PrivateFrameworks/GenerationalStorage.framework/Versions/A/GenerationalStorage
0x0000000009285000 	/System/Library/Frameworks/OpenGL.framework/Versions/A/OpenGL
0x0000000009285000 	/System/Library/PrivateFrameworks/Sharing.framework/Versions/A/Sharing
0x0000000009285000 	/System/Library/Frameworks/CoreGraphics.framework/Versions/A/CoreGraphics
0x0000000009285000 	/System/Library/Frameworks/CoreImage.framework/Versions/A/CoreImage
0x0000000009285000 	/System/Library/Frameworks/CoreText.framework/Versions/A/CoreText
0x0000000009285000 	/System/Library/Frameworks/ImageIO.framework/Versions/A/ImageIO
0x0000000009285000 	/System/Library/PrivateFrameworks/Backup.framework/Versions/A/Backup
0x0000000009285000 	/usr/lib/libextension.dylib
0x0000000009285000 	/usr/lib/libarchive.2.dylib
0x0000000009285000 	/System/Library/Frameworks/CFNetwork.framework/Versions/A/CFNetwork
0x0000000009285000 	/System/Library/Frameworks/SystemConfiguration.framework/Versions/A/SystemConfiguration
0x0000000009285000 	/usr/lib/libCRFSuite.dylib
0x0000000009285000 	/usr/lib/libc++.1.dylib
0x0000000009285000 	/usr/lib/libc++abi.dylib
0x0000000009285000 	/usr/lib/system/libcache.dylib
0x0000000009285000 	/usr/lib/system/libcommonCrypto.dylib
0x0000000009285000 	/usr/lib/system/libcompiler_rt.dylib
0x0000000009285000 	/usr/lib/system/libcopyfile.dylib
0x0000000009285000 	/usr/lib/system/libcorecrypto.dylib
0x0000000009285000 	/usr/lib/system/libdispatch.dylib
0x0000000009285000 	/usr/lib/system/libdyld.dylib
0x0000000009285000 	/usr/lib/system/libkeymgr.dylib
0x0000000009285000 	/usr/lib/system/liblaunch.dylib
0x0000000009285000 	/usr/lib/system/libmacho.dylib
0x0000000009285000 	/usr/lib/system/libquarantine.dylib
0x0000000009285000 	/usr/lib/system/libremovefile.dylib
0x0000000009285000 	/usr/lib/system/libsystem_asl.dylib
0x0000000009285000 	/usr/lib/system/libsystem_blocks.dylib
0x0000000009285000 	/usr/lib/system/libsystem_c.dylib
0x0000000009285000 	/usr/lib/system/libsystem_configuration.dylib
0x0000000009285000 	/usr/lib/system/libsystem_coreservices.dylib
0x0000000009285000 	/usr/lib/system/libsystem_coretls.dylib
0x0000000009285000 	/usr/lib/system/libsystem_dnssd.dylib
0x0000000009285000 	/usr/lib/system/libsystem_info.dylib
0x0000000009285000 	/usr/lib/system/libsystem_kernel.dylib
0x0000000009285000 	/usr/lib/system/libsystem_m.dylib
0x0000000009285000 	/usr/lib/system/libsystem_malloc.dylib
0x0000000009285000 	/usr/lib/system/libsystem_network.dylib
0x0000000009285000 	/usr/lib/system/libsystem_networkextension.dylib
0x0000000009285000 	/usr/lib/system/libsystem_notify.dylib
0x0000000009285000 	/usr/lib/system/libsystem_platform.dylib
0x0000000009285000 	/usr/lib/system/libsystem_pthread.dylib
0x0000000009285000 	/usr/lib/system/libsystem_sandbox.dylib
0x0000000009285000 	/usr/lib/system/libsystem_secinit.dylib
0x0000000009285000 	/usr/lib/system/libsystem_trace.dylib
0x0000000009285000 	/usr/lib/system/libunc.dylib
0x0000000009285000 	/usr/lib/system/libunwind.dylib
0x0000000009285000 	/usr/lib/system/libxpc.dylib
0x0000000009285000 	/usr/lib/libenergytrace.dylib
0x0000000009285000 	/usr/lib/libbsm.0.dylib
0x0000000009285000 	/usr/lib/system/libkxld.dylib
0x0000000009285000 	/usr/lib/libxar.1.dylib
0x0000000009285000 	/usr/lib/libsqlite3.dylib
0x0000000009285000 	/usr/lib/libpam.2.dylib
0x0000000009285000 	/usr/lib/libOpenScriptingUtil.dylib
0x0000000009285000 	/usr/lib/libbz2.1.0.dylib
0x0000000009285000 	/usr/lib/liblzma.5.dylib
0x0000000009285000 	/System/Library/Frameworks/CoreServices.framework/Versions/A/Frameworks/FSEvents.framework/Versions/A/FSEvents
0x0000000009285000 	/System/Library/Frameworks/CoreServices.framework/Versions/A/Frameworks/CarbonCore.framework/Versions/A/CarbonCore
0x0000000009285000 	/System/Library/Frameworks/CoreServices.framework/Versions/A/Frameworks/Metadata.framework/Versions/A/Metadata
0x0000000009285000 	/System/Library/Frameworks/CoreServices.framework/Versions/A/Frameworks/OSServices.framework/Versions/A/OSServices
0x0000000009285000 	/System/Library/Frameworks/CoreServices.framework/Versions/A/Frameworks/SearchKit.framework/Versions/A/SearchKit
0x0000000009285000 	/System/Library/Frameworks/CoreServices.framework/Versions/A/Frameworks/AE.framework/Versions/A/AE
0x0000000009285000 	/System/Library/Frameworks/CoreServices.framework/Versions/A/Frameworks/LaunchServices.framework/Versions/A/LaunchServices
0x0000000009285000 	/System/Library/Frameworks/CoreServices.framework/Versions/A/Frameworks/DictionaryServices.framework/Versions/A/DictionaryServices
0x0000000009285000 	/System/Library/Frameworks/CoreServices.framework/Versions/A/Frameworks/SharedFileList.framework/Versions/A/SharedFileList
0x0000000009285000 	/System/Library/Frameworks/NetFS.framework/Versions/A/NetFS
0x0000000009285000 	/System/Library/PrivateFrameworks/NetAuth.framework/Versions/A/NetAuth
0x0000000009285000 	/System/Library/PrivateFrameworks/login.framework/Versions/A/Frameworks/loginsupport.framework/Versions/A/loginsupport
0x0000000009285000 	/System/Library/PrivateFrameworks/TCC.framework/Versions/A/TCC
0x0000000009285000 	/usr/lib/libmecabra.dylib
0x0000000009285000 	/System/Library/Frameworks/ApplicationServices.framework/Versions/A/Frameworks/ATS.framework/Versions/A/ATS
0x0000000009285000 	/System/Library/Frameworks/ApplicationServices.framework/Versions/A/Frameworks/ColorSync.framework/Versions/A/ColorSync
0x0000000009285000 	/System/Library/Frameworks/ApplicationServices.framework/Versions/A/Frameworks/HIServices.framework/Versions/A/HIServices
0x0000000009285000 	/System/Library/Frameworks/ApplicationServices.framework/Versions/A/Frameworks/LangAnalysis.framework/Versions/A/LangAnalysis
0x0000000009285000 	/System/Library/Frameworks/ApplicationServices.framework/Versions/A/Frameworks/PrintCore.framework/Versions/A/PrintCore
0x0000000009285000 	/System/Library/Frameworks/ApplicationServices.framework/Versions/A/Frameworks/QD.framework/Versions/A/QD
0x0000000009285000 	/System/Library/Frameworks/ApplicationServices.framework/Versions/A/Frameworks/SpeechSynthesis.framework/Versions/A/SpeechSynthesis
0x0000000009285000 	/System/Library/Frameworks/Metal.framework/Versions/A/Metal
0x0000000009285000 	/System/Library/Frameworks/Accelerate.framework/Versions/A/Frameworks/vImage.framework/Versions/A/vImage
0x0000000009285000 	/System/Library/Frameworks/Accelerate.framework/Versions/A/Frameworks/vecLib.framework/Versions/A/vecLib
0x0000000009285000 	/System/Library/Frameworks/Accelerate.framework/Versions/A/Frameworks/vecLib.framework/Versions/A/libvDSP.dylib
0x0000000009285000 	/System/Library/Frameworks/Accelerate.framework/Versions/A/Frameworks/vecLib.framework/Versions/A/libvMisc.dylib
0x0000000009285000 	/System/Library/Frameworks/Accelerate.framework/Versions/A/Frameworks/vecLib.framework/Versions/A/libLAPACK.dylib
0x0000000009285000 	/System/Library/Frameworks/Accelerate.framework/Versions/A/Frameworks/vecLib.framework/Versions/A/libBLAS.dylib
0x0000000009285000 	/System/Library/Frameworks/Accelerate.framework/Versions/A/Frameworks/vecLib.framework/Versions/A/libLinearAlgebra.dylib
0x0000000009285000 	/System/Library/Frameworks/Accelerate.framework/Versions/A/Frameworks/vecLib.framework/Versions/A/libSparseBLAS.dylib
0x0000000009285000 	/System/Library/PrivateFrameworks/GPUCompiler.framework/libmetal_timestamp.dylib
0x0000000009285000 	/System/Library/Frameworks/OpenGL.framework/Versions/A/Libraries/libCoreFSCache.dylib
0x0000000009285000 	/System/Library/PrivateFrameworks/IOAccelerator.framework/Versions/A/IOAccelerator
0x0000000009285000 	/System/Library/Frameworks/ApplicationServices.framework/Versions/A/Frameworks/ATS.framework/Versions/A/Resources/libFontParser.dylib
0x0000000009285000 	/System/Library/Frameworks/ApplicationServices.framework/Versions/A/Frameworks/ATS.framework/Versions/A/Resources/libFontRegistry.dylib
0x0000000009285000 	/System/Library/PrivateFrameworks/AppleVPA.framework/Versions/A/AppleVPA
0x0000000009285000 	/System/Library/PrivateFrameworks/AppleJPEG.framework/Versions/A/AppleJPEG
0x0000000009285000 	/System/Library/Frameworks/ImageIO.framework/Versions/A/Resources/libJPEG.dylib
0x0000000009285000 	/System/Library/Frameworks/ImageIO.framework/Versions/A/Resources/libTIFF.dylib
0x0000000009285000 	/System/Library/Frameworks/ImageIO.framework/Versions/A/Resources/libPng.dylib
0x0000000009285000 	/System/Library/Frameworks/ImageIO.framework/Versions/A/Resources/libGIF.dylib
0x0000000009285000 	/System/Library/Frameworks/ImageIO.framework/Versions/A/Resources/libJP2.dylib
0x0000000009285000 	/System/Library/Frameworks/ImageIO.framework/Versions/A/Resources/libRadiance.dylib
0x0000000009285000 	/System/Library/Frameworks/CoreVideo.framework/Versions/A/CoreVideo
0x0000000009285000 	/System/Library/Frameworks/OpenGL.framework/Versions/A/Libraries/libGLU.dylib
0x0000000009285000 	/System/Library/Frameworks/OpenGL.framework/Versions/A/Libraries/libGFXShared.dylib
0x0000000009285000 	/System/Library/Frameworks/OpenGL.framework/Versions/A/Libraries/libGL.dylib
0x0000000009285000 	/System/Library/Frameworks/OpenGL.framework/Versions/A/Libraries/libGLImage.dylib
0x0000000009285000 	/System/Library/Frameworks/OpenGL.framework/Versions/A/Libraries/libCVMSPluginSupport.dylib
0x0000000009285000 	/System/Library/Frameworks/OpenGL.framework/Versions/A/Libraries/libCoreVMClient.dylib
0x0000000009285000 	/usr/lib/libcups.2.dylib
0x0000000009285000 	/System/Library/Frameworks/Kerberos.framework/Versions/A/Kerberos
0x0000000009285000 	/System/Library/Frameworks/GSS.framework/Versions/A/GSS
0x0000000009285000 	/usr/lib/libresolv.9.dylib
0x0000000009285000 	/usr/lib/libiconv.2.dylib
0x0000000009285000 	/System/Library/PrivateFrameworks/Heimdal.framework/Versions/A/Heimdal
0x0000000009285000 	/usr/lib/libheimdal-asn1.dylib
0x0000000009285000 	/System/Library/Frameworks/OpenDirectory.framework/Versions/A/OpenDirectory
0x0000000009285000 	/System/Library/PrivateFrameworks/CommonAuth.framework/Versions/A/CommonAuth
0x0000000009285000 	/System/Library/Frameworks/OpenDirectory.framework/Versions/A/Frameworks/CFOpenDirectory.framework/Versions/A/CFOpenDirectory
0x0000000009285000 	/System/Library/Frameworks/SecurityFoundation.framework/Versions/A/SecurityFoundation
0x0000000009285000 	/System/Library/PrivateFrameworks/LanguageModeling.framework/Versions/A/LanguageModeling
0x0000000009285000 	/usr/lib/libmarisa.dylib
0x0000000009285000 	/usr/lib/libChineseTokenizer.dylib
0x0000000009285000 	/usr/lib/libcmph.dylib
0x0000000009285000 	/usr/lib/libcompression.dylib
0x0000000009285000 	/System/Library/Frameworks/ServiceManagement.framework/Versions/A/ServiceManagement
0x0000000009285000 	/usr/lib/libxslt.1.dylib
0x0000000009285000 	/System/Library/Frameworks/Carbon.framework/Versions/A/Frameworks/Ink.framework/Versions/A/Ink
0x0000000009285000 	/usr/lib/libFosl_dynamic.dylib
0x0000000009285000 	/System/Library/PrivateFrameworks/FaceCore.framework/Versions/A/FaceCore
0x0000000009285000 	/System/Library/Frameworks/OpenCL.framework/Versions/A/OpenCL
0x0000000009285000 	/System/Library/PrivateFrameworks/CrashReporterSupport.framework/Versions/A/CrashReporterSupport
0x0000000009285000 	/System/Library/PrivateFrameworks/IconServices.framework/Versions/A/IconServices
0x0000000009285000 	/System/Library/PrivateFrameworks/Apple80211.framework/Versions/A/Apple80211
0x0000000009285000 	/System/Library/Frameworks/CoreWLAN.framework/Versions/A/CoreWLAN
0x0000000009285000 	/System/Library/Frameworks/IOBluetooth.framework/Versions/A/IOBluetooth
0x0000000009285000 	/System/Library/PrivateFrameworks/CoreWiFi.framework/Versions/A/CoreWiFi
0x0000000009285000 	/System/Library/Frameworks/CoreBluetooth.framework/Versions/A/CoreBluetooth
0x0000000009285000 	/System/Library/PrivateFrameworks/ChunkingLibrary.framework/Versions/A/ChunkingLibrary
0x0000000009285000 	/System/Library/PrivateFrameworks/DebugSymbols.framework/Versions/A/DebugSymbols
0x0000000009285000 	/System/Library/PrivateFrameworks/CoreSymbolication.framework/Versions/A/CoreSymbolication
0x0000000009285000 	/System/Library/PrivateFrameworks/Symbolication.framework/Versions/A/Symbolication
0x0000000009285000 	/System/Library/PrivateFrameworks/SpeechRecognitionCore.framework/Versions/A/SpeechRecognitionCore
0x0000000109000000 	/Library/Java/JavaVirtualMachines/jdk1.8.0_91.jdk/Contents/Home/jre/lib/server/libjvm.dylib
0x0000000009285000 	/usr/lib/libstdc++.6.dylib
0x0000000109f94000 	/Library/Java/JavaVirtualMachines/jdk1.8.0_91.jdk/Contents/Home/jre/lib/libverify.dylib
0x0000000109fa2000 	/Library/Java/JavaVirtualMachines/jdk1.8.0_91.jdk/Contents/Home/jre/lib/libjava.dylib
0x0000000109fd7000 	/Library/Java/JavaVirtualMachines/jdk1.8.0_91.jdk/Contents/Home/jre/lib/libzip.dylib
0x000000011f942000 	/System/Library/Frameworks/JavaVM.framework/Frameworks/JavaRuntimeSupport.framework/JavaRuntimeSupport
0x000000011f95d000 	/System/Library/Frameworks/JavaVM.framework/Versions/A/Frameworks/JavaNativeFoundation.framework/Versions/A/JavaNativeFoundation
0x000000011f972000 	/System/Library/Frameworks/JavaVM.framework/Versions/A/JavaVM
0x0000000009285000 	/System/Library/Frameworks/Carbon.framework/Versions/A/Carbon
0x000000011f97f000 	/System/Library/PrivateFrameworks/JavaLaunching.framework/Versions/A/JavaLaunching
0x0000000009285000 	/System/Library/Frameworks/Carbon.framework/Versions/A/Frameworks/CommonPanels.framework/Versions/A/CommonPanels
0x0000000009285000 	/System/Library/Frameworks/Carbon.framework/Versions/A/Frameworks/Help.framework/Versions/A/Help
0x0000000009285000 	/System/Library/Frameworks/Carbon.framework/Versions/A/Frameworks/ImageCapture.framework/Versions/A/ImageCapture
0x0000000009285000 	/System/Library/Frameworks/Carbon.framework/Versions/A/Frameworks/OpenScripting.framework/Versions/A/OpenScripting
0x0000000009285000 	/System/Library/Frameworks/Carbon.framework/Versions/A/Frameworks/Print.framework/Versions/A/Print
0x0000000009285000 	/System/Library/Frameworks/Carbon.framework/Versions/A/Frameworks/SecurityHI.framework/Versions/A/SecurityHI
0x00000001212a3000 	/Library/Java/JavaVirtualMachines/jdk1.8.0_91.jdk/Contents/Home/jre/lib/libawt.dylib
0x000000012134b000 	/Library/Java/JavaVirtualMachines/jdk1.8.0_91.jdk/Contents/Home/jre/lib/./libmlib_image.dylib
0x0000000121417000 	/Library/Java/JavaVirtualMachines/jdk1.8.0_91.jdk/Contents/Home/jre/lib/libawt_lwawt.dylib
0x00000001214cc000 	/Library/Java/JavaVirtualMachines/jdk1.8.0_91.jdk/Contents/Home/jre/lib/./libosxapp.dylib
0x0000000009285000 	/System/Library/Frameworks/ExceptionHandling.framework/Versions/A/ExceptionHandling
0x0000000009285000 	/System/Library/PrivateFrameworks/CoreServicesInternal.framework/Versions/A/CoreServicesInternal
0x0000000009285000 	/System/Library/Frameworks/CoreGraphics.framework/Versions/A/Resources/libRIP.A.dylib
0x0000000009285000 	/System/Library/Frameworks/Accelerate.framework/Versions/A/Frameworks/vImage.framework/Versions/A/Libraries/libCGInterfaces.dylib
0x0000000009285000 	/System/Library/Frameworks/CoreGraphics.framework/Versions/A/Resources/libCGXType.A.dylib
0x0000000009285000 	/System/Library/Frameworks/OpenCL.framework/Versions/A/Libraries/libcldcpuengine.dylib
0x0000000009285000 	/System/Library/PrivateFrameworks/DiskImages.framework/Versions/A/DiskImages
0x0000000009285000 	/System/Library/Frameworks/DiscRecording.framework/Versions/A/DiscRecording
0x0000000009285000 	/usr/lib/libcsfde.dylib
0x0000000009285000 	/usr/lib/libcurl.4.dylib
0x0000000009285000 	/System/Library/PrivateFrameworks/MediaKit.framework/Versions/A/MediaKit
0x0000000009285000 	/System/Library/PrivateFrameworks/ProtectedCloudStorage.framework/Versions/A/ProtectedCloudStorage
0x0000000009285000 	/usr/lib/libCoreStorage.dylib
0x0000000009285000 	/System/Library/PrivateFrameworks/EFILogin.framework/Versions/A/EFILogin
0x0000000009285000 	/usr/lib/libutil.dylib
0x0000000009285000 	/System/Library/PrivateFrameworks/FindMyDevice.framework/Versions/A/FindMyDevice
0x0000000009285000 	/System/Library/Frameworks/LDAP.framework/Versions/A/LDAP
0x0000000009285000 	/usr/lib/libsasl2.2.dylib
0x0000000009285000 	/System/Library/PrivateFrameworks/CoreDaemon.framework/Versions/B/CoreDaemon
0x0000000009285000 	/usr/lib/libcrypto.0.9.8.dylib
0x0000000009285000 	/System/Library/PrivateFrameworks/AppleSRP.framework/Versions/A/AppleSRP
0x0000000009285000 	/System/Library/PrivateFrameworks/TrustEvaluationAgent.framework/Versions/A/TrustEvaluationAgent
0x0000000121df4000 	cl_kernels
0x0000000009285000 	/System/Library/Frameworks/OpenCL.framework/Versions/A/Libraries/ImageFormats/unorm8_bgra.dylib
0x0000000009285000 	/System/Library/Frameworks/OpenCL.framework/Versions/A/Libraries/ImageFormats/unorm8_rgba.dylib
0x0000000009285000 	/System/Library/PrivateFrameworks/FamilyControls.framework/Versions/A/FamilyControls
0x0000000009285000 	/System/Library/PrivateFrameworks/CommerceKit.framework/Versions/A/Frameworks/CommerceCore.framework/Versions/A/CommerceCore
0x0000000009285000 	/System/Library/PrivateFrameworks/SystemAdministration.framework/Versions/A/SystemAdministration
0x0000000009285000 	/System/Library/PrivateFrameworks/AppContainer.framework/Versions/A/AppContainer
0x0000000009285000 	/System/Library/PrivateFrameworks/SecCodeWrapper.framework/Versions/A/SecCodeWrapper
0x0000000009285000 	/System/Library/Frameworks/DirectoryService.framework/Versions/A/DirectoryService
0x0000000009285000 	/System/Library/PrivateFrameworks/LoginUIKit.framework/Versions/A/Frameworks/LoginUICore.framework/Versions/A/LoginUICore
0x0000000009285000 	/usr/lib/libodfde.dylib
0x0000000009285000 	/System/Library/Frameworks/OpenGL.framework/Versions/A/Resources/GLEngine.bundle/GLEngine
0x0000000009285000 	/System/Library/Frameworks/OpenGL.framework/Versions/A/Libraries/libGLProgrammability.dylib
0x0000000123cad000 	/System/Library/Extensions/AMDRadeonX3000GLDriver.bundle/Contents/MacOS/AMDRadeonX3000GLDriver
0x0000000009285000 	/System/Library/PrivateFrameworks/GPUSupport.framework/Versions/A/Libraries/libGPUSupportMercury.dylib
0x0000000123d8c000 	/System/Library/Extensions/AMDRadeonX3000GLDriver.bundle/Contents/MacOS/ATIRadeonX3000SCLib.dylib
0x0000000009285000 	/System/Library/Frameworks/OpenGL.framework/Versions/A/Resources/GLRendererFloat.bundle/GLRendererFloat
0x0000000124080000 	/Library/Java/JavaVirtualMachines/jdk1.8.0_91.jdk/Contents/Home/jre/lib/libfontmanager.dylib
0x0000000124d6b000 	/Library/Java/JavaVirtualMachines/jdk1.8.0_91.jdk/Contents/Home/jre/lib/libosxui.dylib
0x000000012583f000 	/Library/Java/JavaVirtualMachines/jdk1.8.0_91.jdk/Contents/Home/jre/lib/libnet.dylib
0x0000000125af6000 	/Library/Java/JavaVirtualMachines/jdk1.8.0_91.jdk/Contents/Home/jre/lib/libnio.dylib
0x0000000009285000 	/System/Library/Frameworks/ApplicationServices.framework/Versions/A/Frameworks/ATS.framework/Versions/A/Resources/libTrueTypeScaler.dylib
0x000000018ab03000 	/private/var/folders/tq/5cybh0451bx2v8l5x53f9c_h0000gn/T/jogamp_0000/file_cache/jln5477091273803837560/jln768932378386100223/libgluegen-rt.jnilib
0x0000000124a57000 	/private/var/folders/tq/5cybh0451bx2v8l5x53f9c_h0000gn/T/jogamp_0000/file_cache/jln5477091273803837560/jln768932378386100223/libnativewindow_awt.jnilib
0x000000018ab07000 	/Library/Java/JavaVirtualMachines/jdk1.8.0_91.jdk/Contents/Home/jre/lib/libjawt.dylib
0x000000018ab0a000 	/private/var/folders/tq/5cybh0451bx2v8l5x53f9c_h0000gn/T/jogamp_0000/file_cache/jln5477091273803837560/jln768932378386100223/libnativewindow_macosx.jnilib
0x000000018cb6c000 	/private/var/folders/tq/5cybh0451bx2v8l5x53f9c_h0000gn/T/jogamp_0000/file_cache/jln5477091273803837560/jln768932378386100223/libjogl_desktop.jnilib
0x0000000122862000 	/Library/Java/JavaVirtualMachines/jdk1.8.0_91.jdk/Contents/Home/jre/lib/libt2k.dylib

VM Arguments:
jvm_args: -Djava.security.policy=java.policy.applet -Dfile.encoding=UTF-8 
java_command: sun.applet.AppletViewer module5.EarthquakeCityMap1463894038069.html
java_class_path (initial): /Users/limhoktan/Documents/workspace/UCSDUnfoldingMaps/build:/Users/limhoktan/Documents/workspace/UCSDUnfoldingMaps/lib/core.jar:/Users/limhoktan/Documents/workspace/UCSDUnfoldingMaps/lib/gluegen-rt.jar:/Users/limhoktan/Documents/workspace/UCSDUnfoldingMaps/lib/jogl-all.jar:/Users/limhoktan/Documents/workspace/UCSDUnfoldingMaps/lib/log4j-1.2.15.jar:/Users/limhoktan/Documents/workspace/UCSDUnfoldingMaps/lib/sqlite-jdbc-3.7.2.jar:/Users/limhoktan/Documents/workspace/UCSDUnfoldingMaps/lib/json4processing.jar:/Users/limhoktan/Documents/workspace/UCSDUnfoldingMaps/lib/libTUIO.jar:/Users/limhoktan/Documents/workspace/UCSDUnfoldingMaps/lib/unfolding.0.9.7-uscd.jar
Launcher Type: SUN_STANDARD

Environment Variables:
PATH=/usr/bin:/bin:/usr/sbin:/sbin
SHELL=/bin/bash
DISPLAY=/private/tmp/com.apple.launchd.3cFrEfN4Lz/org.macosforge.xquartz:0

Signal Handlers:
SIGSEGV: [libjvm.dylib+0x5a97a1], sa_mask[0]=11111111011111110111111111111111, sa_flags=SA_ONSTACK|SA_RESTART|SA_SIGINFO
SIGBUS: [libjvm.dylib+0x5a97a1], sa_mask[0]=11111111011111110111111111111111, sa_flags=SA_RESTART|SA_SIGINFO
SIGFPE: [libjvm.dylib+0x482594], sa_mask[0]=11111111011111110111111111111111, sa_flags=SA_RESTART|SA_SIGINFO
SIGPIPE: [libjvm.dylib+0x482594], sa_mask[0]=11111111011111110111111111111111, sa_flags=SA_RESTART|SA_SIGINFO
SIGXFSZ: [libjvm.dylib+0x482594], sa_mask[0]=11111111011111110111111111111111, sa_flags=SA_RESTART|SA_SIGINFO
SIGILL: [libjvm.dylib+0x482594], sa_mask[0]=11111111011111110111111111111111, sa_flags=SA_RESTART|SA_SIGINFO
SIGUSR1: SIG_DFL, sa_mask[0]=00000000000000000000000000000000, sa_flags=none
SIGUSR2: [libjvm.dylib+0x4820b2], sa_mask[0]=00100000000000000000000000000000, sa_flags=SA_RESTART|SA_SIGINFO
SIGHUP: [libjvm.dylib+0x480689], sa_mask[0]=11111111011111110111111111111111, sa_flags=SA_RESTART|SA_SIGINFO
SIGINT: [libjvm.dylib+0x480689], sa_mask[0]=11111111011111110111111111111111, sa_flags=SA_RESTART|SA_SIGINFO
SIGTERM: [libjvm.dylib+0x480689], sa_mask[0]=11111111011111110111111111111111, sa_flags=SA_RESTART|SA_SIGINFO
SIGQUIT: [libjvm.dylib+0x480689], sa_mask[0]=11111111011111110111111111111111, sa_flags=SA_RESTART|SA_SIGINFO


---------------  S Y S T E M  ---------------

OS:Bsduname:Darwin 15.4.0 Darwin Kernel Version 15.4.0: Fri Feb 26 22:08:05 PST 2016; root:xnu-3248.40.184~3/RELEASE_X86_64 x86_64
rlimit: STACK 8192k, CORE 0k, NPROC 709, NOFILE 10240, AS infinity
load average:3.84 3.77 3.85

CPU:total 4 (4 cores per cpu, 1 threads per core) family 6 model 30 stepping 5, cmov, cx8, fxsr, mmx, sse, sse2, sse3, ssse3, sse4.1, sse4.2, popcnt, tsc, tscinvbit

Memory: 4k page, physical 8388608k(228136k free)

/proc/meminfo:


vm_info: Java HotSpot(TM) 64-Bit Server VM (25.91-b14) for bsd-amd64 JRE (1.8.0_91-b14), built on Apr  1 2016 01:03:00 by "java_re" with gcc 4.2.1 (Based on Apple Inc. build 5658) (LLVM build 2336.11.00)

time: Sat May 21 22:14:23 2016
elapsed time: 25 seconds (0d 0h 0m 25s)

