#
# A fatal error has been detected by the Java Runtime Environment:
#
#  SIGSEGV (0xb) at pc=0x00007fff97b0215f, pid=19373, tid=2571
#
# JRE version: Java(TM) SE Runtime Environment (8.0_91-b14) (build 1.8.0_91-b14)
# Java VM: Java HotSpot(TM) 64-Bit Server VM (25.91-b14 mixed mode bsd-amd64 compressed oops)
# Problematic frame:
# C  [libobjc.A.dylib+0x915f]  objc_release+0xf
#
# Failed to write core dump. Core dumps have been disabled. To enable core dumping, try "ulimit -c unlimited" before starting Java again
#
# If you would like to submit a bug report, please visit:
#   http://bugreport.java.com/bugreport/crash.jsp
# The crash happened outside the Java Virtual Machine in native code.
# See problematic frame for where to report the bug.
#

---------------  T H R E A D  ---------------

Current thread (0x00007f7f740e9000):  JavaThread "AWT-AppKit" daemon [_thread_in_native, id=2571, stack(0x00007fff5f064000,0x00007fff5f864000)]

siginfo: si_signo: 11 (SIGSEGV), si_code: 0 (unknown), si_addr: 0x0000000000000000

Registers:
RAX=0x0000000000000008, RBX=0x0000000000000000, RCX=0x0000000000000003, RDX=0x00007f7f782eda78
RSP=0x00007fff5f85f2e8, RBP=0x00007fff5f85f310, RSI=0x00000001192b8f10, RDI=0xa00007f7f7860e6c
R8 =0x0000000000000001, R9 =0x00007f7f7860e6c0, R10=0x00007f7f74d8b820, R11=0x0000000182942840
R12=0x0000000000000000, R13=0x0000000186faefb0, R14=0x00007f7f782ec990, R15=0x00007f7f740e9000
RIP=0x00007fff97b0215f, EFLAGS=0x0000000000010246, ERR=0x0000000000000000
  TRAPNO=0x000000000000000d

Top of Stack: (sp=0x00007fff5f85f2e8)
0x00007fff5f85f2e8:   000000011924243f 00007fff5f85f310
0x00007fff5f85f2f8:   0000000182942450 0000000182942440
0x00007fff5f85f308:   00007f7f740e9000 00007fff5f85f3d0
0x00007fff5f85f318:   0000000182940215 0000000182942700
0x00007fff5f85f328:   00000001829426e0 00000001829424b0
0x00007fff5f85f338:   0000000000000000 0000000186faefb0
0x00007fff5f85f348:   0000000186faefb0 00007f7f782eda70
0x00007fff5f85f358:   00000001829426a0 0000000182942710
0x00007fff5f85f368:   00007fff7a8e6770 00007fff7c4f4500
0x00007fff5f85f378:   0000000182942450 0000000182942690
0x00007fff5f85f388:   00007f7f782eda70 00007f7f782ec990
0x00007fff5f85f398:   00007f7f73636600 00007f7f782eda70
0x00007fff5f85f3a8:   00007f7f782ec990 00007fff5f85f458
0x00007fff5f85f3b8:   00007f7f740e91f8 0000000186faefb0
0x00007fff5f85f3c8:   00007fff5f85f480 00007fff5f85f448
0x00007fff5f85f3d8:   0000000101e1e814 0000000186faefb0
0x00007fff5f85f3e8:   00007fff5f85f480 00007fff5f85f448
0x00007fff5f85f3f8:   0000000101e1e5a7 0000000101e1e562
0x00007fff5f85f408:   00007fff5f85f408 0000000186faefb0
0x00007fff5f85f418:   00007fff5f85f480 0000000186fb1be8
0x00007fff5f85f428:   0000000000000000 0000000186faefb0
0x00007fff5f85f438:   0000000000000000 00007fff5f85f468
0x00007fff5f85f448:   00007fff5f85f4c8 0000000101e112bd
0x00007fff5f85f458:   0000000743bdeb50 0000000101e1a538
0x00007fff5f85f468:   00007f7f782eda70 00007fff5f85f4c8
0x00007fff5f85f478:   00007f7f782ec990 0000000101e1be02
0x00007fff5f85f488:   00007fff5f85f488 0000000186faf17a
0x00007fff5f85f498:   00007fff5f85f4f0 0000000186fb1be8
0x00007fff5f85f4a8:   0000000000000000 0000000186faf188
0x00007fff5f85f4b8:   00007fff5f85f468 00007fff5f85f4d8
0x00007fff5f85f4c8:   00007fff5f85f538 0000000101e112bd
0x00007fff5f85f4d8:   00007f7f782eda70 0000000743b88588 

Instructions: (pc=0x00007fff97b0215f)
0x00007fff97b0213f:   5c 41 5d 41 5e 41 5f 5d c3 90 90 90 90 90 90 90
0x00007fff97b0214f:   90 48 85 ff 0f 84 80 00 00 00 40 f6 c7 01 75 7a
0x00007fff97b0215f:   48 8b 07 48 b9 f8 ff ff ff ff 7f 00 00 48 21 c1
0x00007fff97b0216f:   f6 41 20 02 75 0f 48 8d 05 9c ed f7 e3 48 8b 30 

Register to memory mapping:

RAX=0x0000000000000008 is an unknown value
RBX=0x0000000000000000 is an unknown value
RCX=0x0000000000000003 is an unknown value
RDX=0x00007f7f782eda78 is an unknown value
RSP=0x00007fff5f85f2e8 is pointing into the stack for thread: 0x00007f7f740e9000
RBP=0x00007fff5f85f310 is pointing into the stack for thread: 0x00007f7f740e9000
RSI=0x00000001192b8f10: OBJC_IVAR_$_PrinterView.fCurPeekGraphics+0x1aa0 in /Library/Java/JavaVirtualMachines/jdk1.8.0_91.jdk/Contents/Home/jre/lib/libawt_lwawt.dylib at 0x000000011923e000
RDI=0xa00007f7f7860e6c is an unknown value
R8 =0x0000000000000001 is an unknown value
R9 =0x00007f7f7860e6c0 is an unknown value
R10=0x00007f7f74d8b820 is an unknown value
R11=0x0000000182942840: OBJC_CLASS_$_MyCALayer+0 in /private/var/folders/tq/5cybh0451bx2v8l5x53f9c_h0000gn/T/jogamp_0000/file_cache/jln415532826537463191/jln1904093980997676691/libnativewindow_macosx.jnilib at 0x000000018293b000
R12=0x0000000000000000 is an unknown value
R13={method} {0x0000000186faefb0} 'UnsetJAWTRootSurfaceLayer0' '(JJ)V' in 'jogamp/nativewindow/jawt/macosx/MacOSXJAWTWindow'
R14=0x00007f7f782ec990 is an unknown value
R15=0x00007f7f740e9000 is a thread


Stack: [0x00007fff5f064000,0x00007fff5f864000],  sp=0x00007fff5f85f2e8,  free space=8172k
Native frames: (J=compiled Java code, j=interpreted, Vv=VM code, C=native code)
C  [libobjc.A.dylib+0x915f]  objc_release+0xf
C  [libnativewindow_macosx.jnilib+0x5215]  Java_jogamp_nativewindow_jawt_macosx_MacOSXJAWTWindow_UnsetJAWTRootSurfaceLayer0+0x1a5
j  jogamp.nativewindow.jawt.macosx.MacOSXJAWTWindow.UnsetJAWTRootSurfaceLayer0(JJ)V+0
j  jogamp.nativewindow.jawt.macosx.MacOSXJAWTWindow.access$200(JJ)V+2
j  jogamp.nativewindow.jawt.macosx.MacOSXJAWTWindow$1.run()V+38
J 2148 C1 com.jogamp.common.util.RunnableTask.run()V (345 bytes) @ 0x00000001024ea194 [0x00000001024ea000+0x194]
v  ~StubRoutines::call_stub
V  [libjvm.dylib+0x2ec1e6]  JavaCalls::call_helper(JavaValue*, methodHandle*, JavaCallArguments*, Thread*)+0x6ae
V  [libjvm.dylib+0x323355]  jni_invoke_nonstatic(JNIEnv_*, JavaValue*, _jobject*, JNICallType, _jmethodID*, JNI_ArgumentPusher*, Thread*)+0x2ec
V  [libjvm.dylib+0x315b23]  jni_CallVoidMethod+0x16b
C  [libnativewindow_macosx.jnilib+0x5326]  Java_jogamp_nativewindow_jawt_macosx_MacOSXJAWTWindow_UnsetJAWTRootSurfaceLayer0+0x2b6
C  [Foundation+0x76f5e]  __NSThreadPerformPerform+0x117
C  [CoreFoundation+0xaa881]  __CFRUNLOOP_IS_CALLING_OUT_TO_A_SOURCE0_PERFORM_FUNCTION__+0x11
C  [CoreFoundation+0x89f37]  __CFRunLoopDoSources0+0x1a7
C  [CoreFoundation+0x894df]  __CFRunLoopRun+0x39f
C  [CoreFoundation+0x88ed8]  CFRunLoopRunSpecific+0x128
C  [HIToolbox+0x30935]  RunCurrentEventLoopInMode+0xeb
C  [HIToolbox+0x30677]  ReceiveNextEventCommon+0xb8
C  [HIToolbox+0x305af]  _BlockUntilNextEventMatchingListInModeWithFilter+0x47
C  [AppKit+0x48efa]  _DPSNextEvent+0x42b
C  [AppKit+0x4832a]  -[NSApplication _nextEventMatchingEventMask:untilDate:inMode:dequeue:]+0x1c6
C  [libosxapp.dylib+0x23aa]  -[NSApplicationAWT nextEventMatchingMask:untilDate:inMode:dequeue:]+0x7c
C  [AppKit+0x3ce84]  -[NSApplication run]+0x2aa
C  [libosxapp.dylib+0x214d]  +[NSApplicationAWT runAWTLoopWithApp:]+0x9c
C  [libawt_lwawt.dylib+0x4455b]  -[AWTStarter starter:]+0x389
C  [Foundation+0x76f5e]  __NSThreadPerformPerform+0x117
C  [CoreFoundation+0xaa881]  __CFRUNLOOP_IS_CALLING_OUT_TO_A_SOURCE0_PERFORM_FUNCTION__+0x11
C  [CoreFoundation+0x89fbc]  __CFRunLoopDoSources0+0x22c
C  [CoreFoundation+0x894df]  __CFRunLoopRun+0x39f
C  [CoreFoundation+0x88ed8]  CFRunLoopRunSpecific+0x128
C  [java+0x6463]  CreateExecutionEnvironment+0x367
C  [java+0x21ac]  JLI_Launch+0x7a0
C  [java+0x84c0]  main+0x65
C  [java+0x1a04]  start+0x34
C  0x0000000000000007

Java frames: (J=compiled Java code, j=interpreted, Vv=VM code)
j  jogamp.nativewindow.jawt.macosx.MacOSXJAWTWindow.UnsetJAWTRootSurfaceLayer0(JJ)V+0
j  jogamp.nativewindow.jawt.macosx.MacOSXJAWTWindow.access$200(JJ)V+2
j  jogamp.nativewindow.jawt.macosx.MacOSXJAWTWindow$1.run()V+38
J 2148 C1 com.jogamp.common.util.RunnableTask.run()V (345 bytes) @ 0x00000001024ea194 [0x00000001024ea000+0x194]
v  ~StubRoutines::call_stub

---------------  P R O C E S S  ---------------

Java Threads: ( => current thread )
  0x00007f7f7884a800 JavaThread "Thread-19" [_thread_blocked, id=27715, stack(0x0000700000fc7000,0x00007000010c7000)]
  0x00007f7f73b1c800 JavaThread "AWT-EventQueue-1" [_thread_in_native, id=60463, stack(0x0000700001868000,0x0000700001968000)]
  0x00007f7f743a6800 JavaThread "DestroyJavaVM" [_thread_blocked, id=5891, stack(0x000070000011a000,0x000070000021a000)]
  0x00007f7f741cd800 JavaThread "AWT-EventQueue-0" [_thread_blocked, id=58119, stack(0x0000700001662000,0x0000700001762000)]
  0x00007f7f75126000 JavaThread "Java2D Disposer" daemon [_thread_blocked, id=52999, stack(0x00007000013d9000,0x00007000014d9000)]
  0x00007f7f7398b000 JavaThread "Java2D Queue Flusher" daemon [_thread_blocked, id=50183, stack(0x00007000012d6000,0x00007000013d6000)]
  0x00007f7f74901800 JavaThread "AWT-Shutdown" [_thread_blocked, id=29203, stack(0x00007000010cd000,0x00007000011cd000)]
=>0x00007f7f740e9000 JavaThread "AWT-AppKit" daemon [_thread_in_native, id=2571, stack(0x00007fff5f064000,0x00007fff5f864000)]
  0x00007f7f7488c000 JavaThread "Service Thread" daemon [_thread_blocked, id=18435, stack(0x0000700000dc1000,0x0000700000ec1000)]
  0x00007f7f74044000 JavaThread "C1 CompilerThread2" daemon [_thread_blocked, id=17923, stack(0x0000700000cbe000,0x0000700000dbe000)]
  0x00007f7f7501d800 JavaThread "C2 CompilerThread1" daemon [_thread_blocked, id=17411, stack(0x0000700000bbb000,0x0000700000cbb000)]
  0x00007f7f7381b000 JavaThread "C2 CompilerThread0" daemon [_thread_blocked, id=16899, stack(0x0000700000ab8000,0x0000700000bb8000)]
  0x00007f7f73828000 JavaThread "Signal Dispatcher" daemon [_thread_blocked, id=12815, stack(0x00007000009b5000,0x0000700000ab5000)]
  0x00007f7f73808000 JavaThread "Finalizer" daemon [_thread_blocked, id=12291, stack(0x000070000082f000,0x000070000092f000)]
  0x00007f7f7500e000 JavaThread "Reference Handler" daemon [_thread_blocked, id=11779, stack(0x000070000072c000,0x000070000082c000)]

Other Threads:
  0x00007f7f74853000 VMThread [stack: 0x0000700000629000,0x0000700000729000] [id=11267]
  0x00007f7f7380a000 WatcherThread [stack: 0x0000700000ec4000,0x0000700000fc4000] [id=18947]

VM state:not at safepoint (normal execution)

VM Mutex/Monitor currently owned by a thread: None

Heap:
 PSYoungGen      total 436224K, used 402824K [0x0000000795580000, 0x00000007b0380000, 0x00000007c0000000)
  eden space 432640K, 93% used [0x0000000795580000,0x00000007aded20e0,0x00000007afc00000)
  from space 3584K, 1% used [0x00000007afc00000,0x00000007afc10000,0x00000007aff80000)
  to   space 3072K, 0% used [0x00000007b0080000,0x00000007b0080000,0x00000007b0380000)
 ParOldGen       total 143872K, used 73086K [0x0000000740000000, 0x0000000748c80000, 0x0000000795580000)
  object space 143872K, 50% used [0x0000000740000000,0x000000074475faa0,0x0000000748c80000)
 Metaspace       used 19373K, capacity 19583K, committed 19712K, reserved 1067008K
  class space    used 1896K, capacity 1982K, committed 2048K, reserved 1048576K

Card table byte_map: [0x00000001111c9000,0x00000001115ca000] byte_map_base: 0x000000010d7c9000

Marking Bits: (ParMarkBitMap*) 0x0000000100efeeb0
 Begin Bits: [0x0000000111875000, 0x0000000113875000)
 End Bits:   [0x0000000113875000, 0x0000000115875000)

Polling page: 0x00000001015f3000

CodeCache: size=245760Kb used=7966Kb max_used=8054Kb free=237793Kb
 bounds [0x0000000101e09000, 0x0000000102609000, 0x0000000110e09000]
 total_blobs=3079 nmethods=2204 adapters=789
 compilation: enabled

Compilation events (10 events):
Event: 191.797 Thread 0x00007f7f7381b000 2517       4       com.jogamp.opengl.FBObject::getReadFramebuffer (35 bytes)
Event: 191.798 Thread 0x00007f7f7381b000 nmethod 2517 0x00000001022b5850 code [0x00000001022b59a0, 0x00000001022b5a88]
Event: 192.371 Thread 0x00007f7f7501d800 2518       4       processing.opengl.PGraphicsOpenGL::blendModeImpl (690 bytes)
Event: 192.382 Thread 0x00007f7f7501d800 nmethod 2518 0x000000010232cf10 code [0x000000010232d100, 0x000000010232d668]
Event: 197.105 Thread 0x00007f7f74044000 2519   !   3       sun.lwawt.LWComponentPeer::isShowing (49 bytes)
Event: 197.106 Thread 0x00007f7f74044000 nmethod 2519 0x00000001022d1550 code [0x00000001022d1700, 0x00000001022d2008]
Event: 197.292 Thread 0x00007f7f74044000 2520       3       java.util.HashMap::remove (26 bytes)
Event: 197.293 Thread 0x00007f7f74044000 nmethod 2520 0x0000000102323c10 code [0x0000000102323da0, 0x00000001023241b8]
Event: 197.330 Thread 0x00007f7f7381b000 2521  s!   4       sun.misc.URLClassPath::getLoader (197 bytes)
Event: 197.336 Thread 0x00007f7f7381b000 nmethod 2521 0x00000001020bf050 code [0x00000001020bf1c0, 0x00000001020bf998]

GC Heap History (10 events):
Event: 163.335 GC heap before
{Heap before GC invocations=56 (full 1):
 PSYoungGen      total 430080K, used 427584K [0x0000000795580000, 0x00000007aff00000, 0x00000007c0000000)
  eden space 427520K, 100% used [0x0000000795580000,0x00000007af700000,0x00000007af700000)
  from space 2560K, 2% used [0x00000007afc80000,0x00000007afc90000,0x00000007aff00000)
  to   space 4096K, 0% used [0x00000007af700000,0x00000007af700000,0x00000007afb00000)
 ParOldGen       total 143872K, used 73078K [0x0000000740000000, 0x0000000748c80000, 0x0000000795580000)
  object space 143872K, 50% used [0x0000000740000000,0x000000074475daa0,0x0000000748c80000)
 Metaspace       used 19344K, capacity 19551K, committed 19712K, reserved 1067008K
  class space    used 1889K, capacity 1950K, committed 2048K, reserved 1048576K
Event: 163.337 GC heap after
Heap after GC invocations=56 (full 1):
 PSYoungGen      total 431616K, used 96K [0x0000000795580000, 0x00000007b0180000, 0x00000007c0000000)
  eden space 427520K, 0% used [0x0000000795580000,0x0000000795580000,0x00000007af700000)
  from space 4096K, 2% used [0x00000007af700000,0x00000007af718000,0x00000007afb00000)
  to   space 4096K, 0% used [0x00000007afd80000,0x00000007afd80000,0x00000007b0180000)
 ParOldGen       total 143872K, used 73086K [0x0000000740000000, 0x0000000748c80000, 0x0000000795580000)
  object space 143872K, 50% used [0x0000000740000000,0x000000074475faa0,0x0000000748c80000)
 Metaspace       used 19344K, capacity 19551K, committed 19712K, reserved 1067008K
  class space    used 1889K, capacity 1950K, committed 2048K, reserved 1048576K
}
Event: 170.750 GC heap before
{Heap before GC invocations=57 (full 1):
 PSYoungGen      total 431616K, used 427616K [0x0000000795580000, 0x00000007b0180000, 0x00000007c0000000)
  eden space 427520K, 100% used [0x0000000795580000,0x00000007af700000,0x00000007af700000)
  from space 4096K, 2% used [0x00000007af700000,0x00000007af718000,0x00000007afb00000)
  to   space 4096K, 0% used [0x00000007afd80000,0x00000007afd80000,0x00000007b0180000)
 ParOldGen       total 143872K, used 73086K [0x0000000740000000, 0x0000000748c80000, 0x0000000795580000)
  object space 143872K, 50% used [0x0000000740000000,0x000000074475faa0,0x0000000748c80000)
 Metaspace       used 19344K, capacity 19551K, committed 19712K, reserved 1067008K
  class space    used 1889K, capacity 1950K, committed 2048K, reserved 1048576K
Event: 170.762 GC heap after
Heap after GC invocations=57 (full 1):
 PSYoungGen      total 434176K, used 64K [0x0000000795580000, 0x00000007b0100000, 0x00000007c0000000)
  eden space 430592K, 0% used [0x0000000795580000,0x0000000795580000,0x00000007afa00000)
  from space 3584K, 1% used [0x00000007afd80000,0x00000007afd90000,0x00000007b0100000)
  to   space 3584K, 0% used [0x00000007afa00000,0x00000007afa00000,0x00000007afd80000)
 ParOldGen       total 143872K, used 73086K [0x0000000740000000, 0x0000000748c80000, 0x0000000795580000)
  object space 143872K, 50% used [0x0000000740000000,0x000000074475faa0,0x0000000748c80000)
 Metaspace       used 19344K, capacity 19551K, committed 19712K, reserved 1067008K
  class space    used 1889K, capacity 1950K, committed 2048K, reserved 1048576K
}
Event: 178.488 GC heap before
{Heap before GC invocations=58 (full 1):
 PSYoungGen      total 434176K, used 430656K [0x0000000795580000, 0x00000007b0100000, 0x00000007c0000000)
  eden space 430592K, 100% used [0x0000000795580000,0x00000007afa00000,0x00000007afa00000)
  from space 3584K, 1% used [0x00000007afd80000,0x00000007afd90000,0x00000007b0100000)
  to   space 3584K, 0% used [0x00000007afa00000,0x00000007afa00000,0x00000007afd80000)
 ParOldGen       total 143872K, used 73086K [0x0000000740000000, 0x0000000748c80000, 0x0000000795580000)
  object space 143872K, 50% used [0x0000000740000000,0x000000074475faa0,0x0000000748c80000)
 Metaspace       used 19344K, capacity 19551K, committed 19712K, reserved 1067008K
  class space    used 1889K, capacity 1950K, committed 2048K, reserved 1048576K
Event: 178.490 GC heap after
Heap after GC invocations=58 (full 1):
 PSYoungGen      total 434176K, used 128K [0x0000000795580000, 0x00000007b0380000, 0x00000007c0000000)
  eden space 430592K, 0% used [0x0000000795580000,0x0000000795580000,0x00000007afa00000)
  from space 3584K, 3% used [0x00000007afa00000,0x00000007afa20000,0x00000007afd80000)
  to   space 3584K, 0% used [0x00000007b0000000,0x00000007b0000000,0x00000007b0380000)
 ParOldGen       total 143872K, used 73086K [0x0000000740000000, 0x0000000748c80000, 0x0000000795580000)
  object space 143872K, 50% used [0x0000000740000000,0x000000074475faa0,0x0000000748c80000)
 Metaspace       used 19344K, capacity 19551K, committed 19712K, reserved 1067008K
  class space    used 1889K, capacity 1950K, committed 2048K, reserved 1048576K
}
Event: 185.928 GC heap before
{Heap before GC invocations=59 (full 1):
 PSYoungGen      total 434176K, used 430720K [0x0000000795580000, 0x00000007b0380000, 0x00000007c0000000)
  eden space 430592K, 100% used [0x0000000795580000,0x00000007afa00000,0x00000007afa00000)
  from space 3584K, 3% used [0x00000007afa00000,0x00000007afa20000,0x00000007afd80000)
  to   space 3584K, 0% used [0x00000007b0000000,0x00000007b0000000,0x00000007b0380000)
 ParOldGen       total 143872K, used 73086K [0x0000000740000000, 0x0000000748c80000, 0x0000000795580000)
  object space 143872K, 50% used [0x0000000740000000,0x000000074475faa0,0x0000000748c80000)
 Metaspace       used 19344K, capacity 19551K, committed 19712K, reserved 1067008K
  class space    used 1889K, capacity 1950K, committed 2048K, reserved 1048576K
Event: 185.929 GC heap after
Heap after GC invocations=59 (full 1):
 PSYoungGen      total 435712K, used 96K [0x0000000795580000, 0x00000007b0300000, 0x00000007c0000000)
  eden space 432640K, 0% used [0x0000000795580000,0x0000000795580000,0x00000007afc00000)
  from space 3072K, 3% used [0x00000007b0000000,0x00000007b0018000,0x00000007b0300000)
  to   space 3584K, 0% used [0x00000007afc00000,0x00000007afc00000,0x00000007aff80000)
 ParOldGen       total 143872K, used 73086K [0x0000000740000000, 0x0000000748c80000, 0x0000000795580000)
  object space 143872K, 50% used [0x0000000740000000,0x000000074475faa0,0x0000000748c80000)
 Metaspace       used 19344K, capacity 19551K, committed 19712K, reserved 1067008K
  class space    used 1889K, capacity 1950K, committed 2048K, reserved 1048576K
}
Event: 192.970 GC heap before
{Heap before GC invocations=60 (full 1):
 PSYoungGen      total 435712K, used 432736K [0x0000000795580000, 0x00000007b0300000, 0x00000007c0000000)
  eden space 432640K, 100% used [0x0000000795580000,0x00000007afc00000,0x00000007afc00000)
  from space 3072K, 3% used [0x00000007b0000000,0x00000007b0018000,0x00000007b0300000)
  to   space 3584K, 0% used [0x00000007afc00000,0x00000007afc00000,0x00000007aff80000)
 ParOldGen       total 143872K, used 73086K [0x0000000740000000, 0x0000000748c80000, 0x0000000795580000)
  object space 143872K, 50% used [0x0000000740000000,0x000000074475faa0,0x0000000748c80000)
 Metaspace       used 19344K, capacity 19551K, committed 19712K, reserved 1067008K
  class space    used 1889K, capacity 1950K, committed 2048K, reserved 1048576K
Event: 192.972 GC heap after
Heap after GC invocations=60 (full 1):
 PSYoungGen      total 436224K, used 64K [0x0000000795580000, 0x00000007b0380000, 0x00000007c0000000)
  eden space 432640K, 0% used [0x0000000795580000,0x0000000795580000,0x00000007afc00000)
  from space 3584K, 1% used [0x00000007afc00000,0x00000007afc10000,0x00000007aff80000)
  to   space 3072K, 0% used [0x00000007b0080000,0x00000007b0080000,0x00000007b0380000)
 ParOldGen       total 143872K, used 73086K [0x0000000740000000, 0x0000000748c80000, 0x0000000795580000)
  object space 143872K, 50% used [0x0000000740000000,0x000000074475faa0,0x0000000748c80000)
 Metaspace       used 19344K, capacity 19551K, committed 19712K, reserved 1067008K
  class space    used 1889K, capacity 1950K, committed 2048K, reserved 1048576K
}

Deoptimization events (10 events):
Event: 25.778 Thread 0x00007f7f73b1c800 Uncommon trap: reason=unstable_if action=reinterpret pc=0x00000001024379b8 method=processing.opengl.PGraphicsOpenGL$TessGeometry.polyVertexCheck(I)V @ 15
Event: 25.828 Thread 0x00007f7f73b1c800 Uncommon trap: reason=unstable_if action=reinterpret pc=0x0000000102498b5c method=processing.opengl.PGraphicsOpenGL$Tessellator.addLineSegment3D(III[SZ)I @ 67
Event: 25.899 Thread 0x00007f7f73b1c800 Uncommon trap: reason=unstable_if action=reinterpret pc=0x0000000102029800 method=processing.opengl.PGL.updateFloatBuffer(Ljava/nio/FloatBuffer;[FZ)Ljava/nio/FloatBuffer; @ 16
Event: 25.947 Thread 0x00007f7f73b1c800 Uncommon trap: reason=unstable_if action=reinterpret pc=0x00000001020388dc method=module6.CommonMarker.draw(Lprocessing/core/PGraphics;FF)V @ 4
Event: 25.985 Thread 0x00007f7f73b1c800 Uncommon trap: reason=unstable_if action=reinterpret pc=0x00000001024ac404 method=processing.opengl.PGraphicsOpenGL$Tessellator.setLastTexIndex(II)V @ 25
Event: 197.094 Thread 0x00007f7f73b1c800 Uncommon trap: reason=unstable_if action=reinterpret pc=0x00000001022f5ce8 method=com.jogamp.common.util.VersionNumber.compareTo(Lcom/jogamp/common/util/VersionNumber;)I @ 21
Event: 197.095 Thread 0x00007f7f741cd800 Uncommon trap: reason=class_check action=maybe_recompile pc=0x00000001022a0cf8 method=java.util.Arrays.copyOf([Ljava/lang/Object;ILjava/lang/Class;)[Ljava/lang/Object; @ 24
Event: 197.291 Thread 0x00007f7f73989800 Uncommon trap: reason=unstable_if action=reinterpret pc=0x0000000102271474 method=java.util.HashMap.putVal(ILjava/lang/Object;Ljava/lang/Object;ZZ)Ljava/lang/Object; @ 81
Event: 197.291 Thread 0x00007f7f73989800 Uncommon trap: reason=unstable_if action=reinterpret pc=0x0000000102227954 method=java.util.HashMap.putVal(ILjava/lang/Object;Ljava/lang/Object;ZZ)Ljava/lang/Object; @ 81
Event: 197.340 Thread 0x00007f7f7884a800 Uncommon trap: reason=predicate action=maybe_recompile pc=0x00000001023e236c method=java.util.Vector.indexOf(Ljava/lang/Object;I)I @ 44

Internal exceptions (10 events):
Event: 1.117 Thread 0x00007f7f75001000 Exception <a 'java/io/FileNotFoundException'> (0x000000079580f3c8) thrown at [/Users/java_re/workspace/8-2-build-macosx-x86_64/jdk8u91/6644/hotspot/src/share/vm/prims/jni.cpp, line 709]
Event: 1.117 Thread 0x00007f7f75001000 Exception <a 'java/io/FileNotFoundException'> (0x000000079580ff30) thrown at [/Users/java_re/workspace/8-2-build-macosx-x86_64/jdk8u91/6644/hotspot/src/share/vm/prims/jni.cpp, line 709]
Event: 1.366 Thread 0x00007f7f75001000 Exception <a 'java/io/FileNotFoundException'> (0x000000079594b880) thrown at [/Users/java_re/workspace/8-2-build-macosx-x86_64/jdk8u91/6644/hotspot/src/share/vm/prims/jni.cpp, line 709]
Event: 4.905 Thread 0x00007f7f74b6b000 Exception <a 'java/lang/UnsatisfiedLinkError': com.jogamp.common.util.JarUtil.fixNativeLibAttribs(Ljava/lang/String;)Z> (0x0000000796be5f68) thrown at [/Users/java_re/workspace/8-2-build-macosx-x86_64/jdk8u91/6644/hotspot/src/share/vm/prims/nativeLookup.c
Event: 5.393 Thread 0x00007f7f73808000 Exception <a 'java/lang/NullPointerException'> (0x00000007956a6760) thrown at [/Users/java_re/workspace/8-2-build-macosx-x86_64/jdk8u91/6644/hotspot/src/share/vm/interpreter/linkResolver.cpp, line 1178]
Event: 6.345 Thread 0x00007f7f73b1c800 Exception <a 'java/io/FileNotFoundException'> (0x0000000795f49370) thrown at [/Users/java_re/workspace/8-2-build-macosx-x86_64/jdk8u91/6644/hotspot/src/share/vm/prims/jni.cpp, line 709]
Event: 6.345 Thread 0x00007f7f73b1c800 Exception <a 'java/io/FileNotFoundException'> (0x0000000795f4f710) thrown at [/Users/java_re/workspace/8-2-build-macosx-x86_64/jdk8u91/6644/hotspot/src/share/vm/prims/jni.cpp, line 709]
Event: 6.346 Thread 0x00007f7f73b1c800 Implicit null exception at 0x0000000101fad9f5 to 0x0000000101fadd45
Event: 7.987 Thread 0x00007f7f73b1c800 Implicit null exception at 0x00000001022b1f6c to 0x00000001022b1f9d
Event: 7.987 Thread 0x00007f7f73b1c800 Implicit null exception at 0x00000001022b546c to 0x00000001022b54a1

Events (10 events):
Event: 197.339 loading class java/awt/Toolkit$ToolkitEventMulticaster
Event: 197.339 loading class java/awt/Toolkit$ToolkitEventMulticaster done
Event: 197.340 Executing VM operation: RevokeBias
Event: 197.340 Executing VM operation: RevokeBias done
Event: 197.340 Thread 0x00007f7f73989800 Thread exited: 0x00007f7f73989800
Event: 197.340 Thread 0x00007f7f7884a800 Uncommon trap: trap_request=0xffffff86 fr.pc=0x00000001023e236c
Event: 197.340 Thread 0x00007f7f7884a800 DEOPT PACKING pc=0x00000001023e236c sp=0x00007000010c67f0
Event: 197.340 Thread 0x00007f7f7884a800 DEOPT UNPACKING pc=0x0000000101e0e229 sp=0x00007000010c67a0 mode 2
Event: 197.341 loading class java/awt/Window$1DisposeAction
Event: 197.341 loading class java/awt/Window$1DisposeAction done


Dynamic libraries:
0x0000000009285000 	/System/Library/Frameworks/Cocoa.framework/Versions/A/Cocoa
0x0000000009285000 	/System/Library/Frameworks/Security.framework/Versions/A/Security
0x0000000009285000 	/System/Library/Frameworks/ApplicationServices.framework/Versions/A/ApplicationServices
0x0000000009285000 	/usr/lib/libz.1.dylib
0x0000000009285000 	/usr/lib/libSystem.B.dylib
0x0000000009285000 	/usr/lib/libobjc.A.dylib
0x0000000009285000 	/System/Library/Frameworks/CoreFoundation.framework/Versions/A/CoreFoundation
0x0000000009285000 	/System/Library/Frameworks/Foundation.framework/Versions/C/Foundation
0x0000000009285000 	/System/Library/Frameworks/AppKit.framework/Versions/C/AppKit
0x0000000009285000 	/System/Library/Frameworks/CoreData.framework/Versions/A/CoreData
0x0000000009285000 	/System/Library/PrivateFrameworks/RemoteViewServices.framework/Versions/A/RemoteViewServices
0x0000000009285000 	/System/Library/PrivateFrameworks/UIFoundation.framework/Versions/A/UIFoundation
0x0000000009285000 	/usr/lib/libScreenReader.dylib
0x0000000009285000 	/System/Library/Frameworks/Accelerate.framework/Versions/A/Accelerate
0x0000000009285000 	/System/Library/Frameworks/IOSurface.framework/Versions/A/IOSurface
0x0000000009285000 	/System/Library/Frameworks/AudioToolbox.framework/Versions/A/AudioToolbox
0x0000000009285000 	/System/Library/Frameworks/AudioUnit.framework/Versions/A/AudioUnit
0x0000000009285000 	/System/Library/PrivateFrameworks/DataDetectorsCore.framework/Versions/A/DataDetectorsCore
0x0000000009285000 	/System/Library/PrivateFrameworks/DesktopServicesPriv.framework/Versions/A/DesktopServicesPriv
0x0000000009285000 	/System/Library/Frameworks/Carbon.framework/Versions/A/Frameworks/HIToolbox.framework/Versions/A/HIToolbox
0x0000000009285000 	/System/Library/Frameworks/QuartzCore.framework/Versions/A/QuartzCore
0x0000000009285000 	/System/Library/Frameworks/Carbon.framework/Versions/A/Frameworks/SpeechRecognition.framework/Versions/A/SpeechRecognition
0x0000000009285000 	/usr/lib/libauto.dylib
0x0000000009285000 	/usr/lib/libicucore.A.dylib
0x0000000009285000 	/usr/lib/libxml2.2.dylib
0x0000000009285000 	/System/Library/PrivateFrameworks/CoreUI.framework/Versions/A/CoreUI
0x0000000009285000 	/System/Library/Frameworks/CoreAudio.framework/Versions/A/CoreAudio
0x0000000009285000 	/System/Library/Frameworks/DiskArbitration.framework/Versions/A/DiskArbitration
0x0000000009285000 	/usr/lib/liblangid.dylib
0x0000000009285000 	/System/Library/PrivateFrameworks/MultitouchSupport.framework/Versions/A/MultitouchSupport
0x0000000009285000 	/System/Library/Frameworks/IOKit.framework/Versions/A/IOKit
0x0000000009285000 	/usr/lib/libDiagnosticMessagesClient.dylib
0x0000000009285000 	/System/Library/Frameworks/CoreServices.framework/Versions/A/CoreServices
0x0000000009285000 	/System/Library/PrivateFrameworks/PerformanceAnalysis.framework/Versions/A/PerformanceAnalysis
0x0000000009285000 	/System/Library/PrivateFrameworks/GenerationalStorage.framework/Versions/A/GenerationalStorage
0x0000000009285000 	/System/Library/Frameworks/OpenGL.framework/Versions/A/OpenGL
0x0000000009285000 	/System/Library/PrivateFrameworks/Sharing.framework/Versions/A/Sharing
0x0000000009285000 	/System/Library/Frameworks/CoreGraphics.framework/Versions/A/CoreGraphics
0x0000000009285000 	/System/Library/Frameworks/CoreImage.framework/Versions/A/CoreImage
0x0000000009285000 	/System/Library/Frameworks/CoreText.framework/Versions/A/CoreText
0x0000000009285000 	/System/Library/Frameworks/ImageIO.framework/Versions/A/ImageIO
0x0000000009285000 	/System/Library/PrivateFrameworks/Backup.framework/Versions/A/Backup
0x0000000009285000 	/usr/lib/libextension.dylib
0x0000000009285000 	/usr/lib/libarchive.2.dylib
0x0000000009285000 	/System/Library/Frameworks/CFNetwork.framework/Versions/A/CFNetwork
0x0000000009285000 	/System/Library/Frameworks/SystemConfiguration.framework/Versions/A/SystemConfiguration
0x0000000009285000 	/usr/lib/libCRFSuite.dylib
0x0000000009285000 	/usr/lib/libc++.1.dylib
0x0000000009285000 	/usr/lib/libc++abi.dylib
0x0000000009285000 	/usr/lib/system/libcache.dylib
0x0000000009285000 	/usr/lib/system/libcommonCrypto.dylib
0x0000000009285000 	/usr/lib/system/libcompiler_rt.dylib
0x0000000009285000 	/usr/lib/system/libcopyfile.dylib
0x0000000009285000 	/usr/lib/system/libcorecrypto.dylib
0x0000000009285000 	/usr/lib/system/libdispatch.dylib
0x0000000009285000 	/usr/lib/system/libdyld.dylib
0x0000000009285000 	/usr/lib/system/libkeymgr.dylib
0x0000000009285000 	/usr/lib/system/liblaunch.dylib
0x0000000009285000 	/usr/lib/system/libmacho.dylib
0x0000000009285000 	/usr/lib/system/libquarantine.dylib
0x0000000009285000 	/usr/lib/system/libremovefile.dylib
0x0000000009285000 	/usr/lib/system/libsystem_asl.dylib
0x0000000009285000 	/usr/lib/system/libsystem_blocks.dylib
0x0000000009285000 	/usr/lib/system/libsystem_c.dylib
0x0000000009285000 	/usr/lib/system/libsystem_configuration.dylib
0x0000000009285000 	/usr/lib/system/libsystem_coreservices.dylib
0x0000000009285000 	/usr/lib/system/libsystem_coretls.dylib
0x0000000009285000 	/usr/lib/system/libsystem_dnssd.dylib
0x0000000009285000 	/usr/lib/system/libsystem_info.dylib
0x0000000009285000 	/usr/lib/system/libsystem_kernel.dylib
0x0000000009285000 	/usr/lib/system/libsystem_m.dylib
0x0000000009285000 	/usr/lib/system/libsystem_malloc.dylib
0x0000000009285000 	/usr/lib/system/libsystem_network.dylib
0x0000000009285000 	/usr/lib/system/libsystem_networkextension.dylib
0x0000000009285000 	/usr/lib/system/libsystem_notify.dylib
0x0000000009285000 	/usr/lib/system/libsystem_platform.dylib
0x0000000009285000 	/usr/lib/system/libsystem_pthread.dylib
0x0000000009285000 	/usr/lib/system/libsystem_sandbox.dylib
0x0000000009285000 	/usr/lib/system/libsystem_secinit.dylib
0x0000000009285000 	/usr/lib/system/libsystem_trace.dylib
0x0000000009285000 	/usr/lib/system/libunc.dylib
0x0000000009285000 	/usr/lib/system/libunwind.dylib
0x0000000009285000 	/usr/lib/system/libxpc.dylib
0x0000000009285000 	/usr/lib/libenergytrace.dylib
0x0000000009285000 	/usr/lib/libbsm.0.dylib
0x0000000009285000 	/usr/lib/system/libkxld.dylib
0x0000000009285000 	/usr/lib/libxar.1.dylib
0x0000000009285000 	/usr/lib/libsqlite3.dylib
0x0000000009285000 	/usr/lib/libpam.2.dylib
0x0000000009285000 	/usr/lib/libOpenScriptingUtil.dylib
0x0000000009285000 	/usr/lib/libbz2.1.0.dylib
0x0000000009285000 	/usr/lib/liblzma.5.dylib
0x0000000009285000 	/System/Library/Frameworks/CoreServices.framework/Versions/A/Frameworks/FSEvents.framework/Versions/A/FSEvents
0x0000000009285000 	/System/Library/Frameworks/CoreServices.framework/Versions/A/Frameworks/CarbonCore.framework/Versions/A/CarbonCore
0x0000000009285000 	/System/Library/Frameworks/CoreServices.framework/Versions/A/Frameworks/Metadata.framework/Versions/A/Metadata
0x0000000009285000 	/System/Library/Frameworks/CoreServices.framework/Versions/A/Frameworks/OSServices.framework/Versions/A/OSServices
0x0000000009285000 	/System/Library/Frameworks/CoreServices.framework/Versions/A/Frameworks/SearchKit.framework/Versions/A/SearchKit
0x0000000009285000 	/System/Library/Frameworks/CoreServices.framework/Versions/A/Frameworks/AE.framework/Versions/A/AE
0x0000000009285000 	/System/Library/Frameworks/CoreServices.framework/Versions/A/Frameworks/LaunchServices.framework/Versions/A/LaunchServices
0x0000000009285000 	/System/Library/Frameworks/CoreServices.framework/Versions/A/Frameworks/DictionaryServices.framework/Versions/A/DictionaryServices
0x0000000009285000 	/System/Library/Frameworks/CoreServices.framework/Versions/A/Frameworks/SharedFileList.framework/Versions/A/SharedFileList
0x0000000009285000 	/System/Library/Frameworks/NetFS.framework/Versions/A/NetFS
0x0000000009285000 	/System/Library/PrivateFrameworks/NetAuth.framework/Versions/A/NetAuth
0x0000000009285000 	/System/Library/PrivateFrameworks/login.framework/Versions/A/Frameworks/loginsupport.framework/Versions/A/loginsupport
0x0000000009285000 	/System/Library/PrivateFrameworks/TCC.framework/Versions/A/TCC
0x0000000009285000 	/usr/lib/libmecabra.dylib
0x0000000009285000 	/System/Library/Frameworks/ApplicationServices.framework/Versions/A/Frameworks/ATS.framework/Versions/A/ATS
0x0000000009285000 	/System/Library/Frameworks/ApplicationServices.framework/Versions/A/Frameworks/ColorSync.framework/Versions/A/ColorSync
0x0000000009285000 	/System/Library/Frameworks/ApplicationServices.framework/Versions/A/Frameworks/HIServices.framework/Versions/A/HIServices
0x0000000009285000 	/System/Library/Frameworks/ApplicationServices.framework/Versions/A/Frameworks/LangAnalysis.framework/Versions/A/LangAnalysis
0x0000000009285000 	/System/Library/Frameworks/ApplicationServices.framework/Versions/A/Frameworks/PrintCore.framework/Versions/A/PrintCore
0x0000000009285000 	/System/Library/Frameworks/ApplicationServices.framework/Versions/A/Frameworks/QD.framework/Versions/A/QD
0x0000000009285000 	/System/Library/Frameworks/ApplicationServices.framework/Versions/A/Frameworks/SpeechSynthesis.framework/Versions/A/SpeechSynthesis
0x0000000009285000 	/System/Library/Frameworks/Metal.framework/Versions/A/Metal
0x0000000009285000 	/System/Library/Frameworks/Accelerate.framework/Versions/A/Frameworks/vImage.framework/Versions/A/vImage
0x0000000009285000 	/System/Library/Frameworks/Accelerate.framework/Versions/A/Frameworks/vecLib.framework/Versions/A/vecLib
0x0000000009285000 	/System/Library/Frameworks/Accelerate.framework/Versions/A/Frameworks/vecLib.framework/Versions/A/libvDSP.dylib
0x0000000009285000 	/System/Library/Frameworks/Accelerate.framework/Versions/A/Frameworks/vecLib.framework/Versions/A/libvMisc.dylib
0x0000000009285000 	/System/Library/Frameworks/Accelerate.framework/Versions/A/Frameworks/vecLib.framework/Versions/A/libLAPACK.dylib
0x0000000009285000 	/System/Library/Frameworks/Accelerate.framework/Versions/A/Frameworks/vecLib.framework/Versions/A/libBLAS.dylib
0x0000000009285000 	/System/Library/Frameworks/Accelerate.framework/Versions/A/Frameworks/vecLib.framework/Versions/A/libLinearAlgebra.dylib
0x0000000009285000 	/System/Library/Frameworks/Accelerate.framework/Versions/A/Frameworks/vecLib.framework/Versions/A/libSparseBLAS.dylib
0x0000000009285000 	/System/Library/PrivateFrameworks/GPUCompiler.framework/libmetal_timestamp.dylib
0x0000000009285000 	/System/Library/Frameworks/OpenGL.framework/Versions/A/Libraries/libCoreFSCache.dylib
0x0000000009285000 	/System/Library/PrivateFrameworks/IOAccelerator.framework/Versions/A/IOAccelerator
0x0000000009285000 	/System/Library/Frameworks/ApplicationServices.framework/Versions/A/Frameworks/ATS.framework/Versions/A/Resources/libFontParser.dylib
0x0000000009285000 	/System/Library/Frameworks/ApplicationServices.framework/Versions/A/Frameworks/ATS.framework/Versions/A/Resources/libFontRegistry.dylib
0x0000000009285000 	/System/Library/PrivateFrameworks/AppleVPA.framework/Versions/A/AppleVPA
0x0000000009285000 	/System/Library/PrivateFrameworks/AppleJPEG.framework/Versions/A/AppleJPEG
0x0000000009285000 	/System/Library/Frameworks/ImageIO.framework/Versions/A/Resources/libJPEG.dylib
0x0000000009285000 	/System/Library/Frameworks/ImageIO.framework/Versions/A/Resources/libTIFF.dylib
0x0000000009285000 	/System/Library/Frameworks/ImageIO.framework/Versions/A/Resources/libPng.dylib
0x0000000009285000 	/System/Library/Frameworks/ImageIO.framework/Versions/A/Resources/libGIF.dylib
0x0000000009285000 	/System/Library/Frameworks/ImageIO.framework/Versions/A/Resources/libJP2.dylib
0x0000000009285000 	/System/Library/Frameworks/ImageIO.framework/Versions/A/Resources/libRadiance.dylib
0x0000000009285000 	/System/Library/Frameworks/CoreVideo.framework/Versions/A/CoreVideo
0x0000000009285000 	/System/Library/Frameworks/OpenGL.framework/Versions/A/Libraries/libGLU.dylib
0x0000000009285000 	/System/Library/Frameworks/OpenGL.framework/Versions/A/Libraries/libGFXShared.dylib
0x0000000009285000 	/System/Library/Frameworks/OpenGL.framework/Versions/A/Libraries/libGL.dylib
0x0000000009285000 	/System/Library/Frameworks/OpenGL.framework/Versions/A/Libraries/libGLImage.dylib
0x0000000009285000 	/System/Library/Frameworks/OpenGL.framework/Versions/A/Libraries/libCVMSPluginSupport.dylib
0x0000000009285000 	/System/Library/Frameworks/OpenGL.framework/Versions/A/Libraries/libCoreVMClient.dylib
0x0000000009285000 	/usr/lib/libcups.2.dylib
0x0000000009285000 	/System/Library/Frameworks/Kerberos.framework/Versions/A/Kerberos
0x0000000009285000 	/System/Library/Frameworks/GSS.framework/Versions/A/GSS
0x0000000009285000 	/usr/lib/libresolv.9.dylib
0x0000000009285000 	/usr/lib/libiconv.2.dylib
0x0000000009285000 	/System/Library/PrivateFrameworks/Heimdal.framework/Versions/A/Heimdal
0x0000000009285000 	/usr/lib/libheimdal-asn1.dylib
0x0000000009285000 	/System/Library/Frameworks/OpenDirectory.framework/Versions/A/OpenDirectory
0x0000000009285000 	/System/Library/PrivateFrameworks/CommonAuth.framework/Versions/A/CommonAuth
0x0000000009285000 	/System/Library/Frameworks/OpenDirectory.framework/Versions/A/Frameworks/CFOpenDirectory.framework/Versions/A/CFOpenDirectory
0x0000000009285000 	/System/Library/Frameworks/SecurityFoundation.framework/Versions/A/SecurityFoundation
0x0000000009285000 	/System/Library/PrivateFrameworks/LanguageModeling.framework/Versions/A/LanguageModeling
0x0000000009285000 	/usr/lib/libmarisa.dylib
0x0000000009285000 	/usr/lib/libChineseTokenizer.dylib
0x0000000009285000 	/usr/lib/libcmph.dylib
0x0000000009285000 	/usr/lib/libcompression.dylib
0x0000000009285000 	/System/Library/Frameworks/ServiceManagement.framework/Versions/A/ServiceManagement
0x0000000009285000 	/usr/lib/libxslt.1.dylib
0x0000000009285000 	/System/Library/Frameworks/Carbon.framework/Versions/A/Frameworks/Ink.framework/Versions/A/Ink
0x0000000009285000 	/usr/lib/libFosl_dynamic.dylib
0x0000000009285000 	/System/Library/PrivateFrameworks/FaceCore.framework/Versions/A/FaceCore
0x0000000009285000 	/System/Library/Frameworks/OpenCL.framework/Versions/A/OpenCL
0x0000000009285000 	/System/Library/PrivateFrameworks/CrashReporterSupport.framework/Versions/A/CrashReporterSupport
0x0000000009285000 	/System/Library/PrivateFrameworks/IconServices.framework/Versions/A/IconServices
0x0000000009285000 	/System/Library/PrivateFrameworks/Apple80211.framework/Versions/A/Apple80211
0x0000000009285000 	/System/Library/Frameworks/CoreWLAN.framework/Versions/A/CoreWLAN
0x0000000009285000 	/System/Library/Frameworks/IOBluetooth.framework/Versions/A/IOBluetooth
0x0000000009285000 	/System/Library/PrivateFrameworks/CoreWiFi.framework/Versions/A/CoreWiFi
0x0000000009285000 	/System/Library/Frameworks/CoreBluetooth.framework/Versions/A/CoreBluetooth
0x0000000009285000 	/System/Library/PrivateFrameworks/ChunkingLibrary.framework/Versions/A/ChunkingLibrary
0x0000000009285000 	/System/Library/PrivateFrameworks/DebugSymbols.framework/Versions/A/DebugSymbols
0x0000000009285000 	/System/Library/PrivateFrameworks/CoreSymbolication.framework/Versions/A/CoreSymbolication
0x0000000009285000 	/System/Library/PrivateFrameworks/Symbolication.framework/Versions/A/Symbolication
0x0000000009285000 	/System/Library/PrivateFrameworks/SpeechRecognitionCore.framework/Versions/A/SpeechRecognitionCore
0x0000000100618000 	/Library/Java/JavaVirtualMachines/jdk1.8.0_91.jdk/Contents/Home/jre/lib/server/libjvm.dylib
0x0000000009285000 	/usr/lib/libstdc++.6.dylib
0x00000001015b0000 	/Library/Java/JavaVirtualMachines/jdk1.8.0_91.jdk/Contents/Home/jre/lib/libverify.dylib
0x00000001015be000 	/Library/Java/JavaVirtualMachines/jdk1.8.0_91.jdk/Contents/Home/jre/lib/libjava.dylib
0x0000000101e00000 	/Library/Java/JavaVirtualMachines/jdk1.8.0_91.jdk/Contents/Home/jre/lib/libzip.dylib
0x000000011776b000 	/System/Library/Frameworks/JavaVM.framework/Frameworks/JavaRuntimeSupport.framework/JavaRuntimeSupport
0x0000000117786000 	/System/Library/Frameworks/JavaVM.framework/Versions/A/Frameworks/JavaNativeFoundation.framework/Versions/A/JavaNativeFoundation
0x000000011779b000 	/System/Library/Frameworks/JavaVM.framework/Versions/A/JavaVM
0x0000000009285000 	/System/Library/Frameworks/Carbon.framework/Versions/A/Carbon
0x00000001177a8000 	/System/Library/PrivateFrameworks/JavaLaunching.framework/Versions/A/JavaLaunching
0x0000000009285000 	/System/Library/Frameworks/Carbon.framework/Versions/A/Frameworks/CommonPanels.framework/Versions/A/CommonPanels
0x0000000009285000 	/System/Library/Frameworks/Carbon.framework/Versions/A/Frameworks/Help.framework/Versions/A/Help
0x0000000009285000 	/System/Library/Frameworks/Carbon.framework/Versions/A/Frameworks/ImageCapture.framework/Versions/A/ImageCapture
0x0000000009285000 	/System/Library/Frameworks/Carbon.framework/Versions/A/Frameworks/OpenScripting.framework/Versions/A/OpenScripting
0x0000000009285000 	/System/Library/Frameworks/Carbon.framework/Versions/A/Frameworks/Print.framework/Versions/A/Print
0x0000000009285000 	/System/Library/Frameworks/Carbon.framework/Versions/A/Frameworks/SecurityHI.framework/Versions/A/SecurityHI
0x00000001190ca000 	/Library/Java/JavaVirtualMachines/jdk1.8.0_91.jdk/Contents/Home/jre/lib/libawt.dylib
0x0000000119172000 	/Library/Java/JavaVirtualMachines/jdk1.8.0_91.jdk/Contents/Home/jre/lib/./libmlib_image.dylib
0x000000011923e000 	/Library/Java/JavaVirtualMachines/jdk1.8.0_91.jdk/Contents/Home/jre/lib/libawt_lwawt.dylib
0x00000001192f3000 	/Library/Java/JavaVirtualMachines/jdk1.8.0_91.jdk/Contents/Home/jre/lib/./libosxapp.dylib
0x0000000009285000 	/System/Library/Frameworks/ExceptionHandling.framework/Versions/A/ExceptionHandling
0x0000000009285000 	/System/Library/PrivateFrameworks/CoreServicesInternal.framework/Versions/A/CoreServicesInternal
0x0000000009285000 	/System/Library/Frameworks/CoreGraphics.framework/Versions/A/Resources/libRIP.A.dylib
0x0000000009285000 	/System/Library/Frameworks/Accelerate.framework/Versions/A/Frameworks/vImage.framework/Versions/A/Libraries/libCGInterfaces.dylib
0x0000000009285000 	/System/Library/Frameworks/CoreGraphics.framework/Versions/A/Resources/libCGXType.A.dylib
0x0000000009285000 	/System/Library/Frameworks/OpenCL.framework/Versions/A/Libraries/libcldcpuengine.dylib
0x0000000009285000 	/System/Library/PrivateFrameworks/DiskImages.framework/Versions/A/DiskImages
0x0000000009285000 	/System/Library/Frameworks/DiscRecording.framework/Versions/A/DiscRecording
0x0000000009285000 	/usr/lib/libcsfde.dylib
0x0000000009285000 	/usr/lib/libcurl.4.dylib
0x0000000009285000 	/System/Library/PrivateFrameworks/MediaKit.framework/Versions/A/MediaKit
0x0000000009285000 	/System/Library/PrivateFrameworks/ProtectedCloudStorage.framework/Versions/A/ProtectedCloudStorage
0x0000000009285000 	/usr/lib/libCoreStorage.dylib
0x0000000009285000 	/System/Library/PrivateFrameworks/EFILogin.framework/Versions/A/EFILogin
0x0000000009285000 	/usr/lib/libutil.dylib
0x0000000009285000 	/System/Library/PrivateFrameworks/FindMyDevice.framework/Versions/A/FindMyDevice
0x0000000009285000 	/System/Library/Frameworks/LDAP.framework/Versions/A/LDAP
0x0000000009285000 	/usr/lib/libsasl2.2.dylib
0x0000000009285000 	/System/Library/PrivateFrameworks/CoreDaemon.framework/Versions/B/CoreDaemon
0x0000000009285000 	/usr/lib/libcrypto.0.9.8.dylib
0x0000000009285000 	/System/Library/PrivateFrameworks/AppleSRP.framework/Versions/A/AppleSRP
0x0000000009285000 	/System/Library/PrivateFrameworks/TrustEvaluationAgent.framework/Versions/A/TrustEvaluationAgent
0x000000011aa4c000 	cl_kernels
0x0000000009285000 	/System/Library/Frameworks/OpenCL.framework/Versions/A/Libraries/ImageFormats/unorm8_bgra.dylib
0x0000000009285000 	/System/Library/Frameworks/OpenCL.framework/Versions/A/Libraries/ImageFormats/unorm8_rgba.dylib
0x0000000009285000 	/System/Library/PrivateFrameworks/FamilyControls.framework/Versions/A/FamilyControls
0x0000000009285000 	/System/Library/PrivateFrameworks/CommerceKit.framework/Versions/A/Frameworks/CommerceCore.framework/Versions/A/CommerceCore
0x0000000009285000 	/System/Library/PrivateFrameworks/SystemAdministration.framework/Versions/A/SystemAdministration
0x0000000009285000 	/System/Library/PrivateFrameworks/AppContainer.framework/Versions/A/AppContainer
0x0000000009285000 	/System/Library/PrivateFrameworks/SecCodeWrapper.framework/Versions/A/SecCodeWrapper
0x0000000009285000 	/System/Library/Frameworks/DirectoryService.framework/Versions/A/DirectoryService
0x0000000009285000 	/System/Library/PrivateFrameworks/LoginUIKit.framework/Versions/A/Frameworks/LoginUICore.framework/Versions/A/LoginUICore
0x0000000009285000 	/usr/lib/libodfde.dylib
0x0000000009285000 	/System/Library/Frameworks/OpenGL.framework/Versions/A/Resources/GLEngine.bundle/GLEngine
0x0000000009285000 	/System/Library/Frameworks/OpenGL.framework/Versions/A/Libraries/libGLProgrammability.dylib
0x000000011badc000 	/System/Library/Extensions/AMDRadeonX3000GLDriver.bundle/Contents/MacOS/AMDRadeonX3000GLDriver
0x0000000009285000 	/System/Library/PrivateFrameworks/GPUSupport.framework/Versions/A/Libraries/libGPUSupportMercury.dylib
0x000000011bbbb000 	/System/Library/Extensions/AMDRadeonX3000GLDriver.bundle/Contents/MacOS/ATIRadeonX3000SCLib.dylib
0x0000000009285000 	/System/Library/Frameworks/OpenGL.framework/Versions/A/Resources/GLRendererFloat.bundle/GLRendererFloat
0x000000011bea8000 	/Library/Java/JavaVirtualMachines/jdk1.8.0_91.jdk/Contents/Home/jre/lib/libfontmanager.dylib
0x000000011cb93000 	/Library/Java/JavaVirtualMachines/jdk1.8.0_91.jdk/Contents/Home/jre/lib/libosxui.dylib
0x000000011d673000 	/Library/Java/JavaVirtualMachines/jdk1.8.0_91.jdk/Contents/Home/jre/lib/libnet.dylib
0x000000011d618000 	/Library/Java/JavaVirtualMachines/jdk1.8.0_91.jdk/Contents/Home/jre/lib/libnio.dylib
0x0000000009285000 	/System/Library/Frameworks/ApplicationServices.framework/Versions/A/Frameworks/ATS.framework/Versions/A/Resources/libTrueTypeScaler.dylib
0x0000000182937000 	/private/var/folders/tq/5cybh0451bx2v8l5x53f9c_h0000gn/T/jogamp_0000/file_cache/jln415532826537463191/jln1904093980997676691/libgluegen-rt.jnilib
0x000000011c87f000 	/private/var/folders/tq/5cybh0451bx2v8l5x53f9c_h0000gn/T/jogamp_0000/file_cache/jln415532826537463191/jln1904093980997676691/libnativewindow_awt.jnilib
0x000000011c88b000 	/Library/Java/JavaVirtualMachines/jdk1.8.0_91.jdk/Contents/Home/jre/lib/libjawt.dylib
0x000000018293b000 	/private/var/folders/tq/5cybh0451bx2v8l5x53f9c_h0000gn/T/jogamp_0000/file_cache/jln415532826537463191/jln1904093980997676691/libnativewindow_macosx.jnilib
0x0000000187106000 	/private/var/folders/tq/5cybh0451bx2v8l5x53f9c_h0000gn/T/jogamp_0000/file_cache/jln415532826537463191/jln1904093980997676691/libjogl_desktop.jnilib

VM Arguments:
jvm_args: -Djava.security.policy=java.policy.applet -Dfile.encoding=UTF-8 
java_command: sun.applet.AppletViewer module6.AirportMap1464227625741.html
java_class_path (initial): /Users/limhoktan/Documents/workspace/UCSDUnfoldingMaps/build:/Users/limhoktan/Documents/workspace/UCSDUnfoldingMaps/lib/core.jar:/Users/limhoktan/Documents/workspace/UCSDUnfoldingMaps/lib/gluegen-rt.jar:/Users/limhoktan/Documents/workspace/UCSDUnfoldingMaps/lib/jogl-all.jar:/Users/limhoktan/Documents/workspace/UCSDUnfoldingMaps/lib/log4j-1.2.15.jar:/Users/limhoktan/Documents/workspace/UCSDUnfoldingMaps/lib/sqlite-jdbc-3.7.2.jar:/Users/limhoktan/Documents/workspace/UCSDUnfoldingMaps/lib/json4processing.jar:/Users/limhoktan/Documents/workspace/UCSDUnfoldingMaps/lib/libTUIO.jar:/Users/limhoktan/Documents/workspace/UCSDUnfoldingMaps/lib/unfolding.0.9.7-uscd.jar
Launcher Type: SUN_STANDARD

Environment Variables:
PATH=/usr/bin:/bin:/usr/sbin:/sbin
SHELL=/bin/bash
DISPLAY=/private/tmp/com.apple.launchd.3cFrEfN4Lz/org.macosforge.xquartz:0

Signal Handlers:
SIGSEGV: [libjvm.dylib+0x5a97a1], sa_mask[0]=11111111011111110111111111111111, sa_flags=SA_ONSTACK|SA_RESTART|SA_SIGINFO
SIGBUS: [libjvm.dylib+0x5a97a1], sa_mask[0]=11111111011111110111111111111111, sa_flags=SA_RESTART|SA_SIGINFO
SIGFPE: [libjvm.dylib+0x482594], sa_mask[0]=11111111011111110111111111111111, sa_flags=SA_RESTART|SA_SIGINFO
SIGPIPE: [libjvm.dylib+0x482594], sa_mask[0]=11111111011111110111111111111111, sa_flags=SA_RESTART|SA_SIGINFO
SIGXFSZ: [libjvm.dylib+0x482594], sa_mask[0]=11111111011111110111111111111111, sa_flags=SA_RESTART|SA_SIGINFO
SIGILL: [libjvm.dylib+0x482594], sa_mask[0]=11111111011111110111111111111111, sa_flags=SA_RESTART|SA_SIGINFO
SIGUSR1: SIG_DFL, sa_mask[0]=00000000000000000000000000000000, sa_flags=none
SIGUSR2: [libjvm.dylib+0x4820b2], sa_mask[0]=00100000000000000000000000000000, sa_flags=SA_RESTART|SA_SIGINFO
SIGHUP: [libjvm.dylib+0x480689], sa_mask[0]=11111111011111110111111111111111, sa_flags=SA_RESTART|SA_SIGINFO
SIGINT: [libjvm.dylib+0x480689], sa_mask[0]=11111111011111110111111111111111, sa_flags=SA_RESTART|SA_SIGINFO
SIGTERM: [libjvm.dylib+0x480689], sa_mask[0]=11111111011111110111111111111111, sa_flags=SA_RESTART|SA_SIGINFO
SIGQUIT: [libjvm.dylib+0x480689], sa_mask[0]=11111111011111110111111111111111, sa_flags=SA_RESTART|SA_SIGINFO


---------------  S Y S T E M  ---------------

OS:Bsduname:Darwin 15.4.0 Darwin Kernel Version 15.4.0: Fri Feb 26 22:08:05 PST 2016; root:xnu-3248.40.184~3/RELEASE_X86_64 x86_64
rlimit: STACK 8192k, CORE 0k, NPROC 709, NOFILE 10240, AS infinity
load average:5.99 5.12 4.30

CPU:total 4 (4 cores per cpu, 1 threads per core) family 6 model 30 stepping 5, cmov, cx8, fxsr, mmx, sse, sse2, sse3, ssse3, sse4.1, sse4.2, popcnt, tsc, tscinvbit

Memory: 4k page, physical 8388608k(1433252k free)

/proc/meminfo:


vm_info: Java HotSpot(TM) 64-Bit Server VM (25.91-b14) for bsd-amd64 JRE (1.8.0_91-b14), built on Apr  1 2016 01:03:00 by "java_re" with gcc 4.2.1 (Based on Apple Inc. build 5658) (LLVM build 2336.11.00)

time: Wed May 25 18:57:03 2016
elapsed time: 197 seconds (0d 0h 3m 17s)

