#
# A fatal error has been detected by the Java Runtime Environment:
#
#  SIGSEGV (0xb) at pc=0x00007fff97afa4dd, pid=10594, tid=2571
#
# JRE version: Java(TM) SE Runtime Environment (8.0_91-b14) (build 1.8.0_91-b14)
# Java VM: Java HotSpot(TM) 64-Bit Server VM (25.91-b14 mixed mode bsd-amd64 compressed oops)
# Problematic frame:
# C  [libobjc.A.dylib+0x14dd]  objc_msgSend+0x1d
#
# Failed to write core dump. Core dumps have been disabled. To enable core dumping, try "ulimit -c unlimited" before starting Java again
#
# If you would like to submit a bug report, please visit:
#   http://bugreport.java.com/bugreport/crash.jsp
# The crash happened outside the Java Virtual Machine in native code.
# See problematic frame for where to report the bug.
#

---------------  T H R E A D  ---------------

Current thread (0x00007ff46a83c000):  JavaThread "AWT-AppKit" daemon [_thread_in_native, id=2571, stack(0x00007fff565c6000,0x00007fff56dc6000)]

siginfo: si_signo: 11 (SIGSEGV), si_code: 1 (SEGV_MAPERR), si_addr: 0x0000000000000018

Registers:
RAX=0x00007ff46dbdd7d0, RBX=0x000000018b3b8450, RCX=0x00000001229a9b00, RDX=0x0000000122ada0a0
RSP=0x00007fff56dc12e8, RBP=0x00007fff56dc13a0, RSI=0x00007fff8b405ce6, RDI=0x00007ff46d9f9160
R8 =0x0000000000000000, R9 =0x00000000000008b0, R10=0x00007fff8b405ce6, R11=0x0000000000000000
R12=0x0000000000000000, R13=0x000000018d0e9928, R14=0x000000018b3b8440, R15=0x00007ff46a83c000
RIP=0x00007fff97afa4dd, EFLAGS=0x0000000000010246, ERR=0x0000000000000004
  TRAPNO=0x000000000000000e

Top of Stack: (sp=0x00007fff56dc12e8)
0x00007fff56dc12e8:   000000018b3b6157 00007fff56dc1340
0x00007fff56dc12f8:   0000000000000003 00007fff56dc1320
0x00007fff56dc1308:   0000000109bf24ea 000000018d0e9928
0x00007fff56dc1318:   000000018d0e9928 00007ff46dbdd7d0
0x00007fff56dc1328:   000000018b3b86a0 000000018b3b8710
0x00007fff56dc1338:   00007fff7a8e6770 00007fff7c4f4500
0x00007fff56dc1348:   000000018b3b8450 000000018b3b8690
0x00007fff56dc1358:   00007ff46dbdd7d0 00007ff46d9f9160
0x00007fff56dc1368:   00007ff468c562f0 00007ff46dbdd7d0
0x00007fff56dc1378:   00007ff46d9f9160 00007fff56dc1428
0x00007fff56dc1388:   00007ff46a83c1f8 000000018d0e9928
0x00007fff56dc1398:   00007fff56dc1450 00007fff56dc1418
0x00007fff56dc13a8:   000000010a9a9814 000000018d0e9928
0x00007fff56dc13b8:   00007fff56dc1450 00007fff56dc1418
0x00007fff56dc13c8:   000000010a9a95a7 000000010a9a9562
0x00007fff56dc13d8:   00007fff56dc13d8 000000018d0e9928
0x00007fff56dc13e8:   00007fff56dc1450 000000018d10d028
0x00007fff56dc13f8:   0000000000000000 000000018d0e9928
0x00007fff56dc1408:   0000000000000000 00007fff56dc1438
0x00007fff56dc1418:   00007fff56dc1498 000000010a99c2bd
0x00007fff56dc1428:   000000074004baa8 000000010a9a5538
0x00007fff56dc1438:   00007ff46dbdd7d0 00007fff56dc1498
0x00007fff56dc1448:   00007ff46d9f9160 000000010a9a6e02
0x00007fff56dc1458:   00007fff56dc1458 000000018d0e9af2
0x00007fff56dc1468:   00007fff56dc14c0 000000018d10d028
0x00007fff56dc1478:   0000000000000000 000000018d0e9b00
0x00007fff56dc1488:   00007fff56dc1438 00007fff56dc14a8
0x00007fff56dc1498:   00007fff56dc1508 000000010a99c2bd
0x00007fff56dc14a8:   00007ff46dbdd7d0 00000007418964b8
0x00007fff56dc14b8:   00007ff46d9f9160 00000007418964b8
0x00007fff56dc14c8:   00007fff56dc14c8 000000019117ceae
0x00007fff56dc14d8:   00007fff56dc1518 000000019117cf68 

Instructions: (pc=0x00007fff97afa4dd)
0x00007fff97afa4bd:   44 00 00 48 85 ff 2e 74 62 40 f6 c7 01 2e 75 66
0x00007fff97afa4cd:   49 bb f8 ff ff ff ff 7f 00 00 4c 23 1f 49 89 f2
0x00007fff97afa4dd:   45 23 53 18 49 c1 e2 04 4d 03 53 10 49 3b 32 75
0x00007fff97afa4ed:   04 41 ff 62 08 49 83 3a 01 76 0d 49 83 c2 10 49 

Register to memory mapping:

RAX=0x00007ff46dbdd7d0 is an unknown value
RBX=0x000000018b3b8450: Java_jogamp_nativewindow_macosx_OSXUtil_GetScreenRefreshRate0+0x1cf0 in /private/var/folders/tq/5cybh0451bx2v8l5x53f9c_h0000gn/T/jogamp_0000/file_cache/jln3175324468280561936/jln2718190164784706707/libnativewindow_macosx.jnilib at 0x000000018b3b1000
RCX=0x00000001229a9b00 is an unknown value
RDX=0x0000000122ada0a0 is an unknown value
RSP=0x00007fff56dc12e8 is pointing into the stack for thread: 0x00007ff46a83c000
RBP=0x00007fff56dc13a0 is pointing into the stack for thread: 0x00007ff46a83c000
RSI=0x00007fff8b405ce6 is an unknown value
RDI=0x00007ff46d9f9160 is an unknown value
R8 =0x0000000000000000 is an unknown value
R9 =0x00000000000008b0 is an unknown value
R10=0x00007fff8b405ce6 is an unknown value
R11=0x0000000000000000 is an unknown value
R12=0x0000000000000000 is an unknown value
R13={method} {0x000000018d0e9928} 'UnsetJAWTRootSurfaceLayer0' '(JJ)V' in 'jogamp/nativewindow/jawt/macosx/MacOSXJAWTWindow'
R14=0x000000018b3b8440: Java_jogamp_nativewindow_macosx_OSXUtil_GetScreenRefreshRate0+0x1ce0 in /private/var/folders/tq/5cybh0451bx2v8l5x53f9c_h0000gn/T/jogamp_0000/file_cache/jln3175324468280561936/jln2718190164784706707/libnativewindow_macosx.jnilib at 0x000000018b3b1000
R15=0x00007ff46a83c000 is a thread


Stack: [0x00007fff565c6000,0x00007fff56dc6000],  sp=0x00007fff56dc12e8,  free space=8172k
Native frames: (J=compiled Java code, j=interpreted, Vv=VM code, C=native code)
C  [libobjc.A.dylib+0x14dd]  objc_msgSend+0x1d
j  jogamp.nativewindow.jawt.macosx.MacOSXJAWTWindow.UnsetJAWTRootSurfaceLayer0(JJ)V+0
j  jogamp.nativewindow.jawt.macosx.MacOSXJAWTWindow.access$200(JJ)V+2
j  jogamp.nativewindow.jawt.macosx.MacOSXJAWTWindow$1.run()V+38
J 1926 C1 com.jogamp.common.util.RunnableTask.run()V (345 bytes) @ 0x000000010afe7994 [0x000000010afe7800+0x194]
v  ~StubRoutines::call_stub
V  [libjvm.dylib+0x2ec1e6]
V  [libjvm.dylib+0x323355]
V  [libjvm.dylib+0x315b23]
C  [libnativewindow_macosx.jnilib+0x5326]  Java_jogamp_nativewindow_jawt_macosx_MacOSXJAWTWindow_UnsetJAWTRootSurfaceLayer0+0x2b6
C  [Foundation+0x76f5e]  __NSThreadPerformPerform+0x117
C  [CoreFoundation+0xaa881]  __CFRUNLOOP_IS_CALLING_OUT_TO_A_SOURCE0_PERFORM_FUNCTION__+0x11
C  [CoreFoundation+0x89f37]  __CFRunLoopDoSources0+0x1a7
C  [CoreFoundation+0x894df]  __CFRunLoopRun+0x39f
C  [CoreFoundation+0x88ed8]  CFRunLoopRunSpecific+0x128
C  [HIToolbox+0x30935]  RunCurrentEventLoopInMode+0xeb
C  [HIToolbox+0x30677]  ReceiveNextEventCommon+0xb8
C  [HIToolbox+0x305af]  _BlockUntilNextEventMatchingListInModeWithFilter+0x47
C  [AppKit+0x48efa]  _DPSNextEvent+0x42b
C  [AppKit+0x4832a]  -[NSApplication _nextEventMatchingEventMask:untilDate:inMode:dequeue:]+0x1c6
C  [libosxapp.dylib+0x23aa]  -[NSApplicationAWT nextEventMatchingMask:untilDate:inMode:dequeue:]+0x7c
C  [AppKit+0x3ce84]  -[NSApplication run]+0x2aa
C  [libosxapp.dylib+0x214d]  +[NSApplicationAWT runAWTLoopWithApp:]+0x9c
C  [libawt_lwawt.dylib+0x4455b]  -[AWTStarter starter:]+0x389
C  [Foundation+0x76f5e]  __NSThreadPerformPerform+0x117
C  [CoreFoundation+0xaa881]  __CFRUNLOOP_IS_CALLING_OUT_TO_A_SOURCE0_PERFORM_FUNCTION__+0x11
C  [CoreFoundation+0x89fbc]  __CFRunLoopDoSources0+0x22c
C  [CoreFoundation+0x894df]  __CFRunLoopRun+0x39f
C  [CoreFoundation+0x88ed8]  CFRunLoopRunSpecific+0x128
C  [java+0x6463]  CreateExecutionEnvironment+0x367
C  [java+0x21ac]  JLI_Launch+0x7a0
C  [java+0x84c0]  main+0x65
C  [java+0x1a04]  start+0x34
C  0x0000000000000007

Java frames: (J=compiled Java code, j=interpreted, Vv=VM code)
j  jogamp.nativewindow.jawt.macosx.MacOSXJAWTWindow.UnsetJAWTRootSurfaceLayer0(JJ)V+0
j  jogamp.nativewindow.jawt.macosx.MacOSXJAWTWindow.access$200(JJ)V+2
j  jogamp.nativewindow.jawt.macosx.MacOSXJAWTWindow$1.run()V+38
J 1926 C1 com.jogamp.common.util.RunnableTask.run()V (345 bytes) @ 0x000000010afe7994 [0x000000010afe7800+0x194]
v  ~StubRoutines::call_stub

---------------  P R O C E S S  ---------------

Java Threads: ( => current thread )
  0x00007ff46a187000 JavaThread "Thread-117" [_thread_blocked, id=13363, stack(0x000070000104a000,0x000070000114a000)]
  0x00007ff46aba9000 JavaThread "Image Fetcher 2" daemon [_thread_blocked, id=68407, stack(0x0000700002000000,0x0000700002100000)]
  0x00007ff469cc1800 JavaThread "Image Fetcher 1" daemon [_thread_blocked, id=23963, stack(0x0000700001bf4000,0x0000700001cf4000)]
  0x00007ff46932a000 JavaThread "Image Fetcher 0" daemon [_thread_blocked, id=67863, stack(0x0000700001cf7000,0x0000700001df7000)]
  0x00007ff469521800 JavaThread "Keep-Alive-Timer" daemon [_thread_blocked, id=67527, stack(0x0000700001dfa000,0x0000700001efa000)]
  0x00007ff469be1800 JavaThread "AWT-EventQueue-1" [_thread_in_native, id=60463, stack(0x0000700001868000,0x0000700001968000)]
  0x00007ff46aba7800 JavaThread "DestroyJavaVM" [_thread_blocked, id=5891, stack(0x000070000011a000,0x000070000021a000)]
  0x00007ff469142000 JavaThread "AWT-EventQueue-0" [_thread_blocked, id=57091, stack(0x0000700001662000,0x0000700001762000)]
  0x00007ff469132800 JavaThread "Java2D Disposer" daemon [_thread_blocked, id=49679, stack(0x00007000013d9000,0x00007000014d9000)]
  0x00007ff469128800 JavaThread "Java2D Queue Flusher" daemon [_thread_blocked, id=50187, stack(0x00007000012d6000,0x00007000013d6000)]
  0x00007ff469883000 JavaThread "AWT-Shutdown" [_thread_blocked, id=29203, stack(0x0000700001150000,0x0000700001250000)]
=>0x00007ff46a83c000 JavaThread "AWT-AppKit" daemon [_thread_in_native, id=2571, stack(0x00007fff565c6000,0x00007fff56dc6000)]
  0x00007ff469843000 JavaThread "Service Thread" daemon [_thread_blocked, id=18435, stack(0x0000700000dc1000,0x0000700000ec1000)]
  0x00007ff46a828800 JavaThread "C1 CompilerThread2" daemon [_thread_blocked, id=17923, stack(0x0000700000cbe000,0x0000700000dbe000)]
  0x00007ff46a828000 JavaThread "C2 CompilerThread1" daemon [_thread_blocked, id=17411, stack(0x0000700000bbb000,0x0000700000cbb000)]
  0x00007ff46a02b800 JavaThread "C2 CompilerThread0" daemon [_thread_blocked, id=16899, stack(0x0000700000ab8000,0x0000700000bb8000)]
  0x00007ff46a02a800 JavaThread "Signal Dispatcher" daemon [_thread_blocked, id=12815, stack(0x00007000009b5000,0x0000700000ab5000)]
  0x00007ff46a050800 JavaThread "Finalizer" daemon [_thread_blocked, id=12291, stack(0x000070000082f000,0x000070000092f000)]
  0x00007ff46a04d800 JavaThread "Reference Handler" daemon [_thread_blocked, id=11779, stack(0x000070000072c000,0x000070000082c000)]

Other Threads:
  0x00007ff46a807000 VMThread [stack: 0x0000700000629000,0x0000700000729000] [id=11267]
  0x00007ff469812000 WatcherThread [stack: 0x0000700000ec4000,0x0000700000fc4000] [id=18947]

VM state:not at safepoint (normal execution)

VM Mutex/Monitor currently owned by a thread: None

Heap:
 PSYoungGen      total 48128K, used 17550K [0x0000000795580000, 0x0000000799680000, 0x00000007c0000000)
  eden space 31744K, 11% used [0x0000000795580000,0x00000007958eb820,0x0000000797480000)
  from space 16384K, 85% used [0x0000000797500000,0x00000007982b8360,0x0000000798500000)
  to   space 17408K, 0% used [0x0000000798580000,0x0000000798580000,0x0000000799680000)
 ParOldGen       total 87552K, used 27657K [0x0000000740000000, 0x0000000745580000, 0x0000000795580000)
  object space 87552K, 31% used [0x0000000740000000,0x0000000741b025e8,0x0000000745580000)
 Metaspace       used 20829K, capacity 21023K, committed 21296K, reserved 1069056K
  class space    used 2011K, capacity 2078K, committed 2176K, reserved 1048576K

Card table byte_map: [0x0000000119d54000,0x000000011a155000] byte_map_base: 0x0000000116354000

Marking Bits: (ParMarkBitMap*) 0x000000010a2e6eb0
 Begin Bits: [0x000000011a400000, 0x000000011c400000)
 End Bits:   [0x000000011c400000, 0x000000011e400000)

Polling page: 0x00000001090fd000

CodeCache: size=245760Kb used=8639Kb max_used=8650Kb free=237120Kb
 bounds [0x000000010a994000, 0x000000010b214000, 0x0000000119994000]
 total_blobs=3242 nmethods=2361 adapters=795
 compilation: enabled

Compilation events (10 events):
Event: 19.471 Thread 0x00007ff46a02b800 nmethod 2651 0x000000010b20e910 code [0x000000010b20ea80, 0x000000010b20ef58]
Event: 19.474 Thread 0x00007ff46a828000 nmethod 2652 0x000000010b20f210 code [0x000000010b20f380, 0x000000010b20faf8]
Event: 19.474 Thread 0x00007ff46a02b800 2654   !   4       jogamp.common.util.locks.RecursiveLockImpl01Unfairish::validateLocked (147 bytes)
Event: 19.474 Thread 0x00007ff46a828800 2655       3       javax.media.nativewindow.DefaultGraphicsDevice::lock (10 bytes)
Event: 19.474 Thread 0x00007ff46a828800 nmethod 2655 0x000000010b2006d0 code [0x000000010b200840, 0x000000010b200a68]
Event: 19.474 Thread 0x00007ff46a828800 2656       3       javax.media.nativewindow.DefaultGraphicsDevice::unlock (10 bytes)
Event: 19.474 Thread 0x00007ff46a828800 nmethod 2656 0x000000010b200290 code [0x000000010b200400, 0x000000010b200628]
Event: 19.476 Thread 0x00007ff46a02b800 nmethod 2654 0x000000010b201750 code [0x000000010b2018a0, 0x000000010b201b98]
Event: 19.478 Thread 0x00007ff46a828800 2657       1       sun.java2d.SurfaceData::isValid (5 bytes)
Event: 19.478 Thread 0x00007ff46a828800 nmethod 2657 0x000000010b1f9950 code [0x000000010b1f9aa0, 0x000000010b1f9bb0]

GC Heap History (10 events):
Event: 13.130 GC heap before
{Heap before GC invocations=3 (full 0):
 PSYoungGen      total 38400K, used 38167K [0x0000000795580000, 0x0000000798000000, 0x00000007c0000000)
  eden space 33280K, 99% used [0x0000000795580000,0x00000007975c9448,0x0000000797600000)
  from space 5120K, 99% used [0x0000000797b00000,0x0000000797ffcb20,0x0000000798000000)
  to   space 5120K, 0% used [0x0000000797600000,0x0000000797600000,0x0000000797b00000)
 ParOldGen       total 87552K, used 7715K [0x0000000740000000, 0x0000000745580000, 0x0000000795580000)
  object space 87552K, 8% used [0x0000000740000000,0x0000000740788f78,0x0000000745580000)
 Metaspace       used 20603K, capacity 20831K, committed 21120K, reserved 1069056K
  class space    used 2004K, capacity 2078K, committed 2176K, reserved 1048576K
Event: 13.136 GC heap after
Heap after GC invocations=3 (full 0):
 PSYoungGen      total 38400K, used 5090K [0x0000000795580000, 0x0000000798000000, 0x00000007c0000000)
  eden space 33280K, 0% used [0x0000000795580000,0x0000000795580000,0x0000000797600000)
  from space 5120K, 99% used [0x0000000797600000,0x0000000797af8af0,0x0000000797b00000)
  to   space 5120K, 0% used [0x0000000797b00000,0x0000000797b00000,0x0000000798000000)
 ParOldGen       total 87552K, used 10348K [0x0000000740000000, 0x0000000745580000, 0x0000000795580000)
  object space 87552K, 11% used [0x0000000740000000,0x0000000740a1b028,0x0000000745580000)
 Metaspace       used 20603K, capacity 20831K, committed 21120K, reserved 1069056K
  class space    used 2004K, capacity 2078K, committed 2176K, reserved 1048576K
}
Event: 13.881 GC heap before
{Heap before GC invocations=4 (full 0):
 PSYoungGen      total 38400K, used 38186K [0x0000000795580000, 0x0000000798000000, 0x00000007c0000000)
  eden space 33280K, 99% used [0x0000000795580000,0x00000007975d2040,0x0000000797600000)
  from space 5120K, 99% used [0x0000000797600000,0x0000000797af8af0,0x0000000797b00000)
  to   space 5120K, 0% used [0x0000000797b00000,0x0000000797b00000,0x0000000798000000)
 ParOldGen       total 87552K, used 10348K [0x0000000740000000, 0x0000000745580000, 0x0000000795580000)
  object space 87552K, 11% used [0x0000000740000000,0x0000000740a1b028,0x0000000745580000)
 Metaspace       used 20628K, capacity 20831K, committed 21120K, reserved 1069056K
  class space    used 2004K, capacity 2078K, committed 2176K, reserved 1048576K
Event: 13.888 GC heap after
Heap after GC invocations=4 (full 0):
 PSYoungGen      total 38400K, used 5106K [0x0000000795580000, 0x0000000798000000, 0x00000007c0000000)
  eden space 33280K, 0% used [0x0000000795580000,0x0000000795580000,0x0000000797600000)
  from space 5120K, 99% used [0x0000000797b00000,0x0000000797ffcb00,0x0000000798000000)
  to   space 5120K, 0% used [0x0000000797600000,0x0000000797600000,0x0000000797b00000)
 ParOldGen       total 87552K, used 17716K [0x0000000740000000, 0x0000000745580000, 0x0000000795580000)
  object space 87552K, 20% used [0x0000000740000000,0x000000074114d228,0x0000000745580000)
 Metaspace       used 20628K, capacity 20831K, committed 21120K, reserved 1069056K
  class space    used 2004K, capacity 2078K, committed 2176K, reserved 1048576K
}
Event: 14.531 GC heap before
{Heap before GC invocations=5 (full 0):
 PSYoungGen      total 38400K, used 38268K [0x0000000795580000, 0x0000000798000000, 0x00000007c0000000)
  eden space 33280K, 99% used [0x0000000795580000,0x00000007975e25c8,0x0000000797600000)
  from space 5120K, 99% used [0x0000000797b00000,0x0000000797ffcb00,0x0000000798000000)
  to   space 5120K, 0% used [0x0000000797600000,0x0000000797600000,0x0000000797b00000)
 ParOldGen       total 87552K, used 17716K [0x0000000740000000, 0x0000000745580000, 0x0000000795580000)
  object space 87552K, 20% used [0x0000000740000000,0x000000074114d228,0x0000000745580000)
 Metaspace       used 20677K, capacity 20895K, committed 21120K, reserved 1069056K
  class space    used 2004K, capacity 2078K, committed 2176K, reserved 1048576K
Event: 14.539 GC heap after
Heap after GC invocations=5 (full 0):
 PSYoungGen      total 37888K, used 5090K [0x0000000795580000, 0x0000000799480000, 0x00000007c0000000)
  eden space 32768K, 0% used [0x0000000795580000,0x0000000795580000,0x0000000797580000)
  from space 5120K, 99% used [0x0000000797600000,0x0000000797af8b00,0x0000000797b00000)
  to   space 15872K, 0% used [0x0000000798500000,0x0000000798500000,0x0000000799480000)
 ParOldGen       total 87552K, used 24669K [0x0000000740000000, 0x0000000745580000, 0x0000000795580000)
  object space 87552K, 28% used [0x0000000740000000,0x0000000741817498,0x0000000745580000)
 Metaspace       used 20677K, capacity 20895K, committed 21120K, reserved 1069056K
  class space    used 2004K, capacity 2078K, committed 2176K, reserved 1048576K
}
Event: 15.915 GC heap before
{Heap before GC invocations=6 (full 0):
 PSYoungGen      total 37888K, used 37840K [0x0000000795580000, 0x0000000799480000, 0x00000007c0000000)
  eden space 32768K, 99% used [0x0000000795580000,0x000000079757b8e0,0x0000000797580000)
  from space 5120K, 99% used [0x0000000797600000,0x0000000797af8b00,0x0000000797b00000)
  to   space 15872K, 0% used [0x0000000798500000,0x0000000798500000,0x0000000799480000)
 ParOldGen       total 87552K, used 24669K [0x0000000740000000, 0x0000000745580000, 0x0000000795580000)
  object space 87552K, 28% used [0x0000000740000000,0x0000000741817498,0x0000000745580000)
 Metaspace       used 20757K, capacity 20959K, committed 21120K, reserved 1069056K
  class space    used 2004K, capacity 2078K, committed 2176K, reserved 1048576K
Event: 15.924 GC heap after
Heap after GC invocations=6 (full 0):
 PSYoungGen      total 48128K, used 12147K [0x0000000795580000, 0x0000000799500000, 0x00000007c0000000)
  eden space 32256K, 0% used [0x0000000795580000,0x0000000795580000,0x0000000797500000)
  from space 15872K, 76% used [0x0000000798500000,0x00000007990dcca0,0x0000000799480000)
  to   space 16384K, 0% used [0x0000000797500000,0x0000000797500000,0x0000000798500000)
 ParOldGen       total 87552K, used 24669K [0x0000000740000000, 0x0000000745580000, 0x0000000795580000)
  object space 87552K, 28% used [0x0000000740000000,0x0000000741817498,0x0000000745580000)
 Metaspace       used 20757K, capacity 20959K, committed 21120K, reserved 1069056K
  class space    used 2004K, capacity 2078K, committed 2176K, reserved 1048576K
}
Event: 18.682 GC heap before
{Heap before GC invocations=7 (full 0):
 PSYoungGen      total 48128K, used 44403K [0x0000000795580000, 0x0000000799500000, 0x00000007c0000000)
  eden space 32256K, 100% used [0x0000000795580000,0x0000000797500000,0x0000000797500000)
  from space 15872K, 76% used [0x0000000798500000,0x00000007990dcca0,0x0000000799480000)
  to   space 16384K, 0% used [0x0000000797500000,0x0000000797500000,0x0000000798500000)
 ParOldGen       total 87552K, used 24669K [0x0000000740000000, 0x0000000745580000, 0x0000000795580000)
  object space 87552K, 28% used [0x0000000740000000,0x0000000741817498,0x0000000745580000)
 Metaspace       used 20792K, capacity 21023K, committed 21296K, reserved 1069056K
  class space    used 2004K, capacity 2078K, committed 2176K, reserved 1048576K
Event: 18.694 GC heap after
Heap after GC invocations=7 (full 0):
 PSYoungGen      total 48128K, used 14048K [0x0000000795580000, 0x0000000799680000, 0x00000007c0000000)
  eden space 31744K, 0% used [0x0000000795580000,0x0000000795580000,0x0000000797480000)
  from space 16384K, 85% used [0x0000000797500000,0x00000007982b8360,0x0000000798500000)
  to   space 17408K, 0% used [0x0000000798580000,0x0000000798580000,0x0000000799680000)
 ParOldGen       total 87552K, used 27657K [0x0000000740000000, 0x0000000745580000, 0x0000000795580000)
  object space 87552K, 31% used [0x0000000740000000,0x0000000741b025e8,0x0000000745580000)
 Metaspace       used 20792K, capacity 21023K, committed 21296K, reserved 1069056K
  class space    used 2004K, capacity 2078K, committed 2176K, reserved 1048576K
}

Deoptimization events (10 events):
Event: 13.312 Thread 0x00007ff469be1800 Uncommon trap: reason=null_check action=make_not_entrant pc=0x000000010b083f5c method=processing.opengl.PGraphicsOpenGL.initCache(Lprocessing/core/PImage;)Ljava/lang/Object; @ 14
Event: 13.562 Thread 0x00007ff469be1800 Uncommon trap: reason=unstable_if action=reinterpret pc=0x000000010aea1bb0 method=sun.misc.FloatingDecimal$BinaryToASCIIBuffer.developLongDigits(IJI)V @ 104
Event: 13.562 Thread 0x00007ff469be1800 Uncommon trap: reason=unstable_if action=reinterpret pc=0x000000010ae9f5f4 method=sun.misc.FloatingDecimal$BinaryToASCIIBuffer.getChars([C)I @ 94
Event: 13.562 Thread 0x00007ff469be1800 Uncommon trap: reason=unstable_if action=reinterpret pc=0x000000010aeabe8c method=java.text.DecimalFormat.subformat(Ljava/lang/StringBuffer;Ljava/text/Format$FieldDelegate;ZZIIII)Ljava/lang/StringBuffer; @ 753
Event: 13.562 Thread 0x00007ff469be1800 Uncommon trap: reason=unstable_if action=reinterpret pc=0x000000010aea4840 method=sun.misc.FloatingDecimal$BinaryToASCIIBuffer.developLongDigits(IJI)V @ 104
Event: 13.562 Thread 0x00007ff469be1800 Uncommon trap: reason=unstable_if action=reinterpret pc=0x000000010ae97ea4 method=java.text.DigitList.set(ZLjava/lang/String;ZZIZ)V @ 305
Event: 19.434 Thread 0x00007ff469be1800 Uncommon trap: reason=unstable_if action=reinterpret pc=0x000000010aaccf28 method=com.jogamp.common.util.VersionNumber.compareTo(Lcom/jogamp/common/util/VersionNumber;)I @ 21
Event: 19.466 Thread 0x00007ff46a1e4800 Uncommon trap: reason=unstable_if action=reinterpret pc=0x000000010ae753a0 method=java.util.HashMap.putVal(ILjava/lang/Object;Ljava/lang/Object;ZZ)Ljava/lang/Object; @ 81
Event: 19.466 Thread 0x00007ff46a1e4800 Uncommon trap: reason=unstable_if action=reinterpret pc=0x000000010adf2ab0 method=java.util.HashMap.putVal(ILjava/lang/Object;Ljava/lang/Object;ZZ)Ljava/lang/Object; @ 81
Event: 19.476 Thread 0x00007ff469be1800 Uncommon trap: reason=unstable_if action=reinterpret pc=0x000000010b01b298 method=java.security.AccessControlContext.optimize()Ljava/security/AccessControlContext; @ 233

Internal exceptions (10 events):
Event: 0.196 Thread 0x00007ff469010000 Exception <a 'java/lang/NoSuchFieldError': method resolution failed> (0x0000000795785c90) thrown at [/Users/java_re/workspace/8-2-build-macosx-x86_64/jdk8u91/6644/hotspot/src/share/vm/prims/methodHandles.cpp, line 1146]
Event: 0.198 Thread 0x00007ff469010000 Exception <a 'java/lang/NoSuchFieldError': method resolution failed> (0x0000000795793460) thrown at [/Users/java_re/workspace/8-2-build-macosx-x86_64/jdk8u91/6644/hotspot/src/share/vm/prims/methodHandles.cpp, line 1146]
Event: 0.353 Thread 0x00007ff469010000 Exception <a 'java/io/FileNotFoundException'> (0x000000079580f540) thrown at [/Users/java_re/workspace/8-2-build-macosx-x86_64/jdk8u91/6644/hotspot/src/share/vm/prims/jni.cpp, line 709]
Event: 0.353 Thread 0x00007ff469010000 Exception <a 'java/io/FileNotFoundException'> (0x00000007958100a8) thrown at [/Users/java_re/workspace/8-2-build-macosx-x86_64/jdk8u91/6644/hotspot/src/share/vm/prims/jni.cpp, line 709]
Event: 0.518 Thread 0x00007ff469010000 Exception <a 'java/io/FileNotFoundException'> (0x000000079594ba38) thrown at [/Users/java_re/workspace/8-2-build-macosx-x86_64/jdk8u91/6644/hotspot/src/share/vm/prims/jni.cpp, line 709]
Event: 2.530 Thread 0x00007ff469010000 Exception <a 'java/lang/UnsatisfiedLinkError': com.jogamp.common.util.JarUtil.fixNativeLibAttribs(Ljava/lang/String;)Z> (0x0000000796bd6048) thrown at [/Users/java_re/workspace/8-2-build-macosx-x86_64/jdk8u91/6644/hotspot/src/share/vm/prims/nativeLookup.c
Event: 2.871 Thread 0x00007ff46a050800 Exception <a 'java/lang/NullPointerException'> (0x00000007956a7068) thrown at [/Users/java_re/workspace/8-2-build-macosx-x86_64/jdk8u91/6644/hotspot/src/share/vm/interpreter/linkResolver.cpp, line 1178]
Event: 3.525 Thread 0x00007ff469be1800 Exception <a 'java/io/FileNotFoundException'> (0x0000000795f4f3b8) thrown at [/Users/java_re/workspace/8-2-build-macosx-x86_64/jdk8u91/6644/hotspot/src/share/vm/prims/jni.cpp, line 709]
Event: 3.526 Thread 0x00007ff469be1800 Exception <a 'java/io/FileNotFoundException'> (0x0000000795f55758) thrown at [/Users/java_re/workspace/8-2-build-macosx-x86_64/jdk8u91/6644/hotspot/src/share/vm/prims/jni.cpp, line 709]
Event: 3.526 Thread 0x00007ff469be1800 Implicit null exception at 0x000000010ab311b3 to 0x000000010ab31529

Events (10 events):
Event: 19.476 loading class java/awt/LightweightDispatcher$2 done
Event: 19.476 loading class java/awt/event/AWTEventListenerProxy
Event: 19.476 loading class java/awt/event/AWTEventListenerProxy done
Event: 19.476 Executing VM operation: Deoptimize
Event: 19.477 Executing VM operation: Deoptimize done
Event: 19.477 loading class java/awt/Toolkit$ToolkitEventMulticaster
Event: 19.477 loading class java/awt/Toolkit$ToolkitEventMulticaster done
Event: 19.477 Thread 0x00007ff46a1e4800 Thread exited: 0x00007ff46a1e4800
Event: 19.478 loading class java/awt/Window$1DisposeAction
Event: 19.478 loading class java/awt/Window$1DisposeAction done


Dynamic libraries:
0x0000000009285000 	/System/Library/Frameworks/Cocoa.framework/Versions/A/Cocoa
0x0000000009285000 	/System/Library/Frameworks/Security.framework/Versions/A/Security
0x0000000009285000 	/System/Library/Frameworks/ApplicationServices.framework/Versions/A/ApplicationServices
0x0000000009285000 	/usr/lib/libz.1.dylib
0x0000000009285000 	/usr/lib/libSystem.B.dylib
0x0000000009285000 	/usr/lib/libobjc.A.dylib
0x0000000009285000 	/System/Library/Frameworks/CoreFoundation.framework/Versions/A/CoreFoundation
0x0000000009285000 	/System/Library/Frameworks/Foundation.framework/Versions/C/Foundation
0x0000000009285000 	/System/Library/Frameworks/AppKit.framework/Versions/C/AppKit
0x0000000009285000 	/System/Library/Frameworks/CoreData.framework/Versions/A/CoreData
0x0000000009285000 	/System/Library/PrivateFrameworks/RemoteViewServices.framework/Versions/A/RemoteViewServices
0x0000000009285000 	/System/Library/PrivateFrameworks/UIFoundation.framework/Versions/A/UIFoundation
0x0000000009285000 	/usr/lib/libScreenReader.dylib
0x0000000009285000 	/System/Library/Frameworks/Accelerate.framework/Versions/A/Accelerate
0x0000000009285000 	/System/Library/Frameworks/IOSurface.framework/Versions/A/IOSurface
0x0000000009285000 	/System/Library/Frameworks/AudioToolbox.framework/Versions/A/AudioToolbox
0x0000000009285000 	/System/Library/Frameworks/AudioUnit.framework/Versions/A/AudioUnit
0x0000000009285000 	/System/Library/PrivateFrameworks/DataDetectorsCore.framework/Versions/A/DataDetectorsCore
0x0000000009285000 	/System/Library/PrivateFrameworks/DesktopServicesPriv.framework/Versions/A/DesktopServicesPriv
0x0000000009285000 	/System/Library/Frameworks/Carbon.framework/Versions/A/Frameworks/HIToolbox.framework/Versions/A/HIToolbox
0x0000000009285000 	/System/Library/Frameworks/QuartzCore.framework/Versions/A/QuartzCore
0x0000000009285000 	/System/Library/Frameworks/Carbon.framework/Versions/A/Frameworks/SpeechRecognition.framework/Versions/A/SpeechRecognition
0x0000000009285000 	/usr/lib/libauto.dylib
0x0000000009285000 	/usr/lib/libicucore.A.dylib
0x0000000009285000 	/usr/lib/libxml2.2.dylib
0x0000000009285000 	/System/Library/PrivateFrameworks/CoreUI.framework/Versions/A/CoreUI
0x0000000009285000 	/System/Library/Frameworks/CoreAudio.framework/Versions/A/CoreAudio
0x0000000009285000 	/System/Library/Frameworks/DiskArbitration.framework/Versions/A/DiskArbitration
0x0000000009285000 	/usr/lib/liblangid.dylib
0x0000000009285000 	/System/Library/PrivateFrameworks/MultitouchSupport.framework/Versions/A/MultitouchSupport
0x0000000009285000 	/System/Library/Frameworks/IOKit.framework/Versions/A/IOKit
0x0000000009285000 	/usr/lib/libDiagnosticMessagesClient.dylib
0x0000000009285000 	/System/Library/Frameworks/CoreServices.framework/Versions/A/CoreServices
0x0000000009285000 	/System/Library/PrivateFrameworks/PerformanceAnalysis.framework/Versions/A/PerformanceAnalysis
0x0000000009285000 	/System/Library/PrivateFrameworks/GenerationalStorage.framework/Versions/A/GenerationalStorage
0x0000000009285000 	/System/Library/Frameworks/OpenGL.framework/Versions/A/OpenGL
0x0000000009285000 	/System/Library/PrivateFrameworks/Sharing.framework/Versions/A/Sharing
0x0000000009285000 	/System/Library/Frameworks/CoreGraphics.framework/Versions/A/CoreGraphics
0x0000000009285000 	/System/Library/Frameworks/CoreImage.framework/Versions/A/CoreImage
0x0000000009285000 	/System/Library/Frameworks/CoreText.framework/Versions/A/CoreText
0x0000000009285000 	/System/Library/Frameworks/ImageIO.framework/Versions/A/ImageIO
0x0000000009285000 	/System/Library/PrivateFrameworks/Backup.framework/Versions/A/Backup
0x0000000009285000 	/usr/lib/libextension.dylib
0x0000000009285000 	/usr/lib/libarchive.2.dylib
0x0000000009285000 	/System/Library/Frameworks/CFNetwork.framework/Versions/A/CFNetwork
0x0000000009285000 	/System/Library/Frameworks/SystemConfiguration.framework/Versions/A/SystemConfiguration
0x0000000009285000 	/usr/lib/libCRFSuite.dylib
0x0000000009285000 	/usr/lib/libc++.1.dylib
0x0000000009285000 	/usr/lib/libc++abi.dylib
0x0000000009285000 	/usr/lib/system/libcache.dylib
0x0000000009285000 	/usr/lib/system/libcommonCrypto.dylib
0x0000000009285000 	/usr/lib/system/libcompiler_rt.dylib
0x0000000009285000 	/usr/lib/system/libcopyfile.dylib
0x0000000009285000 	/usr/lib/system/libcorecrypto.dylib
0x0000000009285000 	/usr/lib/system/libdispatch.dylib
0x0000000009285000 	/usr/lib/system/libdyld.dylib
0x0000000009285000 	/usr/lib/system/libkeymgr.dylib
0x0000000009285000 	/usr/lib/system/liblaunch.dylib
0x0000000009285000 	/usr/lib/system/libmacho.dylib
0x0000000009285000 	/usr/lib/system/libquarantine.dylib
0x0000000009285000 	/usr/lib/system/libremovefile.dylib
0x0000000009285000 	/usr/lib/system/libsystem_asl.dylib
0x0000000009285000 	/usr/lib/system/libsystem_blocks.dylib
0x0000000009285000 	/usr/lib/system/libsystem_c.dylib
0x0000000009285000 	/usr/lib/system/libsystem_configuration.dylib
0x0000000009285000 	/usr/lib/system/libsystem_coreservices.dylib
0x0000000009285000 	/usr/lib/system/libsystem_coretls.dylib
0x0000000009285000 	/usr/lib/system/libsystem_dnssd.dylib
0x0000000009285000 	/usr/lib/system/libsystem_info.dylib
0x0000000009285000 	/usr/lib/system/libsystem_kernel.dylib
0x0000000009285000 	/usr/lib/system/libsystem_m.dylib
0x0000000009285000 	/usr/lib/system/libsystem_malloc.dylib
0x0000000009285000 	/usr/lib/system/libsystem_network.dylib
0x0000000009285000 	/usr/lib/system/libsystem_networkextension.dylib
0x0000000009285000 	/usr/lib/system/libsystem_notify.dylib
0x0000000009285000 	/usr/lib/system/libsystem_platform.dylib
0x0000000009285000 	/usr/lib/system/libsystem_pthread.dylib
0x0000000009285000 	/usr/lib/system/libsystem_sandbox.dylib
0x0000000009285000 	/usr/lib/system/libsystem_secinit.dylib
0x0000000009285000 	/usr/lib/system/libsystem_trace.dylib
0x0000000009285000 	/usr/lib/system/libunc.dylib
0x0000000009285000 	/usr/lib/system/libunwind.dylib
0x0000000009285000 	/usr/lib/system/libxpc.dylib
0x0000000009285000 	/usr/lib/libenergytrace.dylib
0x0000000009285000 	/usr/lib/libbsm.0.dylib
0x0000000009285000 	/usr/lib/system/libkxld.dylib
0x0000000009285000 	/usr/lib/libxar.1.dylib
0x0000000009285000 	/usr/lib/libsqlite3.dylib
0x0000000009285000 	/usr/lib/libpam.2.dylib
0x0000000009285000 	/usr/lib/libOpenScriptingUtil.dylib
0x0000000009285000 	/usr/lib/libbz2.1.0.dylib
0x0000000009285000 	/usr/lib/liblzma.5.dylib
0x0000000009285000 	/System/Library/Frameworks/CoreServices.framework/Versions/A/Frameworks/FSEvents.framework/Versions/A/FSEvents
0x0000000009285000 	/System/Library/Frameworks/CoreServices.framework/Versions/A/Frameworks/CarbonCore.framework/Versions/A/CarbonCore
0x0000000009285000 	/System/Library/Frameworks/CoreServices.framework/Versions/A/Frameworks/Metadata.framework/Versions/A/Metadata
0x0000000009285000 	/System/Library/Frameworks/CoreServices.framework/Versions/A/Frameworks/OSServices.framework/Versions/A/OSServices
0x0000000009285000 	/System/Library/Frameworks/CoreServices.framework/Versions/A/Frameworks/SearchKit.framework/Versions/A/SearchKit
0x0000000009285000 	/System/Library/Frameworks/CoreServices.framework/Versions/A/Frameworks/AE.framework/Versions/A/AE
0x0000000009285000 	/System/Library/Frameworks/CoreServices.framework/Versions/A/Frameworks/LaunchServices.framework/Versions/A/LaunchServices
0x0000000009285000 	/System/Library/Frameworks/CoreServices.framework/Versions/A/Frameworks/DictionaryServices.framework/Versions/A/DictionaryServices
0x0000000009285000 	/System/Library/Frameworks/CoreServices.framework/Versions/A/Frameworks/SharedFileList.framework/Versions/A/SharedFileList
0x0000000009285000 	/System/Library/Frameworks/NetFS.framework/Versions/A/NetFS
0x0000000009285000 	/System/Library/PrivateFrameworks/NetAuth.framework/Versions/A/NetAuth
0x0000000009285000 	/System/Library/PrivateFrameworks/login.framework/Versions/A/Frameworks/loginsupport.framework/Versions/A/loginsupport
0x0000000009285000 	/System/Library/PrivateFrameworks/TCC.framework/Versions/A/TCC
0x0000000009285000 	/usr/lib/libmecabra.dylib
0x0000000009285000 	/System/Library/Frameworks/ApplicationServices.framework/Versions/A/Frameworks/ATS.framework/Versions/A/ATS
0x0000000009285000 	/System/Library/Frameworks/ApplicationServices.framework/Versions/A/Frameworks/ColorSync.framework/Versions/A/ColorSync
0x0000000009285000 	/System/Library/Frameworks/ApplicationServices.framework/Versions/A/Frameworks/HIServices.framework/Versions/A/HIServices
0x0000000009285000 	/System/Library/Frameworks/ApplicationServices.framework/Versions/A/Frameworks/LangAnalysis.framework/Versions/A/LangAnalysis
0x0000000009285000 	/System/Library/Frameworks/ApplicationServices.framework/Versions/A/Frameworks/PrintCore.framework/Versions/A/PrintCore
0x0000000009285000 	/System/Library/Frameworks/ApplicationServices.framework/Versions/A/Frameworks/QD.framework/Versions/A/QD
0x0000000009285000 	/System/Library/Frameworks/ApplicationServices.framework/Versions/A/Frameworks/SpeechSynthesis.framework/Versions/A/SpeechSynthesis
0x0000000009285000 	/System/Library/Frameworks/Metal.framework/Versions/A/Metal
0x0000000009285000 	/System/Library/Frameworks/Accelerate.framework/Versions/A/Frameworks/vImage.framework/Versions/A/vImage
0x0000000009285000 	/System/Library/Frameworks/Accelerate.framework/Versions/A/Frameworks/vecLib.framework/Versions/A/vecLib
0x0000000009285000 	/System/Library/Frameworks/Accelerate.framework/Versions/A/Frameworks/vecLib.framework/Versions/A/libvDSP.dylib
0x0000000009285000 	/System/Library/Frameworks/Accelerate.framework/Versions/A/Frameworks/vecLib.framework/Versions/A/libvMisc.dylib
0x0000000009285000 	/System/Library/Frameworks/Accelerate.framework/Versions/A/Frameworks/vecLib.framework/Versions/A/libLAPACK.dylib
0x0000000009285000 	/System/Library/Frameworks/Accelerate.framework/Versions/A/Frameworks/vecLib.framework/Versions/A/libBLAS.dylib
0x0000000009285000 	/System/Library/Frameworks/Accelerate.framework/Versions/A/Frameworks/vecLib.framework/Versions/A/libLinearAlgebra.dylib
0x0000000009285000 	/System/Library/Frameworks/Accelerate.framework/Versions/A/Frameworks/vecLib.framework/Versions/A/libSparseBLAS.dylib
0x0000000009285000 	/System/Library/PrivateFrameworks/GPUCompiler.framework/libmetal_timestamp.dylib
0x0000000009285000 	/System/Library/Frameworks/OpenGL.framework/Versions/A/Libraries/libCoreFSCache.dylib
0x0000000009285000 	/System/Library/PrivateFrameworks/IOAccelerator.framework/Versions/A/IOAccelerator
0x0000000009285000 	/System/Library/Frameworks/ApplicationServices.framework/Versions/A/Frameworks/ATS.framework/Versions/A/Resources/libFontParser.dylib
0x0000000009285000 	/System/Library/Frameworks/ApplicationServices.framework/Versions/A/Frameworks/ATS.framework/Versions/A/Resources/libFontRegistry.dylib
0x0000000009285000 	/System/Library/PrivateFrameworks/AppleVPA.framework/Versions/A/AppleVPA
0x0000000009285000 	/System/Library/PrivateFrameworks/AppleJPEG.framework/Versions/A/AppleJPEG
0x0000000009285000 	/System/Library/Frameworks/ImageIO.framework/Versions/A/Resources/libJPEG.dylib
0x0000000009285000 	/System/Library/Frameworks/ImageIO.framework/Versions/A/Resources/libTIFF.dylib
0x0000000009285000 	/System/Library/Frameworks/ImageIO.framework/Versions/A/Resources/libPng.dylib
0x0000000009285000 	/System/Library/Frameworks/ImageIO.framework/Versions/A/Resources/libGIF.dylib
0x0000000009285000 	/System/Library/Frameworks/ImageIO.framework/Versions/A/Resources/libJP2.dylib
0x0000000009285000 	/System/Library/Frameworks/ImageIO.framework/Versions/A/Resources/libRadiance.dylib
0x0000000009285000 	/System/Library/Frameworks/CoreVideo.framework/Versions/A/CoreVideo
0x0000000009285000 	/System/Library/Frameworks/OpenGL.framework/Versions/A/Libraries/libGLU.dylib
0x0000000009285000 	/System/Library/Frameworks/OpenGL.framework/Versions/A/Libraries/libGFXShared.dylib
0x0000000009285000 	/System/Library/Frameworks/OpenGL.framework/Versions/A/Libraries/libGL.dylib
0x0000000009285000 	/System/Library/Frameworks/OpenGL.framework/Versions/A/Libraries/libGLImage.dylib
0x0000000009285000 	/System/Library/Frameworks/OpenGL.framework/Versions/A/Libraries/libCVMSPluginSupport.dylib
0x0000000009285000 	/System/Library/Frameworks/OpenGL.framework/Versions/A/Libraries/libCoreVMClient.dylib
0x0000000009285000 	/usr/lib/libcups.2.dylib
0x0000000009285000 	/System/Library/Frameworks/Kerberos.framework/Versions/A/Kerberos
0x0000000009285000 	/System/Library/Frameworks/GSS.framework/Versions/A/GSS
0x0000000009285000 	/usr/lib/libresolv.9.dylib
0x0000000009285000 	/usr/lib/libiconv.2.dylib
0x0000000009285000 	/System/Library/PrivateFrameworks/Heimdal.framework/Versions/A/Heimdal
0x0000000009285000 	/usr/lib/libheimdal-asn1.dylib
0x0000000009285000 	/System/Library/Frameworks/OpenDirectory.framework/Versions/A/OpenDirectory
0x0000000009285000 	/System/Library/PrivateFrameworks/CommonAuth.framework/Versions/A/CommonAuth
0x0000000009285000 	/System/Library/Frameworks/OpenDirectory.framework/Versions/A/Frameworks/CFOpenDirectory.framework/Versions/A/CFOpenDirectory
0x0000000009285000 	/System/Library/Frameworks/SecurityFoundation.framework/Versions/A/SecurityFoundation
0x0000000009285000 	/System/Library/PrivateFrameworks/LanguageModeling.framework/Versions/A/LanguageModeling
0x0000000009285000 	/usr/lib/libmarisa.dylib
0x0000000009285000 	/usr/lib/libChineseTokenizer.dylib
0x0000000009285000 	/usr/lib/libcmph.dylib
0x0000000009285000 	/usr/lib/libcompression.dylib
0x0000000009285000 	/System/Library/Frameworks/ServiceManagement.framework/Versions/A/ServiceManagement
0x0000000009285000 	/usr/lib/libxslt.1.dylib
0x0000000009285000 	/System/Library/Frameworks/Carbon.framework/Versions/A/Frameworks/Ink.framework/Versions/A/Ink
0x0000000009285000 	/usr/lib/libFosl_dynamic.dylib
0x0000000009285000 	/System/Library/PrivateFrameworks/FaceCore.framework/Versions/A/FaceCore
0x0000000009285000 	/System/Library/Frameworks/OpenCL.framework/Versions/A/OpenCL
0x0000000009285000 	/System/Library/PrivateFrameworks/CrashReporterSupport.framework/Versions/A/CrashReporterSupport
0x0000000009285000 	/System/Library/PrivateFrameworks/IconServices.framework/Versions/A/IconServices
0x0000000009285000 	/System/Library/PrivateFrameworks/Apple80211.framework/Versions/A/Apple80211
0x0000000009285000 	/System/Library/Frameworks/CoreWLAN.framework/Versions/A/CoreWLAN
0x0000000009285000 	/System/Library/Frameworks/IOBluetooth.framework/Versions/A/IOBluetooth
0x0000000009285000 	/System/Library/PrivateFrameworks/CoreWiFi.framework/Versions/A/CoreWiFi
0x0000000009285000 	/System/Library/Frameworks/CoreBluetooth.framework/Versions/A/CoreBluetooth
0x0000000009285000 	/System/Library/PrivateFrameworks/ChunkingLibrary.framework/Versions/A/ChunkingLibrary
0x0000000009285000 	/System/Library/PrivateFrameworks/DebugSymbols.framework/Versions/A/DebugSymbols
0x0000000009285000 	/System/Library/PrivateFrameworks/CoreSymbolication.framework/Versions/A/CoreSymbolication
0x0000000009285000 	/System/Library/PrivateFrameworks/Symbolication.framework/Versions/A/Symbolication
0x0000000009285000 	/System/Library/PrivateFrameworks/SpeechRecognitionCore.framework/Versions/A/SpeechRecognitionCore
0x0000000109a00000 	/Library/Java/JavaVirtualMachines/jdk1.8.0_91.jdk/Contents/Home/jre/lib/server/libjvm.dylib
0x0000000009285000 	/usr/lib/libstdc++.6.dylib
0x00000001090ba000 	/Library/Java/JavaVirtualMachines/jdk1.8.0_91.jdk/Contents/Home/jre/lib/libverify.dylib
0x00000001090c8000 	/Library/Java/JavaVirtualMachines/jdk1.8.0_91.jdk/Contents/Home/jre/lib/libjava.dylib
0x0000000109107000 	/Library/Java/JavaVirtualMachines/jdk1.8.0_91.jdk/Contents/Home/jre/lib/libzip.dylib
0x000000012020b000 	/System/Library/Frameworks/JavaVM.framework/Frameworks/JavaRuntimeSupport.framework/JavaRuntimeSupport
0x0000000120226000 	/System/Library/Frameworks/JavaVM.framework/Versions/A/Frameworks/JavaNativeFoundation.framework/Versions/A/JavaNativeFoundation
0x000000012023b000 	/System/Library/Frameworks/JavaVM.framework/Versions/A/JavaVM
0x0000000009285000 	/System/Library/Frameworks/Carbon.framework/Versions/A/Carbon
0x0000000120248000 	/System/Library/PrivateFrameworks/JavaLaunching.framework/Versions/A/JavaLaunching
0x0000000009285000 	/System/Library/Frameworks/Carbon.framework/Versions/A/Frameworks/CommonPanels.framework/Versions/A/CommonPanels
0x0000000009285000 	/System/Library/Frameworks/Carbon.framework/Versions/A/Frameworks/Help.framework/Versions/A/Help
0x0000000009285000 	/System/Library/Frameworks/Carbon.framework/Versions/A/Frameworks/ImageCapture.framework/Versions/A/ImageCapture
0x0000000009285000 	/System/Library/Frameworks/Carbon.framework/Versions/A/Frameworks/OpenScripting.framework/Versions/A/OpenScripting
0x0000000009285000 	/System/Library/Frameworks/Carbon.framework/Versions/A/Frameworks/Print.framework/Versions/A/Print
0x0000000009285000 	/System/Library/Frameworks/Carbon.framework/Versions/A/Frameworks/SecurityHI.framework/Versions/A/SecurityHI
0x0000000121b68000 	/Library/Java/JavaVirtualMachines/jdk1.8.0_91.jdk/Contents/Home/jre/lib/libawt.dylib
0x0000000121c10000 	/Library/Java/JavaVirtualMachines/jdk1.8.0_91.jdk/Contents/Home/jre/lib/./libmlib_image.dylib
0x0000000121cdc000 	/Library/Java/JavaVirtualMachines/jdk1.8.0_91.jdk/Contents/Home/jre/lib/libawt_lwawt.dylib
0x0000000121d91000 	/Library/Java/JavaVirtualMachines/jdk1.8.0_91.jdk/Contents/Home/jre/lib/./libosxapp.dylib
0x0000000009285000 	/System/Library/Frameworks/ExceptionHandling.framework/Versions/A/ExceptionHandling
0x0000000009285000 	/System/Library/PrivateFrameworks/CoreServicesInternal.framework/Versions/A/CoreServicesInternal
0x0000000009285000 	/System/Library/Frameworks/CoreGraphics.framework/Versions/A/Resources/libRIP.A.dylib
0x0000000009285000 	/System/Library/Frameworks/Accelerate.framework/Versions/A/Frameworks/vImage.framework/Versions/A/Libraries/libCGInterfaces.dylib
0x0000000009285000 	/System/Library/Frameworks/CoreGraphics.framework/Versions/A/Resources/libCGXType.A.dylib
0x0000000009285000 	/System/Library/Frameworks/OpenCL.framework/Versions/A/Libraries/libcldcpuengine.dylib
0x0000000009285000 	/System/Library/PrivateFrameworks/DiskImages.framework/Versions/A/DiskImages
0x0000000009285000 	/System/Library/Frameworks/DiscRecording.framework/Versions/A/DiscRecording
0x0000000009285000 	/usr/lib/libcsfde.dylib
0x0000000009285000 	/usr/lib/libcurl.4.dylib
0x0000000009285000 	/System/Library/PrivateFrameworks/MediaKit.framework/Versions/A/MediaKit
0x0000000009285000 	/System/Library/PrivateFrameworks/ProtectedCloudStorage.framework/Versions/A/ProtectedCloudStorage
0x0000000009285000 	/usr/lib/libCoreStorage.dylib
0x0000000009285000 	/System/Library/PrivateFrameworks/EFILogin.framework/Versions/A/EFILogin
0x0000000009285000 	/usr/lib/libutil.dylib
0x0000000009285000 	/System/Library/PrivateFrameworks/FindMyDevice.framework/Versions/A/FindMyDevice
0x0000000009285000 	/System/Library/Frameworks/LDAP.framework/Versions/A/LDAP
0x0000000009285000 	/usr/lib/libsasl2.2.dylib
0x0000000009285000 	/System/Library/PrivateFrameworks/CoreDaemon.framework/Versions/B/CoreDaemon
0x0000000009285000 	/usr/lib/libcrypto.0.9.8.dylib
0x0000000009285000 	/System/Library/PrivateFrameworks/AppleSRP.framework/Versions/A/AppleSRP
0x0000000009285000 	/System/Library/PrivateFrameworks/TrustEvaluationAgent.framework/Versions/A/TrustEvaluationAgent
0x00000001234ea000 	cl_kernels
0x0000000009285000 	/System/Library/Frameworks/OpenCL.framework/Versions/A/Libraries/ImageFormats/unorm8_bgra.dylib
0x0000000009285000 	/System/Library/Frameworks/OpenCL.framework/Versions/A/Libraries/ImageFormats/unorm8_rgba.dylib
0x0000000009285000 	/System/Library/PrivateFrameworks/FamilyControls.framework/Versions/A/FamilyControls
0x0000000009285000 	/System/Library/PrivateFrameworks/CommerceKit.framework/Versions/A/Frameworks/CommerceCore.framework/Versions/A/CommerceCore
0x0000000009285000 	/System/Library/PrivateFrameworks/SystemAdministration.framework/Versions/A/SystemAdministration
0x0000000009285000 	/System/Library/PrivateFrameworks/AppContainer.framework/Versions/A/AppContainer
0x0000000009285000 	/System/Library/PrivateFrameworks/SecCodeWrapper.framework/Versions/A/SecCodeWrapper
0x0000000009285000 	/System/Library/Frameworks/DirectoryService.framework/Versions/A/DirectoryService
0x0000000009285000 	/System/Library/PrivateFrameworks/LoginUIKit.framework/Versions/A/Frameworks/LoginUICore.framework/Versions/A/LoginUICore
0x0000000009285000 	/usr/lib/libodfde.dylib
0x0000000009285000 	/System/Library/Frameworks/OpenGL.framework/Versions/A/Resources/GLEngine.bundle/GLEngine
0x0000000009285000 	/System/Library/Frameworks/OpenGL.framework/Versions/A/Libraries/libGLProgrammability.dylib
0x000000012457a000 	/System/Library/Extensions/AMDRadeonX3000GLDriver.bundle/Contents/MacOS/AMDRadeonX3000GLDriver
0x0000000009285000 	/System/Library/PrivateFrameworks/GPUSupport.framework/Versions/A/Libraries/libGPUSupportMercury.dylib
0x0000000124659000 	/System/Library/Extensions/AMDRadeonX3000GLDriver.bundle/Contents/MacOS/ATIRadeonX3000SCLib.dylib
0x0000000009285000 	/System/Library/Frameworks/OpenGL.framework/Versions/A/Resources/GLRendererFloat.bundle/GLRendererFloat
0x0000000124946000 	/Library/Java/JavaVirtualMachines/jdk1.8.0_91.jdk/Contents/Home/jre/lib/libfontmanager.dylib
0x0000000125621000 	/Library/Java/JavaVirtualMachines/jdk1.8.0_91.jdk/Contents/Home/jre/lib/libosxui.dylib
0x000000012634d000 	/Library/Java/JavaVirtualMachines/jdk1.8.0_91.jdk/Contents/Home/jre/lib/libnet.dylib
0x0000000126092000 	/Library/Java/JavaVirtualMachines/jdk1.8.0_91.jdk/Contents/Home/jre/lib/libnio.dylib
0x0000000009285000 	/System/Library/Frameworks/ApplicationServices.framework/Versions/A/Frameworks/ATS.framework/Versions/A/Resources/libTrueTypeScaler.dylib
0x000000018b3ad000 	/private/var/folders/tq/5cybh0451bx2v8l5x53f9c_h0000gn/T/jogamp_0000/file_cache/jln3175324468280561936/jln2718190164784706707/libgluegen-rt.jnilib
0x000000012531d000 	/private/var/folders/tq/5cybh0451bx2v8l5x53f9c_h0000gn/T/jogamp_0000/file_cache/jln3175324468280561936/jln2718190164784706707/libnativewindow_awt.jnilib
0x0000000125329000 	/Library/Java/JavaVirtualMachines/jdk1.8.0_91.jdk/Contents/Home/jre/lib/libjawt.dylib
0x000000018b3b1000 	/private/var/folders/tq/5cybh0451bx2v8l5x53f9c_h0000gn/T/jogamp_0000/file_cache/jln3175324468280561936/jln2718190164784706707/libnativewindow_macosx.jnilib
0x000000018d23d000 	/private/var/folders/tq/5cybh0451bx2v8l5x53f9c_h0000gn/T/jogamp_0000/file_cache/jln3175324468280561936/jln2718190164784706707/libjogl_desktop.jnilib

VM Arguments:
jvm_args: -Djava.security.policy=java.policy.applet -Dfile.encoding=UTF-8 
java_command: sun.applet.AppletViewer module3.EarthquakeCityMap1463548668205.html
java_class_path (initial): /Users/limhoktan/Documents/workspace/UCSDUnfoldingMaps/build:/Users/limhoktan/Documents/workspace/UCSDUnfoldingMaps/lib/core.jar:/Users/limhoktan/Documents/workspace/UCSDUnfoldingMaps/lib/gluegen-rt.jar:/Users/limhoktan/Documents/workspace/UCSDUnfoldingMaps/lib/jogl-all.jar:/Users/limhoktan/Documents/workspace/UCSDUnfoldingMaps/lib/log4j-1.2.15.jar:/Users/limhoktan/Documents/workspace/UCSDUnfoldingMaps/lib/sqlite-jdbc-3.7.2.jar:/Users/limhoktan/Documents/workspace/UCSDUnfoldingMaps/lib/json4processing.jar:/Users/limhoktan/Documents/workspace/UCSDUnfoldingMaps/lib/libTUIO.jar:/Users/limhoktan/Documents/workspace/UCSDUnfoldingMaps/lib/unfolding.0.9.7-uscd.jar
Launcher Type: SUN_STANDARD

Environment Variables:
PATH=/usr/bin:/bin:/usr/sbin:/sbin
SHELL=/bin/bash
DISPLAY=/private/tmp/com.apple.launchd.3cFrEfN4Lz/org.macosforge.xquartz:0

Signal Handlers:
SIGSEGV: [libjvm.dylib+0x5a97a1], sa_mask[0]=11111111011111110111111111111111, sa_flags=SA_ONSTACK|SA_RESTART|SA_SIGINFO
SIGBUS: [libjvm.dylib+0x5a97a1], sa_mask[0]=11111111011111110111111111111111, sa_flags=SA_RESTART|SA_SIGINFO
SIGFPE: [libjvm.dylib+0x482594], sa_mask[0]=11111111011111110111111111111111, sa_flags=SA_RESTART|SA_SIGINFO
SIGPIPE: [libjvm.dylib+0x482594], sa_mask[0]=11111111011111110111111111111111, sa_flags=SA_RESTART|SA_SIGINFO
SIGXFSZ: [libjvm.dylib+0x482594], sa_mask[0]=11111111011111110111111111111111, sa_flags=SA_RESTART|SA_SIGINFO
SIGILL: [libjvm.dylib+0x482594], sa_mask[0]=11111111011111110111111111111111, sa_flags=SA_RESTART|SA_SIGINFO
SIGUSR1: SIG_DFL, sa_mask[0]=00000000000000000000000000000000, sa_flags=none
SIGUSR2: [libjvm.dylib+0x4820b2], sa_mask[0]=00100000000000000000000000000000, sa_flags=SA_RESTART|SA_SIGINFO
SIGHUP: [libjvm.dylib+0x480689], sa_mask[0]=11111111011111110111111111111111, sa_flags=SA_RESTART|SA_SIGINFO
SIGINT: [libjvm.dylib+0x480689], sa_mask[0]=11111111011111110111111111111111, sa_flags=SA_RESTART|SA_SIGINFO
SIGTERM: [libjvm.dylib+0x480689], sa_mask[0]=11111111011111110111111111111111, sa_flags=SA_RESTART|SA_SIGINFO
SIGQUIT: [libjvm.dylib+0x480689], sa_mask[0]=11111111011111110111111111111111, sa_flags=SA_RESTART|SA_SIGINFO


---------------  S Y S T E M  ---------------

OS:Bsduname:Darwin 15.4.0 Darwin Kernel Version 15.4.0: Fri Feb 26 22:08:05 PST 2016; root:xnu-3248.40.184~3/RELEASE_X86_64 x86_64
rlimit: STACK 8192k, CORE 0k, NPROC 709, NOFILE 10240, AS infinity
load average:4.35 3.99 3.54

CPU:total 4 (4 cores per cpu, 1 threads per core) family 6 model 30 stepping 5, cmov, cx8, fxsr, mmx, sse, sse2, sse3, ssse3, sse4.1, sse4.2, popcnt, tsc, tscinvbit

Memory: 4k page, physical 8388608k(634128k free)

/proc/meminfo:


vm_info: Java HotSpot(TM) 64-Bit Server VM (25.91-b14) for bsd-amd64 JRE (1.8.0_91-b14), built on Apr  1 2016 01:03:00 by "java_re" with gcc 4.2.1 (Based on Apple Inc. build 5658) (LLVM build 2336.11.00)

time: Tue May 17 22:18:07 2016
elapsed time: 19 seconds (0d 0h 0m 19s)

