#
# A fatal error has been detected by the Java Runtime Environment:
#
#  SIGSEGV (0xb) at pc=0x00007fff97b0215f, pid=19421, tid=2571
#
# JRE version: Java(TM) SE Runtime Environment (8.0_91-b14) (build 1.8.0_91-b14)
# Java VM: Java HotSpot(TM) 64-Bit Server VM (25.91-b14 mixed mode bsd-amd64 compressed oops)
# Problematic frame:
# C  [libobjc.A.dylib+0x915f]  objc_release+0xf
#
# Failed to write core dump. Core dumps have been disabled. To enable core dumping, try "ulimit -c unlimited" before starting Java again
#
# If you would like to submit a bug report, please visit:
#   http://bugreport.java.com/bugreport/crash.jsp
# The crash happened outside the Java Virtual Machine in native code.
# See problematic frame for where to report the bug.
#

---------------  T H R E A D  ---------------

Current thread (0x00007fbb118d4800):  JavaThread "AWT-AppKit" daemon [_thread_in_native, id=2571, stack(0x00007fff57899000,0x00007fff58099000)]

siginfo: si_signo: 11 (SIGSEGV), si_code: 0 (unknown), si_addr: 0x0000000000000000

Registers:
RAX=0x0000000000000008, RBX=0x0000000000000000, RCX=0x0000000000000003, RDX=0x00007fbb15ca5158
RSP=0x00007fff580942e8, RBP=0x00007fff58094310, RSI=0x0000000120a83f10, RDI=0x500007fbb15ca25a
R8 =0x0000000000000001, R9 =0x00007fbb15ca25a0, R10=0x00007fbb11dcd220, R11=0x000000018a10d840
R12=0x0000000000000000, R13=0x000000018e03a490, R14=0x00007fbb15ca0f00, R15=0x00007fbb118d4800
RIP=0x00007fff97b0215f, EFLAGS=0x0000000000010246, ERR=0x0000000000000000
  TRAPNO=0x000000000000000d

Top of Stack: (sp=0x00007fff580942e8)
0x00007fff580942e8:   0000000120a0d43f 00007fff58094310
0x00007fff580942f8:   000000018a10d450 000000018a10d440
0x00007fff58094308:   00007fbb118d4800 00007fff580943d0
0x00007fff58094318:   000000018a10b215 000000018a10d700
0x00007fff58094328:   000000018a10d6e0 000000018a10d4b0
0x00007fff58094338:   0000000000000000 000000018e03a490
0x00007fff58094348:   000000018e03a490 00007fbb15ca5150
0x00007fff58094358:   000000018a10d6a0 000000018a10d710
0x00007fff58094368:   00007fff7a8e6770 00007fff7c4f4500
0x00007fff58094378:   000000018a10d450 000000018a10d690
0x00007fff58094388:   00007fbb15ca5150 00007fbb15ca0f00
0x00007fff58094398:   00007fbb10f3e9c0 00007fbb15ca5150
0x00007fff580943a8:   00007fbb15ca0f00 00007fff58094458
0x00007fff580943b8:   00007fbb118d49f8 000000018e03a490
0x00007fff580943c8:   00007fff58094480 00007fff58094448
0x00007fff580943d8:   00000001095e7814 000000018e03a490
0x00007fff580943e8:   00007fff58094480 00007fff58094448
0x00007fff580943f8:   00000001095e75a7 00000001095e7562
0x00007fff58094408:   00007fff58094408 000000018e03a490
0x00007fff58094418:   00007fff58094480 000000018e03d0c8
0x00007fff58094428:   0000000000000000 000000018e03a490
0x00007fff58094438:   0000000000000000 00007fff58094468
0x00007fff58094448:   00007fff580944c8 00000001095da2bd
0x00007fff58094458:   0000000743a96818 00000001095e3538
0x00007fff58094468:   00007fbb15ca5150 00007fff580944c8
0x00007fff58094478:   00007fbb15ca0f00 00000001095e4e02
0x00007fff58094488:   00007fff58094488 000000018e03a65a
0x00007fff58094498:   00007fff580944f0 000000018e03d0c8
0x00007fff580944a8:   0000000000000000 000000018e03a668
0x00007fff580944b8:   00007fff58094468 00007fff580944d8
0x00007fff580944c8:   00007fff58094538 00000001095da2bd
0x00007fff580944d8:   00007fbb15ca5150 00000007439c0440 

Instructions: (pc=0x00007fff97b0215f)
0x00007fff97b0213f:   5c 41 5d 41 5e 41 5f 5d c3 90 90 90 90 90 90 90
0x00007fff97b0214f:   90 48 85 ff 0f 84 80 00 00 00 40 f6 c7 01 75 7a
0x00007fff97b0215f:   48 8b 07 48 b9 f8 ff ff ff ff 7f 00 00 48 21 c1
0x00007fff97b0216f:   f6 41 20 02 75 0f 48 8d 05 9c ed f7 e3 48 8b 30 

Register to memory mapping:

RAX=0x0000000000000008 is an unknown value
RBX=0x0000000000000000 is an unknown value
RCX=0x0000000000000003 is an unknown value
RDX=0x00007fbb15ca5158 is an unknown value
RSP=0x00007fff580942e8 is pointing into the stack for thread: 0x00007fbb118d4800
RBP=0x00007fff58094310 is pointing into the stack for thread: 0x00007fbb118d4800
RSI=0x0000000120a83f10: OBJC_IVAR_$_PrinterView.fCurPeekGraphics+0x1aa0 in /Library/Java/JavaVirtualMachines/jdk1.8.0_91.jdk/Contents/Home/jre/lib/libawt_lwawt.dylib at 0x0000000120a09000
RDI=0x500007fbb15ca25a is an unknown value
R8 =0x0000000000000001 is an unknown value
R9 =0x00007fbb15ca25a0 is an unknown value
R10=0x00007fbb11dcd220 is an unknown value
R11=0x000000018a10d840: OBJC_CLASS_$_MyCALayer+0 in /private/var/folders/tq/5cybh0451bx2v8l5x53f9c_h0000gn/T/jogamp_0000/file_cache/jln558732257945414703/jln7264640848157885476/libnativewindow_macosx.jnilib at 0x000000018a106000
R12=0x0000000000000000 is an unknown value
R13={method} {0x000000018e03a490} 'UnsetJAWTRootSurfaceLayer0' '(JJ)V' in 'jogamp/nativewindow/jawt/macosx/MacOSXJAWTWindow'
R14=0x00007fbb15ca0f00 is an unknown value
R15=0x00007fbb118d4800 is a thread


Stack: [0x00007fff57899000,0x00007fff58099000],  sp=0x00007fff580942e8,  free space=8172k
Native frames: (J=compiled Java code, j=interpreted, Vv=VM code, C=native code)
C  [libobjc.A.dylib+0x915f]  objc_release+0xf
C  [libnativewindow_macosx.jnilib+0x5215]  Java_jogamp_nativewindow_jawt_macosx_MacOSXJAWTWindow_UnsetJAWTRootSurfaceLayer0+0x1a5
j  jogamp.nativewindow.jawt.macosx.MacOSXJAWTWindow.UnsetJAWTRootSurfaceLayer0(JJ)V+0
j  jogamp.nativewindow.jawt.macosx.MacOSXJAWTWindow.access$200(JJ)V+2
j  jogamp.nativewindow.jawt.macosx.MacOSXJAWTWindow$1.run()V+38
J 2978 C1 com.jogamp.common.util.RunnableTask.run()V (345 bytes) @ 0x0000000109b31894 [0x0000000109b31700+0x194]
v  ~StubRoutines::call_stub
V  [libjvm.dylib+0x2ec1e6]  JavaCalls::call_helper(JavaValue*, methodHandle*, JavaCallArguments*, Thread*)+0x6ae
V  [libjvm.dylib+0x323355]  jni_invoke_nonstatic(JNIEnv_*, JavaValue*, _jobject*, JNICallType, _jmethodID*, JNI_ArgumentPusher*, Thread*)+0x2ec
V  [libjvm.dylib+0x315b23]  jni_CallVoidMethod+0x16b
C  [libnativewindow_macosx.jnilib+0x5326]  Java_jogamp_nativewindow_jawt_macosx_MacOSXJAWTWindow_UnsetJAWTRootSurfaceLayer0+0x2b6
C  [Foundation+0x76f5e]  __NSThreadPerformPerform+0x117
C  [CoreFoundation+0xaa881]  __CFRUNLOOP_IS_CALLING_OUT_TO_A_SOURCE0_PERFORM_FUNCTION__+0x11
C  [CoreFoundation+0x89f37]  __CFRunLoopDoSources0+0x1a7
C  [CoreFoundation+0x894df]  __CFRunLoopRun+0x39f
C  [CoreFoundation+0x88ed8]  CFRunLoopRunSpecific+0x128
C  [HIToolbox+0x30935]  RunCurrentEventLoopInMode+0xeb
C  [HIToolbox+0x30677]  ReceiveNextEventCommon+0xb8
C  [HIToolbox+0x305af]  _BlockUntilNextEventMatchingListInModeWithFilter+0x47
C  [AppKit+0x48efa]  _DPSNextEvent+0x42b
C  [AppKit+0x4832a]  -[NSApplication _nextEventMatchingEventMask:untilDate:inMode:dequeue:]+0x1c6
C  [libosxapp.dylib+0x23aa]  -[NSApplicationAWT nextEventMatchingMask:untilDate:inMode:dequeue:]+0x7c
C  [AppKit+0x3ce84]  -[NSApplication run]+0x2aa
C  [libosxapp.dylib+0x214d]  +[NSApplicationAWT runAWTLoopWithApp:]+0x9c
C  [libawt_lwawt.dylib+0x4455b]  -[AWTStarter starter:]+0x389
C  [Foundation+0x76f5e]  __NSThreadPerformPerform+0x117
C  [CoreFoundation+0xaa881]  __CFRUNLOOP_IS_CALLING_OUT_TO_A_SOURCE0_PERFORM_FUNCTION__+0x11
C  [CoreFoundation+0x89fbc]  __CFRunLoopDoSources0+0x22c
C  [CoreFoundation+0x894df]  __CFRunLoopRun+0x39f
C  [CoreFoundation+0x88ed8]  CFRunLoopRunSpecific+0x128
C  [java+0x6463]  CreateExecutionEnvironment+0x367
C  [java+0x21ac]  JLI_Launch+0x7a0
C  [java+0x84c0]  main+0x65
C  [java+0x1a04]  start+0x34
C  0x0000000000000007

Java frames: (J=compiled Java code, j=interpreted, Vv=VM code)
j  jogamp.nativewindow.jawt.macosx.MacOSXJAWTWindow.UnsetJAWTRootSurfaceLayer0(JJ)V+0
j  jogamp.nativewindow.jawt.macosx.MacOSXJAWTWindow.access$200(JJ)V+2
j  jogamp.nativewindow.jawt.macosx.MacOSXJAWTWindow$1.run()V+38
J 2978 C1 com.jogamp.common.util.RunnableTask.run()V (345 bytes) @ 0x0000000109b31894 [0x0000000109b31700+0x194]
v  ~StubRoutines::call_stub

---------------  P R O C E S S  ---------------

Java Threads: ( => current thread )
  0x00007fbb16996000 JavaThread "Thread-739" [_thread_blocked, id=24191, stack(0x0000700000fc7000,0x00007000010c7000)]
  0x00007fbb11be9000 JavaThread "AWT-EventQueue-1" [_thread_in_native, id=60203, stack(0x0000700001868000,0x0000700001968000)]
  0x00007fbb12cb7800 JavaThread "DestroyJavaVM" [_thread_blocked, id=5891, stack(0x000070000011a000,0x000070000021a000)]
  0x00007fbb129ef800 JavaThread "AWT-EventQueue-0" [_thread_blocked, id=53263, stack(0x0000700001662000,0x0000700001762000)]
  0x00007fbb121bd000 JavaThread "Java2D Disposer" daemon [_thread_blocked, id=41511, stack(0x00007000013d9000,0x00007000014d9000)]
  0x00007fbb129b6000 JavaThread "Java2D Queue Flusher" daemon [_thread_blocked, id=50183, stack(0x00007000012d6000,0x00007000013d6000)]
  0x00007fbb110d5000 JavaThread "AWT-Shutdown" [_thread_blocked, id=29715, stack(0x0000700001150000,0x0000700001250000)]
=>0x00007fbb118d4800 JavaThread "AWT-AppKit" daemon [_thread_in_native, id=2571, stack(0x00007fff57899000,0x00007fff58099000)]
  0x00007fbb1201a800 JavaThread "Service Thread" daemon [_thread_blocked, id=18435, stack(0x0000700000dc1000,0x0000700000ec1000)]
  0x00007fbb1101d000 JavaThread "C1 CompilerThread2" daemon [_thread_blocked, id=17923, stack(0x0000700000cbe000,0x0000700000dbe000)]
  0x00007fbb1285f000 JavaThread "C2 CompilerThread1" daemon [_thread_blocked, id=17411, stack(0x0000700000bbb000,0x0000700000cbb000)]
  0x00007fbb1182f800 JavaThread "C2 CompilerThread0" daemon [_thread_in_native, id=16899, stack(0x0000700000ab8000,0x0000700000bb8000)]
  0x00007fbb11807000 JavaThread "Signal Dispatcher" daemon [_thread_blocked, id=12815, stack(0x00007000009b5000,0x0000700000ab5000)]
  0x00007fbb11013800 JavaThread "Finalizer" daemon [_thread_blocked, id=12291, stack(0x000070000082f000,0x000070000092f000)]
  0x00007fbb12018000 JavaThread "Reference Handler" daemon [_thread_blocked, id=11779, stack(0x000070000072c000,0x000070000082c000)]

Other Threads:
  0x00007fbb12013800 VMThread [stack: 0x0000700000629000,0x0000700000729000] [id=11267]
  0x00007fbb11805800 WatcherThread [stack: 0x0000700000ec4000,0x0000700000fc4000] [id=18947]

VM state:not at safepoint (normal execution)

VM Mutex/Monitor currently owned by a thread: None

Heap:
 PSYoungGen      total 604160K, used 148008K [0x0000000795580000, 0x00000007bb480000, 0x00000007c0000000)
  eden space 591360K, 25% used [0x0000000795580000,0x000000079e602070,0x00000007b9700000)
  from space 12800K, 0% used [0x00000007b9700000,0x00000007b9708000,0x00000007ba380000)
  to   space 11776K, 0% used [0x00000007ba900000,0x00000007ba900000,0x00000007bb480000)
 ParOldGen       total 343040K, used 256428K [0x0000000740000000, 0x0000000754f00000, 0x0000000795580000)
  object space 343040K, 74% used [0x0000000740000000,0x000000074fa6b0c0,0x0000000754f00000)
 Metaspace       used 20045K, capacity 20295K, committed 20480K, reserved 1067008K
  class space    used 1894K, capacity 1982K, committed 2048K, reserved 1048576K

Card table byte_map: [0x0000000118992000,0x0000000118d93000] byte_map_base: 0x0000000114f92000

Marking Bits: (ParMarkBitMap*) 0x0000000108ee6eb0
 Begin Bits: [0x000000011903e000, 0x000000011b03e000)
 End Bits:   [0x000000011b03e000, 0x000000011d03e000)

Polling page: 0x0000000107df5000

CodeCache: size=245760Kb used=10614Kb max_used=10983Kb free=235145Kb
 bounds [0x00000001095d2000, 0x000000010a0c2000, 0x00000001185d2000]
 total_blobs=3697 nmethods=2820 adapters=791
 compilation: enabled

Compilation events (10 events):
Event: 193.302 Thread 0x00007fbb1285f000 nmethod 3364 0x0000000109703bd0 code [0x0000000109703d40, 0x0000000109704088]
Event: 193.716 Thread 0x00007fbb1182f800 3365   !   4       java.awt.EventQueue::isDispatchThreadImpl (99 bytes)
Event: 193.721 Thread 0x00007fbb1182f800 nmethod 3365 0x0000000109b9b590 code [0x0000000109b9b740, 0x0000000109b9baf8]
Event: 193.796 Thread 0x00007fbb1285f000 3366       4       sun.java2d.pipe.Region::getIntersectionXYXY (108 bytes)
Event: 193.797 Thread 0x00007fbb1285f000 nmethod 3366 0x0000000109a2d3d0 code [0x0000000109a2d520, 0x0000000109a2d658]
Event: 194.148 Thread 0x00007fbb1182f800 3367       4       sun.lwawt.LWComponentPeer::computeVisibleRect (75 bytes)
Event: 194.201 Thread 0x00007fbb1101d000 3368       3       sun.lwawt.LWComponentPeer::getVisibleRegion (9 bytes)
Event: 194.201 Thread 0x00007fbb1101d000 nmethod 3368 0x0000000109a72390 code [0x0000000109a72500, 0x0000000109a72738]
Event: 194.211 Thread 0x00007fbb1101d000 3369       3       java.awt.Component::isEnabled (5 bytes)
Event: 194.212 Thread 0x00007fbb1101d000 nmethod 3369 0x000000010976f150 code [0x000000010976f2c0, 0x000000010976f4b0]

GC Heap History (10 events):
Event: 181.776 GC heap before
{Heap before GC invocations=92 (full 3):
 PSYoungGen      total 593408K, used 577600K [0x0000000795580000, 0x00000007bab80000, 0x00000007c0000000)
  eden space 577536K, 100% used [0x0000000795580000,0x00000007b8980000,0x00000007b8980000)
  from space 15872K, 0% used [0x00000007b9c00000,0x00000007b9c10000,0x00000007bab80000)
  to   space 17408K, 0% used [0x00000007b8980000,0x00000007b8980000,0x00000007b9a80000)
 ParOldGen       total 343040K, used 256420K [0x0000000740000000, 0x0000000754f00000, 0x0000000795580000)
  object space 343040K, 74% used [0x0000000740000000,0x000000074fa690c0,0x0000000754f00000)
 Metaspace       used 20016K, capacity 20263K, committed 20480K, reserved 1067008K
  class space    used 1887K, capacity 1950K, committed 2048K, reserved 1048576K
Event: 181.779 GC heap after
Heap after GC invocations=92 (full 3):
 PSYoungGen      total 594944K, used 64K [0x0000000795580000, 0x00000007bb080000, 0x00000007c0000000)
  eden space 577536K, 0% used [0x0000000795580000,0x0000000795580000,0x00000007b8980000)
  from space 17408K, 0% used [0x00000007b8980000,0x00000007b8990000,0x00000007b9a80000)
  to   space 16384K, 0% used [0x00000007ba080000,0x00000007ba080000,0x00000007bb080000)
 ParOldGen       total 343040K, used 256420K [0x0000000740000000, 0x0000000754f00000, 0x0000000795580000)
  object space 343040K, 74% used [0x0000000740000000,0x000000074fa690c0,0x0000000754f00000)
 Metaspace       used 20016K, capacity 20263K, committed 20480K, reserved 1067008K
  class space    used 1887K, capacity 1950K, committed 2048K, reserved 1048576K
}
Event: 184.744 GC heap before
{Heap before GC invocations=93 (full 3):
 PSYoungGen      total 594944K, used 577600K [0x0000000795580000, 0x00000007bb080000, 0x00000007c0000000)
  eden space 577536K, 100% used [0x0000000795580000,0x00000007b8980000,0x00000007b8980000)
  from space 17408K, 0% used [0x00000007b8980000,0x00000007b8990000,0x00000007b9a80000)
  to   space 16384K, 0% used [0x00000007ba080000,0x00000007ba080000,0x00000007bb080000)
 ParOldGen       total 343040K, used 256420K [0x0000000740000000, 0x0000000754f00000, 0x0000000795580000)
  object space 343040K, 74% used [0x0000000740000000,0x000000074fa690c0,0x0000000754f00000)
 Metaspace       used 20016K, capacity 20263K, committed 20480K, reserved 1067008K
  class space    used 1887K, capacity 1950K, committed 2048K, reserved 1048576K
Event: 184.747 GC heap after
Heap after GC invocations=93 (full 3):
 PSYoungGen      total 598016K, used 64K [0x0000000795580000, 0x00000007bad80000, 0x00000007c0000000)
  eden space 584704K, 0% used [0x0000000795580000,0x0000000795580000,0x00000007b9080000)
  from space 13312K, 0% used [0x00000007ba080000,0x00000007ba090000,0x00000007bad80000)
  to   space 14848K, 0% used [0x00000007b9080000,0x00000007b9080000,0x00000007b9f00000)
 ParOldGen       total 343040K, used 256420K [0x0000000740000000, 0x0000000754f00000, 0x0000000795580000)
  object space 343040K, 74% used [0x0000000740000000,0x000000074fa690c0,0x0000000754f00000)
 Metaspace       used 20016K, capacity 20263K, committed 20480K, reserved 1067008K
  class space    used 1887K, capacity 1950K, committed 2048K, reserved 1048576K
}
Event: 187.660 GC heap before
{Heap before GC invocations=94 (full 3):
 PSYoungGen      total 598016K, used 584768K [0x0000000795580000, 0x00000007bad80000, 0x00000007c0000000)
  eden space 584704K, 100% used [0x0000000795580000,0x00000007b9080000,0x00000007b9080000)
  from space 13312K, 0% used [0x00000007ba080000,0x00000007ba090000,0x00000007bad80000)
  to   space 14848K, 0% used [0x00000007b9080000,0x00000007b9080000,0x00000007b9f00000)
 ParOldGen       total 343040K, used 256420K [0x0000000740000000, 0x0000000754f00000, 0x0000000795580000)
  object space 343040K, 74% used [0x0000000740000000,0x000000074fa690c0,0x0000000754f00000)
 Metaspace       used 20016K, capacity 20263K, committed 20480K, reserved 1067008K
  class space    used 1887K, capacity 1950K, committed 2048K, reserved 1048576K
Event: 187.663 GC heap after
Heap after GC invocations=94 (full 3):
 PSYoungGen      total 599552K, used 64K [0x0000000795580000, 0x00000007bb280000, 0x00000007c0000000)
  eden space 584704K, 0% used [0x0000000795580000,0x0000000795580000,0x00000007b9080000)
  from space 14848K, 0% used [0x00000007b9080000,0x00000007b9090000,0x00000007b9f00000)
  to   space 13824K, 0% used [0x00000007ba500000,0x00000007ba500000,0x00000007bb280000)
 ParOldGen       total 343040K, used 256420K [0x0000000740000000, 0x0000000754f00000, 0x0000000795580000)
  object space 343040K, 74% used [0x0000000740000000,0x000000074fa690c0,0x0000000754f00000)
 Metaspace       used 20016K, capacity 20263K, committed 20480K, reserved 1067008K
  class space    used 1887K, capacity 1950K, committed 2048K, reserved 1048576K
}
Event: 190.636 GC heap before
{Heap before GC invocations=95 (full 3):
 PSYoungGen      total 599552K, used 584768K [0x0000000795580000, 0x00000007bb280000, 0x00000007c0000000)
  eden space 584704K, 100% used [0x0000000795580000,0x00000007b9080000,0x00000007b9080000)
  from space 14848K, 0% used [0x00000007b9080000,0x00000007b9090000,0x00000007b9f00000)
  to   space 13824K, 0% used [0x00000007ba500000,0x00000007ba500000,0x00000007bb280000)
 ParOldGen       total 343040K, used 256420K [0x0000000740000000, 0x0000000754f00000, 0x0000000795580000)
  object space 343040K, 74% used [0x0000000740000000,0x000000074fa690c0,0x0000000754f00000)
 Metaspace       used 20016K, capacity 20263K, committed 20480K, reserved 1067008K
  class space    used 1887K, capacity 1950K, committed 2048K, reserved 1048576K
Event: 190.638 GC heap after
Heap after GC invocations=95 (full 3):
 PSYoungGen      total 602624K, used 64K [0x0000000795580000, 0x00000007bb000000, 0x00000007c0000000)
  eden space 591360K, 0% used [0x0000000795580000,0x0000000795580000,0x00000007b9700000)
  from space 11264K, 0% used [0x00000007ba500000,0x00000007ba510000,0x00000007bb000000)
  to   space 12800K, 0% used [0x00000007b9700000,0x00000007b9700000,0x00000007ba380000)
 ParOldGen       total 343040K, used 256428K [0x0000000740000000, 0x0000000754f00000, 0x0000000795580000)
  object space 343040K, 74% used [0x0000000740000000,0x000000074fa6b0c0,0x0000000754f00000)
 Metaspace       used 20016K, capacity 20263K, committed 20480K, reserved 1067008K
  class space    used 1887K, capacity 1950K, committed 2048K, reserved 1048576K
}
Event: 193.470 GC heap before
{Heap before GC invocations=96 (full 3):
 PSYoungGen      total 602624K, used 591424K [0x0000000795580000, 0x00000007bb000000, 0x00000007c0000000)
  eden space 591360K, 100% used [0x0000000795580000,0x00000007b9700000,0x00000007b9700000)
  from space 11264K, 0% used [0x00000007ba500000,0x00000007ba510000,0x00000007bb000000)
  to   space 12800K, 0% used [0x00000007b9700000,0x00000007b9700000,0x00000007ba380000)
 ParOldGen       total 343040K, used 256428K [0x0000000740000000, 0x0000000754f00000, 0x0000000795580000)
  object space 343040K, 74% used [0x0000000740000000,0x000000074fa6b0c0,0x0000000754f00000)
 Metaspace       used 20016K, capacity 20263K, committed 20480K, reserved 1067008K
  class space    used 1887K, capacity 1950K, committed 2048K, reserved 1048576K
Event: 193.473 GC heap after
Heap after GC invocations=96 (full 3):
 PSYoungGen      total 604160K, used 32K [0x0000000795580000, 0x00000007bb480000, 0x00000007c0000000)
  eden space 591360K, 0% used [0x0000000795580000,0x0000000795580000,0x00000007b9700000)
  from space 12800K, 0% used [0x00000007b9700000,0x00000007b9708000,0x00000007ba380000)
  to   space 11776K, 0% used [0x00000007ba900000,0x00000007ba900000,0x00000007bb480000)
 ParOldGen       total 343040K, used 256428K [0x0000000740000000, 0x0000000754f00000, 0x0000000795580000)
  object space 343040K, 74% used [0x0000000740000000,0x000000074fa6b0c0,0x0000000754f00000)
 Metaspace       used 20016K, capacity 20263K, committed 20480K, reserved 1067008K
  class space    used 1887K, capacity 1950K, committed 2048K, reserved 1048576K
}

Deoptimization events (10 events):
Event: 193.364 Thread 0x00007fbb118d4800 Uncommon trap: reason=unstable_if action=reinterpret pc=0x0000000109fb44a8 method=sun.java2d.pipe.Region.contains(II)Z @ 21
Event: 194.066 Thread 0x00007fbb11be9000 Uncommon trap: reason=unstable_if action=reinterpret pc=0x0000000109b9b9e8 method=java.awt.EventQueue.isDispatchThreadImpl()Z @ 65
Event: 194.067 Thread 0x00007fbb11be9000 Uncommon trap: reason=unstable_if action=reinterpret pc=0x0000000109adb3a8 method=com.jogamp.common.util.VersionNumber.compareTo(Lcom/jogamp/common/util/VersionNumber;)I @ 21
Event: 194.067 Thread 0x00007fbb129ef800 Uncommon trap: reason=unstable_if action=reinterpret pc=0x0000000109ba77f8 method=java.awt.EventQueue.getPriority(Ljava/awt/AWTEvent;)I @ 71
Event: 194.067 Thread 0x00007fbb129ef800 Uncommon trap: reason=class_check action=maybe_recompile pc=0x0000000109a50db8 method=java.util.Arrays.copyOf([Ljava/lang/Object;ILjava/lang/Class;)[Ljava/lang/Object; @ 24
Event: 194.200 Thread 0x00007fbb129dd800 Uncommon trap: reason=unstable_if action=reinterpret pc=0x0000000109a4db48 method=java.util.HashMap.putVal(ILjava/lang/Object;Ljava/lang/Object;ZZ)Ljava/lang/Object; @ 81
Event: 194.200 Thread 0x00007fbb129dd800 Uncommon trap: reason=unstable_if action=reinterpret pc=0x00000001099ec5a4 method=java.util.HashMap.putVal(ILjava/lang/Object;Ljava/lang/Object;ZZ)Ljava/lang/Object; @ 81
Event: 194.209 Thread 0x00007fbb11be9000 Uncommon trap: reason=unstable_if action=reinterpret pc=0x000000010976f798 method=java.util.LinkedList$ListItr.<init>(Ljava/util/LinkedList;I)V @ 26
Event: 194.210 Thread 0x00007fbb11be9000 Uncommon trap: reason=unstable_if action=reinterpret pc=0x0000000109cea84c method=java.security.AccessControlContext.optimize()Ljava/security/AccessControlContext; @ 233
Event: 194.213 Thread 0x00007fbb11be9000 Uncommon trap: reason=unstable_if action=reinterpret pc=0x0000000109b22d30 method=java.util.ArrayList.isEmpty()Z @ 4

Internal exceptions (10 events):
Event: 0.278 Thread 0x00007fbb12002800 Exception <a 'java/lang/NoSuchFieldError': method resolution failed> (0x0000000795785c50) thrown at [/Users/java_re/workspace/8-2-build-macosx-x86_64/jdk8u91/6644/hotspot/src/share/vm/prims/methodHandles.cpp, line 1146]
Event: 0.280 Thread 0x00007fbb12002800 Exception <a 'java/lang/NoSuchFieldError': method resolution failed> (0x0000000795793420) thrown at [/Users/java_re/workspace/8-2-build-macosx-x86_64/jdk8u91/6644/hotspot/src/share/vm/prims/methodHandles.cpp, line 1146]
Event: 0.432 Thread 0x00007fbb12002800 Exception <a 'java/io/FileNotFoundException'> (0x000000079580f3c8) thrown at [/Users/java_re/workspace/8-2-build-macosx-x86_64/jdk8u91/6644/hotspot/src/share/vm/prims/jni.cpp, line 709]
Event: 0.432 Thread 0x00007fbb12002800 Exception <a 'java/io/FileNotFoundException'> (0x000000079580ff30) thrown at [/Users/java_re/workspace/8-2-build-macosx-x86_64/jdk8u91/6644/hotspot/src/share/vm/prims/jni.cpp, line 709]
Event: 0.567 Thread 0x00007fbb12002800 Exception <a 'java/io/FileNotFoundException'> (0x000000079594b880) thrown at [/Users/java_re/workspace/8-2-build-macosx-x86_64/jdk8u91/6644/hotspot/src/share/vm/prims/jni.cpp, line 709]
Event: 3.263 Thread 0x00007fbb12cd4000 Exception <a 'java/lang/UnsatisfiedLinkError': com.jogamp.common.util.JarUtil.fixNativeLibAttribs(Ljava/lang/String;)Z> (0x0000000796bf6690) thrown at [/Users/java_re/workspace/8-2-build-macosx-x86_64/jdk8u91/6644/hotspot/src/share/vm/prims/nativeLookup.c
Event: 3.815 Thread 0x00007fbb11013800 Exception <a 'java/lang/NullPointerException'> (0x00000007956a4a28) thrown at [/Users/java_re/workspace/8-2-build-macosx-x86_64/jdk8u91/6644/hotspot/src/share/vm/interpreter/linkResolver.cpp, line 1178]
Event: 4.527 Thread 0x00007fbb11be9000 Exception <a 'java/io/FileNotFoundException'> (0x0000000795f33c50) thrown at [/Users/java_re/workspace/8-2-build-macosx-x86_64/jdk8u91/6644/hotspot/src/share/vm/prims/jni.cpp, line 709]
Event: 4.528 Thread 0x00007fbb11be9000 Exception <a 'java/io/FileNotFoundException'> (0x0000000795f39ff0) thrown at [/Users/java_re/workspace/8-2-build-macosx-x86_64/jdk8u91/6644/hotspot/src/share/vm/prims/jni.cpp, line 709]
Event: 4.528 Thread 0x00007fbb11be9000 Implicit null exception at 0x000000010976f2f5 to 0x000000010976f645

Events (10 events):
Event: 194.211 loading class java/awt/Toolkit$ToolkitEventMulticaster done
Event: 194.212 Thread 0x00007fbb1101d000 flushing nmethod 0x0000000109b6ad90
Event: 194.212 Thread 0x00007fbb1101d000 flushing nmethod 0x0000000109bcff90
Event: 194.212 Thread 0x00007fbb1101d000 flushing nmethod 0x0000000109bd4790
Event: 194.212 Thread 0x00007fbb129dd800 Thread exited: 0x00007fbb129dd800
Event: 194.212 loading class java/awt/Window$1DisposeAction
Event: 194.212 loading class java/awt/Window$1DisposeAction done
Event: 194.213 Thread 0x00007fbb11be9000 Uncommon trap: trap_request=0xffffff65 fr.pc=0x0000000109b22d30
Event: 194.213 Thread 0x00007fbb11be9000 DEOPT PACKING pc=0x0000000109b22d30 sp=0x0000700001965820
Event: 194.213 Thread 0x00007fbb11be9000 DEOPT UNPACKING pc=0x00000001095d7229 sp=0x00007000019657d8 mode 2


Dynamic libraries:
0x0000000009285000 	/System/Library/Frameworks/Cocoa.framework/Versions/A/Cocoa
0x0000000009285000 	/System/Library/Frameworks/Security.framework/Versions/A/Security
0x0000000009285000 	/System/Library/Frameworks/ApplicationServices.framework/Versions/A/ApplicationServices
0x0000000009285000 	/usr/lib/libz.1.dylib
0x0000000009285000 	/usr/lib/libSystem.B.dylib
0x0000000009285000 	/usr/lib/libobjc.A.dylib
0x0000000009285000 	/System/Library/Frameworks/CoreFoundation.framework/Versions/A/CoreFoundation
0x0000000009285000 	/System/Library/Frameworks/Foundation.framework/Versions/C/Foundation
0x0000000009285000 	/System/Library/Frameworks/AppKit.framework/Versions/C/AppKit
0x0000000009285000 	/System/Library/Frameworks/CoreData.framework/Versions/A/CoreData
0x0000000009285000 	/System/Library/PrivateFrameworks/RemoteViewServices.framework/Versions/A/RemoteViewServices
0x0000000009285000 	/System/Library/PrivateFrameworks/UIFoundation.framework/Versions/A/UIFoundation
0x0000000009285000 	/usr/lib/libScreenReader.dylib
0x0000000009285000 	/System/Library/Frameworks/Accelerate.framework/Versions/A/Accelerate
0x0000000009285000 	/System/Library/Frameworks/IOSurface.framework/Versions/A/IOSurface
0x0000000009285000 	/System/Library/Frameworks/AudioToolbox.framework/Versions/A/AudioToolbox
0x0000000009285000 	/System/Library/Frameworks/AudioUnit.framework/Versions/A/AudioUnit
0x0000000009285000 	/System/Library/PrivateFrameworks/DataDetectorsCore.framework/Versions/A/DataDetectorsCore
0x0000000009285000 	/System/Library/PrivateFrameworks/DesktopServicesPriv.framework/Versions/A/DesktopServicesPriv
0x0000000009285000 	/System/Library/Frameworks/Carbon.framework/Versions/A/Frameworks/HIToolbox.framework/Versions/A/HIToolbox
0x0000000009285000 	/System/Library/Frameworks/QuartzCore.framework/Versions/A/QuartzCore
0x0000000009285000 	/System/Library/Frameworks/Carbon.framework/Versions/A/Frameworks/SpeechRecognition.framework/Versions/A/SpeechRecognition
0x0000000009285000 	/usr/lib/libauto.dylib
0x0000000009285000 	/usr/lib/libicucore.A.dylib
0x0000000009285000 	/usr/lib/libxml2.2.dylib
0x0000000009285000 	/System/Library/PrivateFrameworks/CoreUI.framework/Versions/A/CoreUI
0x0000000009285000 	/System/Library/Frameworks/CoreAudio.framework/Versions/A/CoreAudio
0x0000000009285000 	/System/Library/Frameworks/DiskArbitration.framework/Versions/A/DiskArbitration
0x0000000009285000 	/usr/lib/liblangid.dylib
0x0000000009285000 	/System/Library/PrivateFrameworks/MultitouchSupport.framework/Versions/A/MultitouchSupport
0x0000000009285000 	/System/Library/Frameworks/IOKit.framework/Versions/A/IOKit
0x0000000009285000 	/usr/lib/libDiagnosticMessagesClient.dylib
0x0000000009285000 	/System/Library/Frameworks/CoreServices.framework/Versions/A/CoreServices
0x0000000009285000 	/System/Library/PrivateFrameworks/PerformanceAnalysis.framework/Versions/A/PerformanceAnalysis
0x0000000009285000 	/System/Library/PrivateFrameworks/GenerationalStorage.framework/Versions/A/GenerationalStorage
0x0000000009285000 	/System/Library/Frameworks/OpenGL.framework/Versions/A/OpenGL
0x0000000009285000 	/System/Library/PrivateFrameworks/Sharing.framework/Versions/A/Sharing
0x0000000009285000 	/System/Library/Frameworks/CoreGraphics.framework/Versions/A/CoreGraphics
0x0000000009285000 	/System/Library/Frameworks/CoreImage.framework/Versions/A/CoreImage
0x0000000009285000 	/System/Library/Frameworks/CoreText.framework/Versions/A/CoreText
0x0000000009285000 	/System/Library/Frameworks/ImageIO.framework/Versions/A/ImageIO
0x0000000009285000 	/System/Library/PrivateFrameworks/Backup.framework/Versions/A/Backup
0x0000000009285000 	/usr/lib/libextension.dylib
0x0000000009285000 	/usr/lib/libarchive.2.dylib
0x0000000009285000 	/System/Library/Frameworks/CFNetwork.framework/Versions/A/CFNetwork
0x0000000009285000 	/System/Library/Frameworks/SystemConfiguration.framework/Versions/A/SystemConfiguration
0x0000000009285000 	/usr/lib/libCRFSuite.dylib
0x0000000009285000 	/usr/lib/libc++.1.dylib
0x0000000009285000 	/usr/lib/libc++abi.dylib
0x0000000009285000 	/usr/lib/system/libcache.dylib
0x0000000009285000 	/usr/lib/system/libcommonCrypto.dylib
0x0000000009285000 	/usr/lib/system/libcompiler_rt.dylib
0x0000000009285000 	/usr/lib/system/libcopyfile.dylib
0x0000000009285000 	/usr/lib/system/libcorecrypto.dylib
0x0000000009285000 	/usr/lib/system/libdispatch.dylib
0x0000000009285000 	/usr/lib/system/libdyld.dylib
0x0000000009285000 	/usr/lib/system/libkeymgr.dylib
0x0000000009285000 	/usr/lib/system/liblaunch.dylib
0x0000000009285000 	/usr/lib/system/libmacho.dylib
0x0000000009285000 	/usr/lib/system/libquarantine.dylib
0x0000000009285000 	/usr/lib/system/libremovefile.dylib
0x0000000009285000 	/usr/lib/system/libsystem_asl.dylib
0x0000000009285000 	/usr/lib/system/libsystem_blocks.dylib
0x0000000009285000 	/usr/lib/system/libsystem_c.dylib
0x0000000009285000 	/usr/lib/system/libsystem_configuration.dylib
0x0000000009285000 	/usr/lib/system/libsystem_coreservices.dylib
0x0000000009285000 	/usr/lib/system/libsystem_coretls.dylib
0x0000000009285000 	/usr/lib/system/libsystem_dnssd.dylib
0x0000000009285000 	/usr/lib/system/libsystem_info.dylib
0x0000000009285000 	/usr/lib/system/libsystem_kernel.dylib
0x0000000009285000 	/usr/lib/system/libsystem_m.dylib
0x0000000009285000 	/usr/lib/system/libsystem_malloc.dylib
0x0000000009285000 	/usr/lib/system/libsystem_network.dylib
0x0000000009285000 	/usr/lib/system/libsystem_networkextension.dylib
0x0000000009285000 	/usr/lib/system/libsystem_notify.dylib
0x0000000009285000 	/usr/lib/system/libsystem_platform.dylib
0x0000000009285000 	/usr/lib/system/libsystem_pthread.dylib
0x0000000009285000 	/usr/lib/system/libsystem_sandbox.dylib
0x0000000009285000 	/usr/lib/system/libsystem_secinit.dylib
0x0000000009285000 	/usr/lib/system/libsystem_trace.dylib
0x0000000009285000 	/usr/lib/system/libunc.dylib
0x0000000009285000 	/usr/lib/system/libunwind.dylib
0x0000000009285000 	/usr/lib/system/libxpc.dylib
0x0000000009285000 	/usr/lib/libenergytrace.dylib
0x0000000009285000 	/usr/lib/libbsm.0.dylib
0x0000000009285000 	/usr/lib/system/libkxld.dylib
0x0000000009285000 	/usr/lib/libxar.1.dylib
0x0000000009285000 	/usr/lib/libsqlite3.dylib
0x0000000009285000 	/usr/lib/libpam.2.dylib
0x0000000009285000 	/usr/lib/libOpenScriptingUtil.dylib
0x0000000009285000 	/usr/lib/libbz2.1.0.dylib
0x0000000009285000 	/usr/lib/liblzma.5.dylib
0x0000000009285000 	/System/Library/Frameworks/CoreServices.framework/Versions/A/Frameworks/FSEvents.framework/Versions/A/FSEvents
0x0000000009285000 	/System/Library/Frameworks/CoreServices.framework/Versions/A/Frameworks/CarbonCore.framework/Versions/A/CarbonCore
0x0000000009285000 	/System/Library/Frameworks/CoreServices.framework/Versions/A/Frameworks/Metadata.framework/Versions/A/Metadata
0x0000000009285000 	/System/Library/Frameworks/CoreServices.framework/Versions/A/Frameworks/OSServices.framework/Versions/A/OSServices
0x0000000009285000 	/System/Library/Frameworks/CoreServices.framework/Versions/A/Frameworks/SearchKit.framework/Versions/A/SearchKit
0x0000000009285000 	/System/Library/Frameworks/CoreServices.framework/Versions/A/Frameworks/AE.framework/Versions/A/AE
0x0000000009285000 	/System/Library/Frameworks/CoreServices.framework/Versions/A/Frameworks/LaunchServices.framework/Versions/A/LaunchServices
0x0000000009285000 	/System/Library/Frameworks/CoreServices.framework/Versions/A/Frameworks/DictionaryServices.framework/Versions/A/DictionaryServices
0x0000000009285000 	/System/Library/Frameworks/CoreServices.framework/Versions/A/Frameworks/SharedFileList.framework/Versions/A/SharedFileList
0x0000000009285000 	/System/Library/Frameworks/NetFS.framework/Versions/A/NetFS
0x0000000009285000 	/System/Library/PrivateFrameworks/NetAuth.framework/Versions/A/NetAuth
0x0000000009285000 	/System/Library/PrivateFrameworks/login.framework/Versions/A/Frameworks/loginsupport.framework/Versions/A/loginsupport
0x0000000009285000 	/System/Library/PrivateFrameworks/TCC.framework/Versions/A/TCC
0x0000000009285000 	/usr/lib/libmecabra.dylib
0x0000000009285000 	/System/Library/Frameworks/ApplicationServices.framework/Versions/A/Frameworks/ATS.framework/Versions/A/ATS
0x0000000009285000 	/System/Library/Frameworks/ApplicationServices.framework/Versions/A/Frameworks/ColorSync.framework/Versions/A/ColorSync
0x0000000009285000 	/System/Library/Frameworks/ApplicationServices.framework/Versions/A/Frameworks/HIServices.framework/Versions/A/HIServices
0x0000000009285000 	/System/Library/Frameworks/ApplicationServices.framework/Versions/A/Frameworks/LangAnalysis.framework/Versions/A/LangAnalysis
0x0000000009285000 	/System/Library/Frameworks/ApplicationServices.framework/Versions/A/Frameworks/PrintCore.framework/Versions/A/PrintCore
0x0000000009285000 	/System/Library/Frameworks/ApplicationServices.framework/Versions/A/Frameworks/QD.framework/Versions/A/QD
0x0000000009285000 	/System/Library/Frameworks/ApplicationServices.framework/Versions/A/Frameworks/SpeechSynthesis.framework/Versions/A/SpeechSynthesis
0x0000000009285000 	/System/Library/Frameworks/Metal.framework/Versions/A/Metal
0x0000000009285000 	/System/Library/Frameworks/Accelerate.framework/Versions/A/Frameworks/vImage.framework/Versions/A/vImage
0x0000000009285000 	/System/Library/Frameworks/Accelerate.framework/Versions/A/Frameworks/vecLib.framework/Versions/A/vecLib
0x0000000009285000 	/System/Library/Frameworks/Accelerate.framework/Versions/A/Frameworks/vecLib.framework/Versions/A/libvDSP.dylib
0x0000000009285000 	/System/Library/Frameworks/Accelerate.framework/Versions/A/Frameworks/vecLib.framework/Versions/A/libvMisc.dylib
0x0000000009285000 	/System/Library/Frameworks/Accelerate.framework/Versions/A/Frameworks/vecLib.framework/Versions/A/libLAPACK.dylib
0x0000000009285000 	/System/Library/Frameworks/Accelerate.framework/Versions/A/Frameworks/vecLib.framework/Versions/A/libBLAS.dylib
0x0000000009285000 	/System/Library/Frameworks/Accelerate.framework/Versions/A/Frameworks/vecLib.framework/Versions/A/libLinearAlgebra.dylib
0x0000000009285000 	/System/Library/Frameworks/Accelerate.framework/Versions/A/Frameworks/vecLib.framework/Versions/A/libSparseBLAS.dylib
0x0000000009285000 	/System/Library/PrivateFrameworks/GPUCompiler.framework/libmetal_timestamp.dylib
0x0000000009285000 	/System/Library/Frameworks/OpenGL.framework/Versions/A/Libraries/libCoreFSCache.dylib
0x0000000009285000 	/System/Library/PrivateFrameworks/IOAccelerator.framework/Versions/A/IOAccelerator
0x0000000009285000 	/System/Library/Frameworks/ApplicationServices.framework/Versions/A/Frameworks/ATS.framework/Versions/A/Resources/libFontParser.dylib
0x0000000009285000 	/System/Library/Frameworks/ApplicationServices.framework/Versions/A/Frameworks/ATS.framework/Versions/A/Resources/libFontRegistry.dylib
0x0000000009285000 	/System/Library/PrivateFrameworks/AppleVPA.framework/Versions/A/AppleVPA
0x0000000009285000 	/System/Library/PrivateFrameworks/AppleJPEG.framework/Versions/A/AppleJPEG
0x0000000009285000 	/System/Library/Frameworks/ImageIO.framework/Versions/A/Resources/libJPEG.dylib
0x0000000009285000 	/System/Library/Frameworks/ImageIO.framework/Versions/A/Resources/libTIFF.dylib
0x0000000009285000 	/System/Library/Frameworks/ImageIO.framework/Versions/A/Resources/libPng.dylib
0x0000000009285000 	/System/Library/Frameworks/ImageIO.framework/Versions/A/Resources/libGIF.dylib
0x0000000009285000 	/System/Library/Frameworks/ImageIO.framework/Versions/A/Resources/libJP2.dylib
0x0000000009285000 	/System/Library/Frameworks/ImageIO.framework/Versions/A/Resources/libRadiance.dylib
0x0000000009285000 	/System/Library/Frameworks/CoreVideo.framework/Versions/A/CoreVideo
0x0000000009285000 	/System/Library/Frameworks/OpenGL.framework/Versions/A/Libraries/libGLU.dylib
0x0000000009285000 	/System/Library/Frameworks/OpenGL.framework/Versions/A/Libraries/libGFXShared.dylib
0x0000000009285000 	/System/Library/Frameworks/OpenGL.framework/Versions/A/Libraries/libGL.dylib
0x0000000009285000 	/System/Library/Frameworks/OpenGL.framework/Versions/A/Libraries/libGLImage.dylib
0x0000000009285000 	/System/Library/Frameworks/OpenGL.framework/Versions/A/Libraries/libCVMSPluginSupport.dylib
0x0000000009285000 	/System/Library/Frameworks/OpenGL.framework/Versions/A/Libraries/libCoreVMClient.dylib
0x0000000009285000 	/usr/lib/libcups.2.dylib
0x0000000009285000 	/System/Library/Frameworks/Kerberos.framework/Versions/A/Kerberos
0x0000000009285000 	/System/Library/Frameworks/GSS.framework/Versions/A/GSS
0x0000000009285000 	/usr/lib/libresolv.9.dylib
0x0000000009285000 	/usr/lib/libiconv.2.dylib
0x0000000009285000 	/System/Library/PrivateFrameworks/Heimdal.framework/Versions/A/Heimdal
0x0000000009285000 	/usr/lib/libheimdal-asn1.dylib
0x0000000009285000 	/System/Library/Frameworks/OpenDirectory.framework/Versions/A/OpenDirectory
0x0000000009285000 	/System/Library/PrivateFrameworks/CommonAuth.framework/Versions/A/CommonAuth
0x0000000009285000 	/System/Library/Frameworks/OpenDirectory.framework/Versions/A/Frameworks/CFOpenDirectory.framework/Versions/A/CFOpenDirectory
0x0000000009285000 	/System/Library/Frameworks/SecurityFoundation.framework/Versions/A/SecurityFoundation
0x0000000009285000 	/System/Library/PrivateFrameworks/LanguageModeling.framework/Versions/A/LanguageModeling
0x0000000009285000 	/usr/lib/libmarisa.dylib
0x0000000009285000 	/usr/lib/libChineseTokenizer.dylib
0x0000000009285000 	/usr/lib/libcmph.dylib
0x0000000009285000 	/usr/lib/libcompression.dylib
0x0000000009285000 	/System/Library/Frameworks/ServiceManagement.framework/Versions/A/ServiceManagement
0x0000000009285000 	/usr/lib/libxslt.1.dylib
0x0000000009285000 	/System/Library/Frameworks/Carbon.framework/Versions/A/Frameworks/Ink.framework/Versions/A/Ink
0x0000000009285000 	/usr/lib/libFosl_dynamic.dylib
0x0000000009285000 	/System/Library/PrivateFrameworks/FaceCore.framework/Versions/A/FaceCore
0x0000000009285000 	/System/Library/Frameworks/OpenCL.framework/Versions/A/OpenCL
0x0000000009285000 	/System/Library/PrivateFrameworks/CrashReporterSupport.framework/Versions/A/CrashReporterSupport
0x0000000009285000 	/System/Library/PrivateFrameworks/IconServices.framework/Versions/A/IconServices
0x0000000009285000 	/System/Library/PrivateFrameworks/Apple80211.framework/Versions/A/Apple80211
0x0000000009285000 	/System/Library/Frameworks/CoreWLAN.framework/Versions/A/CoreWLAN
0x0000000009285000 	/System/Library/Frameworks/IOBluetooth.framework/Versions/A/IOBluetooth
0x0000000009285000 	/System/Library/PrivateFrameworks/CoreWiFi.framework/Versions/A/CoreWiFi
0x0000000009285000 	/System/Library/Frameworks/CoreBluetooth.framework/Versions/A/CoreBluetooth
0x0000000009285000 	/System/Library/PrivateFrameworks/ChunkingLibrary.framework/Versions/A/ChunkingLibrary
0x0000000009285000 	/System/Library/PrivateFrameworks/DebugSymbols.framework/Versions/A/DebugSymbols
0x0000000009285000 	/System/Library/PrivateFrameworks/CoreSymbolication.framework/Versions/A/CoreSymbolication
0x0000000009285000 	/System/Library/PrivateFrameworks/Symbolication.framework/Versions/A/Symbolication
0x0000000009285000 	/System/Library/PrivateFrameworks/SpeechRecognitionCore.framework/Versions/A/SpeechRecognitionCore
0x0000000108600000 	/Library/Java/JavaVirtualMachines/jdk1.8.0_91.jdk/Contents/Home/jre/lib/server/libjvm.dylib
0x0000000009285000 	/usr/lib/libstdc++.6.dylib
0x0000000107de7000 	/Library/Java/JavaVirtualMachines/jdk1.8.0_91.jdk/Contents/Home/jre/lib/libverify.dylib
0x0000000109594000 	/Library/Java/JavaVirtualMachines/jdk1.8.0_91.jdk/Contents/Home/jre/lib/libjava.dylib
0x00000001095c9000 	/Library/Java/JavaVirtualMachines/jdk1.8.0_91.jdk/Contents/Home/jre/lib/libzip.dylib
0x000000011ef34000 	/System/Library/Frameworks/JavaVM.framework/Frameworks/JavaRuntimeSupport.framework/JavaRuntimeSupport
0x000000011ef4f000 	/System/Library/Frameworks/JavaVM.framework/Versions/A/Frameworks/JavaNativeFoundation.framework/Versions/A/JavaNativeFoundation
0x000000011ef64000 	/System/Library/Frameworks/JavaVM.framework/Versions/A/JavaVM
0x0000000009285000 	/System/Library/Frameworks/Carbon.framework/Versions/A/Carbon
0x000000011ef71000 	/System/Library/PrivateFrameworks/JavaLaunching.framework/Versions/A/JavaLaunching
0x0000000009285000 	/System/Library/Frameworks/Carbon.framework/Versions/A/Frameworks/CommonPanels.framework/Versions/A/CommonPanels
0x0000000009285000 	/System/Library/Frameworks/Carbon.framework/Versions/A/Frameworks/Help.framework/Versions/A/Help
0x0000000009285000 	/System/Library/Frameworks/Carbon.framework/Versions/A/Frameworks/ImageCapture.framework/Versions/A/ImageCapture
0x0000000009285000 	/System/Library/Frameworks/Carbon.framework/Versions/A/Frameworks/OpenScripting.framework/Versions/A/OpenScripting
0x0000000009285000 	/System/Library/Frameworks/Carbon.framework/Versions/A/Frameworks/Print.framework/Versions/A/Print
0x0000000009285000 	/System/Library/Frameworks/Carbon.framework/Versions/A/Frameworks/SecurityHI.framework/Versions/A/SecurityHI
0x0000000120895000 	/Library/Java/JavaVirtualMachines/jdk1.8.0_91.jdk/Contents/Home/jre/lib/libawt.dylib
0x000000012093d000 	/Library/Java/JavaVirtualMachines/jdk1.8.0_91.jdk/Contents/Home/jre/lib/./libmlib_image.dylib
0x0000000120a09000 	/Library/Java/JavaVirtualMachines/jdk1.8.0_91.jdk/Contents/Home/jre/lib/libawt_lwawt.dylib
0x0000000120abe000 	/Library/Java/JavaVirtualMachines/jdk1.8.0_91.jdk/Contents/Home/jre/lib/./libosxapp.dylib
0x0000000009285000 	/System/Library/Frameworks/ExceptionHandling.framework/Versions/A/ExceptionHandling
0x0000000009285000 	/System/Library/PrivateFrameworks/CoreServicesInternal.framework/Versions/A/CoreServicesInternal
0x0000000009285000 	/System/Library/Frameworks/CoreGraphics.framework/Versions/A/Resources/libRIP.A.dylib
0x0000000009285000 	/System/Library/Frameworks/Accelerate.framework/Versions/A/Frameworks/vImage.framework/Versions/A/Libraries/libCGInterfaces.dylib
0x0000000009285000 	/System/Library/Frameworks/CoreGraphics.framework/Versions/A/Resources/libCGXType.A.dylib
0x0000000009285000 	/System/Library/Frameworks/OpenCL.framework/Versions/A/Libraries/libcldcpuengine.dylib
0x0000000009285000 	/System/Library/PrivateFrameworks/DiskImages.framework/Versions/A/DiskImages
0x0000000009285000 	/System/Library/Frameworks/DiscRecording.framework/Versions/A/DiscRecording
0x0000000009285000 	/usr/lib/libcsfde.dylib
0x0000000009285000 	/usr/lib/libcurl.4.dylib
0x0000000009285000 	/System/Library/PrivateFrameworks/MediaKit.framework/Versions/A/MediaKit
0x0000000009285000 	/System/Library/PrivateFrameworks/ProtectedCloudStorage.framework/Versions/A/ProtectedCloudStorage
0x0000000009285000 	/usr/lib/libCoreStorage.dylib
0x0000000009285000 	/System/Library/PrivateFrameworks/EFILogin.framework/Versions/A/EFILogin
0x0000000009285000 	/usr/lib/libutil.dylib
0x0000000009285000 	/System/Library/PrivateFrameworks/FindMyDevice.framework/Versions/A/FindMyDevice
0x0000000009285000 	/System/Library/Frameworks/LDAP.framework/Versions/A/LDAP
0x0000000009285000 	/usr/lib/libsasl2.2.dylib
0x0000000009285000 	/System/Library/PrivateFrameworks/CoreDaemon.framework/Versions/B/CoreDaemon
0x0000000009285000 	/usr/lib/libcrypto.0.9.8.dylib
0x0000000009285000 	/System/Library/PrivateFrameworks/AppleSRP.framework/Versions/A/AppleSRP
0x0000000009285000 	/System/Library/PrivateFrameworks/TrustEvaluationAgent.framework/Versions/A/TrustEvaluationAgent
0x0000000122217000 	cl_kernels
0x0000000009285000 	/System/Library/Frameworks/OpenCL.framework/Versions/A/Libraries/ImageFormats/unorm8_bgra.dylib
0x0000000009285000 	/System/Library/Frameworks/OpenCL.framework/Versions/A/Libraries/ImageFormats/unorm8_rgba.dylib
0x0000000009285000 	/System/Library/PrivateFrameworks/FamilyControls.framework/Versions/A/FamilyControls
0x0000000009285000 	/System/Library/PrivateFrameworks/CommerceKit.framework/Versions/A/Frameworks/CommerceCore.framework/Versions/A/CommerceCore
0x0000000009285000 	/System/Library/PrivateFrameworks/SystemAdministration.framework/Versions/A/SystemAdministration
0x0000000009285000 	/System/Library/PrivateFrameworks/AppContainer.framework/Versions/A/AppContainer
0x0000000009285000 	/System/Library/PrivateFrameworks/SecCodeWrapper.framework/Versions/A/SecCodeWrapper
0x0000000009285000 	/System/Library/Frameworks/DirectoryService.framework/Versions/A/DirectoryService
0x0000000009285000 	/System/Library/PrivateFrameworks/LoginUIKit.framework/Versions/A/Frameworks/LoginUICore.framework/Versions/A/LoginUICore
0x0000000009285000 	/usr/lib/libodfde.dylib
0x0000000009285000 	/System/Library/Frameworks/OpenGL.framework/Versions/A/Resources/GLEngine.bundle/GLEngine
0x0000000009285000 	/System/Library/Frameworks/OpenGL.framework/Versions/A/Libraries/libGLProgrammability.dylib
0x00000001232a7000 	/System/Library/Extensions/AMDRadeonX3000GLDriver.bundle/Contents/MacOS/AMDRadeonX3000GLDriver
0x0000000009285000 	/System/Library/PrivateFrameworks/GPUSupport.framework/Versions/A/Libraries/libGPUSupportMercury.dylib
0x0000000123386000 	/System/Library/Extensions/AMDRadeonX3000GLDriver.bundle/Contents/MacOS/ATIRadeonX3000SCLib.dylib
0x0000000009285000 	/System/Library/Frameworks/OpenGL.framework/Versions/A/Resources/GLRendererFloat.bundle/GLRendererFloat
0x0000000123673000 	/Library/Java/JavaVirtualMachines/jdk1.8.0_91.jdk/Contents/Home/jre/lib/libfontmanager.dylib
0x000000012435e000 	/Library/Java/JavaVirtualMachines/jdk1.8.0_91.jdk/Contents/Home/jre/lib/libosxui.dylib
0x0000000124e3e000 	/Library/Java/JavaVirtualMachines/jdk1.8.0_91.jdk/Contents/Home/jre/lib/libnet.dylib
0x0000000124de3000 	/Library/Java/JavaVirtualMachines/jdk1.8.0_91.jdk/Contents/Home/jre/lib/libnio.dylib
0x0000000009285000 	/System/Library/Frameworks/ApplicationServices.framework/Versions/A/Frameworks/ATS.framework/Versions/A/Resources/libTrueTypeScaler.dylib
0x000000018a102000 	/private/var/folders/tq/5cybh0451bx2v8l5x53f9c_h0000gn/T/jogamp_0000/file_cache/jln558732257945414703/jln7264640848157885476/libgluegen-rt.jnilib
0x000000012404a000 	/private/var/folders/tq/5cybh0451bx2v8l5x53f9c_h0000gn/T/jogamp_0000/file_cache/jln558732257945414703/jln7264640848157885476/libnativewindow_awt.jnilib
0x0000000124056000 	/Library/Java/JavaVirtualMachines/jdk1.8.0_91.jdk/Contents/Home/jre/lib/libjawt.dylib
0x000000018a106000 	/private/var/folders/tq/5cybh0451bx2v8l5x53f9c_h0000gn/T/jogamp_0000/file_cache/jln558732257945414703/jln7264640848157885476/libnativewindow_macosx.jnilib
0x000000018e191000 	/private/var/folders/tq/5cybh0451bx2v8l5x53f9c_h0000gn/T/jogamp_0000/file_cache/jln558732257945414703/jln7264640848157885476/libjogl_desktop.jnilib

VM Arguments:
jvm_args: -Djava.security.policy=java.policy.applet -Dfile.encoding=UTF-8 
java_command: sun.applet.AppletViewer module6.AirportMap1464228519550.html
java_class_path (initial): /Users/limhoktan/Documents/workspace/UCSDUnfoldingMaps/build:/Users/limhoktan/Documents/workspace/UCSDUnfoldingMaps/lib/core.jar:/Users/limhoktan/Documents/workspace/UCSDUnfoldingMaps/lib/gluegen-rt.jar:/Users/limhoktan/Documents/workspace/UCSDUnfoldingMaps/lib/jogl-all.jar:/Users/limhoktan/Documents/workspace/UCSDUnfoldingMaps/lib/log4j-1.2.15.jar:/Users/limhoktan/Documents/workspace/UCSDUnfoldingMaps/lib/sqlite-jdbc-3.7.2.jar:/Users/limhoktan/Documents/workspace/UCSDUnfoldingMaps/lib/json4processing.jar:/Users/limhoktan/Documents/workspace/UCSDUnfoldingMaps/lib/libTUIO.jar:/Users/limhoktan/Documents/workspace/UCSDUnfoldingMaps/lib/unfolding.0.9.7-uscd.jar
Launcher Type: SUN_STANDARD

Environment Variables:
PATH=/usr/bin:/bin:/usr/sbin:/sbin
SHELL=/bin/bash
DISPLAY=/private/tmp/com.apple.launchd.3cFrEfN4Lz/org.macosforge.xquartz:0

Signal Handlers:
SIGSEGV: [libjvm.dylib+0x5a97a1], sa_mask[0]=11111111011111110111111111111111, sa_flags=SA_ONSTACK|SA_RESTART|SA_SIGINFO
SIGBUS: [libjvm.dylib+0x5a97a1], sa_mask[0]=11111111011111110111111111111111, sa_flags=SA_RESTART|SA_SIGINFO
SIGFPE: [libjvm.dylib+0x482594], sa_mask[0]=11111111011111110111111111111111, sa_flags=SA_RESTART|SA_SIGINFO
SIGPIPE: [libjvm.dylib+0x482594], sa_mask[0]=11111111011111110111111111111111, sa_flags=SA_RESTART|SA_SIGINFO
SIGXFSZ: [libjvm.dylib+0x482594], sa_mask[0]=11111111011111110111111111111111, sa_flags=SA_RESTART|SA_SIGINFO
SIGILL: [libjvm.dylib+0x482594], sa_mask[0]=11111111011111110111111111111111, sa_flags=SA_RESTART|SA_SIGINFO
SIGUSR1: SIG_DFL, sa_mask[0]=00000000000000000000000000000000, sa_flags=none
SIGUSR2: [libjvm.dylib+0x4820b2], sa_mask[0]=00100000000000000000000000000000, sa_flags=SA_RESTART|SA_SIGINFO
SIGHUP: [libjvm.dylib+0x480689], sa_mask[0]=11111111011111110111111111111111, sa_flags=SA_RESTART|SA_SIGINFO
SIGINT: [libjvm.dylib+0x480689], sa_mask[0]=11111111011111110111111111111111, sa_flags=SA_RESTART|SA_SIGINFO
SIGTERM: [libjvm.dylib+0x480689], sa_mask[0]=11111111011111110111111111111111, sa_flags=SA_RESTART|SA_SIGINFO
SIGQUIT: [libjvm.dylib+0x480689], sa_mask[0]=11111111011111110111111111111111, sa_flags=SA_RESTART|SA_SIGINFO


---------------  S Y S T E M  ---------------

OS:Bsduname:Darwin 15.4.0 Darwin Kernel Version 15.4.0: Fri Feb 26 22:08:05 PST 2016; root:xnu-3248.40.184~3/RELEASE_X86_64 x86_64
rlimit: STACK 8192k, CORE 0k, NPROC 709, NOFILE 10240, AS infinity
load average:4.80 4.99 4.67

CPU:total 4 (4 cores per cpu, 1 threads per core) family 6 model 30 stepping 5, cmov, cx8, fxsr, mmx, sse, sse2, sse3, ssse3, sse4.1, sse4.2, popcnt, tsc, tscinvbit

Memory: 4k page, physical 8388608k(1590260k free)

/proc/meminfo:


vm_info: Java HotSpot(TM) 64-Bit Server VM (25.91-b14) for bsd-amd64 JRE (1.8.0_91-b14), built on Apr  1 2016 01:03:00 by "java_re" with gcc 4.2.1 (Based on Apple Inc. build 5658) (LLVM build 2336.11.00)

time: Wed May 25 19:11:53 2016
elapsed time: 194 seconds (0d 0h 3m 14s)

