#
# A fatal error has been detected by the Java Runtime Environment:
#
#  SIGSEGV (0xb) at pc=0x00007fff97afa4e9, pid=18052, tid=2571
#
# JRE version: Java(TM) SE Runtime Environment (8.0_91-b14) (build 1.8.0_91-b14)
# Java VM: Java HotSpot(TM) 64-Bit Server VM (25.91-b14 mixed mode bsd-amd64 compressed oops)
# Problematic frame:
# C  [libobjc.A.dylib+0x14e9]  objc_msgSend+0x29
#
# Failed to write core dump. Core dumps have been disabled. To enable core dumping, try "ulimit -c unlimited" before starting Java again
#
# If you would like to submit a bug report, please visit:
#   http://bugreport.java.com/bugreport/crash.jsp
# The crash happened outside the Java Virtual Machine in native code.
# See problematic frame for where to report the bug.
#

---------------  T H R E A D  ---------------

Current thread (0x00007f827110c000):  JavaThread "AWT-AppKit" daemon [_thread_in_native, id=2571, stack(0x00007fff58e16000,0x00007fff59616000)]

siginfo: si_signo: 11 (SIGSEGV), si_code: 1 (SEGV_MAPERR), si_addr: 0x00000001d353db78

Registers:
RAX=0x00007f82755c5fc0, RBX=0x0000000188b9d450, RCX=0x000000012028b1e0, RDX=0x000000012028b2a0
RSP=0x00007fff59611318, RBP=0x00007fff596113d0, RSI=0x00007fff8b405ce6, RDI=0x00007f8270627f80
R8 =0x0000000000000000, R9 =0x00000000000008b0, R10=0x00000001d353db78, R11=0x000000011f500000
R12=0x0000000000000000, R13=0x000000018a3a7d18, R14=0x0000000188b9d440, R15=0x00007f827110c000
RIP=0x00007fff97afa4e9, EFLAGS=0x0000000000010206, ERR=0x0000000000000004
  TRAPNO=0x000000000000000e

Top of Stack: (sp=0x00007fff59611318)
0x00007fff59611318:   0000000188b9b157 00007fff59611370
0x00007fff59611328:   0000000000000003 00007fff59611350
0x00007fff59611338:   0000000106a584ea 000000018a3a7d18
0x00007fff59611348:   000000018a3a7d18 00007f82755c5fc0
0x00007fff59611358:   0000000188b9d6a0 0000000188b9d710
0x00007fff59611368:   00007fff7a8e6770 00007fff7c4f4500
0x00007fff59611378:   0000000188b9d450 0000000188b9d690
0x00007fff59611388:   00007f82755c5fc0 00007f8270627f80
0x00007fff59611398:   00007f8270733240 00007f82755c5fc0
0x00007fff596113a8:   00007f8270627f80 00007fff59611458
0x00007fff596113b8:   00007f827110c1f8 000000018a3a7d18
0x00007fff596113c8:   00007fff59611480 00007fff59611448
0x00007fff596113d8:   0000000108069814 000000018a3a7d18
0x00007fff596113e8:   00007fff59611480 00007fff59611448
0x00007fff596113f8:   00000001080695a7 0000000108069562
0x00007fff59611408:   00007fff59611408 000000018a3a7d18
0x00007fff59611418:   00007fff59611480 000000018a3aa950
0x00007fff59611428:   0000000000000000 000000018a3a7d18
0x00007fff59611438:   0000000000000000 00007fff59611468
0x00007fff59611448:   00007fff596114c8 000000010805c2bd
0x00007fff59611458:   0000000742901340 0000000108065538
0x00007fff59611468:   00007f82755c5fc0 00007fff596114c8
0x00007fff59611478:   00007f8270627f80 0000000108066e02
0x00007fff59611488:   00007fff59611488 000000018a3a7ee2
0x00007fff59611498:   00007fff596114f0 000000018a3aa950
0x00007fff596114a8:   0000000000000000 000000018a3a7ef0
0x00007fff596114b8:   00007fff59611468 00007fff596114d8
0x00007fff596114c8:   00007fff59611538 000000010805c2bd
0x00007fff596114d8:   00007f82755c5fc0 0000000742904690
0x00007fff596114e8:   00007f8270627f80 0000000742904690
0x00007fff596114f8:   00007fff596114f8 000000018d5e2276
0x00007fff59611508:   00007fff59611548 000000018d5e2330 

Instructions: (pc=0x00007fff97afa4e9)
0x00007fff97afa4c9:   01 2e 75 66 49 bb f8 ff ff ff ff 7f 00 00 4c 23
0x00007fff97afa4d9:   1f 49 89 f2 45 23 53 18 49 c1 e2 04 4d 03 53 10
0x00007fff97afa4e9:   49 3b 32 75 04 41 ff 62 08 49 83 3a 01 76 0d 49
0x00007fff97afa4f9:   83 c2 10 49 3b 32 75 f1 41 ff 62 08 72 40 4d 8b 

Register to memory mapping:

RAX=0x00007f82755c5fc0 is an unknown value
RBX=0x0000000188b9d450: Java_jogamp_nativewindow_macosx_OSXUtil_GetScreenRefreshRate0+0x1cf0 in /private/var/folders/tq/5cybh0451bx2v8l5x53f9c_h0000gn/T/jogamp_0000/file_cache/jln8128881438750548773/jln8643893053785262400/libnativewindow_macosx.jnilib at 0x0000000188b96000
RCX=0x000000012028b1e0 is an unknown value
RDX=0x000000012028b2a0 is an unknown value
RSP=0x00007fff59611318 is pointing into the stack for thread: 0x00007f827110c000
RBP=0x00007fff596113d0 is pointing into the stack for thread: 0x00007f827110c000
RSI=0x00007fff8b405ce6 is an unknown value
RDI=0x00007f8270627f80 is an unknown value
R8 =0x0000000000000000 is an unknown value
R9 =0x00000000000008b0 is an unknown value
R10=0x00000001d353db78 is an unknown value
R11=0x000000011f500000: OBJC_IVAR_$_AWTWindow.nsWindow+0xac8 in /Library/Java/JavaVirtualMachines/jdk1.8.0_91.jdk/Contents/Home/jre/lib/libawt_lwawt.dylib at 0x000000011f48c000
R12=0x0000000000000000 is an unknown value
R13={method} {0x000000018a3a7d18} 'UnsetJAWTRootSurfaceLayer0' '(JJ)V' in 'jogamp/nativewindow/jawt/macosx/MacOSXJAWTWindow'
R14=0x0000000188b9d440: Java_jogamp_nativewindow_macosx_OSXUtil_GetScreenRefreshRate0+0x1ce0 in /private/var/folders/tq/5cybh0451bx2v8l5x53f9c_h0000gn/T/jogamp_0000/file_cache/jln8128881438750548773/jln8643893053785262400/libnativewindow_macosx.jnilib at 0x0000000188b96000
R15=0x00007f827110c000 is a thread


Stack: [0x00007fff58e16000,0x00007fff59616000],  sp=0x00007fff59611318,  free space=8172k
Native frames: (J=compiled Java code, j=interpreted, Vv=VM code, C=native code)
C  [libobjc.A.dylib+0x14e9]  objc_msgSend+0x29
j  jogamp.nativewindow.jawt.macosx.MacOSXJAWTWindow.UnsetJAWTRootSurfaceLayer0(JJ)V+0
j  jogamp.nativewindow.jawt.macosx.MacOSXJAWTWindow.access$200(JJ)V+2
j  jogamp.nativewindow.jawt.macosx.MacOSXJAWTWindow$1.run()V+38
J 2414 C1 com.jogamp.common.util.RunnableTask.run()V (345 bytes) @ 0x000000010876e254 [0x000000010876e0c0+0x194]
v  ~StubRoutines::call_stub
V  [libjvm.dylib+0x2ec1e6]
V  [libjvm.dylib+0x323355]
V  [libjvm.dylib+0x315b23]
C  [libnativewindow_macosx.jnilib+0x5326]  Java_jogamp_nativewindow_jawt_macosx_MacOSXJAWTWindow_UnsetJAWTRootSurfaceLayer0+0x2b6
C  [Foundation+0x76f5e]  __NSThreadPerformPerform+0x117
C  [CoreFoundation+0xaa881]  __CFRUNLOOP_IS_CALLING_OUT_TO_A_SOURCE0_PERFORM_FUNCTION__+0x11
C  [CoreFoundation+0x89f37]  __CFRunLoopDoSources0+0x1a7
C  [CoreFoundation+0x894df]  __CFRunLoopRun+0x39f
C  [CoreFoundation+0x88ed8]  CFRunLoopRunSpecific+0x128
C  [HIToolbox+0x30935]  RunCurrentEventLoopInMode+0xeb
C  [HIToolbox+0x30677]  ReceiveNextEventCommon+0xb8
C  [HIToolbox+0x305af]  _BlockUntilNextEventMatchingListInModeWithFilter+0x47
C  [AppKit+0x48efa]  _DPSNextEvent+0x42b
C  [AppKit+0x4832a]  -[NSApplication _nextEventMatchingEventMask:untilDate:inMode:dequeue:]+0x1c6
C  [libosxapp.dylib+0x23aa]  -[NSApplicationAWT nextEventMatchingMask:untilDate:inMode:dequeue:]+0x7c
C  [AppKit+0x3ce84]  -[NSApplication run]+0x2aa
C  [libosxapp.dylib+0x214d]  +[NSApplicationAWT runAWTLoopWithApp:]+0x9c
C  [libawt_lwawt.dylib+0x4455b]  -[AWTStarter starter:]+0x389
C  [Foundation+0x76f5e]  __NSThreadPerformPerform+0x117
C  [CoreFoundation+0xaa881]  __CFRUNLOOP_IS_CALLING_OUT_TO_A_SOURCE0_PERFORM_FUNCTION__+0x11
C  [CoreFoundation+0x89fbc]  __CFRunLoopDoSources0+0x22c
C  [CoreFoundation+0x894df]  __CFRunLoopRun+0x39f
C  [CoreFoundation+0x88ed8]  CFRunLoopRunSpecific+0x128
C  [java+0x6463]  CreateExecutionEnvironment+0x367
C  [java+0x21ac]  JLI_Launch+0x7a0
C  [java+0x84c0]  main+0x65
C  [java+0x1a04]  start+0x34
C  0x0000000000000007

Java frames: (J=compiled Java code, j=interpreted, Vv=VM code)
j  jogamp.nativewindow.jawt.macosx.MacOSXJAWTWindow.UnsetJAWTRootSurfaceLayer0(JJ)V+0
j  jogamp.nativewindow.jawt.macosx.MacOSXJAWTWindow.access$200(JJ)V+2
j  jogamp.nativewindow.jawt.macosx.MacOSXJAWTWindow$1.run()V+38
J 2414 C1 com.jogamp.common.util.RunnableTask.run()V (345 bytes) @ 0x000000010876e254 [0x000000010876e0c0+0x194]
v  ~StubRoutines::call_stub

---------------  P R O C E S S  ---------------

Java Threads: ( => current thread )
  0x00007f8270cf9000 JavaThread "Thread-19" [_thread_blocked, id=5159, stack(0x000070000196b000,0x0000700001a6b000)]
  0x00007f8270ade000 JavaThread "AWT-EventQueue-1" [_thread_in_native, id=59947, stack(0x00007000017e5000,0x00007000018e5000)]
  0x00007f82719b6800 JavaThread "DestroyJavaVM" [_thread_blocked, id=5891, stack(0x000070000011a000,0x000070000021a000)]
  0x00007f82720b2800 JavaThread "AWT-EventQueue-0" [_thread_blocked, id=56579, stack(0x00007000015df000,0x00007000016df000)]
  0x00007f827112f800 JavaThread "Java2D Disposer" daemon [_thread_blocked, id=52483, stack(0x0000700001356000,0x0000700001456000)]
  0x00007f8271a02000 JavaThread "Java2D Queue Flusher" daemon [_thread_blocked, id=49671, stack(0x0000700001253000,0x0000700001353000)]
  0x00007f82710b2800 JavaThread "AWT-Shutdown" [_thread_blocked, id=29203, stack(0x00007000010cd000,0x00007000011cd000)]
=>0x00007f827110c000 JavaThread "AWT-AppKit" daemon [_thread_in_native, id=2571, stack(0x00007fff58e16000,0x00007fff59616000)]
  0x00007f827103d000 JavaThread "Service Thread" daemon [_thread_blocked, id=18435, stack(0x0000700000dc1000,0x0000700000ec1000)]
  0x00007f8272017000 JavaThread "C1 CompilerThread2" daemon [_thread_blocked, id=17923, stack(0x0000700000cbe000,0x0000700000dbe000)]
  0x00007f8272016000 JavaThread "C2 CompilerThread1" daemon [_thread_blocked, id=17411, stack(0x0000700000bbb000,0x0000700000cbb000)]
  0x00007f827103c000 JavaThread "C2 CompilerThread0" daemon [_thread_blocked, id=16899, stack(0x0000700000ab8000,0x0000700000bb8000)]
  0x00007f8271003000 JavaThread "Signal Dispatcher" daemon [_thread_blocked, id=12815, stack(0x00007000009b5000,0x0000700000ab5000)]
  0x00007f827180c800 JavaThread "Finalizer" daemon [_thread_blocked, id=12291, stack(0x000070000082f000,0x000070000092f000)]
  0x00007f8272004000 JavaThread "Reference Handler" daemon [_thread_blocked, id=11779, stack(0x000070000072c000,0x000070000082c000)]

Other Threads:
  0x00007f827180c000 VMThread [stack: 0x0000700000629000,0x0000700000729000] [id=11267]
  0x00007f8271035800 WatcherThread [stack: 0x0000700000ec4000,0x0000700000fc4000] [id=18947]

VM state:not at safepoint (normal execution)

VM Mutex/Monitor currently owned by a thread: None

Heap:
 PSYoungGen      total 108544K, used 78629K [0x0000000795580000, 0x00000007be480000, 0x00000007c0000000)
  eden space 108032K, 72% used [0x0000000795580000,0x000000079a231618,0x000000079bf00000)
  from space 512K, 18% used [0x00000007be400000,0x00000007be418000,0x00000007be480000)
  to   space 512K, 0% used [0x00000007be380000,0x00000007be380000,0x00000007be400000)
 ParOldGen       total 120832K, used 53195K [0x0000000740000000, 0x0000000747600000, 0x0000000795580000)
  object space 120832K, 44% used [0x0000000740000000,0x00000007433f2dc8,0x0000000747600000)
 Metaspace       used 19620K, capacity 19779K, committed 19968K, reserved 1067008K
  class space    used 1900K, capacity 1982K, committed 2048K, reserved 1048576K

Card table byte_map: [0x0000000117414000,0x0000000117815000] byte_map_base: 0x0000000113a14000

Marking Bits: (ParMarkBitMap*) 0x000000010714ceb0
 Begin Bits: [0x0000000117ac0000, 0x0000000119ac0000)
 End Bits:   [0x0000000119ac0000, 0x000000011bac0000)

Polling page: 0x00000001077fe000

CodeCache: size=245760Kb used=7757Kb max_used=8062Kb free=238002Kb
 bounds [0x0000000108054000, 0x0000000108874000, 0x0000000117054000]
 total_blobs=3168 nmethods=2285 adapters=797
 compilation: enabled

Compilation events (10 events):
Event: 409.574 Thread 0x00007f827103c000 2770   !   4       java.awt.Font::equals (132 bytes)
Event: 409.574 Thread 0x00007f8272016000 2771   !   4       sun.font.FontDesignMetrics::getMetrics (265 bytes)
Event: 409.576 Thread 0x00007f827103c000 nmethod 2770 0x0000000108184c90 code [0x0000000108184e00, 0x0000000108185138]
Event: 409.604 Thread 0x00007f8272016000 nmethod 2771 0x00000001085663d0 code [0x00000001085666a0, 0x0000000108567b90]
Event: 409.815 Thread 0x00007f8272017000 2772       1       sun.java2d.SurfaceData::isValid (5 bytes)
Event: 409.815 Thread 0x00007f8272017000 nmethod 2772 0x00000001085660d0 code [0x0000000108566220, 0x0000000108566330]
Event: 409.880 Thread 0x00007f827103c000 2773  s!   4       sun.misc.URLClassPath::getLoader (197 bytes)
Event: 409.881 Thread 0x00007f8272016000 2774  s    4       sun.misc.URLClassPath::getNextLoader (88 bytes)
Event: 409.886 Thread 0x00007f827103c000 nmethod 2773 0x00000001086579d0 code [0x0000000108657b40, 0x0000000108658318]
Event: 409.887 Thread 0x00007f8272016000 nmethod 2774 0x0000000108262690 code [0x0000000108262800, 0x0000000108262f78]

GC Heap History (10 events):
Event: 404.004 GC heap before
{Heap before GC invocations=121 (full 1):
 PSYoungGen      total 117248K, used 116800K [0x0000000795580000, 0x00000007be480000, 0x00000007c0000000)
  eden space 116736K, 100% used [0x0000000795580000,0x000000079c780000,0x000000079c780000)
  from space 512K, 12% used [0x00000007be380000,0x00000007be390000,0x00000007be400000)
  to   space 512K, 0% used [0x00000007be400000,0x00000007be400000,0x00000007be480000)
 ParOldGen       total 120832K, used 53195K [0x0000000740000000, 0x0000000747600000, 0x0000000795580000)
  object space 120832K, 44% used [0x0000000740000000,0x00000007433f2dc8,0x0000000747600000)
 Metaspace       used 19591K, capacity 19779K, committed 19968K, reserved 1067008K
  class space    used 1893K, capacity 1982K, committed 2048K, reserved 1048576K
Event: 404.015 GC heap after
Heap after GC invocations=121 (full 1):
 PSYoungGen      total 124416K, used 96K [0x0000000795580000, 0x00000007be480000, 0x00000007c0000000)
  eden space 123904K, 0% used [0x0000000795580000,0x0000000795580000,0x000000079ce80000)
  from space 512K, 18% used [0x00000007be400000,0x00000007be418000,0x00000007be480000)
  to   space 512K, 0% used [0x00000007be380000,0x00000007be380000,0x00000007be400000)
 ParOldGen       total 120832K, used 53195K [0x0000000740000000, 0x0000000747600000, 0x0000000795580000)
  object space 120832K, 44% used [0x0000000740000000,0x00000007433f2dc8,0x0000000747600000)
 Metaspace       used 19591K, capacity 19779K, committed 19968K, reserved 1067008K
  class space    used 1893K, capacity 1982K, committed 2048K, reserved 1048576K
}
Event: 405.457 GC heap before
{Heap before GC invocations=122 (full 1):
 PSYoungGen      total 124416K, used 124000K [0x0000000795580000, 0x00000007be480000, 0x00000007c0000000)
  eden space 123904K, 100% used [0x0000000795580000,0x000000079ce80000,0x000000079ce80000)
  from space 512K, 18% used [0x00000007be400000,0x00000007be418000,0x00000007be480000)
  to   space 512K, 0% used [0x00000007be380000,0x00000007be380000,0x00000007be400000)
 ParOldGen       total 120832K, used 53195K [0x0000000740000000, 0x0000000747600000, 0x0000000795580000)
  object space 120832K, 44% used [0x0000000740000000,0x00000007433f2dc8,0x0000000747600000)
 Metaspace       used 19591K, capacity 19779K, committed 19968K, reserved 1067008K
  class space    used 1893K, capacity 1982K, committed 2048K, reserved 1048576K
Event: 405.458 GC heap after
Heap after GC invocations=122 (full 1):
 PSYoungGen      total 120320K, used 64K [0x0000000795580000, 0x00000007be480000, 0x00000007c0000000)
  eden space 119808K, 0% used [0x0000000795580000,0x0000000795580000,0x000000079ca80000)
  from space 512K, 12% used [0x00000007be380000,0x00000007be390000,0x00000007be400000)
  to   space 512K, 0% used [0x00000007be400000,0x00000007be400000,0x00000007be480000)
 ParOldGen       total 120832K, used 53195K [0x0000000740000000, 0x0000000747600000, 0x0000000795580000)
  object space 120832K, 44% used [0x0000000740000000,0x00000007433f2dc8,0x0000000747600000)
 Metaspace       used 19591K, capacity 19779K, committed 19968K, reserved 1067008K
  class space    used 1893K, capacity 1982K, committed 2048K, reserved 1048576K
}
Event: 406.951 GC heap before
{Heap before GC invocations=123 (full 1):
 PSYoungGen      total 120320K, used 119872K [0x0000000795580000, 0x00000007be480000, 0x00000007c0000000)
  eden space 119808K, 100% used [0x0000000795580000,0x000000079ca80000,0x000000079ca80000)
  from space 512K, 12% used [0x00000007be380000,0x00000007be390000,0x00000007be400000)
  to   space 512K, 0% used [0x00000007be400000,0x00000007be400000,0x00000007be480000)
 ParOldGen       total 120832K, used 53195K [0x0000000740000000, 0x0000000747600000, 0x0000000795580000)
  object space 120832K, 44% used [0x0000000740000000,0x00000007433f2dc8,0x0000000747600000)
 Metaspace       used 19591K, capacity 19779K, committed 19968K, reserved 1067008K
  class space    used 1893K, capacity 1982K, committed 2048K, reserved 1048576K
Event: 406.957 GC heap after
Heap after GC invocations=123 (full 1):
 PSYoungGen      total 116224K, used 96K [0x0000000795580000, 0x00000007be480000, 0x00000007c0000000)
  eden space 115712K, 0% used [0x0000000795580000,0x0000000795580000,0x000000079c680000)
  from space 512K, 18% used [0x00000007be400000,0x00000007be418000,0x00000007be480000)
  to   space 512K, 0% used [0x00000007be380000,0x00000007be380000,0x00000007be400000)
 ParOldGen       total 120832K, used 53195K [0x0000000740000000, 0x0000000747600000, 0x0000000795580000)
  object space 120832K, 44% used [0x0000000740000000,0x00000007433f2dc8,0x0000000747600000)
 Metaspace       used 19591K, capacity 19779K, committed 19968K, reserved 1067008K
  class space    used 1893K, capacity 1982K, committed 2048K, reserved 1048576K
}
Event: 408.118 GC heap before
{Heap before GC invocations=124 (full 1):
 PSYoungGen      total 116224K, used 115808K [0x0000000795580000, 0x00000007be480000, 0x00000007c0000000)
  eden space 115712K, 100% used [0x0000000795580000,0x000000079c680000,0x000000079c680000)
  from space 512K, 18% used [0x00000007be400000,0x00000007be418000,0x00000007be480000)
  to   space 512K, 0% used [0x00000007be380000,0x00000007be380000,0x00000007be400000)
 ParOldGen       total 120832K, used 53195K [0x0000000740000000, 0x0000000747600000, 0x0000000795580000)
  object space 120832K, 44% used [0x0000000740000000,0x00000007433f2dc8,0x0000000747600000)
 Metaspace       used 19591K, capacity 19779K, committed 19968K, reserved 1067008K
  class space    used 1893K, capacity 1982K, committed 2048K, reserved 1048576K
Event: 408.120 GC heap after
Heap after GC invocations=124 (full 1):
 PSYoungGen      total 112128K, used 96K [0x0000000795580000, 0x00000007be480000, 0x00000007c0000000)
  eden space 111616K, 0% used [0x0000000795580000,0x0000000795580000,0x000000079c280000)
  from space 512K, 18% used [0x00000007be380000,0x00000007be398000,0x00000007be400000)
  to   space 512K, 0% used [0x00000007be400000,0x00000007be400000,0x00000007be480000)
 ParOldGen       total 120832K, used 53195K [0x0000000740000000, 0x0000000747600000, 0x0000000795580000)
  object space 120832K, 44% used [0x0000000740000000,0x00000007433f2dc8,0x0000000747600000)
 Metaspace       used 19591K, capacity 19779K, committed 19968K, reserved 1067008K
  class space    used 1893K, capacity 1982K, committed 2048K, reserved 1048576K
}
Event: 409.155 GC heap before
{Heap before GC invocations=125 (full 1):
 PSYoungGen      total 112128K, used 111712K [0x0000000795580000, 0x00000007be480000, 0x00000007c0000000)
  eden space 111616K, 100% used [0x0000000795580000,0x000000079c280000,0x000000079c280000)
  from space 512K, 18% used [0x00000007be380000,0x00000007be398000,0x00000007be400000)
  to   space 512K, 0% used [0x00000007be400000,0x00000007be400000,0x00000007be480000)
 ParOldGen       total 120832K, used 53195K [0x0000000740000000, 0x0000000747600000, 0x0000000795580000)
  object space 120832K, 44% used [0x0000000740000000,0x00000007433f2dc8,0x0000000747600000)
 Metaspace       used 19591K, capacity 19779K, committed 19968K, reserved 1067008K
  class space    used 1893K, capacity 1982K, committed 2048K, reserved 1048576K
Event: 409.156 GC heap after
Heap after GC invocations=125 (full 1):
 PSYoungGen      total 108544K, used 96K [0x0000000795580000, 0x00000007be480000, 0x00000007c0000000)
  eden space 108032K, 0% used [0x0000000795580000,0x0000000795580000,0x000000079bf00000)
  from space 512K, 18% used [0x00000007be400000,0x00000007be418000,0x00000007be480000)
  to   space 512K, 0% used [0x00000007be380000,0x00000007be380000,0x00000007be400000)
 ParOldGen       total 120832K, used 53195K [0x0000000740000000, 0x0000000747600000, 0x0000000795580000)
  object space 120832K, 44% used [0x0000000740000000,0x00000007433f2dc8,0x0000000747600000)
 Metaspace       used 19591K, capacity 19779K, committed 19968K, reserved 1067008K
  class space    used 1893K, capacity 1982K, committed 2048K, reserved 1048576K
}

Deoptimization events (10 events):
Event: 7.752 Thread 0x00007f8270ade000 Uncommon trap: reason=unstable_if action=reinterpret pc=0x00000001082eb00c method=de.fhpotsdam.unfolding.marker.SimplePointMarker.isInside(FFFF)Z @ 31
Event: 7.791 Thread 0x00007f8270ade000 Uncommon trap: reason=unstable_if action=reinterpret pc=0x00000001085e8ee4 method=processing.core.PGraphics.style(Lprocessing/core/PStyle;)V @ 220
Event: 7.791 Thread 0x00007f8270ade000 Uncommon trap: reason=unstable_if action=reinterpret pc=0x00000001085dec2c method=processing.core.PGraphics.style(Lprocessing/core/PStyle;)V @ 220
Event: 409.564 Thread 0x00007f8270ade000 Uncommon trap: reason=unstable_if action=reinterpret pc=0x00000001086b0ba8 method=com.jogamp.common.util.VersionNumber.compareTo(Lcom/jogamp/common/util/VersionNumber;)I @ 21
Event: 409.567 Thread 0x00007f82720b2800 Uncommon trap: reason=unstable_if action=reinterpret pc=0x00000001084ece94 method=java.awt.font.FontRenderContext.equals(Ljava/awt/font/FontRenderContext;)Z @ 2
Event: 409.567 Thread 0x00007f82720b2800 Uncommon trap: reason=unstable_if action=reinterpret pc=0x0000000108239c48 method=java.awt.Font.equals(Ljava/lang/Object;)Z @ 2
Event: 409.813 Thread 0x00007f827096b000 Uncommon trap: reason=unstable_if action=reinterpret pc=0x00000001084d02c0 method=java.util.HashMap.putVal(ILjava/lang/Object;Ljava/lang/Object;ZZ)Ljava/lang/Object; @ 81
Event: 409.813 Thread 0x00007f827096b000 Uncommon trap: reason=unstable_if action=reinterpret pc=0x00000001084c52a4 method=java.util.HashMap.putVal(ILjava/lang/Object;Ljava/lang/Object;ZZ)Ljava/lang/Object; @ 81
Event: 409.885 Thread 0x00007f8270ade000 Uncommon trap: reason=unstable_if action=reinterpret pc=0x000000010882424c method=java.security.AccessControlContext.optimize()Ljava/security/AccessControlContext; @ 233
Event: 409.888 Thread 0x00007f8270ade000 Uncommon trap: reason=unstable_if action=reinterpret pc=0x00000001085a0fb0 method=java.util.ArrayList.isEmpty()Z @ 4

Internal exceptions (10 events):
Event: 0.266 Thread 0x00007f8271000000 Exception <a 'java/lang/NoSuchFieldError': method resolution failed> (0x0000000795785c50) thrown at [/Users/java_re/workspace/8-2-build-macosx-x86_64/jdk8u91/6644/hotspot/src/share/vm/prims/methodHandles.cpp, line 1146]
Event: 0.268 Thread 0x00007f8271000000 Exception <a 'java/lang/NoSuchFieldError': method resolution failed> (0x0000000795793420) thrown at [/Users/java_re/workspace/8-2-build-macosx-x86_64/jdk8u91/6644/hotspot/src/share/vm/prims/methodHandles.cpp, line 1146]
Event: 0.450 Thread 0x00007f8271000000 Exception <a 'java/io/FileNotFoundException'> (0x000000079580f3c8) thrown at [/Users/java_re/workspace/8-2-build-macosx-x86_64/jdk8u91/6644/hotspot/src/share/vm/prims/jni.cpp, line 709]
Event: 0.450 Thread 0x00007f8271000000 Exception <a 'java/io/FileNotFoundException'> (0x000000079580ff30) thrown at [/Users/java_re/workspace/8-2-build-macosx-x86_64/jdk8u91/6644/hotspot/src/share/vm/prims/jni.cpp, line 709]
Event: 0.600 Thread 0x00007f8271000000 Exception <a 'java/io/FileNotFoundException'> (0x000000079594b880) thrown at [/Users/java_re/workspace/8-2-build-macosx-x86_64/jdk8u91/6644/hotspot/src/share/vm/prims/jni.cpp, line 709]
Event: 3.065 Thread 0x00007f8271c6c800 Exception <a 'java/lang/UnsatisfiedLinkError': com.jogamp.common.util.JarUtil.fixNativeLibAttribs(Ljava/lang/String;)Z> (0x0000000796bf65f0) thrown at [/Users/java_re/workspace/8-2-build-macosx-x86_64/jdk8u91/6644/hotspot/src/share/vm/prims/nativeLookup.c
Event: 3.430 Thread 0x00007f827180c800 Exception <a 'java/lang/NullPointerException'> (0x00000007956a6418) thrown at [/Users/java_re/workspace/8-2-build-macosx-x86_64/jdk8u91/6644/hotspot/src/share/vm/interpreter/linkResolver.cpp, line 1178]
Event: 4.111 Thread 0x00007f8270ade000 Exception <a 'java/io/FileNotFoundException'> (0x0000000795f45330) thrown at [/Users/java_re/workspace/8-2-build-macosx-x86_64/jdk8u91/6644/hotspot/src/share/vm/prims/jni.cpp, line 709]
Event: 4.112 Thread 0x00007f8270ade000 Exception <a 'java/io/FileNotFoundException'> (0x0000000795f4b6d0) thrown at [/Users/java_re/workspace/8-2-build-macosx-x86_64/jdk8u91/6644/hotspot/src/share/vm/prims/jni.cpp, line 709]
Event: 4.112 Thread 0x00007f8270ade000 Implicit null exception at 0x00000001081f3235 to 0x00000001081f3585

Events (10 events):
Event: 409.886 loading class java/awt/event/AWTEventListenerProxy
Event: 409.886 loading class java/awt/event/AWTEventListenerProxy done
Event: 409.886 loading class java/awt/Toolkit$ToolkitEventMulticaster
Event: 409.886 loading class java/awt/Toolkit$ToolkitEventMulticaster done
Event: 409.887 Thread 0x00007f827096b000 Thread exited: 0x00007f827096b000
Event: 409.887 loading class java/awt/Window$1DisposeAction
Event: 409.887 loading class java/awt/Window$1DisposeAction done
Event: 409.888 Thread 0x00007f8270ade000 Uncommon trap: trap_request=0xffffff65 fr.pc=0x00000001085a0fb0
Event: 409.888 Thread 0x00007f8270ade000 DEOPT PACKING pc=0x00000001085a0fb0 sp=0x00007000018e2700
Event: 409.888 Thread 0x00007f8270ade000 DEOPT UNPACKING pc=0x0000000108059229 sp=0x00007000018e26b8 mode 2


Dynamic libraries:
0x0000000009285000 	/System/Library/Frameworks/Cocoa.framework/Versions/A/Cocoa
0x0000000009285000 	/System/Library/Frameworks/Security.framework/Versions/A/Security
0x0000000009285000 	/System/Library/Frameworks/ApplicationServices.framework/Versions/A/ApplicationServices
0x0000000009285000 	/usr/lib/libz.1.dylib
0x0000000009285000 	/usr/lib/libSystem.B.dylib
0x0000000009285000 	/usr/lib/libobjc.A.dylib
0x0000000009285000 	/System/Library/Frameworks/CoreFoundation.framework/Versions/A/CoreFoundation
0x0000000009285000 	/System/Library/Frameworks/Foundation.framework/Versions/C/Foundation
0x0000000009285000 	/System/Library/Frameworks/AppKit.framework/Versions/C/AppKit
0x0000000009285000 	/System/Library/Frameworks/CoreData.framework/Versions/A/CoreData
0x0000000009285000 	/System/Library/PrivateFrameworks/RemoteViewServices.framework/Versions/A/RemoteViewServices
0x0000000009285000 	/System/Library/PrivateFrameworks/UIFoundation.framework/Versions/A/UIFoundation
0x0000000009285000 	/usr/lib/libScreenReader.dylib
0x0000000009285000 	/System/Library/Frameworks/Accelerate.framework/Versions/A/Accelerate
0x0000000009285000 	/System/Library/Frameworks/IOSurface.framework/Versions/A/IOSurface
0x0000000009285000 	/System/Library/Frameworks/AudioToolbox.framework/Versions/A/AudioToolbox
0x0000000009285000 	/System/Library/Frameworks/AudioUnit.framework/Versions/A/AudioUnit
0x0000000009285000 	/System/Library/PrivateFrameworks/DataDetectorsCore.framework/Versions/A/DataDetectorsCore
0x0000000009285000 	/System/Library/PrivateFrameworks/DesktopServicesPriv.framework/Versions/A/DesktopServicesPriv
0x0000000009285000 	/System/Library/Frameworks/Carbon.framework/Versions/A/Frameworks/HIToolbox.framework/Versions/A/HIToolbox
0x0000000009285000 	/System/Library/Frameworks/QuartzCore.framework/Versions/A/QuartzCore
0x0000000009285000 	/System/Library/Frameworks/Carbon.framework/Versions/A/Frameworks/SpeechRecognition.framework/Versions/A/SpeechRecognition
0x0000000009285000 	/usr/lib/libauto.dylib
0x0000000009285000 	/usr/lib/libicucore.A.dylib
0x0000000009285000 	/usr/lib/libxml2.2.dylib
0x0000000009285000 	/System/Library/PrivateFrameworks/CoreUI.framework/Versions/A/CoreUI
0x0000000009285000 	/System/Library/Frameworks/CoreAudio.framework/Versions/A/CoreAudio
0x0000000009285000 	/System/Library/Frameworks/DiskArbitration.framework/Versions/A/DiskArbitration
0x0000000009285000 	/usr/lib/liblangid.dylib
0x0000000009285000 	/System/Library/PrivateFrameworks/MultitouchSupport.framework/Versions/A/MultitouchSupport
0x0000000009285000 	/System/Library/Frameworks/IOKit.framework/Versions/A/IOKit
0x0000000009285000 	/usr/lib/libDiagnosticMessagesClient.dylib
0x0000000009285000 	/System/Library/Frameworks/CoreServices.framework/Versions/A/CoreServices
0x0000000009285000 	/System/Library/PrivateFrameworks/PerformanceAnalysis.framework/Versions/A/PerformanceAnalysis
0x0000000009285000 	/System/Library/PrivateFrameworks/GenerationalStorage.framework/Versions/A/GenerationalStorage
0x0000000009285000 	/System/Library/Frameworks/OpenGL.framework/Versions/A/OpenGL
0x0000000009285000 	/System/Library/PrivateFrameworks/Sharing.framework/Versions/A/Sharing
0x0000000009285000 	/System/Library/Frameworks/CoreGraphics.framework/Versions/A/CoreGraphics
0x0000000009285000 	/System/Library/Frameworks/CoreImage.framework/Versions/A/CoreImage
0x0000000009285000 	/System/Library/Frameworks/CoreText.framework/Versions/A/CoreText
0x0000000009285000 	/System/Library/Frameworks/ImageIO.framework/Versions/A/ImageIO
0x0000000009285000 	/System/Library/PrivateFrameworks/Backup.framework/Versions/A/Backup
0x0000000009285000 	/usr/lib/libextension.dylib
0x0000000009285000 	/usr/lib/libarchive.2.dylib
0x0000000009285000 	/System/Library/Frameworks/CFNetwork.framework/Versions/A/CFNetwork
0x0000000009285000 	/System/Library/Frameworks/SystemConfiguration.framework/Versions/A/SystemConfiguration
0x0000000009285000 	/usr/lib/libCRFSuite.dylib
0x0000000009285000 	/usr/lib/libc++.1.dylib
0x0000000009285000 	/usr/lib/libc++abi.dylib
0x0000000009285000 	/usr/lib/system/libcache.dylib
0x0000000009285000 	/usr/lib/system/libcommonCrypto.dylib
0x0000000009285000 	/usr/lib/system/libcompiler_rt.dylib
0x0000000009285000 	/usr/lib/system/libcopyfile.dylib
0x0000000009285000 	/usr/lib/system/libcorecrypto.dylib
0x0000000009285000 	/usr/lib/system/libdispatch.dylib
0x0000000009285000 	/usr/lib/system/libdyld.dylib
0x0000000009285000 	/usr/lib/system/libkeymgr.dylib
0x0000000009285000 	/usr/lib/system/liblaunch.dylib
0x0000000009285000 	/usr/lib/system/libmacho.dylib
0x0000000009285000 	/usr/lib/system/libquarantine.dylib
0x0000000009285000 	/usr/lib/system/libremovefile.dylib
0x0000000009285000 	/usr/lib/system/libsystem_asl.dylib
0x0000000009285000 	/usr/lib/system/libsystem_blocks.dylib
0x0000000009285000 	/usr/lib/system/libsystem_c.dylib
0x0000000009285000 	/usr/lib/system/libsystem_configuration.dylib
0x0000000009285000 	/usr/lib/system/libsystem_coreservices.dylib
0x0000000009285000 	/usr/lib/system/libsystem_coretls.dylib
0x0000000009285000 	/usr/lib/system/libsystem_dnssd.dylib
0x0000000009285000 	/usr/lib/system/libsystem_info.dylib
0x0000000009285000 	/usr/lib/system/libsystem_kernel.dylib
0x0000000009285000 	/usr/lib/system/libsystem_m.dylib
0x0000000009285000 	/usr/lib/system/libsystem_malloc.dylib
0x0000000009285000 	/usr/lib/system/libsystem_network.dylib
0x0000000009285000 	/usr/lib/system/libsystem_networkextension.dylib
0x0000000009285000 	/usr/lib/system/libsystem_notify.dylib
0x0000000009285000 	/usr/lib/system/libsystem_platform.dylib
0x0000000009285000 	/usr/lib/system/libsystem_pthread.dylib
0x0000000009285000 	/usr/lib/system/libsystem_sandbox.dylib
0x0000000009285000 	/usr/lib/system/libsystem_secinit.dylib
0x0000000009285000 	/usr/lib/system/libsystem_trace.dylib
0x0000000009285000 	/usr/lib/system/libunc.dylib
0x0000000009285000 	/usr/lib/system/libunwind.dylib
0x0000000009285000 	/usr/lib/system/libxpc.dylib
0x0000000009285000 	/usr/lib/libenergytrace.dylib
0x0000000009285000 	/usr/lib/libbsm.0.dylib
0x0000000009285000 	/usr/lib/system/libkxld.dylib
0x0000000009285000 	/usr/lib/libxar.1.dylib
0x0000000009285000 	/usr/lib/libsqlite3.dylib
0x0000000009285000 	/usr/lib/libpam.2.dylib
0x0000000009285000 	/usr/lib/libOpenScriptingUtil.dylib
0x0000000009285000 	/usr/lib/libbz2.1.0.dylib
0x0000000009285000 	/usr/lib/liblzma.5.dylib
0x0000000009285000 	/System/Library/Frameworks/CoreServices.framework/Versions/A/Frameworks/FSEvents.framework/Versions/A/FSEvents
0x0000000009285000 	/System/Library/Frameworks/CoreServices.framework/Versions/A/Frameworks/CarbonCore.framework/Versions/A/CarbonCore
0x0000000009285000 	/System/Library/Frameworks/CoreServices.framework/Versions/A/Frameworks/Metadata.framework/Versions/A/Metadata
0x0000000009285000 	/System/Library/Frameworks/CoreServices.framework/Versions/A/Frameworks/OSServices.framework/Versions/A/OSServices
0x0000000009285000 	/System/Library/Frameworks/CoreServices.framework/Versions/A/Frameworks/SearchKit.framework/Versions/A/SearchKit
0x0000000009285000 	/System/Library/Frameworks/CoreServices.framework/Versions/A/Frameworks/AE.framework/Versions/A/AE
0x0000000009285000 	/System/Library/Frameworks/CoreServices.framework/Versions/A/Frameworks/LaunchServices.framework/Versions/A/LaunchServices
0x0000000009285000 	/System/Library/Frameworks/CoreServices.framework/Versions/A/Frameworks/DictionaryServices.framework/Versions/A/DictionaryServices
0x0000000009285000 	/System/Library/Frameworks/CoreServices.framework/Versions/A/Frameworks/SharedFileList.framework/Versions/A/SharedFileList
0x0000000009285000 	/System/Library/Frameworks/NetFS.framework/Versions/A/NetFS
0x0000000009285000 	/System/Library/PrivateFrameworks/NetAuth.framework/Versions/A/NetAuth
0x0000000009285000 	/System/Library/PrivateFrameworks/login.framework/Versions/A/Frameworks/loginsupport.framework/Versions/A/loginsupport
0x0000000009285000 	/System/Library/PrivateFrameworks/TCC.framework/Versions/A/TCC
0x0000000009285000 	/usr/lib/libmecabra.dylib
0x0000000009285000 	/System/Library/Frameworks/ApplicationServices.framework/Versions/A/Frameworks/ATS.framework/Versions/A/ATS
0x0000000009285000 	/System/Library/Frameworks/ApplicationServices.framework/Versions/A/Frameworks/ColorSync.framework/Versions/A/ColorSync
0x0000000009285000 	/System/Library/Frameworks/ApplicationServices.framework/Versions/A/Frameworks/HIServices.framework/Versions/A/HIServices
0x0000000009285000 	/System/Library/Frameworks/ApplicationServices.framework/Versions/A/Frameworks/LangAnalysis.framework/Versions/A/LangAnalysis
0x0000000009285000 	/System/Library/Frameworks/ApplicationServices.framework/Versions/A/Frameworks/PrintCore.framework/Versions/A/PrintCore
0x0000000009285000 	/System/Library/Frameworks/ApplicationServices.framework/Versions/A/Frameworks/QD.framework/Versions/A/QD
0x0000000009285000 	/System/Library/Frameworks/ApplicationServices.framework/Versions/A/Frameworks/SpeechSynthesis.framework/Versions/A/SpeechSynthesis
0x0000000009285000 	/System/Library/Frameworks/Metal.framework/Versions/A/Metal
0x0000000009285000 	/System/Library/Frameworks/Accelerate.framework/Versions/A/Frameworks/vImage.framework/Versions/A/vImage
0x0000000009285000 	/System/Library/Frameworks/Accelerate.framework/Versions/A/Frameworks/vecLib.framework/Versions/A/vecLib
0x0000000009285000 	/System/Library/Frameworks/Accelerate.framework/Versions/A/Frameworks/vecLib.framework/Versions/A/libvDSP.dylib
0x0000000009285000 	/System/Library/Frameworks/Accelerate.framework/Versions/A/Frameworks/vecLib.framework/Versions/A/libvMisc.dylib
0x0000000009285000 	/System/Library/Frameworks/Accelerate.framework/Versions/A/Frameworks/vecLib.framework/Versions/A/libLAPACK.dylib
0x0000000009285000 	/System/Library/Frameworks/Accelerate.framework/Versions/A/Frameworks/vecLib.framework/Versions/A/libBLAS.dylib
0x0000000009285000 	/System/Library/Frameworks/Accelerate.framework/Versions/A/Frameworks/vecLib.framework/Versions/A/libLinearAlgebra.dylib
0x0000000009285000 	/System/Library/Frameworks/Accelerate.framework/Versions/A/Frameworks/vecLib.framework/Versions/A/libSparseBLAS.dylib
0x0000000009285000 	/System/Library/PrivateFrameworks/GPUCompiler.framework/libmetal_timestamp.dylib
0x0000000009285000 	/System/Library/Frameworks/OpenGL.framework/Versions/A/Libraries/libCoreFSCache.dylib
0x0000000009285000 	/System/Library/PrivateFrameworks/IOAccelerator.framework/Versions/A/IOAccelerator
0x0000000009285000 	/System/Library/Frameworks/ApplicationServices.framework/Versions/A/Frameworks/ATS.framework/Versions/A/Resources/libFontParser.dylib
0x0000000009285000 	/System/Library/Frameworks/ApplicationServices.framework/Versions/A/Frameworks/ATS.framework/Versions/A/Resources/libFontRegistry.dylib
0x0000000009285000 	/System/Library/PrivateFrameworks/AppleVPA.framework/Versions/A/AppleVPA
0x0000000009285000 	/System/Library/PrivateFrameworks/AppleJPEG.framework/Versions/A/AppleJPEG
0x0000000009285000 	/System/Library/Frameworks/ImageIO.framework/Versions/A/Resources/libJPEG.dylib
0x0000000009285000 	/System/Library/Frameworks/ImageIO.framework/Versions/A/Resources/libTIFF.dylib
0x0000000009285000 	/System/Library/Frameworks/ImageIO.framework/Versions/A/Resources/libPng.dylib
0x0000000009285000 	/System/Library/Frameworks/ImageIO.framework/Versions/A/Resources/libGIF.dylib
0x0000000009285000 	/System/Library/Frameworks/ImageIO.framework/Versions/A/Resources/libJP2.dylib
0x0000000009285000 	/System/Library/Frameworks/ImageIO.framework/Versions/A/Resources/libRadiance.dylib
0x0000000009285000 	/System/Library/Frameworks/CoreVideo.framework/Versions/A/CoreVideo
0x0000000009285000 	/System/Library/Frameworks/OpenGL.framework/Versions/A/Libraries/libGLU.dylib
0x0000000009285000 	/System/Library/Frameworks/OpenGL.framework/Versions/A/Libraries/libGFXShared.dylib
0x0000000009285000 	/System/Library/Frameworks/OpenGL.framework/Versions/A/Libraries/libGL.dylib
0x0000000009285000 	/System/Library/Frameworks/OpenGL.framework/Versions/A/Libraries/libGLImage.dylib
0x0000000009285000 	/System/Library/Frameworks/OpenGL.framework/Versions/A/Libraries/libCVMSPluginSupport.dylib
0x0000000009285000 	/System/Library/Frameworks/OpenGL.framework/Versions/A/Libraries/libCoreVMClient.dylib
0x0000000009285000 	/usr/lib/libcups.2.dylib
0x0000000009285000 	/System/Library/Frameworks/Kerberos.framework/Versions/A/Kerberos
0x0000000009285000 	/System/Library/Frameworks/GSS.framework/Versions/A/GSS
0x0000000009285000 	/usr/lib/libresolv.9.dylib
0x0000000009285000 	/usr/lib/libiconv.2.dylib
0x0000000009285000 	/System/Library/PrivateFrameworks/Heimdal.framework/Versions/A/Heimdal
0x0000000009285000 	/usr/lib/libheimdal-asn1.dylib
0x0000000009285000 	/System/Library/Frameworks/OpenDirectory.framework/Versions/A/OpenDirectory
0x0000000009285000 	/System/Library/PrivateFrameworks/CommonAuth.framework/Versions/A/CommonAuth
0x0000000009285000 	/System/Library/Frameworks/OpenDirectory.framework/Versions/A/Frameworks/CFOpenDirectory.framework/Versions/A/CFOpenDirectory
0x0000000009285000 	/System/Library/Frameworks/SecurityFoundation.framework/Versions/A/SecurityFoundation
0x0000000009285000 	/System/Library/PrivateFrameworks/LanguageModeling.framework/Versions/A/LanguageModeling
0x0000000009285000 	/usr/lib/libmarisa.dylib
0x0000000009285000 	/usr/lib/libChineseTokenizer.dylib
0x0000000009285000 	/usr/lib/libcmph.dylib
0x0000000009285000 	/usr/lib/libcompression.dylib
0x0000000009285000 	/System/Library/Frameworks/ServiceManagement.framework/Versions/A/ServiceManagement
0x0000000009285000 	/usr/lib/libxslt.1.dylib
0x0000000009285000 	/System/Library/Frameworks/Carbon.framework/Versions/A/Frameworks/Ink.framework/Versions/A/Ink
0x0000000009285000 	/usr/lib/libFosl_dynamic.dylib
0x0000000009285000 	/System/Library/PrivateFrameworks/FaceCore.framework/Versions/A/FaceCore
0x0000000009285000 	/System/Library/Frameworks/OpenCL.framework/Versions/A/OpenCL
0x0000000009285000 	/System/Library/PrivateFrameworks/CrashReporterSupport.framework/Versions/A/CrashReporterSupport
0x0000000009285000 	/System/Library/PrivateFrameworks/IconServices.framework/Versions/A/IconServices
0x0000000009285000 	/System/Library/PrivateFrameworks/Apple80211.framework/Versions/A/Apple80211
0x0000000009285000 	/System/Library/Frameworks/CoreWLAN.framework/Versions/A/CoreWLAN
0x0000000009285000 	/System/Library/Frameworks/IOBluetooth.framework/Versions/A/IOBluetooth
0x0000000009285000 	/System/Library/PrivateFrameworks/CoreWiFi.framework/Versions/A/CoreWiFi
0x0000000009285000 	/System/Library/Frameworks/CoreBluetooth.framework/Versions/A/CoreBluetooth
0x0000000009285000 	/System/Library/PrivateFrameworks/ChunkingLibrary.framework/Versions/A/ChunkingLibrary
0x0000000009285000 	/System/Library/PrivateFrameworks/DebugSymbols.framework/Versions/A/DebugSymbols
0x0000000009285000 	/System/Library/PrivateFrameworks/CoreSymbolication.framework/Versions/A/CoreSymbolication
0x0000000009285000 	/System/Library/PrivateFrameworks/Symbolication.framework/Versions/A/Symbolication
0x0000000009285000 	/System/Library/PrivateFrameworks/SpeechRecognitionCore.framework/Versions/A/SpeechRecognitionCore
0x0000000106866000 	/Library/Java/JavaVirtualMachines/jdk1.8.0_91.jdk/Contents/Home/jre/lib/server/libjvm.dylib
0x0000000009285000 	/usr/lib/libstdc++.6.dylib
0x0000000108000000 	/Library/Java/JavaVirtualMachines/jdk1.8.0_91.jdk/Contents/Home/jre/lib/libverify.dylib
0x000000010800e000 	/Library/Java/JavaVirtualMachines/jdk1.8.0_91.jdk/Contents/Home/jre/lib/libjava.dylib
0x000000010804b000 	/Library/Java/JavaVirtualMachines/jdk1.8.0_91.jdk/Contents/Home/jre/lib/libzip.dylib
0x000000011d9b7000 	/System/Library/Frameworks/JavaVM.framework/Frameworks/JavaRuntimeSupport.framework/JavaRuntimeSupport
0x000000011d9d2000 	/System/Library/Frameworks/JavaVM.framework/Versions/A/Frameworks/JavaNativeFoundation.framework/Versions/A/JavaNativeFoundation
0x000000011d9e7000 	/System/Library/Frameworks/JavaVM.framework/Versions/A/JavaVM
0x0000000009285000 	/System/Library/Frameworks/Carbon.framework/Versions/A/Carbon
0x000000011d9f4000 	/System/Library/PrivateFrameworks/JavaLaunching.framework/Versions/A/JavaLaunching
0x0000000009285000 	/System/Library/Frameworks/Carbon.framework/Versions/A/Frameworks/CommonPanels.framework/Versions/A/CommonPanels
0x0000000009285000 	/System/Library/Frameworks/Carbon.framework/Versions/A/Frameworks/Help.framework/Versions/A/Help
0x0000000009285000 	/System/Library/Frameworks/Carbon.framework/Versions/A/Frameworks/ImageCapture.framework/Versions/A/ImageCapture
0x0000000009285000 	/System/Library/Frameworks/Carbon.framework/Versions/A/Frameworks/OpenScripting.framework/Versions/A/OpenScripting
0x0000000009285000 	/System/Library/Frameworks/Carbon.framework/Versions/A/Frameworks/Print.framework/Versions/A/Print
0x0000000009285000 	/System/Library/Frameworks/Carbon.framework/Versions/A/Frameworks/SecurityHI.framework/Versions/A/SecurityHI
0x000000011f318000 	/Library/Java/JavaVirtualMachines/jdk1.8.0_91.jdk/Contents/Home/jre/lib/libawt.dylib
0x000000011f3c0000 	/Library/Java/JavaVirtualMachines/jdk1.8.0_91.jdk/Contents/Home/jre/lib/./libmlib_image.dylib
0x000000011f48c000 	/Library/Java/JavaVirtualMachines/jdk1.8.0_91.jdk/Contents/Home/jre/lib/libawt_lwawt.dylib
0x000000011f541000 	/Library/Java/JavaVirtualMachines/jdk1.8.0_91.jdk/Contents/Home/jre/lib/./libosxapp.dylib
0x0000000009285000 	/System/Library/Frameworks/ExceptionHandling.framework/Versions/A/ExceptionHandling
0x0000000009285000 	/System/Library/PrivateFrameworks/CoreServicesInternal.framework/Versions/A/CoreServicesInternal
0x0000000009285000 	/System/Library/Frameworks/CoreGraphics.framework/Versions/A/Resources/libRIP.A.dylib
0x0000000009285000 	/System/Library/Frameworks/Accelerate.framework/Versions/A/Frameworks/vImage.framework/Versions/A/Libraries/libCGInterfaces.dylib
0x0000000009285000 	/System/Library/Frameworks/CoreGraphics.framework/Versions/A/Resources/libCGXType.A.dylib
0x0000000009285000 	/System/Library/Frameworks/OpenCL.framework/Versions/A/Libraries/libcldcpuengine.dylib
0x0000000009285000 	/System/Library/PrivateFrameworks/DiskImages.framework/Versions/A/DiskImages
0x0000000009285000 	/System/Library/Frameworks/DiscRecording.framework/Versions/A/DiscRecording
0x0000000009285000 	/usr/lib/libcsfde.dylib
0x0000000009285000 	/usr/lib/libcurl.4.dylib
0x0000000009285000 	/System/Library/PrivateFrameworks/MediaKit.framework/Versions/A/MediaKit
0x0000000009285000 	/System/Library/PrivateFrameworks/ProtectedCloudStorage.framework/Versions/A/ProtectedCloudStorage
0x0000000009285000 	/usr/lib/libCoreStorage.dylib
0x0000000009285000 	/System/Library/PrivateFrameworks/EFILogin.framework/Versions/A/EFILogin
0x0000000009285000 	/usr/lib/libutil.dylib
0x0000000009285000 	/System/Library/PrivateFrameworks/FindMyDevice.framework/Versions/A/FindMyDevice
0x0000000009285000 	/System/Library/Frameworks/LDAP.framework/Versions/A/LDAP
0x0000000009285000 	/usr/lib/libsasl2.2.dylib
0x0000000009285000 	/System/Library/PrivateFrameworks/CoreDaemon.framework/Versions/B/CoreDaemon
0x0000000009285000 	/usr/lib/libcrypto.0.9.8.dylib
0x0000000009285000 	/System/Library/PrivateFrameworks/AppleSRP.framework/Versions/A/AppleSRP
0x0000000009285000 	/System/Library/PrivateFrameworks/TrustEvaluationAgent.framework/Versions/A/TrustEvaluationAgent
0x0000000120c9a000 	cl_kernels
0x0000000009285000 	/System/Library/Frameworks/OpenCL.framework/Versions/A/Libraries/ImageFormats/unorm8_bgra.dylib
0x0000000009285000 	/System/Library/Frameworks/OpenCL.framework/Versions/A/Libraries/ImageFormats/unorm8_rgba.dylib
0x0000000009285000 	/System/Library/PrivateFrameworks/FamilyControls.framework/Versions/A/FamilyControls
0x0000000009285000 	/System/Library/PrivateFrameworks/CommerceKit.framework/Versions/A/Frameworks/CommerceCore.framework/Versions/A/CommerceCore
0x0000000009285000 	/System/Library/PrivateFrameworks/SystemAdministration.framework/Versions/A/SystemAdministration
0x0000000009285000 	/System/Library/PrivateFrameworks/AppContainer.framework/Versions/A/AppContainer
0x0000000009285000 	/System/Library/PrivateFrameworks/SecCodeWrapper.framework/Versions/A/SecCodeWrapper
0x0000000009285000 	/System/Library/Frameworks/DirectoryService.framework/Versions/A/DirectoryService
0x0000000009285000 	/System/Library/PrivateFrameworks/LoginUIKit.framework/Versions/A/Frameworks/LoginUICore.framework/Versions/A/LoginUICore
0x0000000009285000 	/usr/lib/libodfde.dylib
0x0000000009285000 	/System/Library/Frameworks/OpenGL.framework/Versions/A/Resources/GLEngine.bundle/GLEngine
0x0000000009285000 	/System/Library/Frameworks/OpenGL.framework/Versions/A/Libraries/libGLProgrammability.dylib
0x0000000121d2a000 	/System/Library/Extensions/AMDRadeonX3000GLDriver.bundle/Contents/MacOS/AMDRadeonX3000GLDriver
0x0000000009285000 	/System/Library/PrivateFrameworks/GPUSupport.framework/Versions/A/Libraries/libGPUSupportMercury.dylib
0x0000000121e09000 	/System/Library/Extensions/AMDRadeonX3000GLDriver.bundle/Contents/MacOS/ATIRadeonX3000SCLib.dylib
0x0000000009285000 	/System/Library/Frameworks/OpenGL.framework/Versions/A/Resources/GLRendererFloat.bundle/GLRendererFloat
0x00000001220f6000 	/Library/Java/JavaVirtualMachines/jdk1.8.0_91.jdk/Contents/Home/jre/lib/libfontmanager.dylib
0x0000000122df1000 	/Library/Java/JavaVirtualMachines/jdk1.8.0_91.jdk/Contents/Home/jre/lib/libosxui.dylib
0x00000001238ce000 	/Library/Java/JavaVirtualMachines/jdk1.8.0_91.jdk/Contents/Home/jre/lib/libnet.dylib
0x0000000123876000 	/Library/Java/JavaVirtualMachines/jdk1.8.0_91.jdk/Contents/Home/jre/lib/libnio.dylib
0x0000000009285000 	/System/Library/Frameworks/ApplicationServices.framework/Versions/A/Frameworks/ATS.framework/Versions/A/Resources/libTrueTypeScaler.dylib
0x0000000188b92000 	/private/var/folders/tq/5cybh0451bx2v8l5x53f9c_h0000gn/T/jogamp_0000/file_cache/jln8128881438750548773/jln8643893053785262400/libgluegen-rt.jnilib
0x0000000122acd000 	/private/var/folders/tq/5cybh0451bx2v8l5x53f9c_h0000gn/T/jogamp_0000/file_cache/jln8128881438750548773/jln8643893053785262400/libnativewindow_awt.jnilib
0x0000000122ad9000 	/Library/Java/JavaVirtualMachines/jdk1.8.0_91.jdk/Contents/Home/jre/lib/libjawt.dylib
0x0000000188b96000 	/private/var/folders/tq/5cybh0451bx2v8l5x53f9c_h0000gn/T/jogamp_0000/file_cache/jln8128881438750548773/jln8643893053785262400/libnativewindow_macosx.jnilib
0x000000018a239000 	/private/var/folders/tq/5cybh0451bx2v8l5x53f9c_h0000gn/T/jogamp_0000/file_cache/jln8128881438750548773/jln8643893053785262400/libjogl_desktop.jnilib
0x000000019098b000 	/Library/Java/JavaVirtualMachines/jdk1.8.0_91.jdk/Contents/Home/jre/lib/libt2k.dylib

VM Arguments:
jvm_args: -Djava.security.policy=java.policy.applet -Dfile.encoding=UTF-8 
java_command: sun.applet.AppletViewer module6.AirportMap1464137065092.html
java_class_path (initial): /Users/limhoktan/Documents/workspace/UCSDUnfoldingMaps/build:/Users/limhoktan/Documents/workspace/UCSDUnfoldingMaps/lib/core.jar:/Users/limhoktan/Documents/workspace/UCSDUnfoldingMaps/lib/gluegen-rt.jar:/Users/limhoktan/Documents/workspace/UCSDUnfoldingMaps/lib/jogl-all.jar:/Users/limhoktan/Documents/workspace/UCSDUnfoldingMaps/lib/log4j-1.2.15.jar:/Users/limhoktan/Documents/workspace/UCSDUnfoldingMaps/lib/sqlite-jdbc-3.7.2.jar:/Users/limhoktan/Documents/workspace/UCSDUnfoldingMaps/lib/json4processing.jar:/Users/limhoktan/Documents/workspace/UCSDUnfoldingMaps/lib/libTUIO.jar:/Users/limhoktan/Documents/workspace/UCSDUnfoldingMaps/lib/unfolding.0.9.7-uscd.jar
Launcher Type: SUN_STANDARD

Environment Variables:
PATH=/usr/bin:/bin:/usr/sbin:/sbin
SHELL=/bin/bash
DISPLAY=/private/tmp/com.apple.launchd.3cFrEfN4Lz/org.macosforge.xquartz:0

Signal Handlers:
SIGSEGV: [libjvm.dylib+0x5a97a1], sa_mask[0]=11111111011111110111111111111111, sa_flags=SA_ONSTACK|SA_RESTART|SA_SIGINFO
SIGBUS: [libjvm.dylib+0x5a97a1], sa_mask[0]=11111111011111110111111111111111, sa_flags=SA_RESTART|SA_SIGINFO
SIGFPE: [libjvm.dylib+0x482594], sa_mask[0]=11111111011111110111111111111111, sa_flags=SA_RESTART|SA_SIGINFO
SIGPIPE: [libjvm.dylib+0x482594], sa_mask[0]=11111111011111110111111111111111, sa_flags=SA_RESTART|SA_SIGINFO
SIGXFSZ: [libjvm.dylib+0x482594], sa_mask[0]=11111111011111110111111111111111, sa_flags=SA_RESTART|SA_SIGINFO
SIGILL: [libjvm.dylib+0x482594], sa_mask[0]=11111111011111110111111111111111, sa_flags=SA_RESTART|SA_SIGINFO
SIGUSR1: SIG_DFL, sa_mask[0]=00000000000000000000000000000000, sa_flags=none
SIGUSR2: [libjvm.dylib+0x4820b2], sa_mask[0]=00100000000000000000000000000000, sa_flags=SA_RESTART|SA_SIGINFO
SIGHUP: [libjvm.dylib+0x480689], sa_mask[0]=11111111011111110111111111111111, sa_flags=SA_RESTART|SA_SIGINFO
SIGINT: [libjvm.dylib+0x480689], sa_mask[0]=11111111011111110111111111111111, sa_flags=SA_RESTART|SA_SIGINFO
SIGTERM: [libjvm.dylib+0x480689], sa_mask[0]=11111111011111110111111111111111, sa_flags=SA_RESTART|SA_SIGINFO
SIGQUIT: [libjvm.dylib+0x480689], sa_mask[0]=11111111011111110111111111111111, sa_flags=SA_RESTART|SA_SIGINFO


---------------  S Y S T E M  ---------------

OS:Bsduname:Darwin 15.4.0 Darwin Kernel Version 15.4.0: Fri Feb 26 22:08:05 PST 2016; root:xnu-3248.40.184~3/RELEASE_X86_64 x86_64
rlimit: STACK 8192k, CORE 0k, NPROC 709, NOFILE 10240, AS infinity
load average:14.57 8.29 4.70

CPU:total 4 (4 cores per cpu, 1 threads per core) family 6 model 30 stepping 5, cmov, cx8, fxsr, mmx, sse, sse2, sse3, ssse3, sse4.1, sse4.2, popcnt, tsc, tscinvbit

Memory: 4k page, physical 8388608k(1812816k free)

/proc/meminfo:


vm_info: Java HotSpot(TM) 64-Bit Server VM (25.91-b14) for bsd-amd64 JRE (1.8.0_91-b14), built on Apr  1 2016 01:03:00 by "java_re" with gcc 4.2.1 (Based on Apple Inc. build 5658) (LLVM build 2336.11.00)

time: Tue May 24 17:51:15 2016
elapsed time: 409 seconds (0d 0h 6m 49s)

