#
# A fatal error has been detected by the Java Runtime Environment:
#
#  SIGSEGV (0xb) at pc=0x00007fff865fc6f3, pid=1121, tid=2571
#
# JRE version: Java(TM) SE Runtime Environment (8.0_91-b14) (build 1.8.0_91-b14)
# Java VM: Java HotSpot(TM) 64-Bit Server VM (25.91-b14 mixed mode bsd-amd64 compressed oops)
# Problematic frame:
# C  [libobjc.A.dylib+0x56f3]  _ZL12realizeClassP10objc_class+0x2c
#
# Failed to write core dump. Core dumps have been disabled. To enable core dumping, try "ulimit -c unlimited" before starting Java again
#
# If you would like to submit a bug report, please visit:
#   http://bugreport.java.com/bugreport/crash.jsp
# The crash happened outside the Java Virtual Machine in native code.
# See problematic frame for where to report the bug.
#

---------------  T H R E A D  ---------------

Current thread (0x00007fa02a095800):  JavaThread "AWT-AppKit" daemon [_thread_in_native, id=2571, stack(0x00007fff5b76a000,0x00007fff5bf6a000)]

siginfo: si_signo: 11 (SIGSEGV), si_code: 1 (SEGV_MAPERR), si_addr: 0x00000000000007e8

Registers:
RAX=0x0000000000000000, RBX=0x00007fff7648bd08, RCX=0x0000000000000000, RDX=0x00007fff7648bd08
RSP=0x00007fff5bf64cc0, RBP=0x00007fff5bf64fa0, RSI=0x00000000b648bcb8, RDI=0x00000000000007c8
R8 =0x0000000080000000, R9 =0x0000000000000001, R10=0x00007fff96cfdb21, R11=0x00007fff763a0940
R12=0x00007ffffffffff8, R13=0x00000000000007c8, R14=0x00007fff7648bce0, R15=0x0000000000000000
RIP=0x00007fff865fc6f3, EFLAGS=0x0000000000010202, ERR=0x0000000000000004
  TRAPNO=0x000000000000000e

Top of Stack: (sp=0x00007fff5bf64cc0)
0x00007fff5bf64cc0:   00007fff5bf64cf0 0000000103f2675a
0x00007fff5bf64cd0:   00000007c002cbf8 0000000000000000
0x00007fff5bf64ce0:   00007fa02a095800 00007fa02a095800
0x00007fff5bf64cf0:   00007fff5bf64d40 000000010596b8fc
0x00007fff5bf64d00:   0000000741b241a8 00000007a531e1e8
0x00007fff5bf64d10:   00007fff5bf65110 0000000187b45d62
0x00007fff5bf64d20:   0000000000000000 0000000741b24128
0x00007fff5bf64d30:   00007fff5bf64d50 0000000187b45b98
0x00007fff5bf64d40:   00007fff5bf64e60 0000000105b0264c
0x00007fff5bf64d50:   00007fa02a095800 00000007c01abde8
0x00007fff5bf64d60:   00007fff5bf64de0 0000000104bc6615
0x00007fff5bf64d70:   0000000187b45b98 00007fa02e2a7450
0x00007fff5bf64d80:   00007fff5bf64de0 00000007a531e1e8
0x00007fff5bf64d90:   0000000400000002 0000000741b24128
0x00007fff5bf64da0:   0000000000000021 0000000741b24128
0x00007fff5bf64db0:   0000000000000000 0000000741b24128
0x00007fff5bf64dc0:   00007fa029c3d1e0 00007fa02a095800
0x00007fff5bf64dd0:   00007fff5bf64e60 00000001057947a7
0x00007fff5bf64de0:   00007fff5bf64fb0 00000001057947a7
0x00007fff5bf64df0:   00000007a531e1e8 00000007430fef08
0x00007fff5bf64e00:   0000000100001fa3 000000000000000b
0x00007fff5bf64e10:   00007fa02a095800 0000000000000002
0x00007fff5bf64e20:   000000010579471f 00000001196176d0
0x00007fff5bf64e30:   00007fff5bf64ef8 00007fff5bf65198
0x00007fff5bf64e40:   000000010000000b 00000001196176d0
0x00007fff5bf64e50:   00007fa02a095800 000000000000000b
0x00007fff5bf64e60:   00007fff5bf65010 0000000104aec28c
0x00007fff5bf64e70:   0000000000000002 00007fa02a095800
0x00007fff5bf64e80:   00007fff5bf64f10 00007fff5bf65198
0x00007fff5bf64e90:   0000000000000000 00000001057daa60
0x00007fff5bf64ea0:   00007fa02a095800 00007fff5bf650e8
0x00007fff5bf64eb0:   00007fff5bf65190 00007fa02a095800 

Instructions: (pc=0x00007fff865fc6f3)
0x00007fff865fc6d3:   53 48 81 ec b8 02 00 00 31 c0 48 85 ff 49 89 fd
0x00007fff865fc6e3:   0f 84 80 10 00 00 49 bc f8 ff ff ff ff 7f 00 00
0x00007fff865fc6f3:   4d 8b 75 20 4c 89 f3 4c 21 e3 8b 3b 85 ff 78 3d
0x00007fff865fc703:   f7 c7 00 00 00 40 75 3d bf 40 00 00 00 be 01 00 

Register to memory mapping:

RAX=0x0000000000000000 is an unknown value
RBX=0x00007fff7648bd08: __CFConstantStringClassReference+0 in /System/Library/Frameworks/CoreFoundation.framework/Versions/A/CoreFoundation at 0x00007fff968b2000
RCX=0x0000000000000000 is an unknown value
RDX=0x00007fff7648bd08: __CFConstantStringClassReference+0 in /System/Library/Frameworks/CoreFoundation.framework/Versions/A/CoreFoundation at 0x00007fff968b2000
RSP=0x00007fff5bf64cc0 is pointing into the stack for thread: 0x00007fa02a095800
RBP=0x00007fff5bf64fa0 is pointing into the stack for thread: 0x00007fa02a095800
RSI=0x00000000b648bcb8 is an unknown value
RDI=0x00000000000007c8 is an unknown value
R8 =0x0000000080000000 is an unknown value
R9 =0x0000000000000001 is an unknown value
R10=0x00007fff96cfdb21: _XMLPlistAppendDataUsingBase64.__CFPLDataEncodeTable+0x9b0c1 in /System/Library/Frameworks/CoreFoundation.framework/Versions/A/CoreFoundation at 0x00007fff968b2000
R11=0x00007fff763a0940: __block_literal_global67+0x4a40 in /System/Library/Frameworks/CoreFoundation.framework/Versions/A/CoreFoundation at 0x00007fff968b2000
R12=0x00007ffffffffff8 is an unknown value
R13=0x00000000000007c8 is an unknown value
R14=0x00007fff7648bce0: OBJC_CLASS_$___NSCFString+0 in /System/Library/Frameworks/CoreFoundation.framework/Versions/A/CoreFoundation at 0x00007fff968b2000
R15=0x0000000000000000 is an unknown value


Stack: [0x00007fff5b76a000,0x00007fff5bf6a000],  sp=0x00007fff5bf64cc0,  free space=8171k
Native frames: (J=compiled Java code, j=interpreted, Vv=VM code, C=native code)
C  [libobjc.A.dylib+0x56f3]  _ZL12realizeClassP10objc_class+0x2c
C  [libobjc.A.dylib+0x57df]  _ZL12realizeClassP10objc_class+0x118
C  [libobjc.A.dylib+0x7c45]  lookUpImpOrForward+0x6c
C  [libobjc.A.dylib+0x1591]  objc_msgSend+0xd1
C  [libnativewindow_macosx.jnilib+0x5157]  Java_jogamp_nativewindow_jawt_macosx_MacOSXJAWTWindow_UnsetJAWTRootSurfaceLayer0+0xe7
j  jogamp.nativewindow.jawt.macosx.MacOSXJAWTWindow.UnsetJAWTRootSurfaceLayer0(JJ)V+0
j  jogamp.nativewindow.jawt.macosx.MacOSXJAWTWindow.access$200(JJ)V+2
j  jogamp.nativewindow.jawt.macosx.MacOSXJAWTWindow$1.run()V+38
j  com.jogamp.common.util.RunnableTask.run()V+24
v  ~StubRoutines::call_stub
V  [libjvm.dylib+0x2ec1e6]
V  [libjvm.dylib+0x323355]
V  [libjvm.dylib+0x315b23]
C  [libnativewindow_macosx.jnilib+0x5326]  Java_jogamp_nativewindow_jawt_macosx_MacOSXJAWTWindow_UnsetJAWTRootSurfaceLayer0+0x2b6
C  [Foundation+0x76f5e]  __NSThreadPerformPerform+0x117
C  [CoreFoundation+0xaa881]  __CFRUNLOOP_IS_CALLING_OUT_TO_A_SOURCE0_PERFORM_FUNCTION__+0x11
C  [CoreFoundation+0x89fbc]  __CFRunLoopDoSources0+0x22c
C  [CoreFoundation+0x894df]  __CFRunLoopRun+0x39f
C  [CoreFoundation+0x88ed8]  CFRunLoopRunSpecific+0x128
C  [HIToolbox+0x30935]  RunCurrentEventLoopInMode+0xeb
C  [HIToolbox+0x30677]  ReceiveNextEventCommon+0xb8
C  [HIToolbox+0x305af]  _BlockUntilNextEventMatchingListInModeWithFilter+0x47
C  [AppKit+0x48efa]  _DPSNextEvent+0x42b
C  [AppKit+0x4832a]  -[NSApplication _nextEventMatchingEventMask:untilDate:inMode:dequeue:]+0x1c6
C  [libosxapp.dylib+0x23aa]  -[NSApplicationAWT nextEventMatchingMask:untilDate:inMode:dequeue:]+0x7c
C  [AppKit+0x3ce84]  -[NSApplication run]+0x2aa
C  [libosxapp.dylib+0x214d]  +[NSApplicationAWT runAWTLoopWithApp:]+0x9c
C  [libawt_lwawt.dylib+0x4455b]  -[AWTStarter starter:]+0x389
C  [Foundation+0x76f5e]  __NSThreadPerformPerform+0x117
C  [CoreFoundation+0xaa881]  __CFRUNLOOP_IS_CALLING_OUT_TO_A_SOURCE0_PERFORM_FUNCTION__+0x11
C  [CoreFoundation+0x89fbc]  __CFRunLoopDoSources0+0x22c
C  [CoreFoundation+0x894df]  __CFRunLoopRun+0x39f
C  [CoreFoundation+0x88ed8]  CFRunLoopRunSpecific+0x128
C  [java+0x6463]  CreateExecutionEnvironment+0x367
C  [java+0x21ac]  JLI_Launch+0x7a0
C  [java+0x84c0]  main+0x65
C  [java+0x1a04]  start+0x34
C  0x0000000000000007

Java frames: (J=compiled Java code, j=interpreted, Vv=VM code)
j  jogamp.nativewindow.jawt.macosx.MacOSXJAWTWindow.UnsetJAWTRootSurfaceLayer0(JJ)V+0
j  jogamp.nativewindow.jawt.macosx.MacOSXJAWTWindow.access$200(JJ)V+2
j  jogamp.nativewindow.jawt.macosx.MacOSXJAWTWindow$1.run()V+38
j  com.jogamp.common.util.RunnableTask.run()V+24
v  ~StubRoutines::call_stub

---------------  P R O C E S S  ---------------

Java Threads: ( => current thread )
  0x00007fa02b267800 JavaThread "Thread-19" [_thread_blocked, id=34235, stack(0x000070000196b000,0x0000700001a6b000)]
  0x00007fa02aadf000 JavaThread "AWT-EventQueue-1" [_thread_in_native, id=61475, stack(0x0000700001868000,0x0000700001968000)]
  0x00007fa02a8b2800 JavaThread "DestroyJavaVM" [_thread_blocked, id=5891, stack(0x000070000011a000,0x000070000021a000)]
  0x00007fa02b129800 JavaThread "AWT-EventQueue-0" [_thread_blocked, id=57603, stack(0x0000700001662000,0x0000700001762000)]
  0x00007fa02b12b000 JavaThread "Java2D Disposer" daemon [_thread_blocked, id=49435, stack(0x00007000013d9000,0x00007000014d9000)]
  0x00007fa02a8f9800 JavaThread "Java2D Queue Flusher" daemon [_thread_blocked, id=49927, stack(0x00007000012d6000,0x00007000013d6000)]
  0x00007fa02b0ee000 JavaThread "AWT-Shutdown" [_thread_blocked, id=29459, stack(0x0000700001150000,0x0000700001250000)]
=>0x00007fa02a095800 JavaThread "AWT-AppKit" daemon [_thread_in_native, id=2571, stack(0x00007fff5b76a000,0x00007fff5bf6a000)]
  0x00007fa02b818800 JavaThread "Service Thread" daemon [_thread_blocked, id=18435, stack(0x0000700000dc1000,0x0000700000ec1000)]
  0x00007fa02b81c800 JavaThread "C1 CompilerThread2" daemon [_thread_blocked, id=17923, stack(0x0000700000cbe000,0x0000700000dbe000)]
  0x00007fa02b02a800 JavaThread "C2 CompilerThread1" daemon [_thread_blocked, id=17411, stack(0x0000700000bbb000,0x0000700000cbb000)]
  0x00007fa02a017800 JavaThread "C2 CompilerThread0" daemon [_thread_blocked, id=16899, stack(0x0000700000ab8000,0x0000700000bb8000)]
  0x00007fa02a016800 JavaThread "Signal Dispatcher" daemon [_thread_blocked, id=12815, stack(0x00007000009b5000,0x0000700000ab5000)]
  0x00007fa02b817800 JavaThread "Finalizer" daemon [_thread_blocked, id=12291, stack(0x000070000082f000,0x000070000092f000)]
  0x00007fa02b815000 JavaThread "Reference Handler" daemon [_thread_blocked, id=11779, stack(0x000070000072c000,0x000070000082c000)]

Other Threads:
  0x00007fa02b810800 VMThread [stack: 0x0000700000629000,0x0000700000729000] [id=11267]
  0x00007fa02a040800 WatcherThread [stack: 0x0000700000ec4000,0x0000700000fc4000] [id=18947]

VM state:not at safepoint (normal execution)

VM Mutex/Monitor currently owned by a thread: None

Heap:
 PSYoungGen      total 433664K, used 316147K [0x0000000795580000, 0x00000007bae80000, 0x00000007c0000000)
  eden space 433152K, 72% used [0x0000000795580000,0x00000007a8a24c28,0x00000007afc80000)
  from space 512K, 18% used [0x00000007bae00000,0x00000007bae18000,0x00000007bae80000)
  to   space 24064K, 0% used [0x00000007b7f80000,0x00000007b7f80000,0x00000007b9700000)
 ParOldGen       total 119808K, used 55366K [0x0000000740000000, 0x0000000747500000, 0x0000000795580000)
  object space 119808K, 46% used [0x0000000740000000,0x0000000743611888,0x0000000747500000)
 Metaspace       used 19328K, capacity 19523K, committed 19712K, reserved 1067008K
  class space    used 1881K, capacity 1982K, committed 2048K, reserved 1048576K

Card table byte_map: [0x0000000114b54000,0x0000000114f55000] byte_map_base: 0x0000000111154000

Marking Bits: (ParMarkBitMap*) 0x00000001050e6eb0
 Begin Bits: [0x0000000115200000, 0x0000000117200000)
 End Bits:   [0x0000000117200000, 0x0000000119200000)

Polling page: 0x0000000103f59000

CodeCache: size=245760Kb used=8101Kb max_used=8437Kb free=237658Kb
 bounds [0x0000000105794000, 0x0000000105fe4000, 0x0000000114794000]
 total_blobs=3111 nmethods=2237 adapters=789
 compilation: enabled

Compilation events (10 events):
Event: 1574.316 Thread 0x00007fa02b81c800 2620   !   3       sun.awt.PostEventQueue::postEvent (81 bytes)
Event: 1574.317 Thread 0x00007fa02b81c800 nmethod 2620 0x00000001059a80d0 code [0x00000001059a82c0, 0x00000001059a8c58]
Event: 1575.184 Thread 0x00007fa02b02a800 2621       4       sun.java2d.SurfaceData::pixelFor (13 bytes)
Event: 1575.185 Thread 0x00007fa02a017800 2622       4       sun.awt.image.PixelConverter$ArgbPre::rgbToPixel (100 bytes)
Event: 1575.186 Thread 0x00007fa02a017800 nmethod 2622 0x0000000105ca3bd0 code [0x0000000105ca3d20, 0x0000000105ca3d98]
Event: 1575.186 Thread 0x00007fa02b02a800 nmethod 2621 0x0000000105cf33d0 code [0x0000000105cf3520, 0x0000000105cf35f8]
Event: 1575.199 Thread 0x00007fa02b81c800 2623   !   3       sun.lwawt.LWComponentPeer::isShowing (49 bytes)
Event: 1575.199 Thread 0x00007fa02b81c800 nmethod 2623 0x00000001059b44d0 code [0x00000001059b4680, 0x00000001059b4f88]
Event: 1575.247 Thread 0x00007fa02b81c800 2624       1       sun.java2d.SurfaceData::isValid (5 bytes)
Event: 1575.247 Thread 0x00007fa02b81c800 nmethod 2624 0x0000000105d861d0 code [0x0000000105d86320, 0x0000000105d86430]

GC Heap History (10 events):
Event: 859.865 GC heap before
{Heap before GC invocations=15 (full 1):
 PSYoungGen      total 581120K, used 548928K [0x0000000795580000, 0x00000007c0000000, 0x00000007c0000000)
  eden space 548864K, 100% used [0x0000000795580000,0x00000007b6d80000,0x00000007b6d80000)
  from space 32256K, 0% used [0x00000007b6d80000,0x00000007b6d90000,0x00000007b8d00000)
  to   space 31232K, 0% used [0x00000007be180000,0x00000007be180000,0x00000007c0000000)
 ParOldGen       total 119808K, used 55366K [0x0000000740000000, 0x0000000747500000, 0x0000000795580000)
  object space 119808K, 46% used [0x0000000740000000,0x0000000743611888,0x0000000747500000)
 Metaspace       used 19285K, capacity 19491K, committed 19712K, reserved 1067008K
  class space    used 1874K, capacity 1950K, committed 2048K, reserved 1048576K
Event: 859.866 GC heap after
Heap after GC invocations=15 (full 1):
 PSYoungGen      total 523776K, used 32K [0x0000000795580000, 0x00000007be200000, 0x00000007c0000000)
  eden space 523264K, 0% used [0x0000000795580000,0x0000000795580000,0x00000007b5480000)
  from space 512K, 6% used [0x00000007be180000,0x00000007be188000,0x00000007be200000)
  to   space 29696K, 0% used [0x00000007ba800000,0x00000007ba800000,0x00000007bc500000)
 ParOldGen       total 119808K, used 55366K [0x0000000740000000, 0x0000000747500000, 0x0000000795580000)
  object space 119808K, 46% used [0x0000000740000000,0x0000000743611888,0x0000000747500000)
 Metaspace       used 19285K, capacity 19491K, committed 19712K, reserved 1067008K
  class space    used 1874K, capacity 1950K, committed 2048K, reserved 1048576K
}
Event: 1030.612 GC heap before
{Heap before GC invocations=16 (full 1):
 PSYoungGen      total 523776K, used 523296K [0x0000000795580000, 0x00000007be200000, 0x00000007c0000000)
  eden space 523264K, 100% used [0x0000000795580000,0x00000007b5480000,0x00000007b5480000)
  from space 512K, 6% used [0x00000007be180000,0x00000007be188000,0x00000007be200000)
  to   space 29696K, 0% used [0x00000007ba800000,0x00000007ba800000,0x00000007bc500000)
 ParOldGen       total 119808K, used 55366K [0x0000000740000000, 0x0000000747500000, 0x0000000795580000)
  object space 119808K, 46% used [0x0000000740000000,0x0000000743611888,0x0000000747500000)
 Metaspace       used 19285K, capacity 19491K, committed 19712K, reserved 1067008K
  class space    used 1874K, capacity 1950K, committed 2048K, reserved 1048576K
Event: 1030.613 GC heap after
Heap after GC invocations=16 (full 1):
 PSYoungGen      total 528896K, used 64K [0x0000000795580000, 0x00000007be200000, 0x00000007c0000000)
  eden space 499200K, 0% used [0x0000000795580000,0x0000000795580000,0x00000007b3d00000)
  from space 29696K, 0% used [0x00000007ba800000,0x00000007ba810000,0x00000007bc500000)
  to   space 28160K, 0% used [0x00000007bc680000,0x00000007bc680000,0x00000007be200000)
 ParOldGen       total 119808K, used 55366K [0x0000000740000000, 0x0000000747500000, 0x0000000795580000)
  object space 119808K, 46% used [0x0000000740000000,0x0000000743611888,0x0000000747500000)
 Metaspace       used 19285K, capacity 19491K, committed 19712K, reserved 1067008K
  class space    used 1874K, capacity 1950K, committed 2048K, reserved 1048576K
}
Event: 1189.907 GC heap before
{Heap before GC invocations=17 (full 1):
 PSYoungGen      total 528896K, used 499264K [0x0000000795580000, 0x00000007be200000, 0x00000007c0000000)
  eden space 499200K, 100% used [0x0000000795580000,0x00000007b3d00000,0x00000007b3d00000)
  from space 29696K, 0% used [0x00000007ba800000,0x00000007ba810000,0x00000007bc500000)
  to   space 28160K, 0% used [0x00000007bc680000,0x00000007bc680000,0x00000007be200000)
 ParOldGen       total 119808K, used 55366K [0x0000000740000000, 0x0000000747500000, 0x0000000795580000)
  object space 119808K, 46% used [0x0000000740000000,0x0000000743611888,0x0000000747500000)
 Metaspace       used 19294K, capacity 19491K, committed 19712K, reserved 1067008K
  class space    used 1874K, capacity 1950K, committed 2048K, reserved 1048576K
Event: 1189.909 GC heap after
Heap after GC invocations=17 (full 1):
 PSYoungGen      total 476672K, used 96K [0x0000000795580000, 0x00000007bc700000, 0x00000007c0000000)
  eden space 476160K, 0% used [0x0000000795580000,0x0000000795580000,0x00000007b2680000)
  from space 512K, 18% used [0x00000007bc680000,0x00000007bc698000,0x00000007bc700000)
  to   space 27136K, 0% used [0x00000007b9200000,0x00000007b9200000,0x00000007bac80000)
 ParOldGen       total 119808K, used 55366K [0x0000000740000000, 0x0000000747500000, 0x0000000795580000)
  object space 119808K, 46% used [0x0000000740000000,0x0000000743611888,0x0000000747500000)
 Metaspace       used 19294K, capacity 19491K, committed 19712K, reserved 1067008K
  class space    used 1874K, capacity 1950K, committed 2048K, reserved 1048576K
}
Event: 1342.163 GC heap before
{Heap before GC invocations=18 (full 1):
 PSYoungGen      total 476672K, used 476256K [0x0000000795580000, 0x00000007bc700000, 0x00000007c0000000)
  eden space 476160K, 100% used [0x0000000795580000,0x00000007b2680000,0x00000007b2680000)
  from space 512K, 18% used [0x00000007bc680000,0x00000007bc698000,0x00000007bc700000)
  to   space 27136K, 0% used [0x00000007b9200000,0x00000007b9200000,0x00000007bac80000)
 ParOldGen       total 119808K, used 55366K [0x0000000740000000, 0x0000000747500000, 0x0000000795580000)
  object space 119808K, 46% used [0x0000000740000000,0x0000000743611888,0x0000000747500000)
 Metaspace       used 19294K, capacity 19491K, committed 19712K, reserved 1067008K
  class space    used 1874K, capacity 1950K, committed 2048K, reserved 1048576K
Event: 1342.166 GC heap after
Heap after GC invocations=18 (full 1):
 PSYoungGen      total 481280K, used 64K [0x0000000795580000, 0x00000007bc700000, 0x00000007c0000000)
  eden space 454144K, 0% used [0x0000000795580000,0x0000000795580000,0x00000007b1100000)
  from space 27136K, 0% used [0x00000007b9200000,0x00000007b9210000,0x00000007bac80000)
  to   space 25600K, 0% used [0x00000007bae00000,0x00000007bae00000,0x00000007bc700000)
 ParOldGen       total 119808K, used 55366K [0x0000000740000000, 0x0000000747500000, 0x0000000795580000)
  object space 119808K, 46% used [0x0000000740000000,0x0000000743611888,0x0000000747500000)
 Metaspace       used 19294K, capacity 19491K, committed 19712K, reserved 1067008K
  class space    used 1874K, capacity 1950K, committed 2048K, reserved 1048576K
}
Event: 1489.466 GC heap before
{Heap before GC invocations=19 (full 1):
 PSYoungGen      total 481280K, used 454208K [0x0000000795580000, 0x00000007bc700000, 0x00000007c0000000)
  eden space 454144K, 100% used [0x0000000795580000,0x00000007b1100000,0x00000007b1100000)
  from space 27136K, 0% used [0x00000007b9200000,0x00000007b9210000,0x00000007bac80000)
  to   space 25600K, 0% used [0x00000007bae00000,0x00000007bae00000,0x00000007bc700000)
 ParOldGen       total 119808K, used 55366K [0x0000000740000000, 0x0000000747500000, 0x0000000795580000)
  object space 119808K, 46% used [0x0000000740000000,0x0000000743611888,0x0000000747500000)
 Metaspace       used 19294K, capacity 19491K, committed 19712K, reserved 1067008K
  class space    used 1874K, capacity 1950K, committed 2048K, reserved 1048576K
Event: 1489.467 GC heap after
Heap after GC invocations=19 (full 1):
 PSYoungGen      total 433664K, used 96K [0x0000000795580000, 0x00000007bae80000, 0x00000007c0000000)
  eden space 433152K, 0% used [0x0000000795580000,0x0000000795580000,0x00000007afc80000)
  from space 512K, 18% used [0x00000007bae00000,0x00000007bae18000,0x00000007bae80000)
  to   space 24064K, 0% used [0x00000007b7f80000,0x00000007b7f80000,0x00000007b9700000)
 ParOldGen       total 119808K, used 55366K [0x0000000740000000, 0x0000000747500000, 0x0000000795580000)
  object space 119808K, 46% used [0x0000000740000000,0x0000000743611888,0x0000000747500000)
 Metaspace       used 19294K, capacity 19491K, committed 19712K, reserved 1067008K
  class space    used 1874K, capacity 1950K, committed 2048K, reserved 1048576K
}

Deoptimization events (10 events):
Event: 1575.217 Thread 0x00007fa02b129800 Uncommon trap: reason=class_check action=maybe_recompile pc=0x0000000105f89e5c method=java.awt.Component.getGraphics()Ljava/awt/Graphics; @ 114
Event: 1575.218 Thread 0x00007fa02aadf000 Uncommon trap: reason=class_check action=maybe_recompile pc=0x0000000105fd943c method=java.awt.event.InvocationEvent.dispatch()V @ 11
Event: 1575.223 Thread 0x00007fa02a095800 Uncommon trap: reason=bimorphic action=maybe_recompile pc=0x0000000105efcd44 method=com.jogamp.common.util.RunnableTask.run()V @ 24
Event: 1575.224 Thread 0x00007fa02a095800 Uncommon trap: reason=unstable_if action=reinterpret pc=0x0000000105f7b9bc method=jogamp.nativewindow.macosx.OSXUtil.RunOnMainThread(ZZLjava/lang/Runnable;)V @ 3
Event: 1575.237 Thread 0x00007fa02aadf000 Uncommon trap: reason=unstable_if action=reinterpret pc=0x0000000105f9c8f0 method=jogamp.opengl.GLContextImpl.release(Z)V @ 161
Event: 1575.243 Thread 0x00007fa02aadf000 Uncommon trap: reason=unstable_if action=reinterpret pc=0x0000000105effb98 method=java.util.LinkedList$ListItr.<init>(Ljava/util/LinkedList;I)V @ 26
Event: 1575.244 Thread 0x00007fa02aadf000 Uncommon trap: reason=unstable_if action=reinterpret pc=0x0000000105ef759c method=java.security.AccessControlContext.optimize()Ljava/security/AccessControlContext; @ 233
Event: 1575.245 Thread 0x00007fa02aadf000 Uncommon trap: reason=unstable_if action=reinterpret pc=0x0000000105f00484 method=java.util.LinkedList$ListItr.<init>(Ljava/util/LinkedList;I)V @ 26
Event: 1575.246 Thread 0x00007fa02b129800 Uncommon trap: reason=class_check action=maybe_recompile pc=0x0000000105f89e5c method=java.awt.Component.getGraphics()Ljava/awt/Graphics; @ 114
Event: 1575.246 Thread 0x00007fa02a095800 Uncommon trap: reason=bimorphic action=maybe_recompile pc=0x0000000105efcd44 method=com.jogamp.common.util.RunnableTask.run()V @ 24

Internal exceptions (10 events):
Event: 0.356 Thread 0x00007fa02b801800 Exception <a 'java/lang/NoSuchFieldError': method resolution failed> (0x0000000795785c90) thrown at [/Users/java_re/workspace/8-2-build-macosx-x86_64/jdk8u91/6644/hotspot/src/share/vm/prims/methodHandles.cpp, line 1146]
Event: 0.358 Thread 0x00007fa02b801800 Exception <a 'java/lang/NoSuchFieldError': method resolution failed> (0x0000000795793460) thrown at [/Users/java_re/workspace/8-2-build-macosx-x86_64/jdk8u91/6644/hotspot/src/share/vm/prims/methodHandles.cpp, line 1146]
Event: 0.807 Thread 0x00007fa02b801800 Exception <a 'java/io/FileNotFoundException'> (0x000000079580f640) thrown at [/Users/java_re/workspace/8-2-build-macosx-x86_64/jdk8u91/6644/hotspot/src/share/vm/prims/jni.cpp, line 709]
Event: 0.807 Thread 0x00007fa02b801800 Exception <a 'java/io/FileNotFoundException'> (0x00000007958101a8) thrown at [/Users/java_re/workspace/8-2-build-macosx-x86_64/jdk8u91/6644/hotspot/src/share/vm/prims/jni.cpp, line 709]
Event: 1.739 Thread 0x00007fa02b801800 Exception <a 'java/io/FileNotFoundException'> (0x000000079594b9f8) thrown at [/Users/java_re/workspace/8-2-build-macosx-x86_64/jdk8u91/6644/hotspot/src/share/vm/prims/jni.cpp, line 709]
Event: 7.218 Thread 0x00007fa02ab58800 Exception <a 'java/lang/UnsatisfiedLinkError': com.jogamp.common.util.JarUtil.fixNativeLibAttribs(Ljava/lang/String;)Z> (0x0000000796bf1a18) thrown at [/Users/java_re/workspace/8-2-build-macosx-x86_64/jdk8u91/6644/hotspot/src/share/vm/prims/nativeLookup.c
Event: 7.581 Thread 0x00007fa02b817800 Exception <a 'java/lang/NullPointerException'> (0x00000007956a7b68) thrown at [/Users/java_re/workspace/8-2-build-macosx-x86_64/jdk8u91/6644/hotspot/src/share/vm/interpreter/linkResolver.cpp, line 1178]
Event: 8.251 Thread 0x00007fa02aadf000 Exception <a 'java/io/FileNotFoundException'> (0x0000000795f48970) thrown at [/Users/java_re/workspace/8-2-build-macosx-x86_64/jdk8u91/6644/hotspot/src/share/vm/prims/jni.cpp, line 709]
Event: 8.251 Thread 0x00007fa02aadf000 Exception <a 'java/io/FileNotFoundException'> (0x0000000795f4ed10) thrown at [/Users/java_re/workspace/8-2-build-macosx-x86_64/jdk8u91/6644/hotspot/src/share/vm/prims/jni.cpp, line 709]
Event: 8.251 Thread 0x00007fa02aadf000 Implicit null exception at 0x0000000105931fb5 to 0x000000010593232d

Events (10 events):
Event: 1575.245 Executing VM operation: RevokeBias done
Event: 1575.246 Thread 0x00007fa02a916000 Thread exited: 0x00007fa02a916000
Event: 1575.246 Thread 0x00007fa02b129800 Uncommon trap: trap_request=0xffffffde fr.pc=0x0000000105f89e5c
Event: 1575.246 Thread 0x00007fa02b129800 DEOPT PACKING pc=0x0000000105f89e5c sp=0x000070000175fda0
Event: 1575.246 Thread 0x00007fa02b129800 DEOPT UNPACKING pc=0x0000000105799229 sp=0x000070000175fdb0 mode 2
Event: 1575.246 Thread 0x00007fa02a095800 Uncommon trap: trap_request=0xffffffc6 fr.pc=0x0000000105efcd44
Event: 1575.246 Thread 0x00007fa02a095800 DEOPT PACKING pc=0x0000000105efcd44 sp=0x00007fff5bf65640
Event: 1575.246 Thread 0x00007fa02a095800 DEOPT UNPACKING pc=0x0000000105799229 sp=0x00007fff5bf655e8 mode 2
Event: 1575.247 loading class java/awt/Window$1DisposeAction
Event: 1575.247 loading class java/awt/Window$1DisposeAction done


Dynamic libraries:
0x0000000002455000 	/System/Library/Frameworks/Cocoa.framework/Versions/A/Cocoa
0x0000000002455000 	/System/Library/Frameworks/Security.framework/Versions/A/Security
0x0000000002455000 	/System/Library/Frameworks/ApplicationServices.framework/Versions/A/ApplicationServices
0x0000000002455000 	/usr/lib/libz.1.dylib
0x0000000002455000 	/usr/lib/libSystem.B.dylib
0x0000000002455000 	/usr/lib/libobjc.A.dylib
0x0000000002455000 	/System/Library/Frameworks/CoreFoundation.framework/Versions/A/CoreFoundation
0x0000000002455000 	/System/Library/Frameworks/Foundation.framework/Versions/C/Foundation
0x0000000002455000 	/System/Library/Frameworks/AppKit.framework/Versions/C/AppKit
0x0000000002455000 	/System/Library/Frameworks/CoreData.framework/Versions/A/CoreData
0x0000000002455000 	/System/Library/PrivateFrameworks/RemoteViewServices.framework/Versions/A/RemoteViewServices
0x0000000002455000 	/System/Library/PrivateFrameworks/UIFoundation.framework/Versions/A/UIFoundation
0x0000000002455000 	/usr/lib/libScreenReader.dylib
0x0000000002455000 	/System/Library/Frameworks/Accelerate.framework/Versions/A/Accelerate
0x0000000002455000 	/System/Library/Frameworks/IOSurface.framework/Versions/A/IOSurface
0x0000000002455000 	/System/Library/Frameworks/AudioToolbox.framework/Versions/A/AudioToolbox
0x0000000002455000 	/System/Library/Frameworks/AudioUnit.framework/Versions/A/AudioUnit
0x0000000002455000 	/System/Library/PrivateFrameworks/DataDetectorsCore.framework/Versions/A/DataDetectorsCore
0x0000000002455000 	/System/Library/PrivateFrameworks/DesktopServicesPriv.framework/Versions/A/DesktopServicesPriv
0x0000000002455000 	/System/Library/Frameworks/Carbon.framework/Versions/A/Frameworks/HIToolbox.framework/Versions/A/HIToolbox
0x0000000002455000 	/System/Library/Frameworks/QuartzCore.framework/Versions/A/QuartzCore
0x0000000002455000 	/System/Library/Frameworks/Carbon.framework/Versions/A/Frameworks/SpeechRecognition.framework/Versions/A/SpeechRecognition
0x0000000002455000 	/usr/lib/libauto.dylib
0x0000000002455000 	/usr/lib/libicucore.A.dylib
0x0000000002455000 	/usr/lib/libxml2.2.dylib
0x0000000002455000 	/System/Library/PrivateFrameworks/CoreUI.framework/Versions/A/CoreUI
0x0000000002455000 	/System/Library/Frameworks/CoreAudio.framework/Versions/A/CoreAudio
0x0000000002455000 	/System/Library/Frameworks/DiskArbitration.framework/Versions/A/DiskArbitration
0x0000000002455000 	/usr/lib/liblangid.dylib
0x0000000002455000 	/System/Library/PrivateFrameworks/MultitouchSupport.framework/Versions/A/MultitouchSupport
0x0000000002455000 	/System/Library/Frameworks/IOKit.framework/Versions/A/IOKit
0x0000000002455000 	/usr/lib/libDiagnosticMessagesClient.dylib
0x0000000002455000 	/System/Library/Frameworks/CoreServices.framework/Versions/A/CoreServices
0x0000000002455000 	/System/Library/PrivateFrameworks/PerformanceAnalysis.framework/Versions/A/PerformanceAnalysis
0x0000000002455000 	/System/Library/PrivateFrameworks/GenerationalStorage.framework/Versions/A/GenerationalStorage
0x0000000002455000 	/System/Library/Frameworks/OpenGL.framework/Versions/A/OpenGL
0x0000000002455000 	/System/Library/PrivateFrameworks/Sharing.framework/Versions/A/Sharing
0x0000000002455000 	/System/Library/Frameworks/CoreGraphics.framework/Versions/A/CoreGraphics
0x0000000002455000 	/System/Library/Frameworks/CoreImage.framework/Versions/A/CoreImage
0x0000000002455000 	/System/Library/Frameworks/CoreText.framework/Versions/A/CoreText
0x0000000002455000 	/System/Library/Frameworks/ImageIO.framework/Versions/A/ImageIO
0x0000000002455000 	/System/Library/PrivateFrameworks/Backup.framework/Versions/A/Backup
0x0000000002455000 	/usr/lib/libextension.dylib
0x0000000002455000 	/usr/lib/libarchive.2.dylib
0x0000000002455000 	/System/Library/Frameworks/CFNetwork.framework/Versions/A/CFNetwork
0x0000000002455000 	/System/Library/Frameworks/SystemConfiguration.framework/Versions/A/SystemConfiguration
0x0000000002455000 	/usr/lib/libCRFSuite.dylib
0x0000000002455000 	/usr/lib/libc++.1.dylib
0x0000000002455000 	/usr/lib/libc++abi.dylib
0x0000000002455000 	/usr/lib/system/libcache.dylib
0x0000000002455000 	/usr/lib/system/libcommonCrypto.dylib
0x0000000002455000 	/usr/lib/system/libcompiler_rt.dylib
0x0000000002455000 	/usr/lib/system/libcopyfile.dylib
0x0000000002455000 	/usr/lib/system/libcorecrypto.dylib
0x0000000002455000 	/usr/lib/system/libdispatch.dylib
0x0000000002455000 	/usr/lib/system/libdyld.dylib
0x0000000002455000 	/usr/lib/system/libkeymgr.dylib
0x0000000002455000 	/usr/lib/system/liblaunch.dylib
0x0000000002455000 	/usr/lib/system/libmacho.dylib
0x0000000002455000 	/usr/lib/system/libquarantine.dylib
0x0000000002455000 	/usr/lib/system/libremovefile.dylib
0x0000000002455000 	/usr/lib/system/libsystem_asl.dylib
0x0000000002455000 	/usr/lib/system/libsystem_blocks.dylib
0x0000000002455000 	/usr/lib/system/libsystem_c.dylib
0x0000000002455000 	/usr/lib/system/libsystem_configuration.dylib
0x0000000002455000 	/usr/lib/system/libsystem_coreservices.dylib
0x0000000002455000 	/usr/lib/system/libsystem_coretls.dylib
0x0000000002455000 	/usr/lib/system/libsystem_dnssd.dylib
0x0000000002455000 	/usr/lib/system/libsystem_info.dylib
0x0000000002455000 	/usr/lib/system/libsystem_kernel.dylib
0x0000000002455000 	/usr/lib/system/libsystem_m.dylib
0x0000000002455000 	/usr/lib/system/libsystem_malloc.dylib
0x0000000002455000 	/usr/lib/system/libsystem_network.dylib
0x0000000002455000 	/usr/lib/system/libsystem_networkextension.dylib
0x0000000002455000 	/usr/lib/system/libsystem_notify.dylib
0x0000000002455000 	/usr/lib/system/libsystem_platform.dylib
0x0000000002455000 	/usr/lib/system/libsystem_pthread.dylib
0x0000000002455000 	/usr/lib/system/libsystem_sandbox.dylib
0x0000000002455000 	/usr/lib/system/libsystem_secinit.dylib
0x0000000002455000 	/usr/lib/system/libsystem_trace.dylib
0x0000000002455000 	/usr/lib/system/libunc.dylib
0x0000000002455000 	/usr/lib/system/libunwind.dylib
0x0000000002455000 	/usr/lib/system/libxpc.dylib
0x0000000002455000 	/usr/lib/libenergytrace.dylib
0x0000000002455000 	/usr/lib/libbsm.0.dylib
0x0000000002455000 	/usr/lib/system/libkxld.dylib
0x0000000002455000 	/usr/lib/libxar.1.dylib
0x0000000002455000 	/usr/lib/libsqlite3.dylib
0x0000000002455000 	/usr/lib/libpam.2.dylib
0x0000000002455000 	/usr/lib/libOpenScriptingUtil.dylib
0x0000000002455000 	/usr/lib/libbz2.1.0.dylib
0x0000000002455000 	/usr/lib/liblzma.5.dylib
0x0000000002455000 	/System/Library/Frameworks/CoreServices.framework/Versions/A/Frameworks/FSEvents.framework/Versions/A/FSEvents
0x0000000002455000 	/System/Library/Frameworks/CoreServices.framework/Versions/A/Frameworks/CarbonCore.framework/Versions/A/CarbonCore
0x0000000002455000 	/System/Library/Frameworks/CoreServices.framework/Versions/A/Frameworks/Metadata.framework/Versions/A/Metadata
0x0000000002455000 	/System/Library/Frameworks/CoreServices.framework/Versions/A/Frameworks/OSServices.framework/Versions/A/OSServices
0x0000000002455000 	/System/Library/Frameworks/CoreServices.framework/Versions/A/Frameworks/SearchKit.framework/Versions/A/SearchKit
0x0000000002455000 	/System/Library/Frameworks/CoreServices.framework/Versions/A/Frameworks/AE.framework/Versions/A/AE
0x0000000002455000 	/System/Library/Frameworks/CoreServices.framework/Versions/A/Frameworks/LaunchServices.framework/Versions/A/LaunchServices
0x0000000002455000 	/System/Library/Frameworks/CoreServices.framework/Versions/A/Frameworks/DictionaryServices.framework/Versions/A/DictionaryServices
0x0000000002455000 	/System/Library/Frameworks/CoreServices.framework/Versions/A/Frameworks/SharedFileList.framework/Versions/A/SharedFileList
0x0000000002455000 	/System/Library/Frameworks/NetFS.framework/Versions/A/NetFS
0x0000000002455000 	/System/Library/PrivateFrameworks/NetAuth.framework/Versions/A/NetAuth
0x0000000002455000 	/System/Library/PrivateFrameworks/login.framework/Versions/A/Frameworks/loginsupport.framework/Versions/A/loginsupport
0x0000000002455000 	/System/Library/PrivateFrameworks/TCC.framework/Versions/A/TCC
0x0000000002455000 	/usr/lib/libmecabra.dylib
0x0000000002455000 	/System/Library/Frameworks/ApplicationServices.framework/Versions/A/Frameworks/ATS.framework/Versions/A/ATS
0x0000000002455000 	/System/Library/Frameworks/ApplicationServices.framework/Versions/A/Frameworks/ColorSync.framework/Versions/A/ColorSync
0x0000000002455000 	/System/Library/Frameworks/ApplicationServices.framework/Versions/A/Frameworks/HIServices.framework/Versions/A/HIServices
0x0000000002455000 	/System/Library/Frameworks/ApplicationServices.framework/Versions/A/Frameworks/LangAnalysis.framework/Versions/A/LangAnalysis
0x0000000002455000 	/System/Library/Frameworks/ApplicationServices.framework/Versions/A/Frameworks/PrintCore.framework/Versions/A/PrintCore
0x0000000002455000 	/System/Library/Frameworks/ApplicationServices.framework/Versions/A/Frameworks/QD.framework/Versions/A/QD
0x0000000002455000 	/System/Library/Frameworks/ApplicationServices.framework/Versions/A/Frameworks/SpeechSynthesis.framework/Versions/A/SpeechSynthesis
0x0000000002455000 	/System/Library/Frameworks/Metal.framework/Versions/A/Metal
0x0000000002455000 	/System/Library/Frameworks/Accelerate.framework/Versions/A/Frameworks/vImage.framework/Versions/A/vImage
0x0000000002455000 	/System/Library/Frameworks/Accelerate.framework/Versions/A/Frameworks/vecLib.framework/Versions/A/vecLib
0x0000000002455000 	/System/Library/Frameworks/Accelerate.framework/Versions/A/Frameworks/vecLib.framework/Versions/A/libvDSP.dylib
0x0000000002455000 	/System/Library/Frameworks/Accelerate.framework/Versions/A/Frameworks/vecLib.framework/Versions/A/libvMisc.dylib
0x0000000002455000 	/System/Library/Frameworks/Accelerate.framework/Versions/A/Frameworks/vecLib.framework/Versions/A/libLAPACK.dylib
0x0000000002455000 	/System/Library/Frameworks/Accelerate.framework/Versions/A/Frameworks/vecLib.framework/Versions/A/libBLAS.dylib
0x0000000002455000 	/System/Library/Frameworks/Accelerate.framework/Versions/A/Frameworks/vecLib.framework/Versions/A/libLinearAlgebra.dylib
0x0000000002455000 	/System/Library/Frameworks/Accelerate.framework/Versions/A/Frameworks/vecLib.framework/Versions/A/libSparseBLAS.dylib
0x0000000002455000 	/System/Library/PrivateFrameworks/GPUCompiler.framework/libmetal_timestamp.dylib
0x0000000002455000 	/System/Library/Frameworks/OpenGL.framework/Versions/A/Libraries/libCoreFSCache.dylib
0x0000000002455000 	/System/Library/PrivateFrameworks/IOAccelerator.framework/Versions/A/IOAccelerator
0x0000000002455000 	/System/Library/Frameworks/ApplicationServices.framework/Versions/A/Frameworks/ATS.framework/Versions/A/Resources/libFontParser.dylib
0x0000000002455000 	/System/Library/Frameworks/ApplicationServices.framework/Versions/A/Frameworks/ATS.framework/Versions/A/Resources/libFontRegistry.dylib
0x0000000002455000 	/System/Library/PrivateFrameworks/AppleVPA.framework/Versions/A/AppleVPA
0x0000000002455000 	/System/Library/PrivateFrameworks/AppleJPEG.framework/Versions/A/AppleJPEG
0x0000000002455000 	/System/Library/Frameworks/ImageIO.framework/Versions/A/Resources/libJPEG.dylib
0x0000000002455000 	/System/Library/Frameworks/ImageIO.framework/Versions/A/Resources/libTIFF.dylib
0x0000000002455000 	/System/Library/Frameworks/ImageIO.framework/Versions/A/Resources/libPng.dylib
0x0000000002455000 	/System/Library/Frameworks/ImageIO.framework/Versions/A/Resources/libGIF.dylib
0x0000000002455000 	/System/Library/Frameworks/ImageIO.framework/Versions/A/Resources/libJP2.dylib
0x0000000002455000 	/System/Library/Frameworks/ImageIO.framework/Versions/A/Resources/libRadiance.dylib
0x0000000002455000 	/System/Library/Frameworks/CoreVideo.framework/Versions/A/CoreVideo
0x0000000002455000 	/System/Library/Frameworks/OpenGL.framework/Versions/A/Libraries/libGLU.dylib
0x0000000002455000 	/System/Library/Frameworks/OpenGL.framework/Versions/A/Libraries/libGFXShared.dylib
0x0000000002455000 	/System/Library/Frameworks/OpenGL.framework/Versions/A/Libraries/libGL.dylib
0x0000000002455000 	/System/Library/Frameworks/OpenGL.framework/Versions/A/Libraries/libGLImage.dylib
0x0000000002455000 	/System/Library/Frameworks/OpenGL.framework/Versions/A/Libraries/libCVMSPluginSupport.dylib
0x0000000002455000 	/System/Library/Frameworks/OpenGL.framework/Versions/A/Libraries/libCoreVMClient.dylib
0x0000000002455000 	/usr/lib/libcups.2.dylib
0x0000000002455000 	/System/Library/Frameworks/Kerberos.framework/Versions/A/Kerberos
0x0000000002455000 	/System/Library/Frameworks/GSS.framework/Versions/A/GSS
0x0000000002455000 	/usr/lib/libresolv.9.dylib
0x0000000002455000 	/usr/lib/libiconv.2.dylib
0x0000000002455000 	/System/Library/PrivateFrameworks/Heimdal.framework/Versions/A/Heimdal
0x0000000002455000 	/usr/lib/libheimdal-asn1.dylib
0x0000000002455000 	/System/Library/Frameworks/OpenDirectory.framework/Versions/A/OpenDirectory
0x0000000002455000 	/System/Library/PrivateFrameworks/CommonAuth.framework/Versions/A/CommonAuth
0x0000000002455000 	/System/Library/Frameworks/OpenDirectory.framework/Versions/A/Frameworks/CFOpenDirectory.framework/Versions/A/CFOpenDirectory
0x0000000002455000 	/System/Library/Frameworks/SecurityFoundation.framework/Versions/A/SecurityFoundation
0x0000000002455000 	/System/Library/PrivateFrameworks/LanguageModeling.framework/Versions/A/LanguageModeling
0x0000000002455000 	/usr/lib/libmarisa.dylib
0x0000000002455000 	/usr/lib/libChineseTokenizer.dylib
0x0000000002455000 	/usr/lib/libcmph.dylib
0x0000000002455000 	/usr/lib/libcompression.dylib
0x0000000002455000 	/System/Library/Frameworks/ServiceManagement.framework/Versions/A/ServiceManagement
0x0000000002455000 	/usr/lib/libxslt.1.dylib
0x0000000002455000 	/System/Library/Frameworks/Carbon.framework/Versions/A/Frameworks/Ink.framework/Versions/A/Ink
0x0000000002455000 	/usr/lib/libFosl_dynamic.dylib
0x0000000002455000 	/System/Library/PrivateFrameworks/FaceCore.framework/Versions/A/FaceCore
0x0000000002455000 	/System/Library/Frameworks/OpenCL.framework/Versions/A/OpenCL
0x0000000002455000 	/System/Library/PrivateFrameworks/CrashReporterSupport.framework/Versions/A/CrashReporterSupport
0x0000000002455000 	/System/Library/PrivateFrameworks/IconServices.framework/Versions/A/IconServices
0x0000000002455000 	/System/Library/PrivateFrameworks/Apple80211.framework/Versions/A/Apple80211
0x0000000002455000 	/System/Library/Frameworks/CoreWLAN.framework/Versions/A/CoreWLAN
0x0000000002455000 	/System/Library/Frameworks/IOBluetooth.framework/Versions/A/IOBluetooth
0x0000000002455000 	/System/Library/PrivateFrameworks/CoreWiFi.framework/Versions/A/CoreWiFi
0x0000000002455000 	/System/Library/Frameworks/CoreBluetooth.framework/Versions/A/CoreBluetooth
0x0000000002455000 	/System/Library/PrivateFrameworks/ChunkingLibrary.framework/Versions/A/ChunkingLibrary
0x0000000002455000 	/System/Library/PrivateFrameworks/DebugSymbols.framework/Versions/A/DebugSymbols
0x0000000002455000 	/System/Library/PrivateFrameworks/CoreSymbolication.framework/Versions/A/CoreSymbolication
0x0000000002455000 	/System/Library/PrivateFrameworks/Symbolication.framework/Versions/A/Symbolication
0x0000000002455000 	/System/Library/PrivateFrameworks/SpeechRecognitionCore.framework/Versions/A/SpeechRecognitionCore
0x0000000104800000 	/Library/Java/JavaVirtualMachines/jdk1.8.0_91.jdk/Contents/Home/jre/lib/server/libjvm.dylib
0x0000000002455000 	/usr/lib/libstdc++.6.dylib
0x0000000103f16000 	/Library/Java/JavaVirtualMachines/jdk1.8.0_91.jdk/Contents/Home/jre/lib/libverify.dylib
0x0000000103f24000 	/Library/Java/JavaVirtualMachines/jdk1.8.0_91.jdk/Contents/Home/jre/lib/libjava.dylib
0x0000000103f63000 	/Library/Java/JavaVirtualMachines/jdk1.8.0_91.jdk/Contents/Home/jre/lib/libzip.dylib
0x000000011b066000 	/System/Library/Frameworks/JavaVM.framework/Frameworks/JavaRuntimeSupport.framework/JavaRuntimeSupport
0x000000011b081000 	/System/Library/Frameworks/JavaVM.framework/Versions/A/Frameworks/JavaNativeFoundation.framework/Versions/A/JavaNativeFoundation
0x000000011b096000 	/System/Library/Frameworks/JavaVM.framework/Versions/A/JavaVM
0x0000000002455000 	/System/Library/Frameworks/Carbon.framework/Versions/A/Carbon
0x000000011b0a3000 	/System/Library/PrivateFrameworks/JavaLaunching.framework/Versions/A/JavaLaunching
0x0000000002455000 	/System/Library/Frameworks/Carbon.framework/Versions/A/Frameworks/CommonPanels.framework/Versions/A/CommonPanels
0x0000000002455000 	/System/Library/Frameworks/Carbon.framework/Versions/A/Frameworks/Help.framework/Versions/A/Help
0x0000000002455000 	/System/Library/Frameworks/Carbon.framework/Versions/A/Frameworks/ImageCapture.framework/Versions/A/ImageCapture
0x0000000002455000 	/System/Library/Frameworks/Carbon.framework/Versions/A/Frameworks/OpenScripting.framework/Versions/A/OpenScripting
0x0000000002455000 	/System/Library/Frameworks/Carbon.framework/Versions/A/Frameworks/Print.framework/Versions/A/Print
0x0000000002455000 	/System/Library/Frameworks/Carbon.framework/Versions/A/Frameworks/SecurityHI.framework/Versions/A/SecurityHI
0x000000011c9c5000 	/Library/Java/JavaVirtualMachines/jdk1.8.0_91.jdk/Contents/Home/jre/lib/libawt.dylib
0x000000011ca6d000 	/Library/Java/JavaVirtualMachines/jdk1.8.0_91.jdk/Contents/Home/jre/lib/./libmlib_image.dylib
0x000000011cb39000 	/Library/Java/JavaVirtualMachines/jdk1.8.0_91.jdk/Contents/Home/jre/lib/libawt_lwawt.dylib
0x000000011cbee000 	/Library/Java/JavaVirtualMachines/jdk1.8.0_91.jdk/Contents/Home/jre/lib/./libosxapp.dylib
0x0000000002455000 	/System/Library/Frameworks/ExceptionHandling.framework/Versions/A/ExceptionHandling
0x0000000002455000 	/System/Library/PrivateFrameworks/CoreServicesInternal.framework/Versions/A/CoreServicesInternal
0x0000000002455000 	/System/Library/Frameworks/CoreGraphics.framework/Versions/A/Resources/libRIP.A.dylib
0x0000000002455000 	/System/Library/Frameworks/Accelerate.framework/Versions/A/Frameworks/vImage.framework/Versions/A/Libraries/libCGInterfaces.dylib
0x0000000002455000 	/System/Library/Frameworks/CoreGraphics.framework/Versions/A/Resources/libCGXType.A.dylib
0x0000000002455000 	/System/Library/Frameworks/OpenCL.framework/Versions/A/Libraries/libcldcpuengine.dylib
0x0000000002455000 	/System/Library/PrivateFrameworks/DiskImages.framework/Versions/A/DiskImages
0x0000000002455000 	/System/Library/Frameworks/DiscRecording.framework/Versions/A/DiscRecording
0x0000000002455000 	/usr/lib/libcsfde.dylib
0x0000000002455000 	/usr/lib/libcurl.4.dylib
0x0000000002455000 	/System/Library/PrivateFrameworks/MediaKit.framework/Versions/A/MediaKit
0x0000000002455000 	/System/Library/PrivateFrameworks/ProtectedCloudStorage.framework/Versions/A/ProtectedCloudStorage
0x0000000002455000 	/usr/lib/libCoreStorage.dylib
0x0000000002455000 	/System/Library/PrivateFrameworks/EFILogin.framework/Versions/A/EFILogin
0x0000000002455000 	/usr/lib/libutil.dylib
0x0000000002455000 	/System/Library/PrivateFrameworks/FindMyDevice.framework/Versions/A/FindMyDevice
0x0000000002455000 	/System/Library/Frameworks/LDAP.framework/Versions/A/LDAP
0x0000000002455000 	/usr/lib/libsasl2.2.dylib
0x0000000002455000 	/System/Library/PrivateFrameworks/CoreDaemon.framework/Versions/B/CoreDaemon
0x0000000002455000 	/usr/lib/libcrypto.0.9.8.dylib
0x0000000002455000 	/System/Library/PrivateFrameworks/AppleSRP.framework/Versions/A/AppleSRP
0x0000000002455000 	/System/Library/PrivateFrameworks/TrustEvaluationAgent.framework/Versions/A/TrustEvaluationAgent
0x000000011d59e000 	cl_kernels
0x0000000002455000 	/System/Library/Frameworks/OpenCL.framework/Versions/A/Libraries/ImageFormats/unorm8_bgra.dylib
0x0000000002455000 	/System/Library/Frameworks/OpenCL.framework/Versions/A/Libraries/ImageFormats/unorm8_rgba.dylib
0x0000000002455000 	/System/Library/PrivateFrameworks/FamilyControls.framework/Versions/A/FamilyControls
0x0000000002455000 	/System/Library/PrivateFrameworks/CommerceKit.framework/Versions/A/Frameworks/CommerceCore.framework/Versions/A/CommerceCore
0x0000000002455000 	/System/Library/PrivateFrameworks/SystemAdministration.framework/Versions/A/SystemAdministration
0x0000000002455000 	/System/Library/PrivateFrameworks/AppContainer.framework/Versions/A/AppContainer
0x0000000002455000 	/System/Library/PrivateFrameworks/SecCodeWrapper.framework/Versions/A/SecCodeWrapper
0x0000000002455000 	/System/Library/Frameworks/DirectoryService.framework/Versions/A/DirectoryService
0x0000000002455000 	/System/Library/PrivateFrameworks/LoginUIKit.framework/Versions/A/Frameworks/LoginUICore.framework/Versions/A/LoginUICore
0x0000000002455000 	/usr/lib/libodfde.dylib
0x0000000002455000 	/System/Library/Frameworks/OpenGL.framework/Versions/A/Resources/GLEngine.bundle/GLEngine
0x0000000002455000 	/System/Library/Frameworks/OpenGL.framework/Versions/A/Libraries/libGLProgrammability.dylib
0x000000011f419000 	/System/Library/Extensions/AMDRadeonX3000GLDriver.bundle/Contents/MacOS/AMDRadeonX3000GLDriver
0x0000000002455000 	/System/Library/PrivateFrameworks/GPUSupport.framework/Versions/A/Libraries/libGPUSupportMercury.dylib
0x000000011f4f8000 	/System/Library/Extensions/AMDRadeonX3000GLDriver.bundle/Contents/MacOS/ATIRadeonX3000SCLib.dylib
0x0000000002455000 	/System/Library/Frameworks/OpenGL.framework/Versions/A/Resources/GLRendererFloat.bundle/GLRendererFloat
0x000000011f7ea000 	/Library/Java/JavaVirtualMachines/jdk1.8.0_91.jdk/Contents/Home/jre/lib/libfontmanager.dylib
0x00000001204d5000 	/Library/Java/JavaVirtualMachines/jdk1.8.0_91.jdk/Contents/Home/jre/lib/libosxui.dylib
0x00000001211e4000 	/Library/Java/JavaVirtualMachines/jdk1.8.0_91.jdk/Contents/Home/jre/lib/libnet.dylib
0x0000000121243000 	/Library/Java/JavaVirtualMachines/jdk1.8.0_91.jdk/Contents/Home/jre/lib/libnio.dylib
0x0000000002455000 	/System/Library/Frameworks/ApplicationServices.framework/Versions/A/Frameworks/ATS.framework/Versions/A/Resources/libTrueTypeScaler.dylib
0x0000000186262000 	/private/var/folders/tq/5cybh0451bx2v8l5x53f9c_h0000gn/T/jogamp_0000/file_cache/jln8993207379757597809/jln6658823920607636246/libgluegen-rt.jnilib
0x00000001201c1000 	/private/var/folders/tq/5cybh0451bx2v8l5x53f9c_h0000gn/T/jogamp_0000/file_cache/jln8993207379757597809/jln6658823920607636246/libnativewindow_awt.jnilib
0x00000001201cd000 	/Library/Java/JavaVirtualMachines/jdk1.8.0_91.jdk/Contents/Home/jre/lib/libjawt.dylib
0x0000000186266000 	/private/var/folders/tq/5cybh0451bx2v8l5x53f9c_h0000gn/T/jogamp_0000/file_cache/jln8993207379757597809/jln6658823920607636246/libnativewindow_macosx.jnilib
0x00000001879d6000 	/private/var/folders/tq/5cybh0451bx2v8l5x53f9c_h0000gn/T/jogamp_0000/file_cache/jln8993207379757597809/jln6658823920607636246/libjogl_desktop.jnilib

VM Arguments:
jvm_args: -Djava.security.policy=java.policy.applet -Dfile.encoding=UTF-8 
java_command: sun.applet.AppletViewer module6.AirportMap21464291862889.html
java_class_path (initial): /Users/limhoktan/Documents/workspace/UCSDUnfoldingMaps/build:/Users/limhoktan/Documents/workspace/UCSDUnfoldingMaps/lib/core.jar:/Users/limhoktan/Documents/workspace/UCSDUnfoldingMaps/lib/gluegen-rt.jar:/Users/limhoktan/Documents/workspace/UCSDUnfoldingMaps/lib/jogl-all.jar:/Users/limhoktan/Documents/workspace/UCSDUnfoldingMaps/lib/log4j-1.2.15.jar:/Users/limhoktan/Documents/workspace/UCSDUnfoldingMaps/lib/sqlite-jdbc-3.7.2.jar:/Users/limhoktan/Documents/workspace/UCSDUnfoldingMaps/lib/json4processing.jar:/Users/limhoktan/Documents/workspace/UCSDUnfoldingMaps/lib/libTUIO.jar:/Users/limhoktan/Documents/workspace/UCSDUnfoldingMaps/lib/unfolding.0.9.7-uscd.jar
Launcher Type: SUN_STANDARD

Environment Variables:
PATH=/usr/bin:/bin:/usr/sbin:/sbin
SHELL=/bin/bash
DISPLAY=/private/tmp/com.apple.launchd.ljfsj7xib5/org.macosforge.xquartz:0

Signal Handlers:
SIGSEGV: [libjvm.dylib+0x5a97a1], sa_mask[0]=11111111011111110111111111111111, sa_flags=SA_ONSTACK|SA_RESTART|SA_SIGINFO
SIGBUS: [libjvm.dylib+0x5a97a1], sa_mask[0]=11111111011111110111111111111111, sa_flags=SA_RESTART|SA_SIGINFO
SIGFPE: [libjvm.dylib+0x482594], sa_mask[0]=11111111011111110111111111111111, sa_flags=SA_RESTART|SA_SIGINFO
SIGPIPE: [libjvm.dylib+0x482594], sa_mask[0]=11111111011111110111111111111111, sa_flags=SA_RESTART|SA_SIGINFO
SIGXFSZ: [libjvm.dylib+0x482594], sa_mask[0]=11111111011111110111111111111111, sa_flags=SA_RESTART|SA_SIGINFO
SIGILL: [libjvm.dylib+0x482594], sa_mask[0]=11111111011111110111111111111111, sa_flags=SA_RESTART|SA_SIGINFO
SIGUSR1: SIG_DFL, sa_mask[0]=00000000000000000000000000000000, sa_flags=none
SIGUSR2: [libjvm.dylib+0x4820b2], sa_mask[0]=00100000000000000000000000000000, sa_flags=SA_RESTART|SA_SIGINFO
SIGHUP: [libjvm.dylib+0x480689], sa_mask[0]=11111111011111110111111111111111, sa_flags=SA_RESTART|SA_SIGINFO
SIGINT: [libjvm.dylib+0x480689], sa_mask[0]=11111111011111110111111111111111, sa_flags=SA_RESTART|SA_SIGINFO
SIGTERM: [libjvm.dylib+0x480689], sa_mask[0]=11111111011111110111111111111111, sa_flags=SA_RESTART|SA_SIGINFO
SIGQUIT: [libjvm.dylib+0x480689], sa_mask[0]=11111111011111110111111111111111, sa_flags=SA_RESTART|SA_SIGINFO


---------------  S Y S T E M  ---------------

OS:Bsduname:Darwin 15.4.0 Darwin Kernel Version 15.4.0: Fri Feb 26 22:08:05 PST 2016; root:xnu-3248.40.184~3/RELEASE_X86_64 x86_64
rlimit: STACK 8192k, CORE 0k, NPROC 709, NOFILE 10240, AS infinity
load average:3.60 3.44 3.26

CPU:total 4 (4 cores per cpu, 1 threads per core) family 6 model 30 stepping 5, cmov, cx8, fxsr, mmx, sse, sse2, sse3, ssse3, sse4.1, sse4.2, popcnt, tsc, tscinvbit

Memory: 4k page, physical 8388608k(760312k free)

/proc/meminfo:


vm_info: Java HotSpot(TM) 64-Bit Server VM (25.91-b14) for bsd-amd64 JRE (1.8.0_91-b14), built on Apr  1 2016 01:03:00 by "java_re" with gcc 4.2.1 (Based on Apple Inc. build 5658) (LLVM build 2336.11.00)

time: Thu May 26 13:34:54 2016
elapsed time: 1575 seconds (0d 0h 26m 15s)

