#
# A fatal error has been detected by the Java Runtime Environment:
#
#  SIGSEGV (0xb) at pc=0x00007fff97afa4dd, pid=18528, tid=2571
#
# JRE version: Java(TM) SE Runtime Environment (8.0_91-b14) (build 1.8.0_91-b14)
# Java VM: Java HotSpot(TM) 64-Bit Server VM (25.91-b14 mixed mode bsd-amd64 compressed oops)
# Problematic frame:
# C  [libobjc.A.dylib+0x14dd]  objc_msgSend+0x1d
#
# Failed to write core dump. Core dumps have been disabled. To enable core dumping, try "ulimit -c unlimited" before starting Java again
#
# If you would like to submit a bug report, please visit:
#   http://bugreport.java.com/bugreport/crash.jsp
# The crash happened outside the Java Virtual Machine in native code.
# See problematic frame for where to report the bug.
#

---------------  T H R E A D  ---------------

Current thread (0x00007fe84410e000):  JavaThread "AWT-AppKit" daemon [_thread_in_native, id=2571, stack(0x00007fff5d0f8000,0x00007fff5d8f8000)]

siginfo: si_signo: 11 (SIGSEGV), si_code: 1 (SEGV_MAPERR), si_addr: 0x0000000000000018

Registers:
RAX=0x00007fe848489f50, RBX=0x00000001848a1450, RCX=0x000000011bfcdee0, RDX=0x000000011bedd220
RSP=0x00007fff5d8f3318, RBP=0x00007fff5d8f33d0, RSI=0x00007fff8b405ce6, RDI=0x00007fe848486fd0
R8 =0x0000000000000000, R9 =0x00000000000008b0, R10=0x00007fff8b405ce6, R11=0x0000000000000000
R12=0x0000000000000000, R13=0x00000001860c3010, R14=0x00000001848a1440, R15=0x00007fe84410e000
RIP=0x00007fff97afa4dd, EFLAGS=0x0000000000010246, ERR=0x0000000000000004
  TRAPNO=0x000000000000000e

Top of Stack: (sp=0x00007fff5d8f3318)
0x00007fff5d8f3318:   000000018489f157 00007fff5d8f3370
0x00007fff5d8f3328:   0000000000000003 00007fff5d8f3350
0x00007fff5d8f3338:   0000000102ff24ea 00000001860c3010
0x00007fff5d8f3348:   00000001860c3010 00007fe848489f50
0x00007fff5d8f3358:   00000001848a16a0 00000001848a1710
0x00007fff5d8f3368:   00007fff7a8e6770 00007fff7c4f4500
0x00007fff5d8f3378:   00000001848a1450 00000001848a1690
0x00007fff5d8f3388:   00007fe848489f50 00007fe848486fd0
0x00007fff5d8f3398:   00007fe843713be0 00007fe848489f50
0x00007fff5d8f33a8:   00007fe848486fd0 00007fff5d8f3458
0x00007fff5d8f33b8:   00007fe84410e1f8 00000001860c3010
0x00007fff5d8f33c8:   00007fff5d8f3480 00007fff5d8f3448
0x00007fff5d8f33d8:   0000000103da9814 00000001860c3010
0x00007fff5d8f33e8:   00007fff5d8f3480 00007fff5d8f3448
0x00007fff5d8f33f8:   0000000103da95a7 0000000103da9562
0x00007fff5d8f3408:   00007fff5d8f3408 00000001860c3010
0x00007fff5d8f3418:   00007fff5d8f3480 00000001860c5c48
0x00007fff5d8f3428:   0000000000000000 00000001860c3010
0x00007fff5d8f3438:   0000000000000000 00007fff5d8f3468
0x00007fff5d8f3448:   00007fff5d8f34c8 0000000103d9c2bd
0x00007fff5d8f3458:   0000000742d564b8 0000000103da5538
0x00007fff5d8f3468:   00007fe848489f50 00007fff5d8f34c8
0x00007fff5d8f3478:   00007fe848486fd0 0000000103da6e02
0x00007fff5d8f3488:   00007fff5d8f3488 00000001860c31da
0x00007fff5d8f3498:   00007fff5d8f34f0 00000001860c5c48
0x00007fff5d8f34a8:   0000000000000000 00000001860c31e8
0x00007fff5d8f34b8:   00007fff5d8f3468 00007fff5d8f34d8
0x00007fff5d8f34c8:   00007fff5d8f3538 0000000103d9c2bd
0x00007fff5d8f34d8:   00007fe848489f50 0000000742de72d0
0x00007fff5d8f34e8:   00007fe848486fd0 0000000742de72d0
0x00007fff5d8f34f8:   00007fff5d8f34f8 0000000188a785d6
0x00007fff5d8f3508:   00007fff5d8f3548 0000000188a78690 

Instructions: (pc=0x00007fff97afa4dd)
0x00007fff97afa4bd:   44 00 00 48 85 ff 2e 74 62 40 f6 c7 01 2e 75 66
0x00007fff97afa4cd:   49 bb f8 ff ff ff ff 7f 00 00 4c 23 1f 49 89 f2
0x00007fff97afa4dd:   45 23 53 18 49 c1 e2 04 4d 03 53 10 49 3b 32 75
0x00007fff97afa4ed:   04 41 ff 62 08 49 83 3a 01 76 0d 49 83 c2 10 49 

Register to memory mapping:

RAX=0x00007fe848489f50 is an unknown value
RBX=0x00000001848a1450: Java_jogamp_nativewindow_macosx_OSXUtil_GetScreenRefreshRate0+0x1cf0 in /private/var/folders/tq/5cybh0451bx2v8l5x53f9c_h0000gn/T/jogamp_0000/file_cache/jln6332532742240975326/jln8377849641384948134/libnativewindow_macosx.jnilib at 0x000000018489a000
RCX=0x000000011bfcdee0 is an unknown value
RDX=0x000000011bedd220 is an unknown value
RSP=0x00007fff5d8f3318 is pointing into the stack for thread: 0x00007fe84410e000
RBP=0x00007fff5d8f33d0 is pointing into the stack for thread: 0x00007fe84410e000
RSI=0x00007fff8b405ce6 is an unknown value
RDI=0x00007fe848486fd0 is an unknown value
R8 =0x0000000000000000 is an unknown value
R9 =0x00000000000008b0 is an unknown value
R10=0x00007fff8b405ce6 is an unknown value
R11=0x0000000000000000 is an unknown value
R12=0x0000000000000000 is an unknown value
R13={method} {0x00000001860c3010} 'UnsetJAWTRootSurfaceLayer0' '(JJ)V' in 'jogamp/nativewindow/jawt/macosx/MacOSXJAWTWindow'
R14=0x00000001848a1440: Java_jogamp_nativewindow_macosx_OSXUtil_GetScreenRefreshRate0+0x1ce0 in /private/var/folders/tq/5cybh0451bx2v8l5x53f9c_h0000gn/T/jogamp_0000/file_cache/jln6332532742240975326/jln8377849641384948134/libnativewindow_macosx.jnilib at 0x000000018489a000
R15=0x00007fe84410e000 is a thread


Stack: [0x00007fff5d0f8000,0x00007fff5d8f8000],  sp=0x00007fff5d8f3318,  free space=8172k
Native frames: (J=compiled Java code, j=interpreted, Vv=VM code, C=native code)
C  [libobjc.A.dylib+0x14dd]  objc_msgSend+0x1d
j  jogamp.nativewindow.jawt.macosx.MacOSXJAWTWindow.UnsetJAWTRootSurfaceLayer0(JJ)V+0
j  jogamp.nativewindow.jawt.macosx.MacOSXJAWTWindow.access$200(JJ)V+2
j  jogamp.nativewindow.jawt.macosx.MacOSXJAWTWindow$1.run()V+38
J 2260 C1 com.jogamp.common.util.RunnableTask.run()V (345 bytes) @ 0x00000001044f00d4 [0x00000001044eff40+0x194]
v  ~StubRoutines::call_stub
V  [libjvm.dylib+0x2ec1e6]  JavaCalls::call_helper(JavaValue*, methodHandle*, JavaCallArguments*, Thread*)+0x6ae
V  [libjvm.dylib+0x323355]  jni_invoke_nonstatic(JNIEnv_*, JavaValue*, _jobject*, JNICallType, _jmethodID*, JNI_ArgumentPusher*, Thread*)+0x2ec
V  [libjvm.dylib+0x315b23]  jni_CallVoidMethod+0x16b
C  [libnativewindow_macosx.jnilib+0x5326]  Java_jogamp_nativewindow_jawt_macosx_MacOSXJAWTWindow_UnsetJAWTRootSurfaceLayer0+0x2b6
C  [Foundation+0x76f5e]  __NSThreadPerformPerform+0x117
C  [CoreFoundation+0xaa881]  __CFRUNLOOP_IS_CALLING_OUT_TO_A_SOURCE0_PERFORM_FUNCTION__+0x11
C  [CoreFoundation+0x89f37]  __CFRunLoopDoSources0+0x1a7
C  [CoreFoundation+0x894df]  __CFRunLoopRun+0x39f
C  [CoreFoundation+0x88ed8]  CFRunLoopRunSpecific+0x128
C  [HIToolbox+0x30935]  RunCurrentEventLoopInMode+0xeb
C  [HIToolbox+0x30677]  ReceiveNextEventCommon+0xb8
C  [HIToolbox+0x305af]  _BlockUntilNextEventMatchingListInModeWithFilter+0x47
C  [AppKit+0x48efa]  _DPSNextEvent+0x42b
C  [AppKit+0x4832a]  -[NSApplication _nextEventMatchingEventMask:untilDate:inMode:dequeue:]+0x1c6
C  [libosxapp.dylib+0x23aa]  -[NSApplicationAWT nextEventMatchingMask:untilDate:inMode:dequeue:]+0x7c
C  [AppKit+0x3ce84]  -[NSApplication run]+0x2aa
C  [libosxapp.dylib+0x214d]  +[NSApplicationAWT runAWTLoopWithApp:]+0x9c
C  [libawt_lwawt.dylib+0x4455b]  -[AWTStarter starter:]+0x389
C  [Foundation+0x76f5e]  __NSThreadPerformPerform+0x117
C  [CoreFoundation+0xaa881]  __CFRUNLOOP_IS_CALLING_OUT_TO_A_SOURCE0_PERFORM_FUNCTION__+0x11
C  [CoreFoundation+0x89fbc]  __CFRunLoopDoSources0+0x22c
C  [CoreFoundation+0x894df]  __CFRunLoopRun+0x39f
C  [CoreFoundation+0x88ed8]  CFRunLoopRunSpecific+0x128
C  [java+0x6463]  CreateExecutionEnvironment+0x367
C  [java+0x21ac]  JLI_Launch+0x7a0
C  [java+0x84c0]  main+0x65
C  [java+0x1a04]  start+0x34
C  0x0000000000000007

Java frames: (J=compiled Java code, j=interpreted, Vv=VM code)
j  jogamp.nativewindow.jawt.macosx.MacOSXJAWTWindow.UnsetJAWTRootSurfaceLayer0(JJ)V+0
j  jogamp.nativewindow.jawt.macosx.MacOSXJAWTWindow.access$200(JJ)V+2
j  jogamp.nativewindow.jawt.macosx.MacOSXJAWTWindow$1.run()V+38
J 2260 C1 com.jogamp.common.util.RunnableTask.run()V (345 bytes) @ 0x00000001044f00d4 [0x00000001044eff40+0x194]
v  ~StubRoutines::call_stub

---------------  P R O C E S S  ---------------

Java Threads: ( => current thread )
  0x00007fe845006000 JavaThread "Thread-19" [_thread_blocked, id=66723, stack(0x000070000104a000,0x000070000114a000)]
  0x00007fe843a3e000 JavaThread "AWT-EventQueue-1" [_thread_in_native, id=60203, stack(0x0000700001868000,0x0000700001968000)]
  0x00007fe844b44800 JavaThread "DestroyJavaVM" [_thread_blocked, id=5891, stack(0x000070000011a000,0x000070000021a000)]
  0x00007fe843907000 JavaThread "AWT-EventQueue-0" [_thread_in_native, id=56835, stack(0x0000700001662000,0x0000700001762000)]
  0x00007fe843806800 JavaThread "Java2D Disposer" daemon [_thread_blocked, id=52739, stack(0x00007000013d9000,0x00007000014d9000)]
  0x00007fe8451ca800 JavaThread "Java2D Queue Flusher" daemon [_thread_blocked, id=49927, stack(0x00007000012d6000,0x00007000013d6000)]
  0x00007fe845073800 JavaThread "AWT-Shutdown" [_thread_blocked, id=29459, stack(0x0000700001150000,0x0000700001250000)]
=>0x00007fe84410e000 JavaThread "AWT-AppKit" daemon [_thread_in_native, id=2571, stack(0x00007fff5d0f8000,0x00007fff5d8f8000)]
  0x00007fe84403e000 JavaThread "Service Thread" daemon [_thread_blocked, id=18691, stack(0x0000700000e44000,0x0000700000f44000)]
  0x00007fe843820000 JavaThread "C1 CompilerThread2" daemon [_thread_blocked, id=18179, stack(0x0000700000d41000,0x0000700000e41000)]
  0x00007fe84381f000 JavaThread "C2 CompilerThread1" daemon [_thread_blocked, id=17667, stack(0x0000700000c3e000,0x0000700000d3e000)]
  0x00007fe84480c000 JavaThread "C2 CompilerThread0" daemon [_thread_blocked, id=17155, stack(0x0000700000b3b000,0x0000700000c3b000)]
  0x00007fe84483a800 JavaThread "Signal Dispatcher" daemon [_thread_blocked, id=13839, stack(0x0000700000a38000,0x0000700000b38000)]
  0x00007fe844001800 JavaThread "Finalizer" daemon [_thread_blocked, id=12291, stack(0x000070000082f000,0x000070000092f000)]
  0x00007fe84380d000 JavaThread "Reference Handler" daemon [_thread_blocked, id=11779, stack(0x000070000072c000,0x000070000082c000)]

Other Threads:
  0x00007fe844832000 VMThread [stack: 0x0000700000629000,0x0000700000729000] [id=11267]
  0x00007fe843804800 WatcherThread [stack: 0x0000700000f47000,0x0000700001047000] [id=19203]

VM state:not at safepoint (normal execution)

VM Mutex/Monitor currently owned by a thread: None

Heap:
 PSYoungGen      total 60928K, used 11949K [0x0000000795580000, 0x00000007bbb00000, 0x00000007c0000000)
  eden space 60416K, 19% used [0x0000000795580000,0x000000079610b6f8,0x0000000799080000)
  from space 512K, 25% used [0x00000007bba00000,0x00000007bba20000,0x00000007bba80000)
  to   space 512K, 0% used [0x00000007bba80000,0x00000007bba80000,0x00000007bbb00000)
 ParOldGen       total 130560K, used 59344K [0x0000000740000000, 0x0000000747f80000, 0x0000000795580000)
  object space 130560K, 45% used [0x0000000740000000,0x00000007439f4318,0x0000000747f80000)
 Metaspace       used 19635K, capacity 19843K, committed 19968K, reserved 1067008K
  class space    used 1912K, capacity 1982K, committed 2048K, reserved 1048576K

Card table byte_map: [0x0000000113154000,0x0000000113555000] byte_map_base: 0x000000010f754000

Marking Bits: (ParMarkBitMap*) 0x00000001036e6eb0
 Begin Bits: [0x0000000113800000, 0x0000000115800000)
 End Bits:   [0x0000000115800000, 0x0000000117800000)

Polling page: 0x00000001025cb000

CodeCache: size=245760Kb used=8232Kb max_used=8541Kb free=237527Kb
 bounds [0x0000000103d94000, 0x0000000104634000, 0x0000000112d94000]
 total_blobs=3141 nmethods=2258 adapters=797
 compilation: enabled

Compilation events (10 events):
Event: 546.274 Thread 0x00007fe843820000 nmethod 2812 0x0000000104365310 code [0x0000000104365600, 0x0000000104366d28]
Event: 546.278 Thread 0x00007fe84480c000 nmethod 2811 0x000000010426f4d0 code [0x000000010426f640, 0x000000010426fdb8]
Event: 546.278 Thread 0x00007fe843820000 2813   !   3       sun.misc.URLClassPath$JarLoader::getResource (349 bytes)
Event: 546.279 Thread 0x00007fe84381f000 2814       4       java.lang.String::substring (56 bytes)
Event: 546.280 Thread 0x00007fe84480c000 2815       4       com.jogamp.nativewindow.awt.AWTGraphicsConfiguration::getNativeGraphicsConfiguration (17 bytes)
Event: 546.280 Thread 0x00007fe84480c000 nmethod 2815 0x0000000104297610 code [0x0000000104297760, 0x00000001042977f8]
Event: 546.281 Thread 0x00007fe843820000 nmethod 2813 0x00000001045ed790 code [0x00000001045edc00, 0x00000001045f0158]
Event: 546.281 Thread 0x00007fe843820000 2816       3       java.util.IdentityHashMap::maskNull (12 bytes)
Event: 546.281 Thread 0x00007fe843820000 nmethod 2816 0x000000010426f110 code [0x000000010426f280, 0x000000010426f410]
Event: 546.284 Thread 0x00007fe84381f000 nmethod 2814 0x00000001043e8950 code [0x00000001043e8ac0, 0x00000001043e8e78]

GC Heap History (10 events):
Event: 544.360 GC heap before
{Heap before GC invocations=1472 (full 1):
 PSYoungGen      total 59392K, used 58976K [0x0000000795580000, 0x00000007bbb00000, 0x00000007c0000000)
  eden space 58880K, 100% used [0x0000000795580000,0x0000000798f00000,0x0000000798f00000)
  from space 512K, 18% used [0x00000007bba80000,0x00000007bba98000,0x00000007bbb00000)
  to   space 512K, 0% used [0x00000007bba00000,0x00000007bba00000,0x00000007bba80000)
 ParOldGen       total 130560K, used 59312K [0x0000000740000000, 0x0000000747f80000, 0x0000000795580000)
  object space 130560K, 45% used [0x0000000740000000,0x00000007439ec318,0x0000000747f80000)
 Metaspace       used 19600K, capacity 19779K, committed 19968K, reserved 1067008K
  class space    used 1906K, capacity 1982K, committed 2048K, reserved 1048576K
Event: 544.361 GC heap after
Heap after GC invocations=1472 (full 1):
 PSYoungGen      total 62464K, used 96K [0x0000000795580000, 0x00000007bbb00000, 0x00000007c0000000)
  eden space 61952K, 0% used [0x0000000795580000,0x0000000795580000,0x0000000799200000)
  from space 512K, 18% used [0x00000007bba00000,0x00000007bba18000,0x00000007bba80000)
  to   space 512K, 0% used [0x00000007bba80000,0x00000007bba80000,0x00000007bbb00000)
 ParOldGen       total 130560K, used 59320K [0x0000000740000000, 0x0000000747f80000, 0x0000000795580000)
  object space 130560K, 45% used [0x0000000740000000,0x00000007439ee318,0x0000000747f80000)
 Metaspace       used 19600K, capacity 19779K, committed 19968K, reserved 1067008K
  class space    used 1906K, capacity 1982K, committed 2048K, reserved 1048576K
}
Event: 544.612 GC heap before
{Heap before GC invocations=1473 (full 1):
 PSYoungGen      total 62464K, used 62048K [0x0000000795580000, 0x00000007bbb00000, 0x00000007c0000000)
  eden space 61952K, 100% used [0x0000000795580000,0x0000000799200000,0x0000000799200000)
  from space 512K, 18% used [0x00000007bba00000,0x00000007bba18000,0x00000007bba80000)
  to   space 512K, 0% used [0x00000007bba80000,0x00000007bba80000,0x00000007bbb00000)
 ParOldGen       total 130560K, used 59320K [0x0000000740000000, 0x0000000747f80000, 0x0000000795580000)
  object space 130560K, 45% used [0x0000000740000000,0x00000007439ee318,0x0000000747f80000)
 Metaspace       used 19600K, capacity 19779K, committed 19968K, reserved 1067008K
  class space    used 1906K, capacity 1982K, committed 2048K, reserved 1048576K
Event: 544.613 GC heap after
Heap after GC invocations=1473 (full 1):
 PSYoungGen      total 65536K, used 96K [0x0000000795580000, 0x00000007bbb00000, 0x00000007c0000000)
  eden space 65024K, 0% used [0x0000000795580000,0x0000000795580000,0x0000000799500000)
  from space 512K, 18% used [0x00000007bba80000,0x00000007bba98000,0x00000007bbb00000)
  to   space 512K, 0% used [0x00000007bba00000,0x00000007bba00000,0x00000007bba80000)
 ParOldGen       total 130560K, used 59320K [0x0000000740000000, 0x0000000747f80000, 0x0000000795580000)
  object space 130560K, 45% used [0x0000000740000000,0x00000007439ee318,0x0000000747f80000)
 Metaspace       used 19600K, capacity 19779K, committed 19968K, reserved 1067008K
  class space    used 1906K, capacity 1982K, committed 2048K, reserved 1048576K
}
Event: 545.384 GC heap before
{Heap before GC invocations=1474 (full 1):
 PSYoungGen      total 65536K, used 65120K [0x0000000795580000, 0x00000007bbb00000, 0x00000007c0000000)
  eden space 65024K, 100% used [0x0000000795580000,0x0000000799500000,0x0000000799500000)
  from space 512K, 18% used [0x00000007bba80000,0x00000007bba98000,0x00000007bbb00000)
  to   space 512K, 0% used [0x00000007bba00000,0x00000007bba00000,0x00000007bba80000)
 ParOldGen       total 130560K, used 59320K [0x0000000740000000, 0x0000000747f80000, 0x0000000795580000)
  object space 130560K, 45% used [0x0000000740000000,0x00000007439ee318,0x0000000747f80000)
 Metaspace       used 19604K, capacity 19779K, committed 19968K, reserved 1067008K
  class space    used 1906K, capacity 1982K, committed 2048K, reserved 1048576K
Event: 545.385 GC heap after
Heap after GC invocations=1474 (full 1):
 PSYoungGen      total 64000K, used 64K [0x0000000795580000, 0x00000007bbb00000, 0x00000007c0000000)
  eden space 63488K, 0% used [0x0000000795580000,0x0000000795580000,0x0000000799380000)
  from space 512K, 12% used [0x00000007bba00000,0x00000007bba10000,0x00000007bba80000)
  to   space 512K, 0% used [0x00000007bba80000,0x00000007bba80000,0x00000007bbb00000)
 ParOldGen       total 130560K, used 59328K [0x0000000740000000, 0x0000000747f80000, 0x0000000795580000)
  object space 130560K, 45% used [0x0000000740000000,0x00000007439f0318,0x0000000747f80000)
 Metaspace       used 19604K, capacity 19779K, committed 19968K, reserved 1067008K
  class space    used 1906K, capacity 1982K, committed 2048K, reserved 1048576K
}
Event: 545.889 GC heap before
{Heap before GC invocations=1475 (full 1):
 PSYoungGen      total 64000K, used 63552K [0x0000000795580000, 0x00000007bbb00000, 0x00000007c0000000)
  eden space 63488K, 100% used [0x0000000795580000,0x0000000799380000,0x0000000799380000)
  from space 512K, 12% used [0x00000007bba00000,0x00000007bba10000,0x00000007bba80000)
  to   space 512K, 0% used [0x00000007bba80000,0x00000007bba80000,0x00000007bbb00000)
 ParOldGen       total 130560K, used 59328K [0x0000000740000000, 0x0000000747f80000, 0x0000000795580000)
  object space 130560K, 45% used [0x0000000740000000,0x00000007439f0318,0x0000000747f80000)
 Metaspace       used 19605K, capacity 19779K, committed 19968K, reserved 1067008K
  class space    used 1906K, capacity 1982K, committed 2048K, reserved 1048576K
Event: 545.891 GC heap after
Heap after GC invocations=1475 (full 1):
 PSYoungGen      total 62464K, used 128K [0x0000000795580000, 0x00000007bbb00000, 0x00000007c0000000)
  eden space 61952K, 0% used [0x0000000795580000,0x0000000795580000,0x0000000799200000)
  from space 512K, 25% used [0x00000007bba80000,0x00000007bbaa0000,0x00000007bbb00000)
  to   space 512K, 0% used [0x00000007bba00000,0x00000007bba00000,0x00000007bba80000)
 ParOldGen       total 130560K, used 59336K [0x0000000740000000, 0x0000000747f80000, 0x0000000795580000)
  object space 130560K, 45% used [0x0000000740000000,0x00000007439f2318,0x0000000747f80000)
 Metaspace       used 19605K, capacity 19779K, committed 19968K, reserved 1067008K
  class space    used 1906K, capacity 1982K, committed 2048K, reserved 1048576K
}
Event: 546.164 GC heap before
{Heap before GC invocations=1476 (full 1):
 PSYoungGen      total 62464K, used 62080K [0x0000000795580000, 0x00000007bbb00000, 0x00000007c0000000)
  eden space 61952K, 100% used [0x0000000795580000,0x0000000799200000,0x0000000799200000)
  from space 512K, 25% used [0x00000007bba80000,0x00000007bbaa0000,0x00000007bbb00000)
  to   space 512K, 0% used [0x00000007bba00000,0x00000007bba00000,0x00000007bba80000)
 ParOldGen       total 130560K, used 59336K [0x0000000740000000, 0x0000000747f80000, 0x0000000795580000)
  object space 130560K, 45% used [0x0000000740000000,0x00000007439f2318,0x0000000747f80000)
 Metaspace       used 19610K, capacity 19779K, committed 19968K, reserved 1067008K
  class space    used 1907K, capacity 1982K, committed 2048K, reserved 1048576K
Event: 546.166 GC heap after
Heap after GC invocations=1476 (full 1):
 PSYoungGen      total 60928K, used 128K [0x0000000795580000, 0x00000007bbb00000, 0x00000007c0000000)
  eden space 60416K, 0% used [0x0000000795580000,0x0000000795580000,0x0000000799080000)
  from space 512K, 25% used [0x00000007bba00000,0x00000007bba20000,0x00000007bba80000)
  to   space 512K, 0% used [0x00000007bba80000,0x00000007bba80000,0x00000007bbb00000)
 ParOldGen       total 130560K, used 59344K [0x0000000740000000, 0x0000000747f80000, 0x0000000795580000)
  object space 130560K, 45% used [0x0000000740000000,0x00000007439f4318,0x0000000747f80000)
 Metaspace       used 19610K, capacity 19779K, committed 19968K, reserved 1067008K
  class space    used 1907K, capacity 1982K, committed 2048K, reserved 1048576K
}

Deoptimization events (10 events):
Event: 546.122 Thread 0x00007fe843a3e000 Uncommon trap: reason=unstable_if action=reinterpret pc=0x0000000103efd63c method=java.awt.EventQueue.isDispatchThreadImpl()Z @ 65
Event: 546.122 Thread 0x00007fe843907000 Uncommon trap: reason=unstable_if action=reinterpret pc=0x0000000104409628 method=java.awt.EventQueue.getPriority(Ljava/awt/AWTEvent;)I @ 71
Event: 546.122 Thread 0x00007fe843907000 Uncommon trap: reason=unstable_if action=reinterpret pc=0x00000001043ca568 method=sun.lwawt.LWContainerPeer.cutChildren(Lsun/java2d/pipe/Region;Lsun/lwawt/LWComponentPeer;)Lsun/java2d/pipe/Region; @ 67
Event: 546.122 Thread 0x00007fe843907000 Uncommon trap: reason=unstable_if action=reinterpret pc=0x000000010421726c method=sun.java2d.SunGraphics2D.validateCompClip()V @ 9
Event: 546.123 Thread 0x00007fe843907000 Uncommon trap: reason=unstable_if action=reinterpret pc=0x000000010460c7b0 method=sun.java2d.pipe.Region.intersectsQuickCheck(Lsun/java2d/pipe/Region;)Z @ 41
Event: 546.271 Thread 0x00007fe84491e800 Uncommon trap: reason=unstable_if action=reinterpret pc=0x000000010431a480 method=java.util.HashMap.putVal(ILjava/lang/Object;Ljava/lang/Object;ZZ)Ljava/lang/Object; @ 81
Event: 546.271 Thread 0x00007fe84491e800 Uncommon trap: reason=unstable_if action=reinterpret pc=0x000000010421a8e4 method=java.util.HashMap.putVal(ILjava/lang/Object;Ljava/lang/Object;ZZ)Ljava/lang/Object; @ 81
Event: 546.279 Thread 0x00007fe843a3e000 Uncommon trap: reason=unstable_if action=reinterpret pc=0x0000000104212f98 method=java.util.LinkedList$ListItr.<init>(Ljava/util/LinkedList;I)V @ 26
Event: 546.280 Thread 0x00007fe843a3e000 Uncommon trap: reason=unstable_if action=reinterpret pc=0x00000001045f33d4 method=java.security.AccessControlContext.optimize()Ljava/security/AccessControlContext; @ 233
Event: 546.280 Thread 0x00007fe843a3e000 Uncommon trap: reason=unstable_if action=reinterpret pc=0x0000000104260084 method=java.util.LinkedList$ListItr.<init>(Ljava/util/LinkedList;I)V @ 26

Internal exceptions (10 events):
Event: 0.150 Thread 0x00007fe845006000 Exception <a 'java/lang/NoSuchFieldError': method resolution failed> (0x0000000795785c50) thrown at [/Users/java_re/workspace/8-2-build-macosx-x86_64/jdk8u91/6644/hotspot/src/share/vm/prims/methodHandles.cpp, line 1146]
Event: 0.152 Thread 0x00007fe845006000 Exception <a 'java/lang/NoSuchFieldError': method resolution failed> (0x0000000795793420) thrown at [/Users/java_re/workspace/8-2-build-macosx-x86_64/jdk8u91/6644/hotspot/src/share/vm/prims/methodHandles.cpp, line 1146]
Event: 0.266 Thread 0x00007fe845006000 Exception <a 'java/io/FileNotFoundException'> (0x000000079580f3c8) thrown at [/Users/java_re/workspace/8-2-build-macosx-x86_64/jdk8u91/6644/hotspot/src/share/vm/prims/jni.cpp, line 709]
Event: 0.266 Thread 0x00007fe845006000 Exception <a 'java/io/FileNotFoundException'> (0x000000079580ff30) thrown at [/Users/java_re/workspace/8-2-build-macosx-x86_64/jdk8u91/6644/hotspot/src/share/vm/prims/jni.cpp, line 709]
Event: 0.361 Thread 0x00007fe845006000 Exception <a 'java/io/FileNotFoundException'> (0x000000079594b880) thrown at [/Users/java_re/workspace/8-2-build-macosx-x86_64/jdk8u91/6644/hotspot/src/share/vm/prims/jni.cpp, line 709]
Event: 1.987 Thread 0x00007fe8442e7800 Exception <a 'java/lang/UnsatisfiedLinkError': com.jogamp.common.util.JarUtil.fixNativeLibAttribs(Ljava/lang/String;)Z> (0x0000000796be4940) thrown at [/Users/java_re/workspace/8-2-build-macosx-x86_64/jdk8u91/6644/hotspot/src/share/vm/prims/nativeLookup.c
Event: 2.318 Thread 0x00007fe844001800 Exception <a 'java/lang/NullPointerException'> (0x00000007956a5070) thrown at [/Users/java_re/workspace/8-2-build-macosx-x86_64/jdk8u91/6644/hotspot/src/share/vm/interpreter/linkResolver.cpp, line 1178]
Event: 2.990 Thread 0x00007fe843a3e000 Exception <a 'java/io/FileNotFoundException'> (0x0000000795f32448) thrown at [/Users/java_re/workspace/8-2-build-macosx-x86_64/jdk8u91/6644/hotspot/src/share/vm/prims/jni.cpp, line 709]
Event: 2.990 Thread 0x00007fe843a3e000 Exception <a 'java/io/FileNotFoundException'> (0x0000000795f387e8) thrown at [/Users/java_re/workspace/8-2-build-macosx-x86_64/jdk8u91/6644/hotspot/src/share/vm/prims/jni.cpp, line 709]
Event: 2.990 Thread 0x00007fe843a3e000 Implicit null exception at 0x0000000103f325b3 to 0x0000000103f32929

Events (10 events):
Event: 546.280 loading class java/awt/event/AWTEventListenerProxy done
Event: 546.280 loading class java/awt/Toolkit$ToolkitEventMulticaster
Event: 546.280 loading class java/awt/Toolkit$ToolkitEventMulticaster done
Event: 546.280 Thread 0x00007fe843a3e000 Uncommon trap: trap_request=0xffffff65 fr.pc=0x0000000104260084
Event: 546.280 Thread 0x00007fe843a3e000 DEOPT PACKING pc=0x0000000104260084 sp=0x0000700001965830
Event: 546.280 Thread 0x00007fe843a3e000 DEOPT UNPACKING pc=0x0000000103d99229 sp=0x0000700001965788 mode 2
Event: 546.281 Thread 0x00007fe84491e800 Thread exited: 0x00007fe84491e800
Event: 546.281 loading class java/awt/Window$1DisposeAction
Event: 546.281 loading class java/awt/Window$1DisposeAction done
Event: 546.281 Thread 0x00007fe843820000 flushing nmethod 0x000000010418a050


Dynamic libraries:
0x0000000009285000 	/System/Library/Frameworks/Cocoa.framework/Versions/A/Cocoa
0x0000000009285000 	/System/Library/Frameworks/Security.framework/Versions/A/Security
0x0000000009285000 	/System/Library/Frameworks/ApplicationServices.framework/Versions/A/ApplicationServices
0x0000000009285000 	/usr/lib/libz.1.dylib
0x0000000009285000 	/usr/lib/libSystem.B.dylib
0x0000000009285000 	/usr/lib/libobjc.A.dylib
0x0000000009285000 	/System/Library/Frameworks/CoreFoundation.framework/Versions/A/CoreFoundation
0x0000000009285000 	/System/Library/Frameworks/Foundation.framework/Versions/C/Foundation
0x0000000009285000 	/System/Library/Frameworks/AppKit.framework/Versions/C/AppKit
0x0000000009285000 	/System/Library/Frameworks/CoreData.framework/Versions/A/CoreData
0x0000000009285000 	/System/Library/PrivateFrameworks/RemoteViewServices.framework/Versions/A/RemoteViewServices
0x0000000009285000 	/System/Library/PrivateFrameworks/UIFoundation.framework/Versions/A/UIFoundation
0x0000000009285000 	/usr/lib/libScreenReader.dylib
0x0000000009285000 	/System/Library/Frameworks/Accelerate.framework/Versions/A/Accelerate
0x0000000009285000 	/System/Library/Frameworks/IOSurface.framework/Versions/A/IOSurface
0x0000000009285000 	/System/Library/Frameworks/AudioToolbox.framework/Versions/A/AudioToolbox
0x0000000009285000 	/System/Library/Frameworks/AudioUnit.framework/Versions/A/AudioUnit
0x0000000009285000 	/System/Library/PrivateFrameworks/DataDetectorsCore.framework/Versions/A/DataDetectorsCore
0x0000000009285000 	/System/Library/PrivateFrameworks/DesktopServicesPriv.framework/Versions/A/DesktopServicesPriv
0x0000000009285000 	/System/Library/Frameworks/Carbon.framework/Versions/A/Frameworks/HIToolbox.framework/Versions/A/HIToolbox
0x0000000009285000 	/System/Library/Frameworks/QuartzCore.framework/Versions/A/QuartzCore
0x0000000009285000 	/System/Library/Frameworks/Carbon.framework/Versions/A/Frameworks/SpeechRecognition.framework/Versions/A/SpeechRecognition
0x0000000009285000 	/usr/lib/libauto.dylib
0x0000000009285000 	/usr/lib/libicucore.A.dylib
0x0000000009285000 	/usr/lib/libxml2.2.dylib
0x0000000009285000 	/System/Library/PrivateFrameworks/CoreUI.framework/Versions/A/CoreUI
0x0000000009285000 	/System/Library/Frameworks/CoreAudio.framework/Versions/A/CoreAudio
0x0000000009285000 	/System/Library/Frameworks/DiskArbitration.framework/Versions/A/DiskArbitration
0x0000000009285000 	/usr/lib/liblangid.dylib
0x0000000009285000 	/System/Library/PrivateFrameworks/MultitouchSupport.framework/Versions/A/MultitouchSupport
0x0000000009285000 	/System/Library/Frameworks/IOKit.framework/Versions/A/IOKit
0x0000000009285000 	/usr/lib/libDiagnosticMessagesClient.dylib
0x0000000009285000 	/System/Library/Frameworks/CoreServices.framework/Versions/A/CoreServices
0x0000000009285000 	/System/Library/PrivateFrameworks/PerformanceAnalysis.framework/Versions/A/PerformanceAnalysis
0x0000000009285000 	/System/Library/PrivateFrameworks/GenerationalStorage.framework/Versions/A/GenerationalStorage
0x0000000009285000 	/System/Library/Frameworks/OpenGL.framework/Versions/A/OpenGL
0x0000000009285000 	/System/Library/PrivateFrameworks/Sharing.framework/Versions/A/Sharing
0x0000000009285000 	/System/Library/Frameworks/CoreGraphics.framework/Versions/A/CoreGraphics
0x0000000009285000 	/System/Library/Frameworks/CoreImage.framework/Versions/A/CoreImage
0x0000000009285000 	/System/Library/Frameworks/CoreText.framework/Versions/A/CoreText
0x0000000009285000 	/System/Library/Frameworks/ImageIO.framework/Versions/A/ImageIO
0x0000000009285000 	/System/Library/PrivateFrameworks/Backup.framework/Versions/A/Backup
0x0000000009285000 	/usr/lib/libextension.dylib
0x0000000009285000 	/usr/lib/libarchive.2.dylib
0x0000000009285000 	/System/Library/Frameworks/CFNetwork.framework/Versions/A/CFNetwork
0x0000000009285000 	/System/Library/Frameworks/SystemConfiguration.framework/Versions/A/SystemConfiguration
0x0000000009285000 	/usr/lib/libCRFSuite.dylib
0x0000000009285000 	/usr/lib/libc++.1.dylib
0x0000000009285000 	/usr/lib/libc++abi.dylib
0x0000000009285000 	/usr/lib/system/libcache.dylib
0x0000000009285000 	/usr/lib/system/libcommonCrypto.dylib
0x0000000009285000 	/usr/lib/system/libcompiler_rt.dylib
0x0000000009285000 	/usr/lib/system/libcopyfile.dylib
0x0000000009285000 	/usr/lib/system/libcorecrypto.dylib
0x0000000009285000 	/usr/lib/system/libdispatch.dylib
0x0000000009285000 	/usr/lib/system/libdyld.dylib
0x0000000009285000 	/usr/lib/system/libkeymgr.dylib
0x0000000009285000 	/usr/lib/system/liblaunch.dylib
0x0000000009285000 	/usr/lib/system/libmacho.dylib
0x0000000009285000 	/usr/lib/system/libquarantine.dylib
0x0000000009285000 	/usr/lib/system/libremovefile.dylib
0x0000000009285000 	/usr/lib/system/libsystem_asl.dylib
0x0000000009285000 	/usr/lib/system/libsystem_blocks.dylib
0x0000000009285000 	/usr/lib/system/libsystem_c.dylib
0x0000000009285000 	/usr/lib/system/libsystem_configuration.dylib
0x0000000009285000 	/usr/lib/system/libsystem_coreservices.dylib
0x0000000009285000 	/usr/lib/system/libsystem_coretls.dylib
0x0000000009285000 	/usr/lib/system/libsystem_dnssd.dylib
0x0000000009285000 	/usr/lib/system/libsystem_info.dylib
0x0000000009285000 	/usr/lib/system/libsystem_kernel.dylib
0x0000000009285000 	/usr/lib/system/libsystem_m.dylib
0x0000000009285000 	/usr/lib/system/libsystem_malloc.dylib
0x0000000009285000 	/usr/lib/system/libsystem_network.dylib
0x0000000009285000 	/usr/lib/system/libsystem_networkextension.dylib
0x0000000009285000 	/usr/lib/system/libsystem_notify.dylib
0x0000000009285000 	/usr/lib/system/libsystem_platform.dylib
0x0000000009285000 	/usr/lib/system/libsystem_pthread.dylib
0x0000000009285000 	/usr/lib/system/libsystem_sandbox.dylib
0x0000000009285000 	/usr/lib/system/libsystem_secinit.dylib
0x0000000009285000 	/usr/lib/system/libsystem_trace.dylib
0x0000000009285000 	/usr/lib/system/libunc.dylib
0x0000000009285000 	/usr/lib/system/libunwind.dylib
0x0000000009285000 	/usr/lib/system/libxpc.dylib
0x0000000009285000 	/usr/lib/libenergytrace.dylib
0x0000000009285000 	/usr/lib/libbsm.0.dylib
0x0000000009285000 	/usr/lib/system/libkxld.dylib
0x0000000009285000 	/usr/lib/libxar.1.dylib
0x0000000009285000 	/usr/lib/libsqlite3.dylib
0x0000000009285000 	/usr/lib/libpam.2.dylib
0x0000000009285000 	/usr/lib/libOpenScriptingUtil.dylib
0x0000000009285000 	/usr/lib/libbz2.1.0.dylib
0x0000000009285000 	/usr/lib/liblzma.5.dylib
0x0000000009285000 	/System/Library/Frameworks/CoreServices.framework/Versions/A/Frameworks/FSEvents.framework/Versions/A/FSEvents
0x0000000009285000 	/System/Library/Frameworks/CoreServices.framework/Versions/A/Frameworks/CarbonCore.framework/Versions/A/CarbonCore
0x0000000009285000 	/System/Library/Frameworks/CoreServices.framework/Versions/A/Frameworks/Metadata.framework/Versions/A/Metadata
0x0000000009285000 	/System/Library/Frameworks/CoreServices.framework/Versions/A/Frameworks/OSServices.framework/Versions/A/OSServices
0x0000000009285000 	/System/Library/Frameworks/CoreServices.framework/Versions/A/Frameworks/SearchKit.framework/Versions/A/SearchKit
0x0000000009285000 	/System/Library/Frameworks/CoreServices.framework/Versions/A/Frameworks/AE.framework/Versions/A/AE
0x0000000009285000 	/System/Library/Frameworks/CoreServices.framework/Versions/A/Frameworks/LaunchServices.framework/Versions/A/LaunchServices
0x0000000009285000 	/System/Library/Frameworks/CoreServices.framework/Versions/A/Frameworks/DictionaryServices.framework/Versions/A/DictionaryServices
0x0000000009285000 	/System/Library/Frameworks/CoreServices.framework/Versions/A/Frameworks/SharedFileList.framework/Versions/A/SharedFileList
0x0000000009285000 	/System/Library/Frameworks/NetFS.framework/Versions/A/NetFS
0x0000000009285000 	/System/Library/PrivateFrameworks/NetAuth.framework/Versions/A/NetAuth
0x0000000009285000 	/System/Library/PrivateFrameworks/login.framework/Versions/A/Frameworks/loginsupport.framework/Versions/A/loginsupport
0x0000000009285000 	/System/Library/PrivateFrameworks/TCC.framework/Versions/A/TCC
0x0000000009285000 	/usr/lib/libmecabra.dylib
0x0000000009285000 	/System/Library/Frameworks/ApplicationServices.framework/Versions/A/Frameworks/ATS.framework/Versions/A/ATS
0x0000000009285000 	/System/Library/Frameworks/ApplicationServices.framework/Versions/A/Frameworks/ColorSync.framework/Versions/A/ColorSync
0x0000000009285000 	/System/Library/Frameworks/ApplicationServices.framework/Versions/A/Frameworks/HIServices.framework/Versions/A/HIServices
0x0000000009285000 	/System/Library/Frameworks/ApplicationServices.framework/Versions/A/Frameworks/LangAnalysis.framework/Versions/A/LangAnalysis
0x0000000009285000 	/System/Library/Frameworks/ApplicationServices.framework/Versions/A/Frameworks/PrintCore.framework/Versions/A/PrintCore
0x0000000009285000 	/System/Library/Frameworks/ApplicationServices.framework/Versions/A/Frameworks/QD.framework/Versions/A/QD
0x0000000009285000 	/System/Library/Frameworks/ApplicationServices.framework/Versions/A/Frameworks/SpeechSynthesis.framework/Versions/A/SpeechSynthesis
0x0000000009285000 	/System/Library/Frameworks/Metal.framework/Versions/A/Metal
0x0000000009285000 	/System/Library/Frameworks/Accelerate.framework/Versions/A/Frameworks/vImage.framework/Versions/A/vImage
0x0000000009285000 	/System/Library/Frameworks/Accelerate.framework/Versions/A/Frameworks/vecLib.framework/Versions/A/vecLib
0x0000000009285000 	/System/Library/Frameworks/Accelerate.framework/Versions/A/Frameworks/vecLib.framework/Versions/A/libvDSP.dylib
0x0000000009285000 	/System/Library/Frameworks/Accelerate.framework/Versions/A/Frameworks/vecLib.framework/Versions/A/libvMisc.dylib
0x0000000009285000 	/System/Library/Frameworks/Accelerate.framework/Versions/A/Frameworks/vecLib.framework/Versions/A/libLAPACK.dylib
0x0000000009285000 	/System/Library/Frameworks/Accelerate.framework/Versions/A/Frameworks/vecLib.framework/Versions/A/libBLAS.dylib
0x0000000009285000 	/System/Library/Frameworks/Accelerate.framework/Versions/A/Frameworks/vecLib.framework/Versions/A/libLinearAlgebra.dylib
0x0000000009285000 	/System/Library/Frameworks/Accelerate.framework/Versions/A/Frameworks/vecLib.framework/Versions/A/libSparseBLAS.dylib
0x0000000009285000 	/System/Library/PrivateFrameworks/GPUCompiler.framework/libmetal_timestamp.dylib
0x0000000009285000 	/System/Library/Frameworks/OpenGL.framework/Versions/A/Libraries/libCoreFSCache.dylib
0x0000000009285000 	/System/Library/PrivateFrameworks/IOAccelerator.framework/Versions/A/IOAccelerator
0x0000000009285000 	/System/Library/Frameworks/ApplicationServices.framework/Versions/A/Frameworks/ATS.framework/Versions/A/Resources/libFontParser.dylib
0x0000000009285000 	/System/Library/Frameworks/ApplicationServices.framework/Versions/A/Frameworks/ATS.framework/Versions/A/Resources/libFontRegistry.dylib
0x0000000009285000 	/System/Library/PrivateFrameworks/AppleVPA.framework/Versions/A/AppleVPA
0x0000000009285000 	/System/Library/PrivateFrameworks/AppleJPEG.framework/Versions/A/AppleJPEG
0x0000000009285000 	/System/Library/Frameworks/ImageIO.framework/Versions/A/Resources/libJPEG.dylib
0x0000000009285000 	/System/Library/Frameworks/ImageIO.framework/Versions/A/Resources/libTIFF.dylib
0x0000000009285000 	/System/Library/Frameworks/ImageIO.framework/Versions/A/Resources/libPng.dylib
0x0000000009285000 	/System/Library/Frameworks/ImageIO.framework/Versions/A/Resources/libGIF.dylib
0x0000000009285000 	/System/Library/Frameworks/ImageIO.framework/Versions/A/Resources/libJP2.dylib
0x0000000009285000 	/System/Library/Frameworks/ImageIO.framework/Versions/A/Resources/libRadiance.dylib
0x0000000009285000 	/System/Library/Frameworks/CoreVideo.framework/Versions/A/CoreVideo
0x0000000009285000 	/System/Library/Frameworks/OpenGL.framework/Versions/A/Libraries/libGLU.dylib
0x0000000009285000 	/System/Library/Frameworks/OpenGL.framework/Versions/A/Libraries/libGFXShared.dylib
0x0000000009285000 	/System/Library/Frameworks/OpenGL.framework/Versions/A/Libraries/libGL.dylib
0x0000000009285000 	/System/Library/Frameworks/OpenGL.framework/Versions/A/Libraries/libGLImage.dylib
0x0000000009285000 	/System/Library/Frameworks/OpenGL.framework/Versions/A/Libraries/libCVMSPluginSupport.dylib
0x0000000009285000 	/System/Library/Frameworks/OpenGL.framework/Versions/A/Libraries/libCoreVMClient.dylib
0x0000000009285000 	/usr/lib/libcups.2.dylib
0x0000000009285000 	/System/Library/Frameworks/Kerberos.framework/Versions/A/Kerberos
0x0000000009285000 	/System/Library/Frameworks/GSS.framework/Versions/A/GSS
0x0000000009285000 	/usr/lib/libresolv.9.dylib
0x0000000009285000 	/usr/lib/libiconv.2.dylib
0x0000000009285000 	/System/Library/PrivateFrameworks/Heimdal.framework/Versions/A/Heimdal
0x0000000009285000 	/usr/lib/libheimdal-asn1.dylib
0x0000000009285000 	/System/Library/Frameworks/OpenDirectory.framework/Versions/A/OpenDirectory
0x0000000009285000 	/System/Library/PrivateFrameworks/CommonAuth.framework/Versions/A/CommonAuth
0x0000000009285000 	/System/Library/Frameworks/OpenDirectory.framework/Versions/A/Frameworks/CFOpenDirectory.framework/Versions/A/CFOpenDirectory
0x0000000009285000 	/System/Library/Frameworks/SecurityFoundation.framework/Versions/A/SecurityFoundation
0x0000000009285000 	/System/Library/PrivateFrameworks/LanguageModeling.framework/Versions/A/LanguageModeling
0x0000000009285000 	/usr/lib/libmarisa.dylib
0x0000000009285000 	/usr/lib/libChineseTokenizer.dylib
0x0000000009285000 	/usr/lib/libcmph.dylib
0x0000000009285000 	/usr/lib/libcompression.dylib
0x0000000009285000 	/System/Library/Frameworks/ServiceManagement.framework/Versions/A/ServiceManagement
0x0000000009285000 	/usr/lib/libxslt.1.dylib
0x0000000009285000 	/System/Library/Frameworks/Carbon.framework/Versions/A/Frameworks/Ink.framework/Versions/A/Ink
0x0000000009285000 	/usr/lib/libFosl_dynamic.dylib
0x0000000009285000 	/System/Library/PrivateFrameworks/FaceCore.framework/Versions/A/FaceCore
0x0000000009285000 	/System/Library/Frameworks/OpenCL.framework/Versions/A/OpenCL
0x0000000009285000 	/System/Library/PrivateFrameworks/CrashReporterSupport.framework/Versions/A/CrashReporterSupport
0x0000000009285000 	/System/Library/PrivateFrameworks/IconServices.framework/Versions/A/IconServices
0x0000000009285000 	/System/Library/PrivateFrameworks/Apple80211.framework/Versions/A/Apple80211
0x0000000009285000 	/System/Library/Frameworks/CoreWLAN.framework/Versions/A/CoreWLAN
0x0000000009285000 	/System/Library/Frameworks/IOBluetooth.framework/Versions/A/IOBluetooth
0x0000000009285000 	/System/Library/PrivateFrameworks/CoreWiFi.framework/Versions/A/CoreWiFi
0x0000000009285000 	/System/Library/Frameworks/CoreBluetooth.framework/Versions/A/CoreBluetooth
0x0000000009285000 	/System/Library/PrivateFrameworks/ChunkingLibrary.framework/Versions/A/ChunkingLibrary
0x0000000009285000 	/System/Library/PrivateFrameworks/DebugSymbols.framework/Versions/A/DebugSymbols
0x0000000009285000 	/System/Library/PrivateFrameworks/CoreSymbolication.framework/Versions/A/CoreSymbolication
0x0000000009285000 	/System/Library/PrivateFrameworks/Symbolication.framework/Versions/A/Symbolication
0x0000000009285000 	/System/Library/PrivateFrameworks/SpeechRecognitionCore.framework/Versions/A/SpeechRecognitionCore
0x0000000102e00000 	/Library/Java/JavaVirtualMachines/jdk1.8.0_91.jdk/Contents/Home/jre/lib/server/libjvm.dylib
0x0000000009285000 	/usr/lib/libstdc++.6.dylib
0x0000000102588000 	/Library/Java/JavaVirtualMachines/jdk1.8.0_91.jdk/Contents/Home/jre/lib/libverify.dylib
0x0000000102596000 	/Library/Java/JavaVirtualMachines/jdk1.8.0_91.jdk/Contents/Home/jre/lib/libjava.dylib
0x00000001025d5000 	/Library/Java/JavaVirtualMachines/jdk1.8.0_91.jdk/Contents/Home/jre/lib/libzip.dylib
0x00000001196d6000 	/System/Library/Frameworks/JavaVM.framework/Frameworks/JavaRuntimeSupport.framework/JavaRuntimeSupport
0x00000001196f1000 	/System/Library/Frameworks/JavaVM.framework/Versions/A/Frameworks/JavaNativeFoundation.framework/Versions/A/JavaNativeFoundation
0x0000000119706000 	/System/Library/Frameworks/JavaVM.framework/Versions/A/JavaVM
0x0000000009285000 	/System/Library/Frameworks/Carbon.framework/Versions/A/Carbon
0x0000000119713000 	/System/Library/PrivateFrameworks/JavaLaunching.framework/Versions/A/JavaLaunching
0x0000000009285000 	/System/Library/Frameworks/Carbon.framework/Versions/A/Frameworks/CommonPanels.framework/Versions/A/CommonPanels
0x0000000009285000 	/System/Library/Frameworks/Carbon.framework/Versions/A/Frameworks/Help.framework/Versions/A/Help
0x0000000009285000 	/System/Library/Frameworks/Carbon.framework/Versions/A/Frameworks/ImageCapture.framework/Versions/A/ImageCapture
0x0000000009285000 	/System/Library/Frameworks/Carbon.framework/Versions/A/Frameworks/OpenScripting.framework/Versions/A/OpenScripting
0x0000000009285000 	/System/Library/Frameworks/Carbon.framework/Versions/A/Frameworks/Print.framework/Versions/A/Print
0x0000000009285000 	/System/Library/Frameworks/Carbon.framework/Versions/A/Frameworks/SecurityHI.framework/Versions/A/SecurityHI
0x000000011b037000 	/Library/Java/JavaVirtualMachines/jdk1.8.0_91.jdk/Contents/Home/jre/lib/libawt.dylib
0x000000011b0df000 	/Library/Java/JavaVirtualMachines/jdk1.8.0_91.jdk/Contents/Home/jre/lib/./libmlib_image.dylib
0x000000011b1ab000 	/Library/Java/JavaVirtualMachines/jdk1.8.0_91.jdk/Contents/Home/jre/lib/libawt_lwawt.dylib
0x000000011b260000 	/Library/Java/JavaVirtualMachines/jdk1.8.0_91.jdk/Contents/Home/jre/lib/./libosxapp.dylib
0x0000000009285000 	/System/Library/Frameworks/ExceptionHandling.framework/Versions/A/ExceptionHandling
0x0000000009285000 	/System/Library/PrivateFrameworks/CoreServicesInternal.framework/Versions/A/CoreServicesInternal
0x0000000009285000 	/System/Library/Frameworks/CoreGraphics.framework/Versions/A/Resources/libRIP.A.dylib
0x0000000009285000 	/System/Library/Frameworks/Accelerate.framework/Versions/A/Frameworks/vImage.framework/Versions/A/Libraries/libCGInterfaces.dylib
0x0000000009285000 	/System/Library/Frameworks/CoreGraphics.framework/Versions/A/Resources/libCGXType.A.dylib
0x0000000009285000 	/System/Library/Frameworks/OpenCL.framework/Versions/A/Libraries/libcldcpuengine.dylib
0x0000000009285000 	/System/Library/PrivateFrameworks/DiskImages.framework/Versions/A/DiskImages
0x0000000009285000 	/System/Library/Frameworks/DiscRecording.framework/Versions/A/DiscRecording
0x0000000009285000 	/usr/lib/libcsfde.dylib
0x0000000009285000 	/usr/lib/libcurl.4.dylib
0x0000000009285000 	/System/Library/PrivateFrameworks/MediaKit.framework/Versions/A/MediaKit
0x0000000009285000 	/System/Library/PrivateFrameworks/ProtectedCloudStorage.framework/Versions/A/ProtectedCloudStorage
0x0000000009285000 	/usr/lib/libCoreStorage.dylib
0x0000000009285000 	/System/Library/PrivateFrameworks/EFILogin.framework/Versions/A/EFILogin
0x0000000009285000 	/usr/lib/libutil.dylib
0x0000000009285000 	/System/Library/PrivateFrameworks/FindMyDevice.framework/Versions/A/FindMyDevice
0x0000000009285000 	/System/Library/Frameworks/LDAP.framework/Versions/A/LDAP
0x0000000009285000 	/usr/lib/libsasl2.2.dylib
0x0000000009285000 	/System/Library/PrivateFrameworks/CoreDaemon.framework/Versions/B/CoreDaemon
0x0000000009285000 	/usr/lib/libcrypto.0.9.8.dylib
0x0000000009285000 	/System/Library/PrivateFrameworks/AppleSRP.framework/Versions/A/AppleSRP
0x0000000009285000 	/System/Library/PrivateFrameworks/TrustEvaluationAgent.framework/Versions/A/TrustEvaluationAgent
0x000000011bb88000 	cl_kernels
0x0000000009285000 	/System/Library/Frameworks/OpenCL.framework/Versions/A/Libraries/ImageFormats/unorm8_bgra.dylib
0x0000000009285000 	/System/Library/Frameworks/OpenCL.framework/Versions/A/Libraries/ImageFormats/unorm8_rgba.dylib
0x0000000009285000 	/System/Library/PrivateFrameworks/FamilyControls.framework/Versions/A/FamilyControls
0x0000000009285000 	/System/Library/PrivateFrameworks/CommerceKit.framework/Versions/A/Frameworks/CommerceCore.framework/Versions/A/CommerceCore
0x0000000009285000 	/System/Library/PrivateFrameworks/SystemAdministration.framework/Versions/A/SystemAdministration
0x0000000009285000 	/System/Library/PrivateFrameworks/AppContainer.framework/Versions/A/AppContainer
0x0000000009285000 	/System/Library/PrivateFrameworks/SecCodeWrapper.framework/Versions/A/SecCodeWrapper
0x0000000009285000 	/System/Library/Frameworks/DirectoryService.framework/Versions/A/DirectoryService
0x0000000009285000 	/System/Library/PrivateFrameworks/LoginUIKit.framework/Versions/A/Frameworks/LoginUICore.framework/Versions/A/LoginUICore
0x0000000009285000 	/usr/lib/libodfde.dylib
0x0000000009285000 	/System/Library/Frameworks/OpenGL.framework/Versions/A/Resources/GLEngine.bundle/GLEngine
0x0000000009285000 	/System/Library/Frameworks/OpenGL.framework/Versions/A/Libraries/libGLProgrammability.dylib
0x000000011da41000 	/System/Library/Extensions/AMDRadeonX3000GLDriver.bundle/Contents/MacOS/AMDRadeonX3000GLDriver
0x0000000009285000 	/System/Library/PrivateFrameworks/GPUSupport.framework/Versions/A/Libraries/libGPUSupportMercury.dylib
0x000000011db20000 	/System/Library/Extensions/AMDRadeonX3000GLDriver.bundle/Contents/MacOS/ATIRadeonX3000SCLib.dylib
0x0000000009285000 	/System/Library/Frameworks/OpenGL.framework/Versions/A/Resources/GLRendererFloat.bundle/GLRendererFloat
0x000000011de14000 	/Library/Java/JavaVirtualMachines/jdk1.8.0_91.jdk/Contents/Home/jre/lib/libfontmanager.dylib
0x000000011eaef000 	/Library/Java/JavaVirtualMachines/jdk1.8.0_91.jdk/Contents/Home/jre/lib/libosxui.dylib
0x000000011f5ce000 	/Library/Java/JavaVirtualMachines/jdk1.8.0_91.jdk/Contents/Home/jre/lib/libnet.dylib
0x000000011f574000 	/Library/Java/JavaVirtualMachines/jdk1.8.0_91.jdk/Contents/Home/jre/lib/libnio.dylib
0x0000000009285000 	/System/Library/Frameworks/ApplicationServices.framework/Versions/A/Frameworks/ATS.framework/Versions/A/Resources/libTrueTypeScaler.dylib
0x0000000184896000 	/private/var/folders/tq/5cybh0451bx2v8l5x53f9c_h0000gn/T/jogamp_0000/file_cache/jln6332532742240975326/jln8377849641384948134/libgluegen-rt.jnilib
0x000000011e7eb000 	/private/var/folders/tq/5cybh0451bx2v8l5x53f9c_h0000gn/T/jogamp_0000/file_cache/jln6332532742240975326/jln8377849641384948134/libnativewindow_awt.jnilib
0x000000011f584000 	/Library/Java/JavaVirtualMachines/jdk1.8.0_91.jdk/Contents/Home/jre/lib/libjawt.dylib
0x000000018489a000 	/private/var/folders/tq/5cybh0451bx2v8l5x53f9c_h0000gn/T/jogamp_0000/file_cache/jln6332532742240975326/jln8377849641384948134/libnativewindow_macosx.jnilib
0x000000018621a000 	/private/var/folders/tq/5cybh0451bx2v8l5x53f9c_h0000gn/T/jogamp_0000/file_cache/jln6332532742240975326/jln8377849641384948134/libjogl_desktop.jnilib
0x000000018a864000 	/Library/Java/JavaVirtualMachines/jdk1.8.0_91.jdk/Contents/Home/jre/lib/libt2k.dylib

VM Arguments:
jvm_args: -Djava.security.policy=java.policy.applet -Dfile.encoding=UTF-8 
java_command: sun.applet.AppletViewer module6.AirportMap1464159229764.html
java_class_path (initial): /Users/limhoktan/Documents/workspace/UCSDUnfoldingMaps/build:/Users/limhoktan/Documents/workspace/UCSDUnfoldingMaps/lib/core.jar:/Users/limhoktan/Documents/workspace/UCSDUnfoldingMaps/lib/gluegen-rt.jar:/Users/limhoktan/Documents/workspace/UCSDUnfoldingMaps/lib/jogl-all.jar:/Users/limhoktan/Documents/workspace/UCSDUnfoldingMaps/lib/log4j-1.2.15.jar:/Users/limhoktan/Documents/workspace/UCSDUnfoldingMaps/lib/sqlite-jdbc-3.7.2.jar:/Users/limhoktan/Documents/workspace/UCSDUnfoldingMaps/lib/json4processing.jar:/Users/limhoktan/Documents/workspace/UCSDUnfoldingMaps/lib/libTUIO.jar:/Users/limhoktan/Documents/workspace/UCSDUnfoldingMaps/lib/unfolding.0.9.7-uscd.jar
Launcher Type: SUN_STANDARD

Environment Variables:
PATH=/usr/bin:/bin:/usr/sbin:/sbin
SHELL=/bin/bash
DISPLAY=/private/tmp/com.apple.launchd.3cFrEfN4Lz/org.macosforge.xquartz:0

Signal Handlers:
SIGSEGV: [libjvm.dylib+0x5a97a1], sa_mask[0]=11111111011111110111111111111111, sa_flags=SA_ONSTACK|SA_RESTART|SA_SIGINFO
SIGBUS: [libjvm.dylib+0x5a97a1], sa_mask[0]=11111111011111110111111111111111, sa_flags=SA_RESTART|SA_SIGINFO
SIGFPE: [libjvm.dylib+0x482594], sa_mask[0]=11111111011111110111111111111111, sa_flags=SA_RESTART|SA_SIGINFO
SIGPIPE: [libjvm.dylib+0x482594], sa_mask[0]=11111111011111110111111111111111, sa_flags=SA_RESTART|SA_SIGINFO
SIGXFSZ: [libjvm.dylib+0x482594], sa_mask[0]=11111111011111110111111111111111, sa_flags=SA_RESTART|SA_SIGINFO
SIGILL: [libjvm.dylib+0x482594], sa_mask[0]=11111111011111110111111111111111, sa_flags=SA_RESTART|SA_SIGINFO
SIGUSR1: SIG_DFL, sa_mask[0]=00000000000000000000000000000000, sa_flags=none
SIGUSR2: [libjvm.dylib+0x4820b2], sa_mask[0]=00100000000000000000000000000000, sa_flags=SA_RESTART|SA_SIGINFO
SIGHUP: [libjvm.dylib+0x480689], sa_mask[0]=11111111011111110111111111111111, sa_flags=SA_RESTART|SA_SIGINFO
SIGINT: [libjvm.dylib+0x480689], sa_mask[0]=11111111011111110111111111111111, sa_flags=SA_RESTART|SA_SIGINFO
SIGTERM: [libjvm.dylib+0x480689], sa_mask[0]=11111111011111110111111111111111, sa_flags=SA_RESTART|SA_SIGINFO
SIGQUIT: [libjvm.dylib+0x480689], sa_mask[0]=11111111011111110111111111111111, sa_flags=SA_RESTART|SA_SIGINFO


---------------  S Y S T E M  ---------------

OS:Bsduname:Darwin 15.4.0 Darwin Kernel Version 15.4.0: Fri Feb 26 22:08:05 PST 2016; root:xnu-3248.40.184~3/RELEASE_X86_64 x86_64
rlimit: STACK 8192k, CORE 0k, NPROC 709, NOFILE 10240, AS infinity
load average:2.77 3.56 4.78

CPU:total 4 (4 cores per cpu, 1 threads per core) family 6 model 30 stepping 5, cmov, cx8, fxsr, mmx, sse, sse2, sse3, ssse3, sse4.1, sse4.2, popcnt, tsc, tscinvbit

Memory: 4k page, physical 8388608k(1529748k free)

/proc/meminfo:


vm_info: Java HotSpot(TM) 64-Bit Server VM (25.91-b14) for bsd-amd64 JRE (1.8.0_91-b14), built on Apr  1 2016 01:03:00 by "java_re" with gcc 4.2.1 (Based on Apple Inc. build 5658) (LLVM build 2336.11.00)

time: Wed May 25 00:02:56 2016
elapsed time: 546 seconds (0d 0h 9m 6s)

